###############################################################################
#                                                                             #
# IAR C/C++ Compiler V8.10.3.10338/W32 for 8051         30/Dec/2019  11:05:53 #
# Copyright 2004-2011 IAR Systems AB.                                         #
#                                                                             #
#    Core               =  plain                                              #
#    Code model         =  banked                                             #
#    Data model         =  large                                              #
#    Calling convention =  xdata reentrant                                    #
#    Constant location  =  data_rom                                           #
#    Dptr setup         =  1,16                                               #
#    Source file        =  D:\OuYangDong\Project\สตั้ฯไฝจษ่\ถเอ๘ศฺบฯสตั้ืฐึร\ #
#                          ตฺศียกขป๙ำฺฮฯ฿ดซธะอ๘ย็ตฤสตั้\3.6                 #
#                          ZigBeeตใฒฅอจะลสตั้-ษฯฑจดซธะฦ๗สพ\Components\HARDW #
#                          ARE\UART2RS485.c                                   #
#    Command line       =  -f "D:\OuYangDong\Project\สตั้ฯไฝจษ่\ถเอ๘ศฺบฯสตั้ื #
#                          ฐึร\ตฺศียกขป๙ำฺฮฯ฿ดซธะอ๘ย็ตฤสตั้\3.6             #
#                          ZigBeeตใฒฅอจะลสตั้-ษฯฑจดซธะฦ๗สพ\Projects\zstack\ #
#                          Samples\SampleApp\CC2530DB\..\..\..\Tools\CC2530DB #
#                          \f8wEndev.cfg" (-DCPU32MHZ -DROOT=__near_func      #
#                          -DBLINK_LEDS) -f "D:\OuYangDong\Project\สตั้ฯไฝจษ่ #
#                          \ถเอ๘ศฺบฯสตั้ืฐึร\ตฺศียกขป๙ำฺฮฯ฿ดซธะอ๘ย็ตฤสตั้\3 #
#                          .6 ZigBeeตใฒฅอจะลสตั้-ษฯฑจดซธะฦ๗สพ\Projects\zsta #
#                          ck\Samples\SampleApp\CC2530DB\..\..\..\Tools\CC253 #
#                          0DB\f8wConfig.cfg" (-DSECURE=0                     #
#                          -DZG_SECURE_DYNAMIC=0 -DREFLECTOR                  #
#                          -DDEFAULT_CHANLIST=0x00000800                      #
#                          -DZDAPP_CONFIG_PAN_ID=0xFF11                       #
#                          -DNWK_START_DELAY=100 -DEXTENDED_JOINING_RANDOM_MA #
#                          SK=0x007F -DBEACON_REQUEST_DELAY=100               #
#                          -DBEACON_REQ_DELAY_MASK=0x00FF                     #
#                          -DROUTE_EXPIRY_TIME=30 -DAPSC_ACK_WAIT_DURATION_PO #
#                          LLED=3000 -DNWK_INDIRECT_MSG_TIMEOUT=7             #
#                          -DMAX_RREQ_ENTRIES=8 -DAPSC_MAX_FRAME_RETRIES=3    #
#                          -DNWK_MAX_DATA_RETRIES=2                           #
#                          -DMAX_POLL_FAILURE_RETRIES=2 -DMAX_BCAST=9         #
#                          -DAPS_MAX_GROUPS=16 -DMAX_RTG_ENTRIES=40           #
#                          -DNWK_MAX_BINDING_ENTRIES=4                        #
#                          -DMAX_BINDING_CLUSTER_IDS=4 "-DDEFAULT_KEY={0x01,  #
#                          0x03, 0x05, 0x07, 0x09, 0x0B, 0x0D, 0x0F, 0x00,    #
#                          0x02, 0x04, 0x06, 0x08, 0x0A, 0x0C, 0x0D}"         #
#                          -DMAC_MAX_FRAME_SIZE=116 "-DCONST=const __code"    #
#                          -DGENERIC=__generic -DRFD_RCVC_ALWAYS_ON=FALSE     #
#                          -DPOLL_RATE=1000 -DQUEUED_POLL_RATE=100            #
#                          -DRESPONSE_POLL_RATE=100) -DREJOIN_POLL_RATE=440   #
#                          "D:\OuYangDong\Project\สตั้ฯไฝจษ่\ถเอ๘ศฺบฯสตั้ืฐึร #
#                          \ตฺศียกขป๙ำฺฮฯ฿ดซธะอ๘ย็ตฤสตั้\3.6                #
#                          ZigBeeตใฒฅอจะลสตั้-ษฯฑจดซธะฦ๗สพ\Components\HARDW #
#                          ARE\UART2RS485.c" -D NWK_AUTO_POLL -D ZTOOL_P1 -D  #
#                          MT_SYS_FUNC -D MT_ZDO_FUNC -D LCD_SUPPORTED=DEBUG  #
#                          -lC "D:\OuYangDong\Project\สตั้ฯไฝจษ่\ถเอ๘ศฺบฯสตั้ #
#                          ืฐึร\ตฺศียกขป๙ำฺฮฯ฿ดซธะอ๘ย็ตฤสตั้\3.6            #
#                          ZigBeeตใฒฅอจะลสตั้-ษฯฑจดซธะฦ๗สพ\Projects\zstack\ #
#                          Samples\SampleApp\CC2530DB\EndDeviceEB\List\" -lA  #
#                          "D:\OuYangDong\Project\สตั้ฯไฝจษ่\ถเอ๘ศฺบฯสตั้ืฐึร #
#                          \ตฺศียกขป๙ำฺฮฯ฿ดซธะอ๘ย็ตฤสตั้\3.6                #
#                          ZigBeeตใฒฅอจะลสตั้-ษฯฑจดซธะฦ๗สพ\Projects\zstack\ #
#                          Samples\SampleApp\CC2530DB\EndDeviceEB\List\"      #
#                          --diag_suppress Pe001,Pa010 -o                     #
#                          "D:\OuYangDong\Project\สตั้ฯไฝจษ่\ถเอ๘ศฺบฯสตั้ืฐึร #
#                          \ตฺศียกขป๙ำฺฮฯ฿ดซธะอ๘ย็ตฤสตั้\3.6                #
#                          ZigBeeตใฒฅอจะลสตั้-ษฯฑจดซธะฦ๗สพ\Projects\zstack\ #
#                          Samples\SampleApp\CC2530DB\EndDeviceEB\Obj\" -e    #
#                          --no_unroll --no_inline --no_tbaa --debug          #
#                          --core=plain --dptr=16,1 --data_model=large        #
#                          --code_model=banked --calling_convention=xdata_ree #
#                          ntrant --place_constants=data_rom                  #
#                          --nr_virtual_regs 16 -I "D:\OuYangDong\Project\สตั #
#                          ้ฯไฝจษ่\ถเอ๘ศฺบฯสตั้ืฐึร\ตฺศียกขป๙ำฺฮฯ฿ดซธะอ๘ย็ต #
#                          ฤสตั้\3.6 ZigBeeตใฒฅอจะลสตั้-ษฯฑจดซธะฦ๗สพ\Projec #
#                          ts\zstack\Samples\SampleApp\CC2530DB\" -I          #
#                          "D:\OuYangDong\Project\สตั้ฯไฝจษ่\ถเอ๘ศฺบฯสตั้ืฐึร #
#                          \ตฺศียกขป๙ำฺฮฯ฿ดซธะอ๘ย็ตฤสตั้\3.6                #
#                          ZigBeeตใฒฅอจะลสตั้-ษฯฑจดซธะฦ๗สพ\Projects\zstack\ #
#                          Samples\SampleApp\CC2530DB\..\SOURCE\" -I          #
#                          "D:\OuYangDong\Project\สตั้ฯไฝจษ่\ถเอ๘ศฺบฯสตั้ืฐึร #
#                          \ตฺศียกขป๙ำฺฮฯ฿ดซธะอ๘ย็ตฤสตั้\3.6                #
#                          ZigBeeตใฒฅอจะลสตั้-ษฯฑจดซธะฦ๗สพ\Projects\zstack\ #
#                          Samples\SampleApp\CC2530DB\..\..\..\ZMAIN\TI2530DB #
#                          \" -I "D:\OuYangDong\Project\สตั้ฯไฝจษ่\ถเอ๘ศฺบฯสต #
#                          ั้ืฐึร\ตฺศียกขป๙ำฺฮฯ฿ดซธะอ๘ย็ตฤสตั้\3.6          #
#                          ZigBeeตใฒฅอจะลสตั้-ษฯฑจดซธะฦ๗สพ\Projects\zstack\ #
#                          Samples\SampleApp\CC2530DB\..\..\..\..\..\COMPONEN #
#                          TS\MT\" -I "D:\OuYangDong\Project\สตั้ฯไฝจษ่\ถเอ๘ศ #
#                          ฺบฯสตั้ืฐึร\ตฺศียกขป๙ำฺฮฯ฿ดซธะอ๘ย็ตฤสตั้\3.6     #
#                          ZigBeeตใฒฅอจะลสตั้-ษฯฑจดซธะฦ๗สพ\Projects\zstack\ #
#                          Samples\SampleApp\CC2530DB\..\..\..\..\..\COMPONEN #
#                          TS\HAL\INCLUDE\" -I "D:\OuYangDong\Project\สตั้ฯไฝ #
#                          จษ่\ถเอ๘ศฺบฯสตั้ืฐึร\ตฺศียกขป๙ำฺฮฯ฿ดซธะอ๘ย็ตฤสตั #
#                          ้\3.6 ZigBeeตใฒฅอจะลสตั้-ษฯฑจดซธะฦ๗สพ\Projects\z #
#                          stack\Samples\SampleApp\CC2530DB\..\..\..\..\..\CO #
#                          MPONENTS\HAL\TARGET\CC2530EB\" -I                  #
#                          "D:\OuYangDong\Project\สตั้ฯไฝจษ่\ถเอ๘ศฺบฯสตั้ืฐึร #
#                          \ตฺศียกขป๙ำฺฮฯ฿ดซธะอ๘ย็ตฤสตั้\3.6                #
#                          ZigBeeตใฒฅอจะลสตั้-ษฯฑจดซธะฦ๗สพ\Projects\zstack\ #
#                          Samples\SampleApp\CC2530DB\..\..\..\..\..\COMPONEN #
#                          TS\OSAL\MCU\CCSOC\" -I "D:\OuYangDong\Project\สตั้ #
#                          ฯไฝจษ่\ถเอ๘ศฺบฯสตั้ืฐึร\ตฺศียกขป๙ำฺฮฯ฿ดซธะอ๘ย็ตฤ #
#                          สตั้\3.6 ZigBeeตใฒฅอจะลสตั้-ษฯฑจดซธะฦ๗สพ\Project #
#                          s\zstack\Samples\SampleApp\CC2530DB\..\..\..\..\.. #
#                          \COMPONENTS\OSAL\INCLUDE\" -I                      #
#                          "D:\OuYangDong\Project\สตั้ฯไฝจษ่\ถเอ๘ศฺบฯสตั้ืฐึร #
#                          \ตฺศียกขป๙ำฺฮฯ฿ดซธะอ๘ย็ตฤสตั้\3.6                #
#                          ZigBeeตใฒฅอจะลสตั้-ษฯฑจดซธะฦ๗สพ\Projects\zstack\ #
#                          Samples\SampleApp\CC2530DB\..\..\..\..\..\COMPONEN #
#                          TS\STACK\AF\" -I "D:\OuYangDong\Project\สตั้ฯไฝจษ่ #
#                          \ถเอ๘ศฺบฯสตั้ืฐึร\ตฺศียกขป๙ำฺฮฯ฿ดซธะอ๘ย็ตฤสตั้\3 #
#                          .6 ZigBeeตใฒฅอจะลสตั้-ษฯฑจดซธะฦ๗สพ\Projects\zsta #
#                          ck\Samples\SampleApp\CC2530DB\..\..\..\..\..\COMPO #
#                          NENTS\STACK\NWK\" -I "D:\OuYangDong\Project\สตั้ฯไ #
#                          ฝจษ่\ถเอ๘ศฺบฯสตั้ืฐึร\ตฺศียกขป๙ำฺฮฯ฿ดซธะอ๘ย็ตฤสต #
#                          ั้\3.6 ZigBeeตใฒฅอจะลสตั้-ษฯฑจดซธะฦ๗สพ\Projects\ #
#                          zstack\Samples\SampleApp\CC2530DB\..\..\..\..\..\C #
#                          OMPONENTS\STACK\SEC\" -I                           #
#                          "D:\OuYangDong\Project\สตั้ฯไฝจษ่\ถเอ๘ศฺบฯสตั้ืฐึร #
#                          \ตฺศียกขป๙ำฺฮฯ฿ดซธะอ๘ย็ตฤสตั้\3.6                #
#                          ZigBeeตใฒฅอจะลสตั้-ษฯฑจดซธะฦ๗สพ\Projects\zstack\ #
#                          Samples\SampleApp\CC2530DB\..\..\..\..\..\COMPONEN #
#                          TS\STACK\SAPI\" -I "D:\OuYangDong\Project\สตั้ฯไฝจ #
#                          ษ่\ถเอ๘ศฺบฯสตั้ืฐึร\ตฺศียกขป๙ำฺฮฯ฿ดซธะอ๘ย็ตฤสตั้ #
#                          \3.6 ZigBeeตใฒฅอจะลสตั้-ษฯฑจดซธะฦ๗สพ\Projects\zs #
#                          tack\Samples\SampleApp\CC2530DB\..\..\..\..\..\COM #
#                          PONENTS\STACK\SYS\" -I "D:\OuYangDong\Project\สตั้ #
#                          ฯไฝจษ่\ถเอ๘ศฺบฯสตั้ืฐึร\ตฺศียกขป๙ำฺฮฯ฿ดซธะอ๘ย็ตฤ #
#                          สตั้\3.6 ZigBeeตใฒฅอจะลสตั้-ษฯฑจดซธะฦ๗สพ\Project #
#                          s\zstack\Samples\SampleApp\CC2530DB\..\..\..\..\.. #
#                          \COMPONENTS\STACK\ZDO\" -I                         #
#                          "D:\OuYangDong\Project\สตั้ฯไฝจษ่\ถเอ๘ศฺบฯสตั้ืฐึร #
#                          \ตฺศียกขป๙ำฺฮฯ฿ดซธะอ๘ย็ตฤสตั้\3.6                #
#                          ZigBeeตใฒฅอจะลสตั้-ษฯฑจดซธะฦ๗สพ\Projects\zstack\ #
#                          Samples\SampleApp\CC2530DB\..\..\..\..\..\COMPONEN #
#                          TS\ZMAC\F8W\" -I "D:\OuYangDong\Project\สตั้ฯไฝจษ่ #
#                          \ถเอ๘ศฺบฯสตั้ืฐึร\ตฺศียกขป๙ำฺฮฯ฿ดซธะอ๘ย็ตฤสตั้\3 #
#                          .6 ZigBeeตใฒฅอจะลสตั้-ษฯฑจดซธะฦ๗สพ\Projects\zsta #
#                          ck\Samples\SampleApp\CC2530DB\..\..\..\..\..\COMPO #
#                          NENTS\ZMAC\" -I "D:\OuYangDong\Project\สตั้ฯไฝจษ่\ #
#                          ถเอ๘ศฺบฯสตั้ืฐึร\ตฺศียกขป๙ำฺฮฯ฿ดซธะอ๘ย็ตฤสตั้\3. #
#                          6 ZigBeeตใฒฅอจะลสตั้-ษฯฑจดซธะฦ๗สพ\Projects\zstac #
#                          k\Samples\SampleApp\CC2530DB\..\..\..\..\..\COMPON #
#                          ENTS\SERVICES\SADDR\" -I                           #
#                          "D:\OuYangDong\Project\สตั้ฯไฝจษ่\ถเอ๘ศฺบฯสตั้ืฐึร #
#                          \ตฺศียกขป๙ำฺฮฯ฿ดซธะอ๘ย็ตฤสตั้\3.6                #
#                          ZigBeeตใฒฅอจะลสตั้-ษฯฑจดซธะฦ๗สพ\Projects\zstack\ #
#                          Samples\SampleApp\CC2530DB\..\..\..\..\..\COMPONEN #
#                          TS\SERVICES\SDATA\" -I "D:\OuYangDong\Project\สตั้ #
#                          ฯไฝจษ่\ถเอ๘ศฺบฯสตั้ืฐึร\ตฺศียกขป๙ำฺฮฯ฿ดซธะอ๘ย็ตฤ #
#                          สตั้\3.6 ZigBeeตใฒฅอจะลสตั้-ษฯฑจดซธะฦ๗สพ\Project #
#                          s\zstack\Samples\SampleApp\CC2530DB\..\..\..\..\.. #
#                          \COMPONENTS\MAC\INCLUDE\" -I                       #
#                          "D:\OuYangDong\Project\สตั้ฯไฝจษ่\ถเอ๘ศฺบฯสตั้ืฐึร #
#                          \ตฺศียกขป๙ำฺฮฯ฿ดซธะอ๘ย็ตฤสตั้\3.6                #
#                          ZigBeeตใฒฅอจะลสตั้-ษฯฑจดซธะฦ๗สพ\Projects\zstack\ #
#                          Samples\SampleApp\CC2530DB\..\..\..\..\..\COMPONEN #
#                          TS\MAC\HIGH_LEVEL\" -I "D:\OuYangDong\Project\สตั้ #
#                          ฯไฝจษ่\ถเอ๘ศฺบฯสตั้ืฐึร\ตฺศียกขป๙ำฺฮฯ฿ดซธะอ๘ย็ตฤ #
#                          สตั้\3.6 ZigBeeตใฒฅอจะลสตั้-ษฯฑจดซธะฦ๗สพ\Project #
#                          s\zstack\Samples\SampleApp\CC2530DB\..\..\..\..\.. #
#                          \COMPONENTS\MAC\LOW_LEVEL\srf04\" -I               #
#                          "D:\OuYangDong\Project\สตั้ฯไฝจษ่\ถเอ๘ศฺบฯสตั้ืฐึร #
#                          \ตฺศียกขป๙ำฺฮฯ฿ดซธะอ๘ย็ตฤสตั้\3.6                #
#                          ZigBeeตใฒฅอจะลสตั้-ษฯฑจดซธะฦ๗สพ\Projects\zstack\ #
#                          Samples\SampleApp\CC2530DB\..\..\..\..\..\COMPONEN #
#                          TS\MAC\LOW_LEVEL\srf04\SINGLE_CHIP\" -I            #
#                          "D:\OuYangDong\Project\สตั้ฯไฝจษ่\ถเอ๘ศฺบฯสตั้ืฐึร #
#                          \ตฺศียกขป๙ำฺฮฯ฿ดซธะอ๘ย็ตฤสตั้\3.6                #
#                          ZigBeeตใฒฅอจะลสตั้-ษฯฑจดซธะฦ๗สพ\Projects\zstack\ #
#                          Samples\SampleApp\CC2530DB\..\..\..\..\..\COMPONEN #
#                          TS\HARDWARE\" -Om                                  #
#    List file          =  D:\OuYangDong\Project\สตั้ฯไฝจษ่\ถเอ๘ศฺบฯสตั้ืฐึร\ #
#                          ตฺศียกขป๙ำฺฮฯ฿ดซธะอ๘ย็ตฤสตั้\3.6                 #
#                          ZigBeeตใฒฅอจะลสตั้-ษฯฑจดซธะฦ๗สพ\Projects\zstack\ #
#                          Samples\SampleApp\CC2530DB\EndDeviceEB\List\UART2R #
#                          S485.lst                                           #
#    Object file        =  D:\OuYangDong\Project\สตั้ฯไฝจษ่\ถเอ๘ศฺบฯสตั้ืฐึร\ #
#                          ตฺศียกขป๙ำฺฮฯ฿ดซธะอ๘ย็ตฤสตั้\3.6                 #
#                          ZigBeeตใฒฅอจะลสตั้-ษฯฑจดซธะฦ๗สพ\Projects\zstack\ #
#                          Samples\SampleApp\CC2530DB\EndDeviceEB\Obj\UART2RS #
#                          485.r51                                            #
#                                                                             #
#                                                                             #
###############################################################################

D:\OuYangDong\Project\สตั้ฯไฝจษ่\ถเอ๘ศฺบฯสตั้ืฐึร\ตฺศียกขป๙ำฺฮฯ฿ดซธะอ๘ย็ตฤสตั้\3.6 ZigBeeตใฒฅอจะลสตั้-ษฯฑจดซธะฦ๗สพ\Components\HARDWARE\UART2RS485.c
      1          #include "UART2RS485.h"
      2          #include "MT_UART.h"

   \                                 In  segment SFR_AN, at 0xf4
   \   unsigned char volatile __sfr P1SEL
   \                     P1SEL:
   \   000000                DS 1

   \                                 In  segment SFR_AN, at 0xfe
   \   unsigned char volatile __sfr P1DIR
   \                     P1DIR:
   \   000000                DS 1
      3          #include "HAL_DEFS.h"
      4          #include "string.h"
      5          #include "stdio.h"
      6          /*
      7          ณ๕สผปฏUARTืช485ะพฦฌสีทขฟุึฦาฝล
      8          */

   \                                 In  segment BANKED_CODE, align 1, keep-with-next
      9          void UART2RS485_Init(void)
   \                     UART2RS485_Init:
     10          {  
   \   000000   C082         PUSH    DPL
   \   000002   C083         PUSH    DPH
   \   000004                ; Saved register size: 2
   \   000004                ; Auto size: 0
     11              halUARTCfg_t uartConfig;
     12              
     13              P1SEL &= ~BV(3);     //ษ่ึรP1.3ฮชฦีอจIOฟฺ  
   \   000004   53F4F7       ANL     0xf4,#0xf7
     14              P1DIR |= BV(3);      //P1.3ถจาๅฮชสไณ๖ 
   \   000007   43FE08       ORL     0xfe,#0x8
     15              UartInit(HAL_UART_PORT_1,HAL_UART_BR_115200);
   \   00000A                ; Setup parameters for call to function UartInit
   \   00000A   7A04         MOV     R2,#0x4
   \   00000C   7901         MOV     R1,#0x1
   \   00000E   12....       LCALL   ??UartInit?relay
     16              printf("this is uart1 print\r\n");
   \   000011                ; Setup parameters for call to function printf
   \   000011   7A..         MOV     R2,#`?<Constant "this is uart1 print\\r\\n">` & 0xff
   \   000013   7B..         MOV     R3,#(`?<Constant "this is uart1 print\\r\\n">` >> 8) & 0xff
   \   000015   12....       LCALL   ??printf?relay
     17          }
   \   000018   D083         POP     DPH
   \   00001A   D082         POP     DPL
   \   00001C   02....       LJMP    ?BRET
   \   00001F                REQUIRE P1SEL
   \   00001F                REQUIRE P1DIR
     18          /*
     19          อจนRS485ืฯ฿ทขหอสพ
     20          */

   \                                 In  segment BANKED_CODE, align 1, keep-with-next
     21          void RS485Bus_Send(void)
   \                     RS485Bus_Send:
     22          {
   \   000000                ; Saved register size: 0
   \   000000                ; Auto size: 0
     23            
     24          }
   \   000000   02....       LJMP    ?BRET

   \                                 In  segment BANK_RELAYS, align 1
   \                     ??UART2RS485_Init?relay:
   \   000000   12....       LCALL   ?BDISPATCH
   \   000003   ......       DC24    UART2RS485_Init

   \                                 In  segment BANK_RELAYS, align 1
   \                     ??RS485Bus_Send?relay:
   \   000000   12....       LCALL   ?BDISPATCH
   \   000003   ......       DC24    RS485Bus_Send

   \                                 In  segment XDATA_ROM_C, align 1
   \                     `?<Constant "this is uart1 print\\r\\n">`:
   \   000000   74686973     DB "this is uart1 print\015\012"
   \            20697320
   \            75617274
   \            31207072
   \            696E740D
   \            0A00    

   Maximum stack usage in bytes:

     Function        ISTACK PSTACK XSTACK
     --------        ------ ------ ------
     RS485Bus_Send       0      0      0
     UART2RS485_Init     2      0      0
       -> UartInit       4      0      0
       -> printf         4      0      0


   Segment part sizes:

     Function/Label                        Bytes
     --------------                        -----
     P1SEL                                    1
     P1DIR                                    1
     UART2RS485_Init                         31
     RS485Bus_Send                            3
     ??UART2RS485_Init?relay                  6
     ??RS485Bus_Send?relay                    6
     ?<Constant "this is uart1 print\r\n">   22

 
 34 bytes in segment BANKED_CODE
 12 bytes in segment BANK_RELAYS
  2 bytes in segment SFR_AN
 22 bytes in segment XDATA_ROM_C
 
 46 bytes of CODE  memory
 22 bytes of CONST memory
  0 bytes of DATA  memory (+ 2 bytes shared)

Errors: none
Warnings: none
