                                      1 ;--------------------------------------------------------
                                      2 ; File Created by SDCC : free open source ANSI-C Compiler
                                      3 ; Version 3.8.4 #10774 (Linux)
                                      4 ;--------------------------------------------------------
                                      5 	.module smoke
                                      6 	.optsdcc -mmcs51 --model-huge
                                      7 	
                                      8 ;--------------------------------------------------------
                                      9 ; Public variables in this module
                                     10 ;--------------------------------------------------------
                                     11 	.globl _ACTIVE
                                     12 	.globl _TX_BYTE
                                     13 	.globl _RX_BYTE
                                     14 	.globl _ERR
                                     15 	.globl _FE
                                     16 	.globl _SLAVE
                                     17 	.globl _RE
                                     18 	.globl _MODE
                                     19 	.globl _T3OVFIF
                                     20 	.globl _T3CH0IF
                                     21 	.globl _T3CH1IF
                                     22 	.globl _T4OVFIF
                                     23 	.globl _T4CH0IF
                                     24 	.globl _T4CH1IF
                                     25 	.globl _OVFIM
                                     26 	.globl _B_0
                                     27 	.globl _B_1
                                     28 	.globl _B_2
                                     29 	.globl _B_3
                                     30 	.globl _B_4
                                     31 	.globl _B_5
                                     32 	.globl _B_6
                                     33 	.globl _B_7
                                     34 	.globl _P2IF
                                     35 	.globl _UTX0IF
                                     36 	.globl _UTX1IF
                                     37 	.globl _P1IF
                                     38 	.globl _WDTIF
                                     39 	.globl _ACC_0
                                     40 	.globl _ACC_1
                                     41 	.globl _ACC_2
                                     42 	.globl _ACC_3
                                     43 	.globl _ACC_4
                                     44 	.globl _ACC_5
                                     45 	.globl _ACC_6
                                     46 	.globl _ACC_7
                                     47 	.globl _P
                                     48 	.globl _F1
                                     49 	.globl _OV
                                     50 	.globl _RS0
                                     51 	.globl _RS1
                                     52 	.globl _F0
                                     53 	.globl _AC
                                     54 	.globl _CY
                                     55 	.globl _DMAIF
                                     56 	.globl _T1IF
                                     57 	.globl _T2IF
                                     58 	.globl _T3IF
                                     59 	.globl _T4IF
                                     60 	.globl _P0IF
                                     61 	.globl _STIF
                                     62 	.globl _DMAIE
                                     63 	.globl _T1IE
                                     64 	.globl _T2IE
                                     65 	.globl _T3IE
                                     66 	.globl _T4IE
                                     67 	.globl _P0IE
                                     68 	.globl _RFERRIE
                                     69 	.globl _ADCIE
                                     70 	.globl _URX0IE
                                     71 	.globl _URX1IE
                                     72 	.globl _ENCIE
                                     73 	.globl _STIE
                                     74 	.globl _EA
                                     75 	.globl _P2_0
                                     76 	.globl _P2_1
                                     77 	.globl _P2_2
                                     78 	.globl _P2_3
                                     79 	.globl _P2_4
                                     80 	.globl _P2_5
                                     81 	.globl _P2_6
                                     82 	.globl _P2_7
                                     83 	.globl _ENCIF_0
                                     84 	.globl _ENCIF_1
                                     85 	.globl _P1_0
                                     86 	.globl _P1_1
                                     87 	.globl _P1_2
                                     88 	.globl _P1_3
                                     89 	.globl _P1_4
                                     90 	.globl _P1_5
                                     91 	.globl _P1_6
                                     92 	.globl _P1_7
                                     93 	.globl _IT0
                                     94 	.globl _RFERRIF
                                     95 	.globl _IT1
                                     96 	.globl _URX0IF
                                     97 	.globl _ADCIF
                                     98 	.globl _URX1IF
                                     99 	.globl _P0_0
                                    100 	.globl _P0_1
                                    101 	.globl _P0_2
                                    102 	.globl _P0_3
                                    103 	.globl _P0_4
                                    104 	.globl _P0_5
                                    105 	.globl _P0_6
                                    106 	.globl _P0_7
                                    107 	.globl _WDCTL
                                    108 	.globl _U1GCR
                                    109 	.globl _U1UCR
                                    110 	.globl _U1BAUD
                                    111 	.globl _U1DBUF
                                    112 	.globl _U1CSR
                                    113 	.globl _U0GCR
                                    114 	.globl _U0UCR
                                    115 	.globl _U0BAUD
                                    116 	.globl _U0DBUF
                                    117 	.globl _U0CSR
                                    118 	.globl _TIMIF
                                    119 	.globl _T4CC1
                                    120 	.globl _T4CCTL1
                                    121 	.globl _T4CC0
                                    122 	.globl _T4CCTL0
                                    123 	.globl _T4CTL
                                    124 	.globl _T4CNT
                                    125 	.globl _T3CC1
                                    126 	.globl _T3CCTL1
                                    127 	.globl _T3CC0
                                    128 	.globl _T3CCTL0
                                    129 	.globl _T3CTL
                                    130 	.globl _T3CNT
                                    131 	.globl _T2MSEL
                                    132 	.globl _T2IRQM
                                    133 	.globl _T2MOVF2
                                    134 	.globl _T2MOVF1
                                    135 	.globl _T2MOVF0
                                    136 	.globl _T2M1
                                    137 	.globl _T2M0
                                    138 	.globl _T2IRQF
                                    139 	.globl _T2EVTCFG
                                    140 	.globl _T2CTRL
                                    141 	.globl _T1STAT
                                    142 	.globl _T1CCTL2
                                    143 	.globl _T1CCTL1
                                    144 	.globl _T1CCTL0
                                    145 	.globl _T1CTL
                                    146 	.globl _T1CNTH
                                    147 	.globl _T1CNTL
                                    148 	.globl _T1CC2H
                                    149 	.globl _T1CC2L
                                    150 	.globl _T1CC1H
                                    151 	.globl _T1CC1L
                                    152 	.globl _T1CC0H
                                    153 	.globl _T1CC0L
                                    154 	.globl _CLKCONSTA
                                    155 	.globl _CLKCONCMD
                                    156 	.globl _SLEEPSTA
                                    157 	.globl _SLEEPCMD
                                    158 	.globl _STLOAD
                                    159 	.globl _ST2
                                    160 	.globl _ST1
                                    161 	.globl _ST0
                                    162 	.globl _RFERRF
                                    163 	.globl _RFIRQF0
                                    164 	.globl _RFST
                                    165 	.globl _RFD
                                    166 	.globl _RFIRQF1
                                    167 	.globl _PSBANK
                                    168 	.globl _FMAP
                                    169 	.globl _MEMCTR
                                    170 	.globl __XPAGE
                                    171 	.globl _MPAGE
                                    172 	.globl _PMUX
                                    173 	.globl _P2DIR
                                    174 	.globl _P1DIR
                                    175 	.globl _P0DIR
                                    176 	.globl _P2INP
                                    177 	.globl _P1INP
                                    178 	.globl _P2SEL
                                    179 	.globl _P1SEL
                                    180 	.globl _P0SEL
                                    181 	.globl _APCFG
                                    182 	.globl _PERCFG
                                    183 	.globl _P0INP
                                    184 	.globl _P2IEN
                                    185 	.globl _P1IEN
                                    186 	.globl _P0IEN
                                    187 	.globl _PICTL
                                    188 	.globl _P2IFG
                                    189 	.globl _P1IFG
                                    190 	.globl _P0IFG
                                    191 	.globl _DMAREQ
                                    192 	.globl _DMAARM
                                    193 	.globl _DMA0CFGH
                                    194 	.globl _DMA0CFGL
                                    195 	.globl _DMA1CFGH
                                    196 	.globl _DMA1CFGL
                                    197 	.globl _DMAIRQ
                                    198 	.globl _ENCCS
                                    199 	.globl _ENCDO
                                    200 	.globl _ENCDI
                                    201 	.globl _RNDH
                                    202 	.globl _RNDL
                                    203 	.globl _ADCH
                                    204 	.globl _ADCL
                                    205 	.globl _ADCCON3
                                    206 	.globl _ADCCON2
                                    207 	.globl _ADCCON1
                                    208 	.globl _B
                                    209 	.globl _IRCON2
                                    210 	.globl _ACC
                                    211 	.globl _PSW
                                    212 	.globl _IRCON
                                    213 	.globl _IP1
                                    214 	.globl _IEN1
                                    215 	.globl _IP0
                                    216 	.globl _IEN0
                                    217 	.globl _P2
                                    218 	.globl _S1CON
                                    219 	.globl _IEN2
                                    220 	.globl _S0CON
                                    221 	.globl _DPS
                                    222 	.globl _P1
                                    223 	.globl _TCON
                                    224 	.globl _PCON
                                    225 	.globl _DPH1
                                    226 	.globl _DPL1
                                    227 	.globl _DPH0
                                    228 	.globl _DPL0
                                    229 	.globl _SP
                                    230 	.globl _P0
                                    231 	.globl _X_IEEE_ADDR
                                    232 	.globl _X_INFOPAGE
                                    233 	.globl _X_P2DIR
                                    234 	.globl _X_P1DIR
                                    235 	.globl _X_P0DIR
                                    236 	.globl _X_U1GCR
                                    237 	.globl _X_U1UCR
                                    238 	.globl _X_U1BAUD
                                    239 	.globl _X_U1DBUF
                                    240 	.globl _X_U1CSR
                                    241 	.globl _X_P2INP
                                    242 	.globl _X_P1INP
                                    243 	.globl _X_P2SEL
                                    244 	.globl _X_P1SEL
                                    245 	.globl _X_P0SEL
                                    246 	.globl _X_APCFG
                                    247 	.globl _X_PERCFG
                                    248 	.globl _X_T4CC1
                                    249 	.globl _X_T4CCTL1
                                    250 	.globl _X_T4CC0
                                    251 	.globl _X_T4CCTL0
                                    252 	.globl _X_T4CTL
                                    253 	.globl _X_T4CNT
                                    254 	.globl _X_RFIRQF0
                                    255 	.globl _X_T1CCTL2
                                    256 	.globl _X_T1CCTL1
                                    257 	.globl _X_T1CCTL0
                                    258 	.globl _X_T1CTL
                                    259 	.globl _X_T1CNTH
                                    260 	.globl _X_T1CNTL
                                    261 	.globl _X_RFST
                                    262 	.globl _X_T1CC2H
                                    263 	.globl _X_T1CC2L
                                    264 	.globl _X_T1CC1H
                                    265 	.globl _X_T1CC1L
                                    266 	.globl _X_T1CC0H
                                    267 	.globl _X_T1CC0L
                                    268 	.globl _X_RFD
                                    269 	.globl _X_TIMIF
                                    270 	.globl _X_DMAREQ
                                    271 	.globl _X_DMAARM
                                    272 	.globl _X_DMA0CFGH
                                    273 	.globl _X_DMA0CFGL
                                    274 	.globl _X_DMA1CFGH
                                    275 	.globl _X_DMA1CFGL
                                    276 	.globl _X_DMAIRQ
                                    277 	.globl _X_T3CC1
                                    278 	.globl _X_T3CCTL1
                                    279 	.globl _X_T3CC0
                                    280 	.globl _X_T3CCTL0
                                    281 	.globl _X_T3CTL
                                    282 	.globl _X_T3CNT
                                    283 	.globl _X_WDCTL
                                    284 	.globl _X_MEMCTR
                                    285 	.globl _X_CLKCONCMD
                                    286 	.globl _X_U0GCR
                                    287 	.globl _X_U0UCR
                                    288 	.globl _X_T2MSEL
                                    289 	.globl _X_U0BAUD
                                    290 	.globl _X_U0DBUF
                                    291 	.globl _X_RFERRF
                                    292 	.globl _X_SLEEPCMD
                                    293 	.globl _X_RNDH
                                    294 	.globl _X_RNDL
                                    295 	.globl _X_ADCH
                                    296 	.globl _X_ADCL
                                    297 	.globl _X_ADCCON3
                                    298 	.globl _X_ADCCON2
                                    299 	.globl _X_ADCCON1
                                    300 	.globl _X_ENCCS
                                    301 	.globl _X_ENCDO
                                    302 	.globl _X_ENCDI
                                    303 	.globl _X_T1STAT
                                    304 	.globl _X_PMUX
                                    305 	.globl _X_STLOAD
                                    306 	.globl _X_P2IEN
                                    307 	.globl _X_P0IEN
                                    308 	.globl _X_T2IRQM
                                    309 	.globl _X_T2MOVF2
                                    310 	.globl _X_T2MOVF1
                                    311 	.globl _X_T2MOVF0
                                    312 	.globl _X_T2M1
                                    313 	.globl _X_T2M0
                                    314 	.globl _X_T2IRQF
                                    315 	.globl _X_P2
                                    316 	.globl _X_PSBANK
                                    317 	.globl _X_FMAP
                                    318 	.globl _X_CLKCONSTA
                                    319 	.globl _X_SLEEPSTA
                                    320 	.globl _X_T2EVTCFG
                                    321 	.globl _X_ST2
                                    322 	.globl _X_ST1
                                    323 	.globl _X_ST0
                                    324 	.globl _X_T2CTRL
                                    325 	.globl _X__XPAGE
                                    326 	.globl _X_MPAGE
                                    327 	.globl _X_RFIRQF1
                                    328 	.globl _X_P1
                                    329 	.globl _X_P0INP
                                    330 	.globl _X_P1IEN
                                    331 	.globl _X_PICTL
                                    332 	.globl _X_P2IFG
                                    333 	.globl _X_P1IFG
                                    334 	.globl _X_P0IFG
                                    335 	.globl _X_U0CSR
                                    336 	.globl _X_P0
                                    337 	.globl _USBF5
                                    338 	.globl _USBF4
                                    339 	.globl _USBF3
                                    340 	.globl _USBF2
                                    341 	.globl _USBF1
                                    342 	.globl _USBF0
                                    343 	.globl _USBCNTH
                                    344 	.globl _USBCNTL
                                    345 	.globl _USBCNT0
                                    346 	.globl _USBCSOH
                                    347 	.globl _USBCSOL
                                    348 	.globl _USBMAXO
                                    349 	.globl _USBCSIH
                                    350 	.globl _USBCSIL
                                    351 	.globl _USBCS0
                                    352 	.globl _USBMAXI
                                    353 	.globl _USBCTRL
                                    354 	.globl _USBINDEX
                                    355 	.globl _USBFRMH
                                    356 	.globl _USBFRML
                                    357 	.globl _USBCIE
                                    358 	.globl _USBOIE
                                    359 	.globl _USBIIE
                                    360 	.globl _USBCIF
                                    361 	.globl _USBOIF
                                    362 	.globl _USBIIF
                                    363 	.globl _USBPOW
                                    364 	.globl _USBADDR
                                    365 	.globl _CSPT
                                    366 	.globl _CSPZ
                                    367 	.globl _CSPY
                                    368 	.globl _CSPX
                                    369 	.globl _CSPSTAT
                                    370 	.globl _CSPCTRL
                                    371 	.globl _CSPPROG23
                                    372 	.globl _CSPPROG22
                                    373 	.globl _CSPPROG21
                                    374 	.globl _CSPPROG20
                                    375 	.globl _CSPPROG19
                                    376 	.globl _CSPPROG18
                                    377 	.globl _CSPPROG17
                                    378 	.globl _CSPPROG16
                                    379 	.globl _CSPPROG15
                                    380 	.globl _CSPPROG14
                                    381 	.globl _CSPPROG13
                                    382 	.globl _CSPPROG12
                                    383 	.globl _CSPPROG11
                                    384 	.globl _CSPPROG10
                                    385 	.globl _CSPPROG9
                                    386 	.globl _CSPPROG8
                                    387 	.globl _CSPPROG7
                                    388 	.globl _CSPPROG6
                                    389 	.globl _CSPPROG5
                                    390 	.globl _CSPPROG4
                                    391 	.globl _CSPPROG3
                                    392 	.globl _CSPPROG2
                                    393 	.globl _CSPPROG1
                                    394 	.globl _CSPPROG0
                                    395 	.globl _RFC_OBS_CTRL2
                                    396 	.globl _RFC_OBS_CTRL1
                                    397 	.globl _RFC_OBS_CTRL0
                                    398 	.globl _TXFILTCFG
                                    399 	.globl _PTEST1
                                    400 	.globl _PTEST0
                                    401 	.globl _ATEST
                                    402 	.globl _DACTEST2
                                    403 	.globl _DACTEST1
                                    404 	.globl _DACTEST0
                                    405 	.globl _MDMTEST1
                                    406 	.globl _MDMTEST0
                                    407 	.globl _ADCTEST2
                                    408 	.globl _ADCTEST1
                                    409 	.globl _ADCTEST0
                                    410 	.globl _AGCCTRL3
                                    411 	.globl _AGCCTRL2
                                    412 	.globl _AGCCTRL1
                                    413 	.globl _AGCCTRL0
                                    414 	.globl _FSCAL3
                                    415 	.globl _FSCAL2
                                    416 	.globl _FSCAL1
                                    417 	.globl _FSCAL0
                                    418 	.globl _FSCTRL
                                    419 	.globl _RXCTRL
                                    420 	.globl _FREQEST
                                    421 	.globl _MDMCTRL1
                                    422 	.globl _MDMCTRL0
                                    423 	.globl _RFRND
                                    424 	.globl _RFERRM
                                    425 	.globl _RFIRQM1
                                    426 	.globl _RFIRQM0
                                    427 	.globl _TXLAST_PTR
                                    428 	.globl _TXFIRST_PTR
                                    429 	.globl _RXP1_PTR
                                    430 	.globl _RXLAST_PTR
                                    431 	.globl _RXFIRST_PTR
                                    432 	.globl _TXFIFOCNT
                                    433 	.globl _RXFIFOCNT
                                    434 	.globl _RXFIRST
                                    435 	.globl _RSSISTAT
                                    436 	.globl _RSSI
                                    437 	.globl _CCACTRL1
                                    438 	.globl _CCACTRL0
                                    439 	.globl _FSMCTRL
                                    440 	.globl _FIFOPCTRL
                                    441 	.globl _FSMSTAT1
                                    442 	.globl _FSMSTAT0
                                    443 	.globl _TXCTRL
                                    444 	.globl _TXPOWER
                                    445 	.globl _FREQCTRL
                                    446 	.globl _FREQTUNE
                                    447 	.globl _RXMASKCLR
                                    448 	.globl _RXMASKSET
                                    449 	.globl _RXENABLE
                                    450 	.globl _FRMCTRL1
                                    451 	.globl _FRMCTRL0
                                    452 	.globl _SRCEXTEN2
                                    453 	.globl _SRCEXTEN1
                                    454 	.globl _SRCEXTEN0
                                    455 	.globl _SRCSHORTEN2
                                    456 	.globl _SRCSHORTEN1
                                    457 	.globl _SRCSHORTEN0
                                    458 	.globl _SRCMATCH
                                    459 	.globl _FRMFILT1
                                    460 	.globl _FRMFILT0
                                    461 	.globl _SHORT_ADDR1
                                    462 	.globl _SHORT_ADDR0
                                    463 	.globl _PAN_ID1
                                    464 	.globl _PAN_ID0
                                    465 	.globl _EXT_ADDR7
                                    466 	.globl _EXT_ADDR6
                                    467 	.globl _EXT_ADDR5
                                    468 	.globl _EXT_ADDR4
                                    469 	.globl _EXT_ADDR3
                                    470 	.globl _EXT_ADDR2
                                    471 	.globl _EXT_ADDR1
                                    472 	.globl _EXT_ADDR0
                                    473 	.globl _SRCSHORTPENDEN2
                                    474 	.globl _SRCSHORTPENDEN1
                                    475 	.globl _SRCSHORTPENDEN0
                                    476 	.globl _SRCEXTPENDEN2
                                    477 	.globl _SRCEXTPENDEN1
                                    478 	.globl _SRCEXTPENDEN0
                                    479 	.globl _SRCRESINDEX
                                    480 	.globl _SRCRESMASK2
                                    481 	.globl _SRCRESMASK1
                                    482 	.globl _SRCRESMASK0
                                    483 	.globl _SRC_ADDR_TABLE
                                    484 	.globl _TXFIFO
                                    485 	.globl _RXFIFO
                                    486 	.globl _RFCORE_RAM
                                    487 	.globl _CMPCTL
                                    488 	.globl _OPAMPS
                                    489 	.globl _OPAMPC
                                    490 	.globl _STCV2
                                    491 	.globl _STCV1
                                    492 	.globl _STCV0
                                    493 	.globl _STCS
                                    494 	.globl _STCC
                                    495 	.globl _T1CC4H
                                    496 	.globl _T1CC4L
                                    497 	.globl _T1CC3H
                                    498 	.globl _T1CC3L
                                    499 	.globl _XX_T1CC2H
                                    500 	.globl _XX_T1CC2L
                                    501 	.globl _XX_T1CC1H
                                    502 	.globl _XX_T1CC1L
                                    503 	.globl _XX_T1CC0H
                                    504 	.globl _XX_T1CC0L
                                    505 	.globl _T1CCTL4
                                    506 	.globl _T1CCTL3
                                    507 	.globl _XX_T1CCTL2
                                    508 	.globl _XX_T1CCTL1
                                    509 	.globl _XX_T1CCTL0
                                    510 	.globl _CLD
                                    511 	.globl _IRCTL
                                    512 	.globl _CHIPINFO1
                                    513 	.globl _CHIPINFO0
                                    514 	.globl _FWDATA
                                    515 	.globl _FADDRH
                                    516 	.globl _FADDRL
                                    517 	.globl _FCTL
                                    518 	.globl _IVCTRL
                                    519 	.globl _BATTMON
                                    520 	.globl _SRCRC
                                    521 	.globl _DBGDATA
                                    522 	.globl _TESTREG0
                                    523 	.globl _CHIPID
                                    524 	.globl _CHVER
                                    525 	.globl _OBSSEL5
                                    526 	.globl _OBSSEL4
                                    527 	.globl _OBSSEL3
                                    528 	.globl _OBSSEL2
                                    529 	.globl _OBSSEL1
                                    530 	.globl _OBSSEL0
                                    531 	.globl _I2CIO
                                    532 	.globl _I2CWC
                                    533 	.globl _I2CADDR
                                    534 	.globl _I2CDATA
                                    535 	.globl _I2CSTAT
                                    536 	.globl _I2CCFG
                                    537 	.globl _OPAMPMC
                                    538 	.globl _MONMUX
                                    539 	.globl _smoke_sensor_init
                                    540 	.globl _smoke_sensor_read
                                    541 ;--------------------------------------------------------
                                    542 ; special function registers
                                    543 ;--------------------------------------------------------
                                    544 	.area RSEG    (ABS,DATA)
      000000                        545 	.org 0x0000
                           000080   546 _P0	=	0x0080
                           000081   547 _SP	=	0x0081
                           000082   548 _DPL0	=	0x0082
                           000083   549 _DPH0	=	0x0083
                           000084   550 _DPL1	=	0x0084
                           000085   551 _DPH1	=	0x0085
                           000087   552 _PCON	=	0x0087
                           000088   553 _TCON	=	0x0088
                           000090   554 _P1	=	0x0090
                           000092   555 _DPS	=	0x0092
                           000098   556 _S0CON	=	0x0098
                           00009A   557 _IEN2	=	0x009a
                           00009B   558 _S1CON	=	0x009b
                           0000A0   559 _P2	=	0x00a0
                           0000A8   560 _IEN0	=	0x00a8
                           0000A9   561 _IP0	=	0x00a9
                           0000B8   562 _IEN1	=	0x00b8
                           0000B9   563 _IP1	=	0x00b9
                           0000C0   564 _IRCON	=	0x00c0
                           0000D0   565 _PSW	=	0x00d0
                           0000E0   566 _ACC	=	0x00e0
                           0000E8   567 _IRCON2	=	0x00e8
                           0000F0   568 _B	=	0x00f0
                           0000B4   569 _ADCCON1	=	0x00b4
                           0000B5   570 _ADCCON2	=	0x00b5
                           0000B6   571 _ADCCON3	=	0x00b6
                           0000BA   572 _ADCL	=	0x00ba
                           0000BB   573 _ADCH	=	0x00bb
                           0000BC   574 _RNDL	=	0x00bc
                           0000BD   575 _RNDH	=	0x00bd
                           0000B1   576 _ENCDI	=	0x00b1
                           0000B2   577 _ENCDO	=	0x00b2
                           0000B3   578 _ENCCS	=	0x00b3
                           0000D1   579 _DMAIRQ	=	0x00d1
                           0000D2   580 _DMA1CFGL	=	0x00d2
                           0000D3   581 _DMA1CFGH	=	0x00d3
                           0000D4   582 _DMA0CFGL	=	0x00d4
                           0000D5   583 _DMA0CFGH	=	0x00d5
                           0000D6   584 _DMAARM	=	0x00d6
                           0000D7   585 _DMAREQ	=	0x00d7
                           000089   586 _P0IFG	=	0x0089
                           00008A   587 _P1IFG	=	0x008a
                           00008B   588 _P2IFG	=	0x008b
                           00008C   589 _PICTL	=	0x008c
                           0000AB   590 _P0IEN	=	0x00ab
                           00008D   591 _P1IEN	=	0x008d
                           0000AC   592 _P2IEN	=	0x00ac
                           00008F   593 _P0INP	=	0x008f
                           0000F1   594 _PERCFG	=	0x00f1
                           0000F2   595 _APCFG	=	0x00f2
                           0000F3   596 _P0SEL	=	0x00f3
                           0000F4   597 _P1SEL	=	0x00f4
                           0000F5   598 _P2SEL	=	0x00f5
                           0000F6   599 _P1INP	=	0x00f6
                           0000F7   600 _P2INP	=	0x00f7
                           0000FD   601 _P0DIR	=	0x00fd
                           0000FE   602 _P1DIR	=	0x00fe
                           0000FF   603 _P2DIR	=	0x00ff
                           0000AE   604 _PMUX	=	0x00ae
                           000093   605 _MPAGE	=	0x0093
                           000093   606 __XPAGE	=	0x0093
                           0000C7   607 _MEMCTR	=	0x00c7
                           00009F   608 _FMAP	=	0x009f
                           00009F   609 _PSBANK	=	0x009f
                           000091   610 _RFIRQF1	=	0x0091
                           0000D9   611 _RFD	=	0x00d9
                           0000E1   612 _RFST	=	0x00e1
                           0000E9   613 _RFIRQF0	=	0x00e9
                           0000BF   614 _RFERRF	=	0x00bf
                           000095   615 _ST0	=	0x0095
                           000096   616 _ST1	=	0x0096
                           000097   617 _ST2	=	0x0097
                           0000AD   618 _STLOAD	=	0x00ad
                           0000BE   619 _SLEEPCMD	=	0x00be
                           00009D   620 _SLEEPSTA	=	0x009d
                           0000C6   621 _CLKCONCMD	=	0x00c6
                           00009E   622 _CLKCONSTA	=	0x009e
                           0000DA   623 _T1CC0L	=	0x00da
                           0000DB   624 _T1CC0H	=	0x00db
                           0000DC   625 _T1CC1L	=	0x00dc
                           0000DD   626 _T1CC1H	=	0x00dd
                           0000DE   627 _T1CC2L	=	0x00de
                           0000DF   628 _T1CC2H	=	0x00df
                           0000E2   629 _T1CNTL	=	0x00e2
                           0000E3   630 _T1CNTH	=	0x00e3
                           0000E4   631 _T1CTL	=	0x00e4
                           0000E5   632 _T1CCTL0	=	0x00e5
                           0000E6   633 _T1CCTL1	=	0x00e6
                           0000E7   634 _T1CCTL2	=	0x00e7
                           0000AF   635 _T1STAT	=	0x00af
                           000094   636 _T2CTRL	=	0x0094
                           00009C   637 _T2EVTCFG	=	0x009c
                           0000A1   638 _T2IRQF	=	0x00a1
                           0000A2   639 _T2M0	=	0x00a2
                           0000A3   640 _T2M1	=	0x00a3
                           0000A4   641 _T2MOVF0	=	0x00a4
                           0000A5   642 _T2MOVF1	=	0x00a5
                           0000A6   643 _T2MOVF2	=	0x00a6
                           0000A7   644 _T2IRQM	=	0x00a7
                           0000C3   645 _T2MSEL	=	0x00c3
                           0000CA   646 _T3CNT	=	0x00ca
                           0000CB   647 _T3CTL	=	0x00cb
                           0000CC   648 _T3CCTL0	=	0x00cc
                           0000CD   649 _T3CC0	=	0x00cd
                           0000CE   650 _T3CCTL1	=	0x00ce
                           0000CF   651 _T3CC1	=	0x00cf
                           0000EA   652 _T4CNT	=	0x00ea
                           0000EB   653 _T4CTL	=	0x00eb
                           0000EC   654 _T4CCTL0	=	0x00ec
                           0000ED   655 _T4CC0	=	0x00ed
                           0000EE   656 _T4CCTL1	=	0x00ee
                           0000EF   657 _T4CC1	=	0x00ef
                           0000D8   658 _TIMIF	=	0x00d8
                           000086   659 _U0CSR	=	0x0086
                           0000C1   660 _U0DBUF	=	0x00c1
                           0000C2   661 _U0BAUD	=	0x00c2
                           0000C4   662 _U0UCR	=	0x00c4
                           0000C5   663 _U0GCR	=	0x00c5
                           0000F8   664 _U1CSR	=	0x00f8
                           0000F9   665 _U1DBUF	=	0x00f9
                           0000FA   666 _U1BAUD	=	0x00fa
                           0000FB   667 _U1UCR	=	0x00fb
                           0000FC   668 _U1GCR	=	0x00fc
                           0000C9   669 _WDCTL	=	0x00c9
                                    670 ;--------------------------------------------------------
                                    671 ; special function bits
                                    672 ;--------------------------------------------------------
                                    673 	.area RSEG    (ABS,DATA)
      000000                        674 	.org 0x0000
                           000087   675 _P0_7	=	0x0087
                           000086   676 _P0_6	=	0x0086
                           000085   677 _P0_5	=	0x0085
                           000084   678 _P0_4	=	0x0084
                           000083   679 _P0_3	=	0x0083
                           000082   680 _P0_2	=	0x0082
                           000081   681 _P0_1	=	0x0081
                           000080   682 _P0_0	=	0x0080
                           00008F   683 _URX1IF	=	0x008f
                           00008D   684 _ADCIF	=	0x008d
                           00008B   685 _URX0IF	=	0x008b
                           00008A   686 _IT1	=	0x008a
                           000089   687 _RFERRIF	=	0x0089
                           000088   688 _IT0	=	0x0088
                           000097   689 _P1_7	=	0x0097
                           000096   690 _P1_6	=	0x0096
                           000095   691 _P1_5	=	0x0095
                           000094   692 _P1_4	=	0x0094
                           000093   693 _P1_3	=	0x0093
                           000092   694 _P1_2	=	0x0092
                           000091   695 _P1_1	=	0x0091
                           000090   696 _P1_0	=	0x0090
                           000099   697 _ENCIF_1	=	0x0099
                           000098   698 _ENCIF_0	=	0x0098
                           0000A7   699 _P2_7	=	0x00a7
                           0000A6   700 _P2_6	=	0x00a6
                           0000A5   701 _P2_5	=	0x00a5
                           0000A4   702 _P2_4	=	0x00a4
                           0000A3   703 _P2_3	=	0x00a3
                           0000A2   704 _P2_2	=	0x00a2
                           0000A1   705 _P2_1	=	0x00a1
                           0000A0   706 _P2_0	=	0x00a0
                           0000AF   707 _EA	=	0x00af
                           0000AD   708 _STIE	=	0x00ad
                           0000AC   709 _ENCIE	=	0x00ac
                           0000AB   710 _URX1IE	=	0x00ab
                           0000AA   711 _URX0IE	=	0x00aa
                           0000A9   712 _ADCIE	=	0x00a9
                           0000A8   713 _RFERRIE	=	0x00a8
                           0000BD   714 _P0IE	=	0x00bd
                           0000BC   715 _T4IE	=	0x00bc
                           0000BB   716 _T3IE	=	0x00bb
                           0000BA   717 _T2IE	=	0x00ba
                           0000B9   718 _T1IE	=	0x00b9
                           0000B8   719 _DMAIE	=	0x00b8
                           0000C7   720 _STIF	=	0x00c7
                           0000C5   721 _P0IF	=	0x00c5
                           0000C4   722 _T4IF	=	0x00c4
                           0000C3   723 _T3IF	=	0x00c3
                           0000C2   724 _T2IF	=	0x00c2
                           0000C1   725 _T1IF	=	0x00c1
                           0000C0   726 _DMAIF	=	0x00c0
                           0000D7   727 _CY	=	0x00d7
                           0000D6   728 _AC	=	0x00d6
                           0000D5   729 _F0	=	0x00d5
                           0000D4   730 _RS1	=	0x00d4
                           0000D3   731 _RS0	=	0x00d3
                           0000D2   732 _OV	=	0x00d2
                           0000D1   733 _F1	=	0x00d1
                           0000D0   734 _P	=	0x00d0
                           0000E7   735 _ACC_7	=	0x00e7
                           0000E6   736 _ACC_6	=	0x00e6
                           0000E5   737 _ACC_5	=	0x00e5
                           0000E4   738 _ACC_4	=	0x00e4
                           0000E3   739 _ACC_3	=	0x00e3
                           0000E2   740 _ACC_2	=	0x00e2
                           0000E1   741 _ACC_1	=	0x00e1
                           0000E0   742 _ACC_0	=	0x00e0
                           0000EC   743 _WDTIF	=	0x00ec
                           0000EB   744 _P1IF	=	0x00eb
                           0000EA   745 _UTX1IF	=	0x00ea
                           0000E9   746 _UTX0IF	=	0x00e9
                           0000E8   747 _P2IF	=	0x00e8
                           0000F7   748 _B_7	=	0x00f7
                           0000F6   749 _B_6	=	0x00f6
                           0000F5   750 _B_5	=	0x00f5
                           0000F4   751 _B_4	=	0x00f4
                           0000F3   752 _B_3	=	0x00f3
                           0000F2   753 _B_2	=	0x00f2
                           0000F1   754 _B_1	=	0x00f1
                           0000F0   755 _B_0	=	0x00f0
                           0000DE   756 _OVFIM	=	0x00de
                           0000DD   757 _T4CH1IF	=	0x00dd
                           0000DC   758 _T4CH0IF	=	0x00dc
                           0000DB   759 _T4OVFIF	=	0x00db
                           0000DA   760 _T3CH1IF	=	0x00da
                           0000D9   761 _T3CH0IF	=	0x00d9
                           0000D8   762 _T3OVFIF	=	0x00d8
                           0000FF   763 _MODE	=	0x00ff
                           0000FE   764 _RE	=	0x00fe
                           0000FD   765 _SLAVE	=	0x00fd
                           0000FC   766 _FE	=	0x00fc
                           0000FB   767 _ERR	=	0x00fb
                           0000FA   768 _RX_BYTE	=	0x00fa
                           0000F9   769 _TX_BYTE	=	0x00f9
                           0000F8   770 _ACTIVE	=	0x00f8
                                    771 ;--------------------------------------------------------
                                    772 ; overlayable register banks
                                    773 ;--------------------------------------------------------
                                    774 	.area REG_BANK_0	(REL,OVR,DATA)
      000000                        775 	.ds 8
                                    776 ;--------------------------------------------------------
                                    777 ; internal ram data
                                    778 ;--------------------------------------------------------
                                    779 	.area DSEG    (DATA)
                                    780 ;--------------------------------------------------------
                                    781 ; overlayable items in internal ram 
                                    782 ;--------------------------------------------------------
                                    783 ;--------------------------------------------------------
                                    784 ; indirectly addressable internal ram data
                                    785 ;--------------------------------------------------------
                                    786 	.area ISEG    (DATA)
                                    787 ;--------------------------------------------------------
                                    788 ; absolute internal ram data
                                    789 ;--------------------------------------------------------
                                    790 	.area IABS    (ABS,DATA)
                                    791 	.area IABS    (ABS,DATA)
                                    792 ;--------------------------------------------------------
                                    793 ; bit data
                                    794 ;--------------------------------------------------------
                                    795 	.area BSEG    (BIT)
                                    796 ;--------------------------------------------------------
                                    797 ; paged external ram data
                                    798 ;--------------------------------------------------------
                                    799 	.area PSEG    (PAG,XDATA)
                                    800 ;--------------------------------------------------------
                                    801 ; external ram data
                                    802 ;--------------------------------------------------------
                                    803 	.area XSEG    (XDATA)
                           0061A6   804 _MONMUX	=	0x61a6
                           0061A6   805 _OPAMPMC	=	0x61a6
                           006230   806 _I2CCFG	=	0x6230
                           006231   807 _I2CSTAT	=	0x6231
                           006232   808 _I2CDATA	=	0x6232
                           006233   809 _I2CADDR	=	0x6233
                           006234   810 _I2CWC	=	0x6234
                           006235   811 _I2CIO	=	0x6235
                           006243   812 _OBSSEL0	=	0x6243
                           006244   813 _OBSSEL1	=	0x6244
                           006245   814 _OBSSEL2	=	0x6245
                           006246   815 _OBSSEL3	=	0x6246
                           006247   816 _OBSSEL4	=	0x6247
                           006248   817 _OBSSEL5	=	0x6248
                           006249   818 _CHVER	=	0x6249
                           00624A   819 _CHIPID	=	0x624a
                           00624B   820 _TESTREG0	=	0x624b
                           006260   821 _DBGDATA	=	0x6260
                           006262   822 _SRCRC	=	0x6262
                           006264   823 _BATTMON	=	0x6264
                           006265   824 _IVCTRL	=	0x6265
                           006270   825 _FCTL	=	0x6270
                           006271   826 _FADDRL	=	0x6271
                           006272   827 _FADDRH	=	0x6272
                           006273   828 _FWDATA	=	0x6273
                           006276   829 _CHIPINFO0	=	0x6276
                           006277   830 _CHIPINFO1	=	0x6277
                           006281   831 _IRCTL	=	0x6281
                           006290   832 _CLD	=	0x6290
                           0062A0   833 _XX_T1CCTL0	=	0x62a0
                           0062A1   834 _XX_T1CCTL1	=	0x62a1
                           0062A2   835 _XX_T1CCTL2	=	0x62a2
                           0062A3   836 _T1CCTL3	=	0x62a3
                           0062A4   837 _T1CCTL4	=	0x62a4
                           0062A6   838 _XX_T1CC0L	=	0x62a6
                           0062A7   839 _XX_T1CC0H	=	0x62a7
                           0062A8   840 _XX_T1CC1L	=	0x62a8
                           0062A9   841 _XX_T1CC1H	=	0x62a9
                           0062AA   842 _XX_T1CC2L	=	0x62aa
                           0062AB   843 _XX_T1CC2H	=	0x62ab
                           0062AC   844 _T1CC3L	=	0x62ac
                           0062AD   845 _T1CC3H	=	0x62ad
                           0062AE   846 _T1CC4L	=	0x62ae
                           0062AF   847 _T1CC4H	=	0x62af
                           0062B0   848 _STCC	=	0x62b0
                           0062B1   849 _STCS	=	0x62b1
                           0062B2   850 _STCV0	=	0x62b2
                           0062B3   851 _STCV1	=	0x62b3
                           0062B4   852 _STCV2	=	0x62b4
                           0062C0   853 _OPAMPC	=	0x62c0
                           0062C1   854 _OPAMPS	=	0x62c1
                           0062D0   855 _CMPCTL	=	0x62d0
                           006000   856 _RFCORE_RAM	=	0x6000
                           006000   857 _RXFIFO	=	0x6000
                           006080   858 _TXFIFO	=	0x6080
                           006100   859 _SRC_ADDR_TABLE	=	0x6100
                           006160   860 _SRCRESMASK0	=	0x6160
                           006161   861 _SRCRESMASK1	=	0x6161
                           006162   862 _SRCRESMASK2	=	0x6162
                           006163   863 _SRCRESINDEX	=	0x6163
                           006164   864 _SRCEXTPENDEN0	=	0x6164
                           006165   865 _SRCEXTPENDEN1	=	0x6165
                           006166   866 _SRCEXTPENDEN2	=	0x6166
                           006167   867 _SRCSHORTPENDEN0	=	0x6167
                           006168   868 _SRCSHORTPENDEN1	=	0x6168
                           006169   869 _SRCSHORTPENDEN2	=	0x6169
                           00616A   870 _EXT_ADDR0	=	0x616a
                           00616B   871 _EXT_ADDR1	=	0x616b
                           00616C   872 _EXT_ADDR2	=	0x616c
                           00616D   873 _EXT_ADDR3	=	0x616d
                           00616E   874 _EXT_ADDR4	=	0x616e
                           00616F   875 _EXT_ADDR5	=	0x616f
                           006170   876 _EXT_ADDR6	=	0x6170
                           006171   877 _EXT_ADDR7	=	0x6171
                           006172   878 _PAN_ID0	=	0x6172
                           006173   879 _PAN_ID1	=	0x6173
                           006174   880 _SHORT_ADDR0	=	0x6174
                           006175   881 _SHORT_ADDR1	=	0x6175
                           006180   882 _FRMFILT0	=	0x6180
                           006181   883 _FRMFILT1	=	0x6181
                           006182   884 _SRCMATCH	=	0x6182
                           006183   885 _SRCSHORTEN0	=	0x6183
                           006184   886 _SRCSHORTEN1	=	0x6184
                           006185   887 _SRCSHORTEN2	=	0x6185
                           006186   888 _SRCEXTEN0	=	0x6186
                           006187   889 _SRCEXTEN1	=	0x6187
                           006188   890 _SRCEXTEN2	=	0x6188
                           006189   891 _FRMCTRL0	=	0x6189
                           00618A   892 _FRMCTRL1	=	0x618a
                           00618B   893 _RXENABLE	=	0x618b
                           00618C   894 _RXMASKSET	=	0x618c
                           00618D   895 _RXMASKCLR	=	0x618d
                           00618E   896 _FREQTUNE	=	0x618e
                           00618F   897 _FREQCTRL	=	0x618f
                           006190   898 _TXPOWER	=	0x6190
                           006191   899 _TXCTRL	=	0x6191
                           006192   900 _FSMSTAT0	=	0x6192
                           006193   901 _FSMSTAT1	=	0x6193
                           006194   902 _FIFOPCTRL	=	0x6194
                           006195   903 _FSMCTRL	=	0x6195
                           006196   904 _CCACTRL0	=	0x6196
                           006197   905 _CCACTRL1	=	0x6197
                           006198   906 _RSSI	=	0x6198
                           006199   907 _RSSISTAT	=	0x6199
                           00619A   908 _RXFIRST	=	0x619a
                           00619B   909 _RXFIFOCNT	=	0x619b
                           00619C   910 _TXFIFOCNT	=	0x619c
                           00619D   911 _RXFIRST_PTR	=	0x619d
                           00619E   912 _RXLAST_PTR	=	0x619e
                           00619F   913 _RXP1_PTR	=	0x619f
                           0061A1   914 _TXFIRST_PTR	=	0x61a1
                           0061A2   915 _TXLAST_PTR	=	0x61a2
                           0061A3   916 _RFIRQM0	=	0x61a3
                           0061A4   917 _RFIRQM1	=	0x61a4
                           0061A5   918 _RFERRM	=	0x61a5
                           0061A7   919 _RFRND	=	0x61a7
                           0061A8   920 _MDMCTRL0	=	0x61a8
                           0061A9   921 _MDMCTRL1	=	0x61a9
                           0061AA   922 _FREQEST	=	0x61aa
                           0061AB   923 _RXCTRL	=	0x61ab
                           0061AC   924 _FSCTRL	=	0x61ac
                           0061AD   925 _FSCAL0	=	0x61ad
                           0061AE   926 _FSCAL1	=	0x61ae
                           0061AF   927 _FSCAL2	=	0x61af
                           0061B0   928 _FSCAL3	=	0x61b0
                           0061B1   929 _AGCCTRL0	=	0x61b1
                           0061B2   930 _AGCCTRL1	=	0x61b2
                           0061B3   931 _AGCCTRL2	=	0x61b3
                           0061B4   932 _AGCCTRL3	=	0x61b4
                           0061B5   933 _ADCTEST0	=	0x61b5
                           0061B6   934 _ADCTEST1	=	0x61b6
                           0061B7   935 _ADCTEST2	=	0x61b7
                           0061B8   936 _MDMTEST0	=	0x61b8
                           0061B9   937 _MDMTEST1	=	0x61b9
                           0061BA   938 _DACTEST0	=	0x61ba
                           0061BB   939 _DACTEST1	=	0x61bb
                           0061BC   940 _DACTEST2	=	0x61bc
                           0061BD   941 _ATEST	=	0x61bd
                           0061BE   942 _PTEST0	=	0x61be
                           0061BF   943 _PTEST1	=	0x61bf
                           0061FA   944 _TXFILTCFG	=	0x61fa
                           0061EB   945 _RFC_OBS_CTRL0	=	0x61eb
                           0061EC   946 _RFC_OBS_CTRL1	=	0x61ec
                           0061ED   947 _RFC_OBS_CTRL2	=	0x61ed
                           0061C0   948 _CSPPROG0	=	0x61c0
                           0061C1   949 _CSPPROG1	=	0x61c1
                           0061C2   950 _CSPPROG2	=	0x61c2
                           0061C3   951 _CSPPROG3	=	0x61c3
                           0061C4   952 _CSPPROG4	=	0x61c4
                           0061C5   953 _CSPPROG5	=	0x61c5
                           0061C6   954 _CSPPROG6	=	0x61c6
                           0061C7   955 _CSPPROG7	=	0x61c7
                           0061C8   956 _CSPPROG8	=	0x61c8
                           0061C9   957 _CSPPROG9	=	0x61c9
                           0061CA   958 _CSPPROG10	=	0x61ca
                           0061CB   959 _CSPPROG11	=	0x61cb
                           0061CC   960 _CSPPROG12	=	0x61cc
                           0061CD   961 _CSPPROG13	=	0x61cd
                           0061CE   962 _CSPPROG14	=	0x61ce
                           0061CF   963 _CSPPROG15	=	0x61cf
                           0061D0   964 _CSPPROG16	=	0x61d0
                           0061D1   965 _CSPPROG17	=	0x61d1
                           0061D2   966 _CSPPROG18	=	0x61d2
                           0061D3   967 _CSPPROG19	=	0x61d3
                           0061D4   968 _CSPPROG20	=	0x61d4
                           0061D5   969 _CSPPROG21	=	0x61d5
                           0061D6   970 _CSPPROG22	=	0x61d6
                           0061D7   971 _CSPPROG23	=	0x61d7
                           0061E0   972 _CSPCTRL	=	0x61e0
                           0061E1   973 _CSPSTAT	=	0x61e1
                           0061E2   974 _CSPX	=	0x61e2
                           0061E3   975 _CSPY	=	0x61e3
                           0061E4   976 _CSPZ	=	0x61e4
                           0061E5   977 _CSPT	=	0x61e5
                           006200   978 _USBADDR	=	0x6200
                           006201   979 _USBPOW	=	0x6201
                           006202   980 _USBIIF	=	0x6202
                           006204   981 _USBOIF	=	0x6204
                           006206   982 _USBCIF	=	0x6206
                           006207   983 _USBIIE	=	0x6207
                           006209   984 _USBOIE	=	0x6209
                           00620B   985 _USBCIE	=	0x620b
                           00620C   986 _USBFRML	=	0x620c
                           00620D   987 _USBFRMH	=	0x620d
                           00620E   988 _USBINDEX	=	0x620e
                           00620F   989 _USBCTRL	=	0x620f
                           006210   990 _USBMAXI	=	0x6210
                           006211   991 _USBCS0	=	0x6211
                           006211   992 _USBCSIL	=	0x6211
                           006212   993 _USBCSIH	=	0x6212
                           006213   994 _USBMAXO	=	0x6213
                           006214   995 _USBCSOL	=	0x6214
                           006215   996 _USBCSOH	=	0x6215
                           006216   997 _USBCNT0	=	0x6216
                           006216   998 _USBCNTL	=	0x6216
                           006217   999 _USBCNTH	=	0x6217
                           006220  1000 _USBF0	=	0x6220
                           006222  1001 _USBF1	=	0x6222
                           006224  1002 _USBF2	=	0x6224
                           006226  1003 _USBF3	=	0x6226
                           006228  1004 _USBF4	=	0x6228
                           00622A  1005 _USBF5	=	0x622a
                           007080  1006 _X_P0	=	0x7080
                           007086  1007 _X_U0CSR	=	0x7086
                           007089  1008 _X_P0IFG	=	0x7089
                           00708A  1009 _X_P1IFG	=	0x708a
                           00708B  1010 _X_P2IFG	=	0x708b
                           00708C  1011 _X_PICTL	=	0x708c
                           00708D  1012 _X_P1IEN	=	0x708d
                           00708F  1013 _X_P0INP	=	0x708f
                           007090  1014 _X_P1	=	0x7090
                           007091  1015 _X_RFIRQF1	=	0x7091
                           007093  1016 _X_MPAGE	=	0x7093
                           007093  1017 _X__XPAGE	=	0x7093
                           007094  1018 _X_T2CTRL	=	0x7094
                           007095  1019 _X_ST0	=	0x7095
                           007096  1020 _X_ST1	=	0x7096
                           007097  1021 _X_ST2	=	0x7097
                           00709C  1022 _X_T2EVTCFG	=	0x709c
                           00709D  1023 _X_SLEEPSTA	=	0x709d
                           00709E  1024 _X_CLKCONSTA	=	0x709e
                           00709F  1025 _X_FMAP	=	0x709f
                           00709F  1026 _X_PSBANK	=	0x709f
                           0070A0  1027 _X_P2	=	0x70a0
                           0070A1  1028 _X_T2IRQF	=	0x70a1
                           0070A2  1029 _X_T2M0	=	0x70a2
                           0070A3  1030 _X_T2M1	=	0x70a3
                           0070A4  1031 _X_T2MOVF0	=	0x70a4
                           0070A5  1032 _X_T2MOVF1	=	0x70a5
                           0070A6  1033 _X_T2MOVF2	=	0x70a6
                           0070A7  1034 _X_T2IRQM	=	0x70a7
                           0070AB  1035 _X_P0IEN	=	0x70ab
                           0070AC  1036 _X_P2IEN	=	0x70ac
                           0070AD  1037 _X_STLOAD	=	0x70ad
                           0070AE  1038 _X_PMUX	=	0x70ae
                           0070AF  1039 _X_T1STAT	=	0x70af
                           0070B1  1040 _X_ENCDI	=	0x70b1
                           0070B2  1041 _X_ENCDO	=	0x70b2
                           0070B3  1042 _X_ENCCS	=	0x70b3
                           0070B4  1043 _X_ADCCON1	=	0x70b4
                           0070B5  1044 _X_ADCCON2	=	0x70b5
                           0070B6  1045 _X_ADCCON3	=	0x70b6
                           0070BA  1046 _X_ADCL	=	0x70ba
                           0070BB  1047 _X_ADCH	=	0x70bb
                           0070BC  1048 _X_RNDL	=	0x70bc
                           0070BD  1049 _X_RNDH	=	0x70bd
                           0070BE  1050 _X_SLEEPCMD	=	0x70be
                           0070BF  1051 _X_RFERRF	=	0x70bf
                           0070C1  1052 _X_U0DBUF	=	0x70c1
                           0070C2  1053 _X_U0BAUD	=	0x70c2
                           0070C3  1054 _X_T2MSEL	=	0x70c3
                           0070C4  1055 _X_U0UCR	=	0x70c4
                           0070C5  1056 _X_U0GCR	=	0x70c5
                           0070C6  1057 _X_CLKCONCMD	=	0x70c6
                           0070C7  1058 _X_MEMCTR	=	0x70c7
                           0070C9  1059 _X_WDCTL	=	0x70c9
                           0070CA  1060 _X_T3CNT	=	0x70ca
                           0070CB  1061 _X_T3CTL	=	0x70cb
                           0070CC  1062 _X_T3CCTL0	=	0x70cc
                           0070CD  1063 _X_T3CC0	=	0x70cd
                           0070CE  1064 _X_T3CCTL1	=	0x70ce
                           0070CF  1065 _X_T3CC1	=	0x70cf
                           0070D1  1066 _X_DMAIRQ	=	0x70d1
                           0070D2  1067 _X_DMA1CFGL	=	0x70d2
                           0070D3  1068 _X_DMA1CFGH	=	0x70d3
                           0070D4  1069 _X_DMA0CFGL	=	0x70d4
                           0070D5  1070 _X_DMA0CFGH	=	0x70d5
                           0070D6  1071 _X_DMAARM	=	0x70d6
                           0070D7  1072 _X_DMAREQ	=	0x70d7
                           0070D8  1073 _X_TIMIF	=	0x70d8
                           0070D9  1074 _X_RFD	=	0x70d9
                           0070DA  1075 _X_T1CC0L	=	0x70da
                           0070DB  1076 _X_T1CC0H	=	0x70db
                           0070DC  1077 _X_T1CC1L	=	0x70dc
                           0070DD  1078 _X_T1CC1H	=	0x70dd
                           0070DE  1079 _X_T1CC2L	=	0x70de
                           0070DF  1080 _X_T1CC2H	=	0x70df
                           0070E1  1081 _X_RFST	=	0x70e1
                           0070E2  1082 _X_T1CNTL	=	0x70e2
                           0070E3  1083 _X_T1CNTH	=	0x70e3
                           0070E4  1084 _X_T1CTL	=	0x70e4
                           0070E5  1085 _X_T1CCTL0	=	0x70e5
                           0070E6  1086 _X_T1CCTL1	=	0x70e6
                           0070E7  1087 _X_T1CCTL2	=	0x70e7
                           0070E9  1088 _X_RFIRQF0	=	0x70e9
                           0070EA  1089 _X_T4CNT	=	0x70ea
                           0070EB  1090 _X_T4CTL	=	0x70eb
                           0070EC  1091 _X_T4CCTL0	=	0x70ec
                           0070ED  1092 _X_T4CC0	=	0x70ed
                           0070EE  1093 _X_T4CCTL1	=	0x70ee
                           0070EF  1094 _X_T4CC1	=	0x70ef
                           0070F1  1095 _X_PERCFG	=	0x70f1
                           0070F2  1096 _X_APCFG	=	0x70f2
                           0070F3  1097 _X_P0SEL	=	0x70f3
                           0070F4  1098 _X_P1SEL	=	0x70f4
                           0070F5  1099 _X_P2SEL	=	0x70f5
                           0070F6  1100 _X_P1INP	=	0x70f6
                           0070F7  1101 _X_P2INP	=	0x70f7
                           0070F8  1102 _X_U1CSR	=	0x70f8
                           0070F9  1103 _X_U1DBUF	=	0x70f9
                           0070FA  1104 _X_U1BAUD	=	0x70fa
                           0070FB  1105 _X_U1UCR	=	0x70fb
                           0070FC  1106 _X_U1GCR	=	0x70fc
                           0070FD  1107 _X_P0DIR	=	0x70fd
                           0070FE  1108 _X_P1DIR	=	0x70fe
                           0070FF  1109 _X_P2DIR	=	0x70ff
                           007800  1110 _X_INFOPAGE	=	0x7800
                           00780C  1111 _X_IEEE_ADDR	=	0x780c
                                   1112 ;--------------------------------------------------------
                                   1113 ; absolute external ram data
                                   1114 ;--------------------------------------------------------
                                   1115 	.area XABS    (ABS,XDATA)
                                   1116 ;--------------------------------------------------------
                                   1117 ; external initialized ram data
                                   1118 ;--------------------------------------------------------
                                   1119 	.area XISEG   (XDATA)
                                   1120 	.area HOME    (CODE)
                                   1121 	.area GSINIT0 (CODE)
                                   1122 	.area GSINIT1 (CODE)
                                   1123 	.area GSINIT2 (CODE)
                                   1124 	.area GSINIT3 (CODE)
                                   1125 	.area GSINIT4 (CODE)
                                   1126 	.area GSINIT5 (CODE)
                                   1127 	.area GSINIT  (CODE)
                                   1128 	.area GSFINAL (CODE)
                                   1129 	.area CSEG    (CODE)
                                   1130 ;--------------------------------------------------------
                                   1131 ; global & static initialisations
                                   1132 ;--------------------------------------------------------
                                   1133 	.area HOME    (CODE)
                                   1134 	.area GSINIT  (CODE)
                                   1135 	.area GSFINAL (CODE)
                                   1136 	.area GSINIT  (CODE)
                                   1137 ;--------------------------------------------------------
                                   1138 ; Home
                                   1139 ;--------------------------------------------------------
                                   1140 	.area HOME    (CODE)
                                   1141 	.area HOME    (CODE)
                                   1142 ;--------------------------------------------------------
                                   1143 ; code
                                   1144 ;--------------------------------------------------------
                                   1145 	.area BANK1   (CODE)
                                   1146 ;------------------------------------------------------------
                                   1147 ;Allocation info for local variables in function 'smoke_sensor_init'
                                   1148 ;------------------------------------------------------------
                                   1149 ;	../../../platform/cc2530dk/smoke/smoke.c:3: void smoke_sensor_init(void)
                                   1150 ;	-----------------------------------------
                                   1151 ;	 function smoke_sensor_init
                                   1152 ;	-----------------------------------------
      000000                       1153 _smoke_sensor_init:
                           000007  1154 	ar7 = 0x07
                           000006  1155 	ar6 = 0x06
                           000005  1156 	ar5 = 0x05
                           000004  1157 	ar4 = 0x04
                           000003  1158 	ar3 = 0x03
                           000002  1159 	ar2 = 0x02
                           000001  1160 	ar1 = 0x01
                           000000  1161 	ar0 = 0x00
                                   1162 ;	../../../platform/cc2530dk/smoke/smoke.c:5: P0SEL &= ~0x01; //P0.0IO  
      000000 53 F3 FE         [24] 1163 	anl	_P0SEL,#0xfe
                                   1164 ;	../../../platform/cc2530dk/smoke/smoke.c:6: P0DIR &= ~0x01; //P0.0P0.0 
      000003 53 FD FE         [24] 1165 	anl	_P0DIR,#0xfe
                                   1166 ;	../../../platform/cc2530dk/smoke/smoke.c:7: P0INP &= ~0x01; //P0.0	
      000006 53 8F FE         [24] 1167 	anl	_P0INP,#0xfe
                                   1168 ;	../../../platform/cc2530dk/smoke/smoke.c:8: }
      000009 02r00r00         [24] 1169 	ljmp	__sdcc_banked_ret
                                   1170 ;------------------------------------------------------------
                                   1171 ;Allocation info for local variables in function 'smoke_sensor_read'
                                   1172 ;------------------------------------------------------------
                                   1173 ;	../../../platform/cc2530dk/smoke/smoke.c:10: uint8_t smoke_sensor_read(void)
                                   1174 ;	-----------------------------------------
                                   1175 ;	 function smoke_sensor_read
                                   1176 ;	-----------------------------------------
      00000C                       1177 _smoke_sensor_read:
                                   1178 ;	../../../platform/cc2530dk/smoke/smoke.c:12: return P0_0;
      00000C A2 80            [12] 1179 	mov	c,_P0_0
      00000E E4               [12] 1180 	clr	a
      00000F 33               [12] 1181 	rlc	a
      000010 FF               [12] 1182 	mov	r7,a
      000011 F5 82            [12] 1183 	mov	dpl,a
                                   1184 ;	../../../platform/cc2530dk/smoke/smoke.c:13: }
      000013 02r00r00         [24] 1185 	ljmp	__sdcc_banked_ret
                                   1186 	.area CSEG    (CODE)
                                   1187 	.area CONST   (CODE)
                                   1188 	.area XINIT   (CODE)
                                   1189 	.area CABS    (ABS,CODE)
