###############################################################################
#                                                                             #
# IAR C/C++ Compiler V8.10.3.10338/W32 for 8051         01/Jan/2020  11:30:31 #
# Copyright 2004-2011 IAR Systems AB.                                         #
#                                                                             #
#    Core               =  plain                                              #
#    Code model         =  banked                                             #
#    Data model         =  large                                              #
#    Calling convention =  xdata reentrant                                    #
#    Constant location  =  data_rom                                           #
#    Dptr setup         =  1,16                                               #
#    Source file        =  D:\DWRH\mode-exp\stm32\ZHONG_HE\IPV4_ZB_2.4G_LORA\ #
#                          ZigBee\Projects\zstack\Samples\SampleApp\Source\Co #
#                          ordinator.c                                        #
#    Command line       =  -f D:\DWRH\mode-exp\stm32\ZHONG_HE\IPV4_ZB_2.4G_LO #
#                          RA\ZigBee\Projects\zstack\Samples\SampleApp\CC2530 #
#                          DB\..\..\..\Tools\CC2530DB\f8wCoord.cfg            #
#                          (-DCPU32MHZ -DROOT=__near_func                     #
#                          -DMAC_CFG_APP_PENDING_QUEUE=TRUE                   #
#                          -DZDO_COORDINATOR -DRTR_NWK -DBLINK_LEDS) -f       #
#                          D:\DWRH\mode-exp\stm32\ZHONG_HE\IPV4_ZB_2.4G_LORA\ #
#                          ZigBee\Projects\zstack\Samples\SampleApp\CC2530DB\ #
#                          ..\..\..\Tools\CC2530DB\f8wConfig.cfg (-DSECURE=0  #
#                          -DZG_SECURE_DYNAMIC=0 -DREFLECTOR                  #
#                          -DDEFAULT_CHANLIST=0x00000800                      #
#                          -DZDAPP_CONFIG_PAN_ID=0xFF11                       #
#                          -DNWK_START_DELAY=100 -DEXTENDED_JOINING_RANDOM_MA #
#                          SK=0x007F -DBEACON_REQUEST_DELAY=100               #
#                          -DBEACON_REQ_DELAY_MASK=0x00FF                     #
#                          -DROUTE_EXPIRY_TIME=30 -DAPSC_ACK_WAIT_DURATION_PO #
#                          LLED=3000 -DNWK_INDIRECT_MSG_TIMEOUT=7             #
#                          -DMAX_RREQ_ENTRIES=8 -DAPSC_MAX_FRAME_RETRIES=3    #
#                          -DNWK_MAX_DATA_RETRIES=2                           #
#                          -DMAX_POLL_FAILURE_RETRIES=2 -DMAX_BCAST=9         #
#                          -DAPS_MAX_GROUPS=16 -DMAX_RTG_ENTRIES=40           #
#                          -DNWK_MAX_BINDING_ENTRIES=4                        #
#                          -DMAX_BINDING_CLUSTER_IDS=4 "-DDEFAULT_KEY={0x01,  #
#                          0x03, 0x05, 0x07, 0x09, 0x0B, 0x0D, 0x0F, 0x00,    #
#                          0x02, 0x04, 0x06, 0x08, 0x0A, 0x0C, 0x0D}"         #
#                          -DMAC_MAX_FRAME_SIZE=116 "-DCONST=const __code"    #
#                          -DGENERIC=__generic -DRFD_RCVC_ALWAYS_ON=FALSE     #
#                          -DPOLL_RATE=1000 -DQUEUED_POLL_RATE=100            #
#                          -DRESPONSE_POLL_RATE=100) -DREJOIN_POLL_RATE=440   #
#                          D:\DWRH\mode-exp\stm32\ZHONG_HE\IPV4_ZB_2.4G_LORA\ #
#                          ZigBee\Projects\zstack\Samples\SampleApp\Source\Co #
#                          ordinator.c -D ZIGBEEPRO -D ZTOOL_P1 -D            #
#                          MT_SYS_FUNC -D xMT_ZDO_FUNC -D                     #
#                          LCD_SUPPORTED=DEBUG -D NV_RESTORE -lC              #
#                          D:\DWRH\mode-exp\stm32\ZHONG_HE\IPV4_ZB_2.4G_LORA\ #
#                          ZigBee\Projects\zstack\Samples\SampleApp\CC2530DB\ #
#                          CoordinatorEB\List\ -lA D:\DWRH\mode-exp\stm32\ZHO #
#                          NG_HE\IPV4_ZB_2.4G_LORA\ZigBee\Projects\zstack\Sam #
#                          ples\SampleApp\CC2530DB\CoordinatorEB\List\        #
#                          --diag_suppress Pe001,Pa010 -o                     #
#                          D:\DWRH\mode-exp\stm32\ZHONG_HE\IPV4_ZB_2.4G_LORA\ #
#                          ZigBee\Projects\zstack\Samples\SampleApp\CC2530DB\ #
#                          CoordinatorEB\Obj\ -e --debug --core=plain         #
#                          --dptr=16,1 --data_model=large                     #
#                          --code_model=banked --calling_convention=xdata_ree #
#                          ntrant --place_constants=data_rom                  #
#                          --nr_virtual_regs 16 -I D:\DWRH\mode-exp\stm32\ZHO #
#                          NG_HE\IPV4_ZB_2.4G_LORA\ZigBee\Projects\zstack\Sam #
#                          ples\SampleApp\CC2530DB\ -I                        #
#                          D:\DWRH\mode-exp\stm32\ZHONG_HE\IPV4_ZB_2.4G_LORA\ #
#                          ZigBee\Projects\zstack\Samples\SampleApp\CC2530DB\ #
#                          ..\SOURCE\ -I D:\DWRH\mode-exp\stm32\ZHONG_HE\IPV4 #
#                          _ZB_2.4G_LORA\ZigBee\Projects\zstack\Samples\Sampl #
#                          eApp\CC2530DB\..\..\..\ZMAIN\TI2530DB\ -I          #
#                          D:\DWRH\mode-exp\stm32\ZHONG_HE\IPV4_ZB_2.4G_LORA\ #
#                          ZigBee\Projects\zstack\Samples\SampleApp\CC2530DB\ #
#                          ..\..\..\..\..\COMPONENTS\MT\ -I                   #
#                          D:\DWRH\mode-exp\stm32\ZHONG_HE\IPV4_ZB_2.4G_LORA\ #
#                          ZigBee\Projects\zstack\Samples\SampleApp\CC2530DB\ #
#                          ..\..\..\..\..\COMPONENTS\HAL\INCLUDE\ -I          #
#                          D:\DWRH\mode-exp\stm32\ZHONG_HE\IPV4_ZB_2.4G_LORA\ #
#                          ZigBee\Projects\zstack\Samples\SampleApp\CC2530DB\ #
#                          ..\..\..\..\..\COMPONENTS\HAL\TARGET\CC2530EB\ -I  #
#                          D:\DWRH\mode-exp\stm32\ZHONG_HE\IPV4_ZB_2.4G_LORA\ #
#                          ZigBee\Projects\zstack\Samples\SampleApp\CC2530DB\ #
#                          ..\..\..\..\..\COMPONENTS\OSAL\MCU\CCSOC\ -I       #
#                          D:\DWRH\mode-exp\stm32\ZHONG_HE\IPV4_ZB_2.4G_LORA\ #
#                          ZigBee\Projects\zstack\Samples\SampleApp\CC2530DB\ #
#                          ..\..\..\..\..\COMPONENTS\OSAL\INCLUDE\ -I         #
#                          D:\DWRH\mode-exp\stm32\ZHONG_HE\IPV4_ZB_2.4G_LORA\ #
#                          ZigBee\Projects\zstack\Samples\SampleApp\CC2530DB\ #
#                          ..\..\..\..\..\COMPONENTS\STACK\AF\ -I             #
#                          D:\DWRH\mode-exp\stm32\ZHONG_HE\IPV4_ZB_2.4G_LORA\ #
#                          ZigBee\Projects\zstack\Samples\SampleApp\CC2530DB\ #
#                          ..\..\..\..\..\COMPONENTS\STACK\NWK\ -I            #
#                          D:\DWRH\mode-exp\stm32\ZHONG_HE\IPV4_ZB_2.4G_LORA\ #
#                          ZigBee\Projects\zstack\Samples\SampleApp\CC2530DB\ #
#                          ..\..\..\..\..\COMPONENTS\STACK\SEC\ -I            #
#                          D:\DWRH\mode-exp\stm32\ZHONG_HE\IPV4_ZB_2.4G_LORA\ #
#                          ZigBee\Projects\zstack\Samples\SampleApp\CC2530DB\ #
#                          ..\..\..\..\..\COMPONENTS\STACK\SAPI\ -I           #
#                          D:\DWRH\mode-exp\stm32\ZHONG_HE\IPV4_ZB_2.4G_LORA\ #
#                          ZigBee\Projects\zstack\Samples\SampleApp\CC2530DB\ #
#                          ..\..\..\..\..\COMPONENTS\STACK\SYS\ -I            #
#                          D:\DWRH\mode-exp\stm32\ZHONG_HE\IPV4_ZB_2.4G_LORA\ #
#                          ZigBee\Projects\zstack\Samples\SampleApp\CC2530DB\ #
#                          ..\..\..\..\..\COMPONENTS\STACK\ZDO\ -I            #
#                          D:\DWRH\mode-exp\stm32\ZHONG_HE\IPV4_ZB_2.4G_LORA\ #
#                          ZigBee\Projects\zstack\Samples\SampleApp\CC2530DB\ #
#                          ..\..\..\..\..\COMPONENTS\ZMAC\F8W\ -I             #
#                          D:\DWRH\mode-exp\stm32\ZHONG_HE\IPV4_ZB_2.4G_LORA\ #
#                          ZigBee\Projects\zstack\Samples\SampleApp\CC2530DB\ #
#                          ..\..\..\..\..\COMPONENTS\ZMAC\ -I                 #
#                          D:\DWRH\mode-exp\stm32\ZHONG_HE\IPV4_ZB_2.4G_LORA\ #
#                          ZigBee\Projects\zstack\Samples\SampleApp\CC2530DB\ #
#                          ..\..\..\..\..\COMPONENTS\SERVICES\SADDR\ -I       #
#                          D:\DWRH\mode-exp\stm32\ZHONG_HE\IPV4_ZB_2.4G_LORA\ #
#                          ZigBee\Projects\zstack\Samples\SampleApp\CC2530DB\ #
#                          ..\..\..\..\..\COMPONENTS\SERVICES\SDATA\ -I       #
#                          D:\DWRH\mode-exp\stm32\ZHONG_HE\IPV4_ZB_2.4G_LORA\ #
#                          ZigBee\Projects\zstack\Samples\SampleApp\CC2530DB\ #
#                          ..\..\..\..\..\COMPONENTS\MAC\INCLUDE\ -I          #
#                          D:\DWRH\mode-exp\stm32\ZHONG_HE\IPV4_ZB_2.4G_LORA\ #
#                          ZigBee\Projects\zstack\Samples\SampleApp\CC2530DB\ #
#                          ..\..\..\..\..\COMPONENTS\MAC\HIGH_LEVEL\ -I       #
#                          D:\DWRH\mode-exp\stm32\ZHONG_HE\IPV4_ZB_2.4G_LORA\ #
#                          ZigBee\Projects\zstack\Samples\SampleApp\CC2530DB\ #
#                          ..\..\..\..\..\COMPONENTS\MAC\LOW_LEVEL\srf04\ -I  #
#                          D:\DWRH\mode-exp\stm32\ZHONG_HE\IPV4_ZB_2.4G_LORA\ #
#                          ZigBee\Projects\zstack\Samples\SampleApp\CC2530DB\ #
#                          ..\..\..\..\..\COMPONENTS\MAC\LOW_LEVEL\srf04\SING #
#                          LE_CHIP\ -I D:\DWRH\mode-exp\stm32\ZHONG_HE\IPV4_Z #
#                          B_2.4G_LORA\ZigBee\Projects\zstack\Samples\SampleA #
#                          pp\CC2530DB\..\..\..\..\..\COMPONENTS\HARDWARE\    #
#                          -Ohz                                               #
#    List file          =  D:\DWRH\mode-exp\stm32\ZHONG_HE\IPV4_ZB_2.4G_LORA\ #
#                          ZigBee\Projects\zstack\Samples\SampleApp\CC2530DB\ #
#                          CoordinatorEB\List\Coordinator.lst                 #
#    Object file        =  D:\DWRH\mode-exp\stm32\ZHONG_HE\IPV4_ZB_2.4G_LORA\ #
#                          ZigBee\Projects\zstack\Samples\SampleApp\CC2530DB\ #
#                          CoordinatorEB\Obj\Coordinator.r51                  #
#                                                                             #
#                                                                             #
###############################################################################

D:\DWRH\mode-exp\stm32\ZHONG_HE\IPV4_ZB_2.4G_LORA\ZigBee\Projects\zstack\Samples\SampleApp\Source\Coordinator.c
      1          /**************************************************************************************************
      2            Filename:       SampleApp.c
      3            Revised:        $Date: 2009-03-18 15:56:27 -0700 (Wed, 18 Mar 2009) $
      4            Revision:       $Revision: 19453 $
      5          
      6            Description:    Sample Application (no Profile).
      7          
      8          
      9            Copyright 2007 Texas Instruments Incorporated. All rights reserved.
     10          
     11            IMPORTANT: Your use of this Software is limited to those specific rights
     12            granted under the terms of a software license agreement between the user
     13            who downloaded the software, his/her employer (which must be your employer)
     14            and Texas Instruments Incorporated (the "License").  You may not use this
     15            Software unless you agree to abide by the terms of the License. The License
     16            limits your use, and you acknowledge, that the Software may not be modified,
     17            copied or distributed unless embedded on a Texas Instruments microcontroller
     18            or used solely and exclusively in conjunction with a Texas Instruments radio
     19            frequency transceiver, which is integrated into your product.  Other than for
     20            the foregoing purpose, you may not use, reproduce, copy, prepare derivative
     21            works of, modify, distribute, perform, display or sell this Software and/or
     22            its documentation for any purpose.
     23          
     24            YOU FURTHER ACKNOWLEDGE AND AGREE THAT THE SOFTWARE AND DOCUMENTATION ARE
     25            PROVIDED AS IS?WITHOUT WARRANTY OF ANY KIND, EITHER EXPRESS OR IMPLIED,
     26            INCLUDING WITHOUT LIMITATION, ANY WARRANTY OF MERCHANTABILITY, TITLE,
     27            NON-INFRINGEMENT AND FITNESS FOR A PARTICULAR PURPOSE. IN NO EVENT SHALL
     28            TEXAS INSTRUMENTS OR ITS LICENSORS BE LIABLE OR OBLIGATED UNDER CONTRACT,
     29            NEGLIGENCE, STRICT LIABILITY, CONTRIBUTION, BREACH OF WARRANTY, OR OTHER
     30            LEGAL EQUITABLE THEORY ANY DIRECT OR INDIRECT DAMAGES OR EXPENSES
     31            INCLUDING BUT NOT LIMITED TO ANY INCIDENTAL, SPECIAL, INDIRECT, PUNITIVE
     32            OR CONSEQUENTIAL DAMAGES, LOST PROFITS OR LOST DATA, COST OF PROCUREMENT
     33            OF SUBSTITUTE GOODS, TECHNOLOGY, SERVICES, OR ANY CLAIMS BY THIRD PARTIES
     34            (INCLUDING BUT NOT LIMITED TO ANY DEFENSE THEREOF), OR OTHER SIMILAR COSTS.
     35          
     36            Should you have any questions regarding your right to use this Software,
     37            contact Texas Instruments Incorporated at www.TI.com.
     38          **************************************************************************************************/
     39          
     40          /*********************************************************************
     41            This application isn't intended to do anything useful, it is
     42            intended to be a simple example of an application's structure.
     43          
     44            This application sends it's messages either as broadcast or
     45            broadcast filtered group messages.  The other (more normal)
     46            message addressing is unicast.  Most of the other sample
     47            applications are written to support the unicast message model.
     48          
     49            Key control:
     50              SW1:  Sends a flash command to all devices in Group 1.
     51              SW2:  Adds/Removes (toggles) this device in and out
     52                    of Group 1.  This will enable and disable the
     53                    reception of the flash command.
     54          *********************************************************************/
     55          
     56          /*********************************************************************
     57           * INCLUDES
     58           */
     59          /*********************************************************************
     60           * INCLUDES
     61           */
     62          
     63          #include "ZComDef.h"
     64          #include "hal_drivers.h"
     65          #include "OSAL.h"
     66          #include "OSAL_Tasks.h"
     67          #include "nwk.h"
     68          #include "APS.h"
     69          #include "ZDApp.h"
     70          #if defined ( ZIGBEE_FREQ_AGILITY ) || defined ( ZIGBEE_PANID_CONFLICT )
     71            #include "ZDNwkMgr.h"
     72          #endif
     73          #if defined ( ZIGBEE_FRAGMENTATION )
     74            #include "aps_frag.h"
     75          #endif
     76          
     77          #include "SampleApp.h"
     78          #include "WiFiGate.h"
     79          #include "OSAL.h"
     80          #include "ZGlobals.h"
     81          #include "AF.h"
     82          #include "aps_groups.h"
     83          #include "ZDApp.h"
     84          
     85          #include "SampleApp.h"
     86          #include "SampleAppHw.h"
     87          
     88          #include "OnBoard.h"
     89          
     90          /* HAL */
     91          #include "hal_lcd.h"
     92          #include "hal_led.h"
     93          #include "hal_key.h"
     94          #include "string.h"
     95          
     96          #include "MT_UART.h"
     97          #include "MT_APP.h"
     98          #include "MT.h"
     99          #include "OLED.h"
    100          #include "SHT20.h"
    101          #include "bottom_led.h"
    102          #include "stdio.h"
    103          #include "UART2RS485.h"
    104          #include "WiFiGate.h"
    105          #include "_bind.h"
    106          #include "led_mode.h"
    107          #include "led_mode.h"
    108          #include "RS485_Handler.h"
    109          /*********************************************************************
    110           * GLOBAL VARIABLES
    111           */
    112          
    113          // The order in this table must be identical to the task initialization calls below in osalInitTask.

   \                                 In  segment XDATA_ROM_C, align 1
    114          const pTaskEventHandlerFn tasksArr[] = {
   \                     tasksArr:
   \   000000   ....         DW ??macEventLoop?relay
   \   000002   ....         DW ??nwk_event_loop?relay
   \   000004   ....         DW ??Hal_ProcessEvent?relay
   \   000006   ....         DW ??APS_event_loop?relay
   \   000008   ....         DW ??APSF_ProcessEvent?relay
   \   00000A   ....         DW ??ZDApp_event_loop?relay
   \   00000C   ....         DW ??ZDNwkMgr_event_loop?relay
   \   00000E   ....         DW ??SampleApp_ProcessEvent?relay
   \   000010   ....         DW ??RS485_Handler_ProcessEvent?relay
    115            macEventLoop,
    116            nwk_event_loop,
    117            Hal_ProcessEvent,
    118          #if defined( MT_TASK )
    119            MT_ProcessEvent,
    120          #endif
    121            APS_event_loop,
    122          #if defined ( ZIGBEE_FRAGMENTATION )
    123            APSF_ProcessEvent,
    124          #endif
    125            ZDApp_event_loop,
    126          #if defined ( ZIGBEE_FREQ_AGILITY ) || defined ( ZIGBEE_PANID_CONFLICT )
    127            ZDNwkMgr_event_loop,
    128          #endif
    129            SampleApp_ProcessEvent,
    130            RS485_Handler_ProcessEvent,  
    131          };

   \                                 In  segment XDATA_ROM_C, align 1
    132          const uint8 tasksCnt = sizeof( tasksArr ) / sizeof( tasksArr[0] );
   \                     tasksCnt:
   \   000000   09           DB 9

   \                                 In  segment XDATA_Z, align 1, keep-with-next
    133          uint16 *tasksEvents;
   \                     tasksEvents:
   \   000000                DS 2
   \   000002                REQUIRE __INIT_XDATA_Z
    134          /*********************************************************************
    135           * FUNCTIONS
    136           *********************************************************************/
    137          
    138          /*********************************************************************
    139           * @fn      osalInitTasks
    140           *
    141           * @brief   This function invokes the initialization function for each task.
    142           *
    143           * @param   void
    144           *
    145           * @return  none
    146           */

   \                                 In  segment BANKED_CODE, align 1, keep-with-next
    147          void osalInitTasks( void )
   \                     osalInitTasks:
    148          {
   \   000000   C082         PUSH    DPL
   \   000002   C083         PUSH    DPH
   \   000004                ; Saved register size: 2
   \   000004                ; Auto size: 0
    149            uint8 taskID = 0;
    150          
    151            tasksEvents = (uint16 *)osal_mem_alloc( sizeof( uint16 ) * tasksCnt);
   \   000004                ; Setup parameters for call to function osal_mem_alloc
   \   000004   7A12         MOV     R2,#0x12
   \   000006   7B00         MOV     R3,#0x0
   \   000008   12....       LCALL   ??osal_mem_alloc?relay
   \   00000B   90....       MOV     DPTR,#tasksEvents
   \   00000E   EA           MOV     A,R2
   \   00000F   F0           MOVX    @DPTR,A
   \   000010   A3           INC     DPTR
   \   000011   EB           MOV     A,R3
   \   000012   F0           MOVX    @DPTR,A
    152            osal_memset( tasksEvents, 0, (sizeof( uint16 ) * tasksCnt));
   \   000013                ; Setup parameters for call to function osal_memset
   \   000013   7C12         MOV     R4,#0x12
   \   000015   7D00         MOV     R5,#0x0
   \   000017   7900         MOV     R1,#0x0
   \   000019   12....       LCALL   ??osal_memset?relay
    153          
    154            macTaskInit( taskID++ );
   \   00001C                ; Setup parameters for call to function macTaskInit
   \   00001C   7900         MOV     R1,#0x0
   \   00001E   12....       LCALL   ??macTaskInit?relay
    155            nwk_init( taskID++ );
   \   000021                ; Setup parameters for call to function nwk_init
   \   000021   7901         MOV     R1,#0x1
   \   000023   12....       LCALL   ??nwk_init?relay
    156            Hal_Init( taskID++ );
   \   000026                ; Setup parameters for call to function Hal_Init
   \   000026   7902         MOV     R1,#0x2
   \   000028   12....       LCALL   ??Hal_Init?relay
    157          #if defined( MT_TASK )
    158            MT_TaskInit( taskID++ );
    159          #endif
    160            APS_Init( taskID++ );
   \   00002B                ; Setup parameters for call to function APS_Init
   \   00002B   7903         MOV     R1,#0x3
   \   00002D   12....       LCALL   ??APS_Init?relay
    161          #if defined ( ZIGBEE_FRAGMENTATION )
    162            APSF_Init( taskID++ );
   \   000030                ; Setup parameters for call to function APSF_Init
   \   000030   7904         MOV     R1,#0x4
   \   000032   12....       LCALL   ??APSF_Init?relay
    163          #endif
    164            ZDApp_Init( taskID++ );
   \   000035                ; Setup parameters for call to function ZDApp_Init
   \   000035   7905         MOV     R1,#0x5
   \   000037   12....       LCALL   ??ZDApp_Init?relay
    165          #if defined ( ZIGBEE_FREQ_AGILITY ) || defined ( ZIGBEE_PANID_CONFLICT )
    166            ZDNwkMgr_Init( taskID++ );
   \   00003A                ; Setup parameters for call to function ZDNwkMgr_Init
   \   00003A   7906         MOV     R1,#0x6
   \   00003C   12....       LCALL   ??ZDNwkMgr_Init?relay
    167          #endif
    168            SampleApp_Init( taskID++ ); 
   \   00003F                ; Setup parameters for call to function SampleApp_Init
   \   00003F   7907         MOV     R1,#0x7
   \   000041   12....       LCALL   ??SampleApp_Init?relay
    169            RS485_Handler_Init(taskID++);
   \   000044                ; Setup parameters for call to function RS485_Handler_Init
   \   000044   7908         MOV     R1,#0x8
   \   000046   12....       LCALL   ??RS485_Handler_Init?relay
    170          }
   \   000049   D083         POP     DPH
   \   00004B   D082         POP     DPL
   \   00004D   02....       LJMP    ?BRET
    171          

   \                                 In  segment XDATA_ROM_C, align 1
    172          const cId_t InClusterList[1] =
   \                     InClusterList:
   \   000000   0100         DW 1
    173          {
    174            TEMP_HUMI_CLUSTERID
    175          };
    176          

   \                                 In  segment XDATA_ROM_C, align 1
    177          const SimpleDescriptionFormat_t Coordinator_SimpleDesc =
   \                     Coordinator_SimpleDesc:
   \   000000   14           DB 20
   \   000001   080F         DW 3848
   \   000003   0100         DW 1
   \   000005   00           DB 0
   \   000006   01           DB 1
   \   000007   ....         DW InClusterList
   \   000009   00           DB 0
   \   00000A   0000         DW 0H
    178          {
    179            SAMPLEAPP_ENDPOINT,                 //  int Endpoint;
    180            SAMPLEAPP_PROFID,                   //  uint16 AppProfId[2];
    181            SAMPLEAPP_DEVICEID,                 //  uint16 AppDeviceId[2];
    182            SAMPLEAPP_DEVICE_VERSION,           //  int   AppDevVer:4;
    183            SAMPLEAPP_FLAGS,                    //  int   AppFlags:4;
    184            1,                                  //  uint8  AppNumInClusters;
    185            (cId_t *)InClusterList,             //  uint8 *pAppInClusterList;
    186            0,                                  //  uint8  AppNumOutClusters;
    187            (cId_t *)NULL                       //  uint8 *pAppOutClusterList;
    188          };
    189          // This is the Endpoint/Interface description.  It is defined here, but
    190          // filled-in in SampleApp_Init().  Another way to go would be to fill
    191          // in the structure here and make it a "const" (in code space).  The
    192          // way it's defined in this sample app it is define in RAM.

   \                                 In  segment XDATA_Z, align 1, keep-with-next
    193          endPointDesc_t Coordinator_epDesc;
   \                     Coordinator_epDesc:
   \   000000                DS 6
   \   000006                REQUIRE __INIT_XDATA_Z
    194          /*********************************************************************
    195           * EXTERNAL VARIABLES
    196           */
    197          
    198          /*********************************************************************
    199           * EXTERNAL FUNCTIONS
    200           */
    201          
    202          /*********************************************************************
    203           * LOCAL VARIABLES
    204           */

   \                                 In  segment XDATA_Z, align 1, keep-with-next
    205          uint8 SampleApp_TaskID;   // Task ID for internal task/event processing
   \                     SampleApp_TaskID:
   \   000000                DS 1
   \   000001                REQUIRE __INIT_XDATA_Z
    206                                    // This variable will be received when
    207                                    // SampleApp_Init() is called.

   \                                 In  segment XDATA_Z, align 1, keep-with-next
    208          devStates_t SampleApp_NwkState;
   \                     SampleApp_NwkState:
   \   000000                DS 1
   \   000001                REQUIRE __INIT_XDATA_Z
    209          

   \                                 In  segment XDATA_Z, align 1, keep-with-next
    210          uint8 SampleApp_TransID;  // This is the unique message ID (counter)
   \                     SampleApp_TransID:
   \   000000                DS 1
   \   000001                REQUIRE __INIT_XDATA_Z
    211          

   \                                 In  segment XDATA_Z, align 1, keep-with-next
    212          afAddrType_t Point_To_Point_DstAddr;//点对点通信定义
   \                     Point_To_Point_DstAddr:
   \   000000                DS 12
   \   00000C                REQUIRE __INIT_XDATA_Z
    213          

   \                                 In  segment XDATA_Z, align 1, keep-with-next
    214          afAddrType_t Boardcast_DstAddr;//点对点通信定义
   \                     Boardcast_DstAddr:
   \   000000                DS 12
   \   00000C                REQUIRE __INIT_XDATA_Z
    215          /*********************************************************************
    216           * LOCAL FUNCTIONS
    217           */
    218          void SampleApp_MessageMSGCB( afIncomingMSGPacket_t *pckt );
    219          
    220          /*********************************************************************
    221           * @fn      SampleApp_Init
    222           *
    223           * @brief   Initialization function for the Generic App Task.
    224           *          This is called during initialization and should contain
    225           *          any application specific initialization (ie. hardware
    226           *          initialization/setup, table initialization, power up
    227           *          notificaiton ... ).
    228           *
    229           * @param   task_id - the ID assigned by OSAL.  This ID should be
    230           *                    used to send messages and set timers.
    231           *
    232           * @return  none
    233           */

   \                                 In  segment BANKED_CODE, align 1, keep-with-next
    234          void SampleApp_Init( uint8 task_id )
   \                     SampleApp_Init:
    235          {
   \   000000   74F7         MOV     A,#-0x9
   \   000002   12....       LCALL   ?BANKED_ENTER_XDATA
   \   000005                ; Saved register size: 9
   \   000005                ; Auto size: 0
   \   000005   E9           MOV     A,R1
    236            SampleApp_TaskID = task_id;
   \   000006   90....       MOV     DPTR,#SampleApp_TaskID
   \   000009   F0           MOVX    @DPTR,A
    237            SampleApp_NwkState = DEV_INIT;
   \   00000A   90....       MOV     DPTR,#SampleApp_NwkState
   \   00000D   7401         MOV     A,#0x1
   \   00000F   F0           MOVX    @DPTR,A
    238            SampleApp_TransID = 0;  
   \   000010   90....       MOV     DPTR,#SampleApp_TransID
   \   000013   E4           CLR     A
   \   000014   F0           MOVX    @DPTR,A
    239          
    240            OLED_Init();      //初始化OLED
   \   000015                ; Setup parameters for call to function OLED_Init
   \   000015   12....       LCALL   ??OLED_Init?relay
    241            UART2RS485_Init();
   \   000018                ; Setup parameters for call to function UART2RS485_Init
   \   000018   12....       LCALL   ??UART2RS485_Init?relay
    242            LedMode_Init();  //初始化LED模块
   \   00001B                ; Setup parameters for call to function LedMode_Init
   \   00001B   12....       LCALL   ??LedMode_Init?relay
    243            bottom_led_init(); //初始化底部LED
   \   00001E                ; Setup parameters for call to function bottom_led_init
   \   00001E   12....       LCALL   ??bottom_led_init?relay
    244            Bottom_Red();      //点亮底座红色
   \   000021                ; Setup parameters for call to function Bottom_Red
   \   000021   12....       LCALL   ??Bottom_Red?relay
    245            
    246            printf("i am coordinator\r\n");//串口打印
   \   000024                ; Setup parameters for call to function printf
   \   000024   7A..         MOV     R2,#`?<Constant "i am coordinator\\r\\n">` & 0xff
   \   000026   7B..         MOV     R3,#(`?<Constant "i am coordinator\\r\\n">` >> 8) & 0xff
   \   000028   12....       LCALL   ??printf?relay
    247            OLED_P8x16Str(0,0,"coordinator");
   \   00002B                ; Setup parameters for call to function OLED_P8x16Str
   \   00002B   7C..         MOV     R4,#`?<Constant "coordinator">` & 0xff
   \   00002D   7D..         MOV     R5,#(`?<Constant "coordinator">` >> 8) & 0xff
   \   00002F   7A00         MOV     R2,#0x0
   \   000031   7900         MOV     R1,#0x0
   \   000033   12....       LCALL   ??OLED_P8x16Str?relay
    248            
    249            // 点对点通讯定义
    250            Point_To_Point_DstAddr.addrMode       = (afAddrMode_t)Addr16Bit; //点播
   \   000036   90....       MOV     DPTR,#Point_To_Point_DstAddr + 8
   \   000039   7402         MOV     A,#0x2
   \   00003B   F0           MOVX    @DPTR,A
    251            Point_To_Point_DstAddr.endPoint       = SAMPLEAPP_ENDPOINT;      
   \   00003C   A3           INC     DPTR
   \   00003D   7414         MOV     A,#0x14
   \   00003F   F0           MOVX    @DPTR,A
    252            Point_To_Point_DstAddr.addr.shortAddr = 0;
   \   000040   90....       MOV     DPTR,#Point_To_Point_DstAddr
   \   000043   E4           CLR     A
   \   000044   F0           MOVX    @DPTR,A
   \   000045   A3           INC     DPTR
   \   000046   F0           MOVX    @DPTR,A
    253            
    254            // 填写端点
    255            Coordinator_epDesc.endPoint   = SAMPLEAPP_ENDPOINT;
   \   000047   90....       MOV     DPTR,#Coordinator_epDesc
   \   00004A   7414         MOV     A,#0x14
   \   00004C   F0           MOVX    @DPTR,A
    256            Coordinator_epDesc.task_id    = &SampleApp_TaskID;
   \   00004D   A3           INC     DPTR
   \   00004E   74..         MOV     A,#SampleApp_TaskID & 0xff
   \   000050   F0           MOVX    @DPTR,A
   \   000051   A3           INC     DPTR
   \   000052   74..         MOV     A,#(SampleApp_TaskID >> 8) & 0xff
   \   000054   F0           MOVX    @DPTR,A
    257            Coordinator_epDesc.simpleDesc = (SimpleDescriptionFormat_t *)&Coordinator_SimpleDesc;
   \   000055   A3           INC     DPTR
   \   000056   74..         MOV     A,#Coordinator_SimpleDesc & 0xff
   \   000058   F0           MOVX    @DPTR,A
   \   000059   A3           INC     DPTR
   \   00005A   74..         MOV     A,#(Coordinator_SimpleDesc >> 8) & 0xff
   \   00005C   F0           MOVX    @DPTR,A
    258            Coordinator_epDesc.latencyReq = noLatencyReqs;
   \   00005D   A3           INC     DPTR
   \   00005E   E4           CLR     A
   \   00005F   F0           MOVX    @DPTR,A
    259            // 注册端点
    260            afRegister( &Coordinator_epDesc );
   \   000060                ; Setup parameters for call to function afRegister
   \   000060   7A..         MOV     R2,#Coordinator_epDesc & 0xff
   \   000062   7B..         MOV     R3,#(Coordinator_epDesc >> 8) & 0xff
   \   000064   12....       LCALL   ??afRegister?relay
    261          }
   \   000067   7F01         MOV     R7,#0x1
   \   000069   02....       LJMP    ?BANKED_LEAVE_XDATA
    262          
    263          /*********************************************************************
    264           * @fn      SampleApp_ProcessEvent
    265           *
    266           * @brief   Generic Application Task event processor.  This function
    267           *          is called to process all events for the task.  Events
    268           *          include timers, messages and any other user defined events.
    269           *
    270           * @param   task_id  - The OSAL assigned task ID.
    271           * @param   events - events to process.  This is a bit map and can
    272           *                   contain more than one event.
    273           *
    274           * @return  none
    275           */

   \                                 In  segment XDATA_I, align 1, keep-with-next
    276          uint8 SendTemperatureIndicate = 1;
   \                     SendTemperatureIndicate:
   \   000000                DS 1
   \   000001                REQUIRE `?<Initializer for SendTemperatureIndicate>`
   \   000001                REQUIRE __INIT_XDATA_I

   \                                 In  segment BANKED_CODE, align 1, keep-with-next
    277          uint16 SampleApp_ProcessEvent( uint8 task_id, uint16 events )
   \                     SampleApp_ProcessEvent:
    278          {
   \   000000   74F4         MOV     A,#-0xc
   \   000002   12....       LCALL   ?BANKED_ENTER_XDATA
   \   000005                ; Saved register size: 12
   \   000005                ; Auto size: 0
   \   000005   8A..         MOV     ?V0 + 0,R2
   \   000007   8B..         MOV     ?V0 + 1,R3
    279            afIncomingMSGPacket_t *MSGpkt;
    280            (void)task_id;  // Intentionally unreferenced parameter
    281          
    282            if ( events & SYS_EVENT_MSG )
   \   000009   EB           MOV     A,R3
   \   00000A   5480         ANL     A,#0x80
   \   00000C   604F         JZ      ??SampleApp_ProcessEvent_0
    283            {
    284              MSGpkt = (afIncomingMSGPacket_t *)osal_msg_receive( SampleApp_TaskID );
   \   00000E                ; Setup parameters for call to function osal_msg_receive
   \   00000E   8018         SJMP    ??SampleApp_ProcessEvent_1
    285              while ( MSGpkt )
    286              {
    287                switch ( MSGpkt->hdr.event )
    288                {        
    289                  // Received when a messages is received (OTA) for this endpoint
    290                  case AF_INCOMING_MSG_CMD:
    291                    SampleApp_MessageMSGCB( MSGpkt );
    292                    break;
    293          
    294                  // Received whenever the device changes state in the network
    295                  case ZDO_STATE_CHANGE:
    296                    SampleApp_NwkState = (devStates_t)(MSGpkt->hdr.status);
   \                     ??SampleApp_ProcessEvent_2:
   \   000010   A3           INC     DPTR
   \   000011   E0           MOVX    A,@DPTR
   \   000012   90....       MOV     DPTR,#SampleApp_NwkState
   \   000015   F0           MOVX    @DPTR,A
    297                    if(SampleApp_NwkState == DEV_ZB_COORD)
   \   000016   6409         XRL     A,#0x9
   \   000018   7007         JNZ     ??SampleApp_ProcessEvent_3
    298                    {
    299                      printf("coord ready!");
   \   00001A                ; Setup parameters for call to function printf
   \   00001A   7A..         MOV     R2,#`?<Constant "coord ready!">` & 0xff
   \   00001C   7B..         MOV     R3,#(`?<Constant "coord ready!">` >> 8) & 0xff
   \   00001E   12....       LCALL   ??printf?relay
    300                    }
    301                    break;
    302          
    303                  default:
    304                    break;
    305                }
    306          
    307                // Release the memory
    308                osal_msg_deallocate( (uint8 *)MSGpkt );
   \                     ??SampleApp_ProcessEvent_3:
   \   000021                ; Setup parameters for call to function osal_msg_deallocate
   \   000021   EE           MOV     A,R6
   \   000022   FA           MOV     R2,A
   \   000023   EF           MOV     A,R7
   \   000024   FB           MOV     R3,A
   \   000025   12....       LCALL   ??osal_msg_deallocate?relay
    309          
    310                // Next - if one is available
    311                MSGpkt = (afIncomingMSGPacket_t *)osal_msg_receive( SampleApp_TaskID );
   \   000028                ; Setup parameters for call to function osal_msg_receive
   \                     ??SampleApp_ProcessEvent_1:
   \   000028   90....       MOV     DPTR,#SampleApp_TaskID
   \   00002B   E0           MOVX    A,@DPTR
   \   00002C   F9           MOV     R1,A
   \   00002D   12....       LCALL   ??osal_msg_receive?relay
   \   000030   8A..         MOV     ?V0 + 2,R2
   \   000032   8B..         MOV     ?V0 + 3,R3
   \   000034   AE..         MOV     R6,?V0 + 2
   \   000036   AF..         MOV     R7,?V0 + 3
   \   000038   EE           MOV     A,R6
   \   000039   4F           ORL     A,R7
   \   00003A   6018         JZ      ??SampleApp_ProcessEvent_4
   \   00003C   8E82         MOV     DPL,R6
   \   00003E   8F83         MOV     DPH,R7
   \   000040   E0           MOVX    A,@DPTR
   \   000041   24E6         ADD     A,#-0x1a
   \   000043   6006         JZ      ??SampleApp_ProcessEvent_5
   \   000045   2449         ADD     A,#0x49
   \   000047   60C7         JZ      ??SampleApp_ProcessEvent_2
   \   000049   80D6         SJMP    ??SampleApp_ProcessEvent_3
   \                     ??SampleApp_ProcessEvent_5:
   \   00004B                ; Setup parameters for call to function SampleApp_MessageMSGCB
   \   00004B   EE           MOV     A,R6
   \   00004C   FA           MOV     R2,A
   \   00004D   EF           MOV     A,R7
   \   00004E   FB           MOV     R3,A
   \   00004F   12....       LCALL   ??SampleApp_MessageMSGCB?relay
   \   000052   80CD         SJMP    ??SampleApp_ProcessEvent_3
    312              }
    313          
    314              // return unprocessed events
    315              return (events ^ SYS_EVENT_MSG);
   \                     ??SampleApp_ProcessEvent_4:
   \   000054   AA..         MOV     R2,?V0 + 0
   \   000056   E5..         MOV     A,?V0 + 1
   \   000058   6480         XRL     A,#0x80
   \   00005A   FB           MOV     R3,A
   \   00005B   8004         SJMP    ??SampleApp_ProcessEvent_6
    316            }//if ( events & SYS_EVENT_MSG )
    317          
    318            // Discard unknown events
    319            return 0;
   \                     ??SampleApp_ProcessEvent_0:
   \   00005D   7A00         MOV     R2,#0x0
   \   00005F   7B00         MOV     R3,#0x0
   \                     ??SampleApp_ProcessEvent_6:
   \   000061   7F04         MOV     R7,#0x4
   \   000063   02....       LJMP    ?BANKED_LEAVE_XDATA
    320          }
    321          /*********************************************************************
    322           * LOCAL FUNCTIONS
    323           */
    324          
    325          /*********************************************************************
    326           * @fn      SampleApp_MessageMSGCB
    327           *
    328           * @brief   Data message processor callback.  This function processes
    329           *          any incoming data - probably from other devices.  So, based
    330           *          on cluster ID, perform the intended action.
    331           *
    332           * @param   none
    333           *
    334           * @return  none
    335          */

   \                                 In  segment XDATA_Z, align 1, keep-with-next
    336          uint8 ReceiveIndicate = 0;
   \                     ReceiveIndicate:
   \   000000                DS 1
   \   000001                REQUIRE __INIT_XDATA_Z

   \                                 In  segment XDATA_Z, align 1, keep-with-next
    337          uint8_t SHT20_Data[2]={0,0};
   \                     SHT20_Data:
   \   000000                DS 2
   \   000002                REQUIRE __INIT_XDATA_Z

   \                                 In  segment BANKED_CODE, align 1, keep-with-next
    338          void SampleApp_MessageMSGCB( afIncomingMSGPacket_t *pkt )
   \                     SampleApp_MessageMSGCB:
    339          { 
   \   000000   74F6         MOV     A,#-0xa
   \   000002   12....       LCALL   ?BANKED_ENTER_XDATA
   \   000005                ; Saved register size: 10
   \   000005                ; Auto size: 28
   \   000005   74E4         MOV     A,#-0x1c
   \   000007   12....       LCALL   ?ALLOC_XSTACK8
    340            uint8 ShowTemperatureBuf[ ]="temperture=xxC";
   \   00000A   740D         MOV     A,#0xd
   \   00000C   12....       LCALL   ?XSTACK_DISP0_8
   \   00000F   AC82         MOV     R4,DPL
   \   000011   AD83         MOV     R5,DPH
   \   000013   7583..       MOV     DPH,#(`?<Constant "temperture=xxC">` >> 8) & 0xff
   \   000016   7582..       MOV     DPL,#`?<Constant "temperture=xxC">` & 0xff
   \   000019   740F         MOV     A,#0xf
   \   00001B   12....       LCALL   ?MOVE_LONG8_XDATA_XDATA
    341            uint8 ShowHumiBuf[ ]="humidity=xx%";
   \   00001E   85..82       MOV     DPL,?XSP + 0
   \   000021   85..83       MOV     DPH,?XSP + 1
   \   000024   AC82         MOV     R4,DPL
   \   000026   AD83         MOV     R5,DPH
   \   000028   7583..       MOV     DPH,#(`?<Constant "humidity=xx%">` >> 8) & 0xff
   \   00002B   7582..       MOV     DPL,#`?<Constant "humidity=xx%">` & 0xff
   \   00002E   740D         MOV     A,#0xd
   \   000030   12....       LCALL   ?MOVE_LONG8_XDATA_XDATA
    342            switch ( pkt->clusterId )
   \   000033   8A82         MOV     DPL,R2
   \   000035   8B83         MOV     DPH,R3
   \   000037   A3           INC     DPTR
   \   000038   A3           INC     DPTR
   \   000039   A3           INC     DPTR
   \   00003A   A3           INC     DPTR
   \   00003B   E0           MOVX    A,@DPTR
   \   00003C   6401         XRL     A,#0x1
   \   00003E   7002         JNZ     ??SampleApp_MessageMSGCB_0
   \   000040   A3           INC     DPTR
   \   000041   E0           MOVX    A,@DPTR
   \                     ??SampleApp_MessageMSGCB_0:
   \   000042   6003         JZ      $+5
   \   000044   02....       LJMP    ??SampleApp_MessageMSGCB_1 & 0xFFFF
    343            {
    344              case TEMP_HUMI_CLUSTERID:
    345                  ShowTemperatureBuf[11] = pkt->cmd.Data[0]/10 + 0x30;//HEX 转成ASCII
   \   000047   EA           MOV     A,R2
   \   000048   2421         ADD     A,#0x21
   \   00004A   F8           MOV     R0,A
   \   00004B   EB           MOV     A,R3
   \   00004C   3400         ADDC    A,#0x0
   \   00004E   F9           MOV     R1,A
   \   00004F   E8           MOV     A,R0
   \   000050   FE           MOV     R6,A
   \   000051   E9           MOV     A,R1
   \   000052   FF           MOV     R7,A
   \   000053   75F00A       MOV     B,#0xa
   \   000056   12....       LCALL   ??Subroutine3_0 & 0xFFFF
   \                     ??CrossCallReturnLabel_2:
   \   000059   84           DIV     AB
   \   00005A   2430         ADD     A,#0x30
   \   00005C   C0E0         PUSH    A
   \   00005E   7418         MOV     A,#0x18
   \   000060   12....       LCALL   ?XSTACK_DISP0_8
   \   000063   D0E0         POP     A
   \   000065   12....       LCALL   ?Subroutine1 & 0xFFFF
    346                  ShowTemperatureBuf[12] = pkt->cmd.Data[0]%10 + 0x30;//HEX 转成ASCII 
   \                     ??CrossCallReturnLabel_0:
   \   000068   75F00A       MOV     B,#0xa
   \   00006B   84           DIV     AB
   \   00006C   E5F0         MOV     A,B
   \   00006E   2430         ADD     A,#0x30
   \   000070   C0E0         PUSH    A
   \   000072   7419         MOV     A,#0x19
   \   000074   12....       LCALL   ?XSTACK_DISP0_8
   \   000077   D0E0         POP     A
   \   000079   12....       LCALL   ?Subroutine1 & 0xFFFF
    347                  printf("Temperature=%dC\r\n",pkt->cmd.Data[0]);//串口打印
   \                     ??CrossCallReturnLabel_1:
   \   00007C   F5..         MOV     ?V0 + 0,A
   \   00007E   75..00       MOV     ?V0 + 1,#0x0
   \   000081   78..         MOV     R0,#?V0 + 0
   \   000083   12....       LCALL   ?PUSH_XSTACK_I_TWO
   \   000086   7A..         MOV     R2,#`?<Constant "Temperature=%dC\\r\\n">` & 0xff
   \   000088   7B..         MOV     R3,#(`?<Constant "Temperature=%dC\\r\\n">` >> 8) & 0xff
   \   00008A   12....       LCALL   ??printf?relay
   \   00008D   7402         MOV     A,#0x2
   \   00008F   12....       LCALL   ?DEALLOC_XSTACK8
    348                  SHT20_Data[0] = pkt->cmd.Data[0];
   \   000092   12....       LCALL   ??Subroutine3_0 & 0xFFFF
   \                     ??CrossCallReturnLabel_3:
   \   000095   90....       MOV     DPTR,#SHT20_Data
   \   000098   F0           MOVX    @DPTR,A
    349          		OLED_P8x16Str(0,4,ShowTemperatureBuf);//OLED屏显示 
   \   000099                ; Setup parameters for call to function OLED_P8x16Str
   \   000099   740D         MOV     A,#0xd
   \   00009B   12....       LCALL   ?XSTACK_DISP0_8
   \   00009E   AC82         MOV     R4,DPL
   \   0000A0   AD83         MOV     R5,DPH
   \   0000A2   7A04         MOV     R2,#0x4
   \   0000A4   7900         MOV     R1,#0x0
   \   0000A6   12....       LCALL   ??OLED_P8x16Str?relay
    350                  
    351                  ShowHumiBuf[9]  = pkt->cmd.Data[1]/10 + 0x30;//HEX 转成ASCII
   \   0000A9   75F00A       MOV     B,#0xa
   \   0000AC   12....       LCALL   ??Subroutine4_0 & 0xFFFF
   \                     ??CrossCallReturnLabel_6:
   \   0000AF   84           DIV     AB
   \   0000B0   2430         ADD     A,#0x30
   \   0000B2   C0E0         PUSH    A
   \   0000B4   7409         MOV     A,#0x9
   \   0000B6   12....       LCALL   ?XSTACK_DISP0_8
   \   0000B9   D0E0         POP     A
   \   0000BB   12....       LCALL   ?Subroutine0 & 0xFFFF
    352                  ShowHumiBuf[10] = pkt->cmd.Data[1]%10 + 0x30;//HEX 转成ASCII 
   \                     ??CrossCallReturnLabel_4:
   \   0000BE   75F00A       MOV     B,#0xa
   \   0000C1   84           DIV     AB
   \   0000C2   E5F0         MOV     A,B
   \   0000C4   2430         ADD     A,#0x30
   \   0000C6   C0E0         PUSH    A
   \   0000C8   740A         MOV     A,#0xa
   \   0000CA   12....       LCALL   ?XSTACK_DISP0_8
   \   0000CD   D0E0         POP     A
   \   0000CF   12....       LCALL   ?Subroutine0 & 0xFFFF
    353                  printf("Humidity=%d%%\r\n",pkt->cmd.Data[1]);//串口打印        
   \                     ??CrossCallReturnLabel_5:
   \   0000D2   F5..         MOV     ?V0 + 0,A
   \   0000D4   78..         MOV     R0,#?V0 + 0
   \   0000D6   12....       LCALL   ?PUSH_XSTACK_I_TWO
   \   0000D9   7A..         MOV     R2,#`?<Constant "Humidity=%d%%\\r\\n">` & 0xff
   \   0000DB   7B..         MOV     R3,#(`?<Constant "Humidity=%d%%\\r\\n">` >> 8) & 0xff
   \   0000DD   12....       LCALL   ??printf?relay
   \   0000E0   7402         MOV     A,#0x2
   \   0000E2   12....       LCALL   ?DEALLOC_XSTACK8
    354                  SHT20_Data[1] = pkt->cmd.Data[1];
   \   0000E5   12....       LCALL   ??Subroutine4_0 & 0xFFFF
   \                     ??CrossCallReturnLabel_7:
   \   0000E8   90....       MOV     DPTR,#SHT20_Data + 1
   \   0000EB   F0           MOVX    @DPTR,A
    355          		OLED_P8x16Str(0,6,ShowHumiBuf);//OLED屏显示  
   \   0000EC                ; Setup parameters for call to function OLED_P8x16Str
   \   0000EC   85..82       MOV     DPL,?XSP + 0
   \   0000EF   85..83       MOV     DPH,?XSP + 1
   \   0000F2   AC82         MOV     R4,DPL
   \   0000F4   AD83         MOV     R5,DPH
   \   0000F6   7A06         MOV     R2,#0x6
   \   0000F8   7900         MOV     R1,#0x0
   \   0000FA   12....       LCALL   ??OLED_P8x16Str?relay
    356                  ReceiveIndicate = 1 - ReceiveIndicate;
   \   0000FD   90....       MOV     DPTR,#ReceiveIndicate
   \   000100   E0           MOVX    A,@DPTR
   \   000101   F8           MOV     R0,A
   \   000102   7401         MOV     A,#0x1
   \   000104   C3           CLR     C
   \   000105   98           SUBB    A,R0
   \   000106   F0           MOVX    @DPTR,A
    357                  ReceiveIndicate?Bottom_Red():Bottom_BlackOut();
   \   000107   6005         JZ      ??SampleApp_MessageMSGCB_2
   \   000109                ; Setup parameters for call to function Bottom_Red
   \   000109   12....       LCALL   ??Bottom_Red?relay
   \   00010C   8003         SJMP    ??SampleApp_MessageMSGCB_1
   \                     ??SampleApp_MessageMSGCB_2:
   \   00010E                ; Setup parameters for call to function Bottom_BlackOut
   \   00010E   12....       LCALL   ??Bottom_BlackOut?relay
    358              break;
    359            }
    360          }
   \                     ??SampleApp_MessageMSGCB_1:
   \   000111   741C         MOV     A,#0x1c
   \   000113   12....       LCALL   ?DEALLOC_XSTACK8
   \   000116   7F02         MOV     R7,#0x2
   \   000118   02....       LJMP    ?BANKED_LEAVE_XDATA

   \                                 In  segment BANKED_CODE, align 1, keep-with-next
   \                     ?Subroutine1:
   \   000000   F0           MOVX    @DPTR,A
   \   000001                ; Setup parameters for call to function printf
   \   000001                REQUIRE ??Subroutine3_0
   \   000001                ; // Fall through to label ??Subroutine3_0

   \                                 In  segment BANKED_CODE, align 1, keep-with-next
   \                     ??Subroutine3_0:
   \   000000   12....       LCALL   ?Subroutine2 & 0xFFFF
   \                     ??CrossCallReturnLabel_8:
   \   000003   E0           MOVX    A,@DPTR
   \   000004   22           RET

   \                                 In  segment BANKED_CODE, align 1, keep-with-next
   \                     ?Subroutine0:
   \   000000   F0           MOVX    @DPTR,A
   \   000001                ; Setup parameters for call to function printf
   \   000001                REQUIRE ??Subroutine4_0
   \   000001                ; // Fall through to label ??Subroutine4_0

   \                                 In  segment BANKED_CODE, align 1, keep-with-next
   \                     ??Subroutine4_0:
   \   000000   12....       LCALL   ?Subroutine2 & 0xFFFF
   \                     ??CrossCallReturnLabel_9:
   \   000003   A3           INC     DPTR
   \   000004   E0           MOVX    A,@DPTR
   \   000005   22           RET

   \                                 In  segment BANKED_CODE, align 1, keep-with-next
   \                     ?Subroutine2:
   \   000000   8E82         MOV     DPL,R6
   \   000002   8F83         MOV     DPH,R7
   \   000004   E0           MOVX    A,@DPTR
   \   000005   F8           MOV     R0,A
   \   000006   A3           INC     DPTR
   \   000007   E0           MOVX    A,@DPTR
   \   000008   F583         MOV     DPH,A
   \   00000A   8882         MOV     DPL,R0
   \   00000C   22           RET

   \                                 In  segment XDATA_ID, align 1, keep-with-next
   \                     `?<Initializer for SendTemperatureIndicate>`:
   \   000000   01           DB 1

   \                                 In  segment BANK_RELAYS, align 1
   \                     ??osalInitTasks?relay:
   \   000000   12....       LCALL   ?BDISPATCH
   \   000003   ......       DC24    osalInitTasks

   \                                 In  segment BANK_RELAYS, align 1
   \                     ??SampleApp_Init?relay:
   \   000000   12....       LCALL   ?BDISPATCH
   \   000003   ......       DC24    SampleApp_Init

   \                                 In  segment BANK_RELAYS, align 1
   \                     ??SampleApp_ProcessEvent?relay:
   \   000000   12....       LCALL   ?BDISPATCH
   \   000003   ......       DC24    SampleApp_ProcessEvent

   \                                 In  segment BANK_RELAYS, align 1
   \                     ??SampleApp_MessageMSGCB?relay:
   \   000000   12....       LCALL   ?BDISPATCH
   \   000003   ......       DC24    SampleApp_MessageMSGCB

   \                                 In  segment XDATA_ROM_C, align 1
   \                     `?<Constant "i am coordinator\\r\\n">`:
   \   000000   6920616D     DB "i am coordinator\015\012"
   \            20636F6F
   \            7264696E
   \            61746F72
   \            0D0A00  

   \                                 In  segment XDATA_ROM_C, align 1
   \                     `?<Constant "coordinator">`:
   \   000000   636F6F72     DB "coordinator"
   \            64696E61
   \            746F7200

   \                                 In  segment XDATA_ROM_C, align 1
   \                     `?<Constant "coord ready!">`:
   \   000000   636F6F72     DB "coord ready!"
   \            64207265
   \            61647921
   \            00      

   \                                 In  segment XDATA_ROM_C, align 1
   \                     `?<Constant "temperture=xxC">`:
   \   000000   74656D70     DB "temperture=xxC"
   \            65727475
   \            72653D78
   \            784300  

   \                                 In  segment XDATA_ROM_C, align 1
   \                     `?<Constant "humidity=xx%">`:
   \   000000   68756D69     DB "humidity=xx%"
   \            64697479
   \            3D787825
   \            00      

   \                                 In  segment XDATA_ROM_C, align 1
   \                     `?<Constant "Temperature=%dC\\r\\n">`:
   \   000000   54656D70     DB "Temperature=%dC\015\012"
   \            65726174
   \            7572653D
   \            2564430D
   \            0A00    

   \                                 In  segment XDATA_ROM_C, align 1
   \                     `?<Constant "Humidity=%d%%\\r\\n">`:
   \   000000   48756D69     DB "Humidity=%d%%\015\012"
   \            64697479
   \            3D256425
   \            250D0A00
    361          /*********************************************************************
    362          *********************************************************************/

   Maximum stack usage in bytes:

     Function                    ISTACK PSTACK XSTACK
     --------                    ------ ------ ------
     SampleApp_Init                  0      0      9
       -> OLED_Init                  0      0     18
       -> UART2RS485_Init            0      0     18
       -> LedMode_Init               0      0     18
       -> bottom_led_init            0      0     18
       -> Bottom_Red                 0      0     18
       -> printf                     0      0     18
       -> OLED_P8x16Str              0      0     18
       -> afRegister                 0      0     18
     SampleApp_MessageMSGCB          2      0     52
       -> printf                     0      0     80
       -> OLED_P8x16Str              0      0     76
       -> printf                     0      0     80
       -> OLED_P8x16Str              0      0     76
       -> Bottom_Red                 0      0     76
       -> Bottom_BlackOut            0      0     76
     SampleApp_ProcessEvent          0      0     12
       -> osal_msg_receive           0      0     24
       -> printf                     0      0     24
       -> osal_msg_deallocate        0      0     24
       -> osal_msg_receive           0      0     24
       -> SampleApp_MessageMSGCB     0      0     24
     osalInitTasks                   2      0      0
       -> osal_mem_alloc             4      0      0
       -> osal_memset                4      0      0
       -> macTaskInit                4      0      0
       -> nwk_init                   4      0      0
       -> Hal_Init                   4      0      0
       -> APS_Init                   4      0      0
       -> APSF_Init                  4      0      0
       -> ZDApp_Init                 4      0      0
       -> ZDNwkMgr_Init              4      0      0
       -> SampleApp_Init             4      0      0
       -> RS485_Handler_Init         4      0      0


   Segment part sizes:

     Function/Label                             Bytes
     --------------                             -----
     tasksArr                                     18
     tasksCnt                                      1
     tasksEvents                                   2
     osalInitTasks                                80
     InClusterList                                 2
     Coordinator_SimpleDesc                       12
     Coordinator_epDesc                            6
     SampleApp_TaskID                              1
     SampleApp_NwkState                            1
     SampleApp_TransID                             1
     Point_To_Point_DstAddr                       12
     Boardcast_DstAddr                            12
     SampleApp_Init                              108
     SendTemperatureIndicate                       1
     SampleApp_ProcessEvent                      102
     ReceiveIndicate                               1
     SHT20_Data                                    2
     SampleApp_MessageMSGCB                      283
     ?Subroutine1                                  1
     ??Subroutine3_0                               5
     ?Subroutine0                                  1
     ??Subroutine4_0                               6
     ?Subroutine2                                 13
     ?<Initializer for SendTemperatureIndicate>    1
     ??osalInitTasks?relay                         6
     ??SampleApp_Init?relay                        6
     ??SampleApp_ProcessEvent?relay                6
     ??SampleApp_MessageMSGCB?relay                6
     ?<Constant "i am coordinator\r\n">           19
     ?<Constant "coordinator">                    12
     ?<Constant "coord ready!">                   13
     ?<Constant "temperture=xxC">                 15
     ?<Constant "humidity=xx%">                   13
     ?<Constant "Temperature=%dC\r\n">            18
     ?<Constant "Humidity=%d%%\r\n">              16

 
 599 bytes in segment BANKED_CODE
  24 bytes in segment BANK_RELAYS
   1 byte  in segment XDATA_I
   1 byte  in segment XDATA_ID
 139 bytes in segment XDATA_ROM_C
  38 bytes in segment XDATA_Z
 
 624 bytes of CODE  memory
 139 bytes of CONST memory
  39 bytes of XDATA memory

Errors: none
Warnings: none
