                                      1 ;--------------------------------------------------------
                                      2 ; File Created by SDCC : free open source ANSI-C Compiler
                                      3 ; Version 3.8.4 #10774 (Linux)
                                      4 ;--------------------------------------------------------
                                      5 	.module rtimer
                                      6 	.optsdcc -mmcs51 --model-huge
                                      7 	
                                      8 ;--------------------------------------------------------
                                      9 ; Public variables in this module
                                     10 ;--------------------------------------------------------
                                     11 	.globl _rtimer_arch_schedule
                                     12 	.globl _rtimer_arch_init
                                     13 	.globl _ACTIVE
                                     14 	.globl _TX_BYTE
                                     15 	.globl _RX_BYTE
                                     16 	.globl _ERR
                                     17 	.globl _FE
                                     18 	.globl _SLAVE
                                     19 	.globl _RE
                                     20 	.globl _MODE
                                     21 	.globl _T3OVFIF
                                     22 	.globl _T3CH0IF
                                     23 	.globl _T3CH1IF
                                     24 	.globl _T4OVFIF
                                     25 	.globl _T4CH0IF
                                     26 	.globl _T4CH1IF
                                     27 	.globl _OVFIM
                                     28 	.globl _B_0
                                     29 	.globl _B_1
                                     30 	.globl _B_2
                                     31 	.globl _B_3
                                     32 	.globl _B_4
                                     33 	.globl _B_5
                                     34 	.globl _B_6
                                     35 	.globl _B_7
                                     36 	.globl _P2IF
                                     37 	.globl _UTX0IF
                                     38 	.globl _UTX1IF
                                     39 	.globl _P1IF
                                     40 	.globl _WDTIF
                                     41 	.globl _ACC_0
                                     42 	.globl _ACC_1
                                     43 	.globl _ACC_2
                                     44 	.globl _ACC_3
                                     45 	.globl _ACC_4
                                     46 	.globl _ACC_5
                                     47 	.globl _ACC_6
                                     48 	.globl _ACC_7
                                     49 	.globl _P
                                     50 	.globl _F1
                                     51 	.globl _OV
                                     52 	.globl _RS0
                                     53 	.globl _RS1
                                     54 	.globl _F0
                                     55 	.globl _AC
                                     56 	.globl _CY
                                     57 	.globl _DMAIF
                                     58 	.globl _T1IF
                                     59 	.globl _T2IF
                                     60 	.globl _T3IF
                                     61 	.globl _T4IF
                                     62 	.globl _P0IF
                                     63 	.globl _STIF
                                     64 	.globl _DMAIE
                                     65 	.globl _T1IE
                                     66 	.globl _T2IE
                                     67 	.globl _T3IE
                                     68 	.globl _T4IE
                                     69 	.globl _P0IE
                                     70 	.globl _RFERRIE
                                     71 	.globl _ADCIE
                                     72 	.globl _URX0IE
                                     73 	.globl _URX1IE
                                     74 	.globl _ENCIE
                                     75 	.globl _STIE
                                     76 	.globl _EA
                                     77 	.globl _P2_0
                                     78 	.globl _P2_1
                                     79 	.globl _P2_2
                                     80 	.globl _P2_3
                                     81 	.globl _P2_4
                                     82 	.globl _P2_5
                                     83 	.globl _P2_6
                                     84 	.globl _P2_7
                                     85 	.globl _ENCIF_0
                                     86 	.globl _ENCIF_1
                                     87 	.globl _P1_0
                                     88 	.globl _P1_1
                                     89 	.globl _P1_2
                                     90 	.globl _P1_3
                                     91 	.globl _P1_4
                                     92 	.globl _P1_5
                                     93 	.globl _P1_6
                                     94 	.globl _P1_7
                                     95 	.globl _IT0
                                     96 	.globl _RFERRIF
                                     97 	.globl _IT1
                                     98 	.globl _URX0IF
                                     99 	.globl _ADCIF
                                    100 	.globl _URX1IF
                                    101 	.globl _P0_0
                                    102 	.globl _P0_1
                                    103 	.globl _P0_2
                                    104 	.globl _P0_3
                                    105 	.globl _P0_4
                                    106 	.globl _P0_5
                                    107 	.globl _P0_6
                                    108 	.globl _P0_7
                                    109 	.globl _WDCTL
                                    110 	.globl _U1GCR
                                    111 	.globl _U1UCR
                                    112 	.globl _U1BAUD
                                    113 	.globl _U1DBUF
                                    114 	.globl _U1CSR
                                    115 	.globl _U0GCR
                                    116 	.globl _U0UCR
                                    117 	.globl _U0BAUD
                                    118 	.globl _U0DBUF
                                    119 	.globl _U0CSR
                                    120 	.globl _TIMIF
                                    121 	.globl _T4CC1
                                    122 	.globl _T4CCTL1
                                    123 	.globl _T4CC0
                                    124 	.globl _T4CCTL0
                                    125 	.globl _T4CTL
                                    126 	.globl _T4CNT
                                    127 	.globl _T3CC1
                                    128 	.globl _T3CCTL1
                                    129 	.globl _T3CC0
                                    130 	.globl _T3CCTL0
                                    131 	.globl _T3CTL
                                    132 	.globl _T3CNT
                                    133 	.globl _T2MSEL
                                    134 	.globl _T2IRQM
                                    135 	.globl _T2MOVF2
                                    136 	.globl _T2MOVF1
                                    137 	.globl _T2MOVF0
                                    138 	.globl _T2M1
                                    139 	.globl _T2M0
                                    140 	.globl _T2IRQF
                                    141 	.globl _T2EVTCFG
                                    142 	.globl _T2CTRL
                                    143 	.globl _T1STAT
                                    144 	.globl _T1CCTL2
                                    145 	.globl _T1CCTL1
                                    146 	.globl _T1CCTL0
                                    147 	.globl _T1CTL
                                    148 	.globl _T1CNTH
                                    149 	.globl _T1CNTL
                                    150 	.globl _T1CC2H
                                    151 	.globl _T1CC2L
                                    152 	.globl _T1CC1H
                                    153 	.globl _T1CC1L
                                    154 	.globl _T1CC0H
                                    155 	.globl _T1CC0L
                                    156 	.globl _CLKCONSTA
                                    157 	.globl _CLKCONCMD
                                    158 	.globl _SLEEPSTA
                                    159 	.globl _SLEEPCMD
                                    160 	.globl _STLOAD
                                    161 	.globl _ST2
                                    162 	.globl _ST1
                                    163 	.globl _ST0
                                    164 	.globl _RFERRF
                                    165 	.globl _RFIRQF0
                                    166 	.globl _RFST
                                    167 	.globl _RFD
                                    168 	.globl _RFIRQF1
                                    169 	.globl _PSBANK
                                    170 	.globl _FMAP
                                    171 	.globl _MEMCTR
                                    172 	.globl __XPAGE
                                    173 	.globl _MPAGE
                                    174 	.globl _PMUX
                                    175 	.globl _P2DIR
                                    176 	.globl _P1DIR
                                    177 	.globl _P0DIR
                                    178 	.globl _P2INP
                                    179 	.globl _P1INP
                                    180 	.globl _P2SEL
                                    181 	.globl _P1SEL
                                    182 	.globl _P0SEL
                                    183 	.globl _APCFG
                                    184 	.globl _PERCFG
                                    185 	.globl _P0INP
                                    186 	.globl _P2IEN
                                    187 	.globl _P1IEN
                                    188 	.globl _P0IEN
                                    189 	.globl _PICTL
                                    190 	.globl _P2IFG
                                    191 	.globl _P1IFG
                                    192 	.globl _P0IFG
                                    193 	.globl _DMAREQ
                                    194 	.globl _DMAARM
                                    195 	.globl _DMA0CFGH
                                    196 	.globl _DMA0CFGL
                                    197 	.globl _DMA1CFGH
                                    198 	.globl _DMA1CFGL
                                    199 	.globl _DMAIRQ
                                    200 	.globl _ENCCS
                                    201 	.globl _ENCDO
                                    202 	.globl _ENCDI
                                    203 	.globl _RNDH
                                    204 	.globl _RNDL
                                    205 	.globl _ADCH
                                    206 	.globl _ADCL
                                    207 	.globl _ADCCON3
                                    208 	.globl _ADCCON2
                                    209 	.globl _ADCCON1
                                    210 	.globl _B
                                    211 	.globl _IRCON2
                                    212 	.globl _ACC
                                    213 	.globl _PSW
                                    214 	.globl _IRCON
                                    215 	.globl _IP1
                                    216 	.globl _IEN1
                                    217 	.globl _IP0
                                    218 	.globl _IEN0
                                    219 	.globl _P2
                                    220 	.globl _S1CON
                                    221 	.globl _IEN2
                                    222 	.globl _S0CON
                                    223 	.globl _DPS
                                    224 	.globl _P1
                                    225 	.globl _TCON
                                    226 	.globl _PCON
                                    227 	.globl _DPH1
                                    228 	.globl _DPL1
                                    229 	.globl _DPH0
                                    230 	.globl _DPL0
                                    231 	.globl _SP
                                    232 	.globl _P0
                                    233 	.globl _X_IEEE_ADDR
                                    234 	.globl _X_INFOPAGE
                                    235 	.globl _X_P2DIR
                                    236 	.globl _X_P1DIR
                                    237 	.globl _X_P0DIR
                                    238 	.globl _X_U1GCR
                                    239 	.globl _X_U1UCR
                                    240 	.globl _X_U1BAUD
                                    241 	.globl _X_U1DBUF
                                    242 	.globl _X_U1CSR
                                    243 	.globl _X_P2INP
                                    244 	.globl _X_P1INP
                                    245 	.globl _X_P2SEL
                                    246 	.globl _X_P1SEL
                                    247 	.globl _X_P0SEL
                                    248 	.globl _X_APCFG
                                    249 	.globl _X_PERCFG
                                    250 	.globl _X_T4CC1
                                    251 	.globl _X_T4CCTL1
                                    252 	.globl _X_T4CC0
                                    253 	.globl _X_T4CCTL0
                                    254 	.globl _X_T4CTL
                                    255 	.globl _X_T4CNT
                                    256 	.globl _X_RFIRQF0
                                    257 	.globl _X_T1CCTL2
                                    258 	.globl _X_T1CCTL1
                                    259 	.globl _X_T1CCTL0
                                    260 	.globl _X_T1CTL
                                    261 	.globl _X_T1CNTH
                                    262 	.globl _X_T1CNTL
                                    263 	.globl _X_RFST
                                    264 	.globl _X_T1CC2H
                                    265 	.globl _X_T1CC2L
                                    266 	.globl _X_T1CC1H
                                    267 	.globl _X_T1CC1L
                                    268 	.globl _X_T1CC0H
                                    269 	.globl _X_T1CC0L
                                    270 	.globl _X_RFD
                                    271 	.globl _X_TIMIF
                                    272 	.globl _X_DMAREQ
                                    273 	.globl _X_DMAARM
                                    274 	.globl _X_DMA0CFGH
                                    275 	.globl _X_DMA0CFGL
                                    276 	.globl _X_DMA1CFGH
                                    277 	.globl _X_DMA1CFGL
                                    278 	.globl _X_DMAIRQ
                                    279 	.globl _X_T3CC1
                                    280 	.globl _X_T3CCTL1
                                    281 	.globl _X_T3CC0
                                    282 	.globl _X_T3CCTL0
                                    283 	.globl _X_T3CTL
                                    284 	.globl _X_T3CNT
                                    285 	.globl _X_WDCTL
                                    286 	.globl _X_MEMCTR
                                    287 	.globl _X_CLKCONCMD
                                    288 	.globl _X_U0GCR
                                    289 	.globl _X_U0UCR
                                    290 	.globl _X_T2MSEL
                                    291 	.globl _X_U0BAUD
                                    292 	.globl _X_U0DBUF
                                    293 	.globl _X_RFERRF
                                    294 	.globl _X_SLEEPCMD
                                    295 	.globl _X_RNDH
                                    296 	.globl _X_RNDL
                                    297 	.globl _X_ADCH
                                    298 	.globl _X_ADCL
                                    299 	.globl _X_ADCCON3
                                    300 	.globl _X_ADCCON2
                                    301 	.globl _X_ADCCON1
                                    302 	.globl _X_ENCCS
                                    303 	.globl _X_ENCDO
                                    304 	.globl _X_ENCDI
                                    305 	.globl _X_T1STAT
                                    306 	.globl _X_PMUX
                                    307 	.globl _X_STLOAD
                                    308 	.globl _X_P2IEN
                                    309 	.globl _X_P0IEN
                                    310 	.globl _X_T2IRQM
                                    311 	.globl _X_T2MOVF2
                                    312 	.globl _X_T2MOVF1
                                    313 	.globl _X_T2MOVF0
                                    314 	.globl _X_T2M1
                                    315 	.globl _X_T2M0
                                    316 	.globl _X_T2IRQF
                                    317 	.globl _X_P2
                                    318 	.globl _X_PSBANK
                                    319 	.globl _X_FMAP
                                    320 	.globl _X_CLKCONSTA
                                    321 	.globl _X_SLEEPSTA
                                    322 	.globl _X_T2EVTCFG
                                    323 	.globl _X_ST2
                                    324 	.globl _X_ST1
                                    325 	.globl _X_ST0
                                    326 	.globl _X_T2CTRL
                                    327 	.globl _X__XPAGE
                                    328 	.globl _X_MPAGE
                                    329 	.globl _X_RFIRQF1
                                    330 	.globl _X_P1
                                    331 	.globl _X_P0INP
                                    332 	.globl _X_P1IEN
                                    333 	.globl _X_PICTL
                                    334 	.globl _X_P2IFG
                                    335 	.globl _X_P1IFG
                                    336 	.globl _X_P0IFG
                                    337 	.globl _X_U0CSR
                                    338 	.globl _X_P0
                                    339 	.globl _USBF5
                                    340 	.globl _USBF4
                                    341 	.globl _USBF3
                                    342 	.globl _USBF2
                                    343 	.globl _USBF1
                                    344 	.globl _USBF0
                                    345 	.globl _USBCNTH
                                    346 	.globl _USBCNTL
                                    347 	.globl _USBCNT0
                                    348 	.globl _USBCSOH
                                    349 	.globl _USBCSOL
                                    350 	.globl _USBMAXO
                                    351 	.globl _USBCSIH
                                    352 	.globl _USBCSIL
                                    353 	.globl _USBCS0
                                    354 	.globl _USBMAXI
                                    355 	.globl _USBCTRL
                                    356 	.globl _USBINDEX
                                    357 	.globl _USBFRMH
                                    358 	.globl _USBFRML
                                    359 	.globl _USBCIE
                                    360 	.globl _USBOIE
                                    361 	.globl _USBIIE
                                    362 	.globl _USBCIF
                                    363 	.globl _USBOIF
                                    364 	.globl _USBIIF
                                    365 	.globl _USBPOW
                                    366 	.globl _USBADDR
                                    367 	.globl _CSPT
                                    368 	.globl _CSPZ
                                    369 	.globl _CSPY
                                    370 	.globl _CSPX
                                    371 	.globl _CSPSTAT
                                    372 	.globl _CSPCTRL
                                    373 	.globl _CSPPROG23
                                    374 	.globl _CSPPROG22
                                    375 	.globl _CSPPROG21
                                    376 	.globl _CSPPROG20
                                    377 	.globl _CSPPROG19
                                    378 	.globl _CSPPROG18
                                    379 	.globl _CSPPROG17
                                    380 	.globl _CSPPROG16
                                    381 	.globl _CSPPROG15
                                    382 	.globl _CSPPROG14
                                    383 	.globl _CSPPROG13
                                    384 	.globl _CSPPROG12
                                    385 	.globl _CSPPROG11
                                    386 	.globl _CSPPROG10
                                    387 	.globl _CSPPROG9
                                    388 	.globl _CSPPROG8
                                    389 	.globl _CSPPROG7
                                    390 	.globl _CSPPROG6
                                    391 	.globl _CSPPROG5
                                    392 	.globl _CSPPROG4
                                    393 	.globl _CSPPROG3
                                    394 	.globl _CSPPROG2
                                    395 	.globl _CSPPROG1
                                    396 	.globl _CSPPROG0
                                    397 	.globl _RFC_OBS_CTRL2
                                    398 	.globl _RFC_OBS_CTRL1
                                    399 	.globl _RFC_OBS_CTRL0
                                    400 	.globl _TXFILTCFG
                                    401 	.globl _PTEST1
                                    402 	.globl _PTEST0
                                    403 	.globl _ATEST
                                    404 	.globl _DACTEST2
                                    405 	.globl _DACTEST1
                                    406 	.globl _DACTEST0
                                    407 	.globl _MDMTEST1
                                    408 	.globl _MDMTEST0
                                    409 	.globl _ADCTEST2
                                    410 	.globl _ADCTEST1
                                    411 	.globl _ADCTEST0
                                    412 	.globl _AGCCTRL3
                                    413 	.globl _AGCCTRL2
                                    414 	.globl _AGCCTRL1
                                    415 	.globl _AGCCTRL0
                                    416 	.globl _FSCAL3
                                    417 	.globl _FSCAL2
                                    418 	.globl _FSCAL1
                                    419 	.globl _FSCAL0
                                    420 	.globl _FSCTRL
                                    421 	.globl _RXCTRL
                                    422 	.globl _FREQEST
                                    423 	.globl _MDMCTRL1
                                    424 	.globl _MDMCTRL0
                                    425 	.globl _RFRND
                                    426 	.globl _RFERRM
                                    427 	.globl _RFIRQM1
                                    428 	.globl _RFIRQM0
                                    429 	.globl _TXLAST_PTR
                                    430 	.globl _TXFIRST_PTR
                                    431 	.globl _RXP1_PTR
                                    432 	.globl _RXLAST_PTR
                                    433 	.globl _RXFIRST_PTR
                                    434 	.globl _TXFIFOCNT
                                    435 	.globl _RXFIFOCNT
                                    436 	.globl _RXFIRST
                                    437 	.globl _RSSISTAT
                                    438 	.globl _RSSI
                                    439 	.globl _CCACTRL1
                                    440 	.globl _CCACTRL0
                                    441 	.globl _FSMCTRL
                                    442 	.globl _FIFOPCTRL
                                    443 	.globl _FSMSTAT1
                                    444 	.globl _FSMSTAT0
                                    445 	.globl _TXCTRL
                                    446 	.globl _TXPOWER
                                    447 	.globl _FREQCTRL
                                    448 	.globl _FREQTUNE
                                    449 	.globl _RXMASKCLR
                                    450 	.globl _RXMASKSET
                                    451 	.globl _RXENABLE
                                    452 	.globl _FRMCTRL1
                                    453 	.globl _FRMCTRL0
                                    454 	.globl _SRCEXTEN2
                                    455 	.globl _SRCEXTEN1
                                    456 	.globl _SRCEXTEN0
                                    457 	.globl _SRCSHORTEN2
                                    458 	.globl _SRCSHORTEN1
                                    459 	.globl _SRCSHORTEN0
                                    460 	.globl _SRCMATCH
                                    461 	.globl _FRMFILT1
                                    462 	.globl _FRMFILT0
                                    463 	.globl _SHORT_ADDR1
                                    464 	.globl _SHORT_ADDR0
                                    465 	.globl _PAN_ID1
                                    466 	.globl _PAN_ID0
                                    467 	.globl _EXT_ADDR7
                                    468 	.globl _EXT_ADDR6
                                    469 	.globl _EXT_ADDR5
                                    470 	.globl _EXT_ADDR4
                                    471 	.globl _EXT_ADDR3
                                    472 	.globl _EXT_ADDR2
                                    473 	.globl _EXT_ADDR1
                                    474 	.globl _EXT_ADDR0
                                    475 	.globl _SRCSHORTPENDEN2
                                    476 	.globl _SRCSHORTPENDEN1
                                    477 	.globl _SRCSHORTPENDEN0
                                    478 	.globl _SRCEXTPENDEN2
                                    479 	.globl _SRCEXTPENDEN1
                                    480 	.globl _SRCEXTPENDEN0
                                    481 	.globl _SRCRESINDEX
                                    482 	.globl _SRCRESMASK2
                                    483 	.globl _SRCRESMASK1
                                    484 	.globl _SRCRESMASK0
                                    485 	.globl _SRC_ADDR_TABLE
                                    486 	.globl _TXFIFO
                                    487 	.globl _RXFIFO
                                    488 	.globl _RFCORE_RAM
                                    489 	.globl _CMPCTL
                                    490 	.globl _OPAMPS
                                    491 	.globl _OPAMPC
                                    492 	.globl _STCV2
                                    493 	.globl _STCV1
                                    494 	.globl _STCV0
                                    495 	.globl _STCS
                                    496 	.globl _STCC
                                    497 	.globl _T1CC4H
                                    498 	.globl _T1CC4L
                                    499 	.globl _T1CC3H
                                    500 	.globl _T1CC3L
                                    501 	.globl _XX_T1CC2H
                                    502 	.globl _XX_T1CC2L
                                    503 	.globl _XX_T1CC1H
                                    504 	.globl _XX_T1CC1L
                                    505 	.globl _XX_T1CC0H
                                    506 	.globl _XX_T1CC0L
                                    507 	.globl _T1CCTL4
                                    508 	.globl _T1CCTL3
                                    509 	.globl _XX_T1CCTL2
                                    510 	.globl _XX_T1CCTL1
                                    511 	.globl _XX_T1CCTL0
                                    512 	.globl _CLD
                                    513 	.globl _IRCTL
                                    514 	.globl _CHIPINFO1
                                    515 	.globl _CHIPINFO0
                                    516 	.globl _FWDATA
                                    517 	.globl _FADDRH
                                    518 	.globl _FADDRL
                                    519 	.globl _FCTL
                                    520 	.globl _IVCTRL
                                    521 	.globl _BATTMON
                                    522 	.globl _SRCRC
                                    523 	.globl _DBGDATA
                                    524 	.globl _TESTREG0
                                    525 	.globl _CHIPID
                                    526 	.globl _CHVER
                                    527 	.globl _OBSSEL5
                                    528 	.globl _OBSSEL4
                                    529 	.globl _OBSSEL3
                                    530 	.globl _OBSSEL2
                                    531 	.globl _OBSSEL1
                                    532 	.globl _OBSSEL0
                                    533 	.globl _I2CIO
                                    534 	.globl _I2CWC
                                    535 	.globl _I2CADDR
                                    536 	.globl _I2CDATA
                                    537 	.globl _I2CSTAT
                                    538 	.globl _I2CCFG
                                    539 	.globl _OPAMPMC
                                    540 	.globl _MONMUX
                                    541 	.globl _rtimer_init
                                    542 	.globl _rtimer_set
                                    543 	.globl _rtimer_run_next
                                    544 ;--------------------------------------------------------
                                    545 ; special function registers
                                    546 ;--------------------------------------------------------
                                    547 	.area RSEG    (ABS,DATA)
      000000                        548 	.org 0x0000
                           000080   549 _P0	=	0x0080
                           000081   550 _SP	=	0x0081
                           000082   551 _DPL0	=	0x0082
                           000083   552 _DPH0	=	0x0083
                           000084   553 _DPL1	=	0x0084
                           000085   554 _DPH1	=	0x0085
                           000087   555 _PCON	=	0x0087
                           000088   556 _TCON	=	0x0088
                           000090   557 _P1	=	0x0090
                           000092   558 _DPS	=	0x0092
                           000098   559 _S0CON	=	0x0098
                           00009A   560 _IEN2	=	0x009a
                           00009B   561 _S1CON	=	0x009b
                           0000A0   562 _P2	=	0x00a0
                           0000A8   563 _IEN0	=	0x00a8
                           0000A9   564 _IP0	=	0x00a9
                           0000B8   565 _IEN1	=	0x00b8
                           0000B9   566 _IP1	=	0x00b9
                           0000C0   567 _IRCON	=	0x00c0
                           0000D0   568 _PSW	=	0x00d0
                           0000E0   569 _ACC	=	0x00e0
                           0000E8   570 _IRCON2	=	0x00e8
                           0000F0   571 _B	=	0x00f0
                           0000B4   572 _ADCCON1	=	0x00b4
                           0000B5   573 _ADCCON2	=	0x00b5
                           0000B6   574 _ADCCON3	=	0x00b6
                           0000BA   575 _ADCL	=	0x00ba
                           0000BB   576 _ADCH	=	0x00bb
                           0000BC   577 _RNDL	=	0x00bc
                           0000BD   578 _RNDH	=	0x00bd
                           0000B1   579 _ENCDI	=	0x00b1
                           0000B2   580 _ENCDO	=	0x00b2
                           0000B3   581 _ENCCS	=	0x00b3
                           0000D1   582 _DMAIRQ	=	0x00d1
                           0000D2   583 _DMA1CFGL	=	0x00d2
                           0000D3   584 _DMA1CFGH	=	0x00d3
                           0000D4   585 _DMA0CFGL	=	0x00d4
                           0000D5   586 _DMA0CFGH	=	0x00d5
                           0000D6   587 _DMAARM	=	0x00d6
                           0000D7   588 _DMAREQ	=	0x00d7
                           000089   589 _P0IFG	=	0x0089
                           00008A   590 _P1IFG	=	0x008a
                           00008B   591 _P2IFG	=	0x008b
                           00008C   592 _PICTL	=	0x008c
                           0000AB   593 _P0IEN	=	0x00ab
                           00008D   594 _P1IEN	=	0x008d
                           0000AC   595 _P2IEN	=	0x00ac
                           00008F   596 _P0INP	=	0x008f
                           0000F1   597 _PERCFG	=	0x00f1
                           0000F2   598 _APCFG	=	0x00f2
                           0000F3   599 _P0SEL	=	0x00f3
                           0000F4   600 _P1SEL	=	0x00f4
                           0000F5   601 _P2SEL	=	0x00f5
                           0000F6   602 _P1INP	=	0x00f6
                           0000F7   603 _P2INP	=	0x00f7
                           0000FD   604 _P0DIR	=	0x00fd
                           0000FE   605 _P1DIR	=	0x00fe
                           0000FF   606 _P2DIR	=	0x00ff
                           0000AE   607 _PMUX	=	0x00ae
                           000093   608 _MPAGE	=	0x0093
                           000093   609 __XPAGE	=	0x0093
                           0000C7   610 _MEMCTR	=	0x00c7
                           00009F   611 _FMAP	=	0x009f
                           00009F   612 _PSBANK	=	0x009f
                           000091   613 _RFIRQF1	=	0x0091
                           0000D9   614 _RFD	=	0x00d9
                           0000E1   615 _RFST	=	0x00e1
                           0000E9   616 _RFIRQF0	=	0x00e9
                           0000BF   617 _RFERRF	=	0x00bf
                           000095   618 _ST0	=	0x0095
                           000096   619 _ST1	=	0x0096
                           000097   620 _ST2	=	0x0097
                           0000AD   621 _STLOAD	=	0x00ad
                           0000BE   622 _SLEEPCMD	=	0x00be
                           00009D   623 _SLEEPSTA	=	0x009d
                           0000C6   624 _CLKCONCMD	=	0x00c6
                           00009E   625 _CLKCONSTA	=	0x009e
                           0000DA   626 _T1CC0L	=	0x00da
                           0000DB   627 _T1CC0H	=	0x00db
                           0000DC   628 _T1CC1L	=	0x00dc
                           0000DD   629 _T1CC1H	=	0x00dd
                           0000DE   630 _T1CC2L	=	0x00de
                           0000DF   631 _T1CC2H	=	0x00df
                           0000E2   632 _T1CNTL	=	0x00e2
                           0000E3   633 _T1CNTH	=	0x00e3
                           0000E4   634 _T1CTL	=	0x00e4
                           0000E5   635 _T1CCTL0	=	0x00e5
                           0000E6   636 _T1CCTL1	=	0x00e6
                           0000E7   637 _T1CCTL2	=	0x00e7
                           0000AF   638 _T1STAT	=	0x00af
                           000094   639 _T2CTRL	=	0x0094
                           00009C   640 _T2EVTCFG	=	0x009c
                           0000A1   641 _T2IRQF	=	0x00a1
                           0000A2   642 _T2M0	=	0x00a2
                           0000A3   643 _T2M1	=	0x00a3
                           0000A4   644 _T2MOVF0	=	0x00a4
                           0000A5   645 _T2MOVF1	=	0x00a5
                           0000A6   646 _T2MOVF2	=	0x00a6
                           0000A7   647 _T2IRQM	=	0x00a7
                           0000C3   648 _T2MSEL	=	0x00c3
                           0000CA   649 _T3CNT	=	0x00ca
                           0000CB   650 _T3CTL	=	0x00cb
                           0000CC   651 _T3CCTL0	=	0x00cc
                           0000CD   652 _T3CC0	=	0x00cd
                           0000CE   653 _T3CCTL1	=	0x00ce
                           0000CF   654 _T3CC1	=	0x00cf
                           0000EA   655 _T4CNT	=	0x00ea
                           0000EB   656 _T4CTL	=	0x00eb
                           0000EC   657 _T4CCTL0	=	0x00ec
                           0000ED   658 _T4CC0	=	0x00ed
                           0000EE   659 _T4CCTL1	=	0x00ee
                           0000EF   660 _T4CC1	=	0x00ef
                           0000D8   661 _TIMIF	=	0x00d8
                           000086   662 _U0CSR	=	0x0086
                           0000C1   663 _U0DBUF	=	0x00c1
                           0000C2   664 _U0BAUD	=	0x00c2
                           0000C4   665 _U0UCR	=	0x00c4
                           0000C5   666 _U0GCR	=	0x00c5
                           0000F8   667 _U1CSR	=	0x00f8
                           0000F9   668 _U1DBUF	=	0x00f9
                           0000FA   669 _U1BAUD	=	0x00fa
                           0000FB   670 _U1UCR	=	0x00fb
                           0000FC   671 _U1GCR	=	0x00fc
                           0000C9   672 _WDCTL	=	0x00c9
                                    673 ;--------------------------------------------------------
                                    674 ; special function bits
                                    675 ;--------------------------------------------------------
                                    676 	.area RSEG    (ABS,DATA)
      000000                        677 	.org 0x0000
                           000087   678 _P0_7	=	0x0087
                           000086   679 _P0_6	=	0x0086
                           000085   680 _P0_5	=	0x0085
                           000084   681 _P0_4	=	0x0084
                           000083   682 _P0_3	=	0x0083
                           000082   683 _P0_2	=	0x0082
                           000081   684 _P0_1	=	0x0081
                           000080   685 _P0_0	=	0x0080
                           00008F   686 _URX1IF	=	0x008f
                           00008D   687 _ADCIF	=	0x008d
                           00008B   688 _URX0IF	=	0x008b
                           00008A   689 _IT1	=	0x008a
                           000089   690 _RFERRIF	=	0x0089
                           000088   691 _IT0	=	0x0088
                           000097   692 _P1_7	=	0x0097
                           000096   693 _P1_6	=	0x0096
                           000095   694 _P1_5	=	0x0095
                           000094   695 _P1_4	=	0x0094
                           000093   696 _P1_3	=	0x0093
                           000092   697 _P1_2	=	0x0092
                           000091   698 _P1_1	=	0x0091
                           000090   699 _P1_0	=	0x0090
                           000099   700 _ENCIF_1	=	0x0099
                           000098   701 _ENCIF_0	=	0x0098
                           0000A7   702 _P2_7	=	0x00a7
                           0000A6   703 _P2_6	=	0x00a6
                           0000A5   704 _P2_5	=	0x00a5
                           0000A4   705 _P2_4	=	0x00a4
                           0000A3   706 _P2_3	=	0x00a3
                           0000A2   707 _P2_2	=	0x00a2
                           0000A1   708 _P2_1	=	0x00a1
                           0000A0   709 _P2_0	=	0x00a0
                           0000AF   710 _EA	=	0x00af
                           0000AD   711 _STIE	=	0x00ad
                           0000AC   712 _ENCIE	=	0x00ac
                           0000AB   713 _URX1IE	=	0x00ab
                           0000AA   714 _URX0IE	=	0x00aa
                           0000A9   715 _ADCIE	=	0x00a9
                           0000A8   716 _RFERRIE	=	0x00a8
                           0000BD   717 _P0IE	=	0x00bd
                           0000BC   718 _T4IE	=	0x00bc
                           0000BB   719 _T3IE	=	0x00bb
                           0000BA   720 _T2IE	=	0x00ba
                           0000B9   721 _T1IE	=	0x00b9
                           0000B8   722 _DMAIE	=	0x00b8
                           0000C7   723 _STIF	=	0x00c7
                           0000C5   724 _P0IF	=	0x00c5
                           0000C4   725 _T4IF	=	0x00c4
                           0000C3   726 _T3IF	=	0x00c3
                           0000C2   727 _T2IF	=	0x00c2
                           0000C1   728 _T1IF	=	0x00c1
                           0000C0   729 _DMAIF	=	0x00c0
                           0000D7   730 _CY	=	0x00d7
                           0000D6   731 _AC	=	0x00d6
                           0000D5   732 _F0	=	0x00d5
                           0000D4   733 _RS1	=	0x00d4
                           0000D3   734 _RS0	=	0x00d3
                           0000D2   735 _OV	=	0x00d2
                           0000D1   736 _F1	=	0x00d1
                           0000D0   737 _P	=	0x00d0
                           0000E7   738 _ACC_7	=	0x00e7
                           0000E6   739 _ACC_6	=	0x00e6
                           0000E5   740 _ACC_5	=	0x00e5
                           0000E4   741 _ACC_4	=	0x00e4
                           0000E3   742 _ACC_3	=	0x00e3
                           0000E2   743 _ACC_2	=	0x00e2
                           0000E1   744 _ACC_1	=	0x00e1
                           0000E0   745 _ACC_0	=	0x00e0
                           0000EC   746 _WDTIF	=	0x00ec
                           0000EB   747 _P1IF	=	0x00eb
                           0000EA   748 _UTX1IF	=	0x00ea
                           0000E9   749 _UTX0IF	=	0x00e9
                           0000E8   750 _P2IF	=	0x00e8
                           0000F7   751 _B_7	=	0x00f7
                           0000F6   752 _B_6	=	0x00f6
                           0000F5   753 _B_5	=	0x00f5
                           0000F4   754 _B_4	=	0x00f4
                           0000F3   755 _B_3	=	0x00f3
                           0000F2   756 _B_2	=	0x00f2
                           0000F1   757 _B_1	=	0x00f1
                           0000F0   758 _B_0	=	0x00f0
                           0000DE   759 _OVFIM	=	0x00de
                           0000DD   760 _T4CH1IF	=	0x00dd
                           0000DC   761 _T4CH0IF	=	0x00dc
                           0000DB   762 _T4OVFIF	=	0x00db
                           0000DA   763 _T3CH1IF	=	0x00da
                           0000D9   764 _T3CH0IF	=	0x00d9
                           0000D8   765 _T3OVFIF	=	0x00d8
                           0000FF   766 _MODE	=	0x00ff
                           0000FE   767 _RE	=	0x00fe
                           0000FD   768 _SLAVE	=	0x00fd
                           0000FC   769 _FE	=	0x00fc
                           0000FB   770 _ERR	=	0x00fb
                           0000FA   771 _RX_BYTE	=	0x00fa
                           0000F9   772 _TX_BYTE	=	0x00f9
                           0000F8   773 _ACTIVE	=	0x00f8
                                    774 ;--------------------------------------------------------
                                    775 ; overlayable register banks
                                    776 ;--------------------------------------------------------
                                    777 	.area REG_BANK_0	(REL,OVR,DATA)
      000000                        778 	.ds 8
                                    779 ;--------------------------------------------------------
                                    780 ; internal ram data
                                    781 ;--------------------------------------------------------
                                    782 	.area DSEG    (DATA)
                                    783 ;--------------------------------------------------------
                                    784 ; overlayable items in internal ram 
                                    785 ;--------------------------------------------------------
                                    786 ;--------------------------------------------------------
                                    787 ; indirectly addressable internal ram data
                                    788 ;--------------------------------------------------------
                                    789 	.area ISEG    (DATA)
                                    790 ;--------------------------------------------------------
                                    791 ; absolute internal ram data
                                    792 ;--------------------------------------------------------
                                    793 	.area IABS    (ABS,DATA)
                                    794 	.area IABS    (ABS,DATA)
                                    795 ;--------------------------------------------------------
                                    796 ; bit data
                                    797 ;--------------------------------------------------------
                                    798 	.area BSEG    (BIT)
                                    799 ;--------------------------------------------------------
                                    800 ; paged external ram data
                                    801 ;--------------------------------------------------------
                                    802 	.area PSEG    (PAG,XDATA)
                                    803 ;--------------------------------------------------------
                                    804 ; external ram data
                                    805 ;--------------------------------------------------------
                                    806 	.area XSEG    (XDATA)
                           0061A6   807 _MONMUX	=	0x61a6
                           0061A6   808 _OPAMPMC	=	0x61a6
                           006230   809 _I2CCFG	=	0x6230
                           006231   810 _I2CSTAT	=	0x6231
                           006232   811 _I2CDATA	=	0x6232
                           006233   812 _I2CADDR	=	0x6233
                           006234   813 _I2CWC	=	0x6234
                           006235   814 _I2CIO	=	0x6235
                           006243   815 _OBSSEL0	=	0x6243
                           006244   816 _OBSSEL1	=	0x6244
                           006245   817 _OBSSEL2	=	0x6245
                           006246   818 _OBSSEL3	=	0x6246
                           006247   819 _OBSSEL4	=	0x6247
                           006248   820 _OBSSEL5	=	0x6248
                           006249   821 _CHVER	=	0x6249
                           00624A   822 _CHIPID	=	0x624a
                           00624B   823 _TESTREG0	=	0x624b
                           006260   824 _DBGDATA	=	0x6260
                           006262   825 _SRCRC	=	0x6262
                           006264   826 _BATTMON	=	0x6264
                           006265   827 _IVCTRL	=	0x6265
                           006270   828 _FCTL	=	0x6270
                           006271   829 _FADDRL	=	0x6271
                           006272   830 _FADDRH	=	0x6272
                           006273   831 _FWDATA	=	0x6273
                           006276   832 _CHIPINFO0	=	0x6276
                           006277   833 _CHIPINFO1	=	0x6277
                           006281   834 _IRCTL	=	0x6281
                           006290   835 _CLD	=	0x6290
                           0062A0   836 _XX_T1CCTL0	=	0x62a0
                           0062A1   837 _XX_T1CCTL1	=	0x62a1
                           0062A2   838 _XX_T1CCTL2	=	0x62a2
                           0062A3   839 _T1CCTL3	=	0x62a3
                           0062A4   840 _T1CCTL4	=	0x62a4
                           0062A6   841 _XX_T1CC0L	=	0x62a6
                           0062A7   842 _XX_T1CC0H	=	0x62a7
                           0062A8   843 _XX_T1CC1L	=	0x62a8
                           0062A9   844 _XX_T1CC1H	=	0x62a9
                           0062AA   845 _XX_T1CC2L	=	0x62aa
                           0062AB   846 _XX_T1CC2H	=	0x62ab
                           0062AC   847 _T1CC3L	=	0x62ac
                           0062AD   848 _T1CC3H	=	0x62ad
                           0062AE   849 _T1CC4L	=	0x62ae
                           0062AF   850 _T1CC4H	=	0x62af
                           0062B0   851 _STCC	=	0x62b0
                           0062B1   852 _STCS	=	0x62b1
                           0062B2   853 _STCV0	=	0x62b2
                           0062B3   854 _STCV1	=	0x62b3
                           0062B4   855 _STCV2	=	0x62b4
                           0062C0   856 _OPAMPC	=	0x62c0
                           0062C1   857 _OPAMPS	=	0x62c1
                           0062D0   858 _CMPCTL	=	0x62d0
                           006000   859 _RFCORE_RAM	=	0x6000
                           006000   860 _RXFIFO	=	0x6000
                           006080   861 _TXFIFO	=	0x6080
                           006100   862 _SRC_ADDR_TABLE	=	0x6100
                           006160   863 _SRCRESMASK0	=	0x6160
                           006161   864 _SRCRESMASK1	=	0x6161
                           006162   865 _SRCRESMASK2	=	0x6162
                           006163   866 _SRCRESINDEX	=	0x6163
                           006164   867 _SRCEXTPENDEN0	=	0x6164
                           006165   868 _SRCEXTPENDEN1	=	0x6165
                           006166   869 _SRCEXTPENDEN2	=	0x6166
                           006167   870 _SRCSHORTPENDEN0	=	0x6167
                           006168   871 _SRCSHORTPENDEN1	=	0x6168
                           006169   872 _SRCSHORTPENDEN2	=	0x6169
                           00616A   873 _EXT_ADDR0	=	0x616a
                           00616B   874 _EXT_ADDR1	=	0x616b
                           00616C   875 _EXT_ADDR2	=	0x616c
                           00616D   876 _EXT_ADDR3	=	0x616d
                           00616E   877 _EXT_ADDR4	=	0x616e
                           00616F   878 _EXT_ADDR5	=	0x616f
                           006170   879 _EXT_ADDR6	=	0x6170
                           006171   880 _EXT_ADDR7	=	0x6171
                           006172   881 _PAN_ID0	=	0x6172
                           006173   882 _PAN_ID1	=	0x6173
                           006174   883 _SHORT_ADDR0	=	0x6174
                           006175   884 _SHORT_ADDR1	=	0x6175
                           006180   885 _FRMFILT0	=	0x6180
                           006181   886 _FRMFILT1	=	0x6181
                           006182   887 _SRCMATCH	=	0x6182
                           006183   888 _SRCSHORTEN0	=	0x6183
                           006184   889 _SRCSHORTEN1	=	0x6184
                           006185   890 _SRCSHORTEN2	=	0x6185
                           006186   891 _SRCEXTEN0	=	0x6186
                           006187   892 _SRCEXTEN1	=	0x6187
                           006188   893 _SRCEXTEN2	=	0x6188
                           006189   894 _FRMCTRL0	=	0x6189
                           00618A   895 _FRMCTRL1	=	0x618a
                           00618B   896 _RXENABLE	=	0x618b
                           00618C   897 _RXMASKSET	=	0x618c
                           00618D   898 _RXMASKCLR	=	0x618d
                           00618E   899 _FREQTUNE	=	0x618e
                           00618F   900 _FREQCTRL	=	0x618f
                           006190   901 _TXPOWER	=	0x6190
                           006191   902 _TXCTRL	=	0x6191
                           006192   903 _FSMSTAT0	=	0x6192
                           006193   904 _FSMSTAT1	=	0x6193
                           006194   905 _FIFOPCTRL	=	0x6194
                           006195   906 _FSMCTRL	=	0x6195
                           006196   907 _CCACTRL0	=	0x6196
                           006197   908 _CCACTRL1	=	0x6197
                           006198   909 _RSSI	=	0x6198
                           006199   910 _RSSISTAT	=	0x6199
                           00619A   911 _RXFIRST	=	0x619a
                           00619B   912 _RXFIFOCNT	=	0x619b
                           00619C   913 _TXFIFOCNT	=	0x619c
                           00619D   914 _RXFIRST_PTR	=	0x619d
                           00619E   915 _RXLAST_PTR	=	0x619e
                           00619F   916 _RXP1_PTR	=	0x619f
                           0061A1   917 _TXFIRST_PTR	=	0x61a1
                           0061A2   918 _TXLAST_PTR	=	0x61a2
                           0061A3   919 _RFIRQM0	=	0x61a3
                           0061A4   920 _RFIRQM1	=	0x61a4
                           0061A5   921 _RFERRM	=	0x61a5
                           0061A7   922 _RFRND	=	0x61a7
                           0061A8   923 _MDMCTRL0	=	0x61a8
                           0061A9   924 _MDMCTRL1	=	0x61a9
                           0061AA   925 _FREQEST	=	0x61aa
                           0061AB   926 _RXCTRL	=	0x61ab
                           0061AC   927 _FSCTRL	=	0x61ac
                           0061AD   928 _FSCAL0	=	0x61ad
                           0061AE   929 _FSCAL1	=	0x61ae
                           0061AF   930 _FSCAL2	=	0x61af
                           0061B0   931 _FSCAL3	=	0x61b0
                           0061B1   932 _AGCCTRL0	=	0x61b1
                           0061B2   933 _AGCCTRL1	=	0x61b2
                           0061B3   934 _AGCCTRL2	=	0x61b3
                           0061B4   935 _AGCCTRL3	=	0x61b4
                           0061B5   936 _ADCTEST0	=	0x61b5
                           0061B6   937 _ADCTEST1	=	0x61b6
                           0061B7   938 _ADCTEST2	=	0x61b7
                           0061B8   939 _MDMTEST0	=	0x61b8
                           0061B9   940 _MDMTEST1	=	0x61b9
                           0061BA   941 _DACTEST0	=	0x61ba
                           0061BB   942 _DACTEST1	=	0x61bb
                           0061BC   943 _DACTEST2	=	0x61bc
                           0061BD   944 _ATEST	=	0x61bd
                           0061BE   945 _PTEST0	=	0x61be
                           0061BF   946 _PTEST1	=	0x61bf
                           0061FA   947 _TXFILTCFG	=	0x61fa
                           0061EB   948 _RFC_OBS_CTRL0	=	0x61eb
                           0061EC   949 _RFC_OBS_CTRL1	=	0x61ec
                           0061ED   950 _RFC_OBS_CTRL2	=	0x61ed
                           0061C0   951 _CSPPROG0	=	0x61c0
                           0061C1   952 _CSPPROG1	=	0x61c1
                           0061C2   953 _CSPPROG2	=	0x61c2
                           0061C3   954 _CSPPROG3	=	0x61c3
                           0061C4   955 _CSPPROG4	=	0x61c4
                           0061C5   956 _CSPPROG5	=	0x61c5
                           0061C6   957 _CSPPROG6	=	0x61c6
                           0061C7   958 _CSPPROG7	=	0x61c7
                           0061C8   959 _CSPPROG8	=	0x61c8
                           0061C9   960 _CSPPROG9	=	0x61c9
                           0061CA   961 _CSPPROG10	=	0x61ca
                           0061CB   962 _CSPPROG11	=	0x61cb
                           0061CC   963 _CSPPROG12	=	0x61cc
                           0061CD   964 _CSPPROG13	=	0x61cd
                           0061CE   965 _CSPPROG14	=	0x61ce
                           0061CF   966 _CSPPROG15	=	0x61cf
                           0061D0   967 _CSPPROG16	=	0x61d0
                           0061D1   968 _CSPPROG17	=	0x61d1
                           0061D2   969 _CSPPROG18	=	0x61d2
                           0061D3   970 _CSPPROG19	=	0x61d3
                           0061D4   971 _CSPPROG20	=	0x61d4
                           0061D5   972 _CSPPROG21	=	0x61d5
                           0061D6   973 _CSPPROG22	=	0x61d6
                           0061D7   974 _CSPPROG23	=	0x61d7
                           0061E0   975 _CSPCTRL	=	0x61e0
                           0061E1   976 _CSPSTAT	=	0x61e1
                           0061E2   977 _CSPX	=	0x61e2
                           0061E3   978 _CSPY	=	0x61e3
                           0061E4   979 _CSPZ	=	0x61e4
                           0061E5   980 _CSPT	=	0x61e5
                           006200   981 _USBADDR	=	0x6200
                           006201   982 _USBPOW	=	0x6201
                           006202   983 _USBIIF	=	0x6202
                           006204   984 _USBOIF	=	0x6204
                           006206   985 _USBCIF	=	0x6206
                           006207   986 _USBIIE	=	0x6207
                           006209   987 _USBOIE	=	0x6209
                           00620B   988 _USBCIE	=	0x620b
                           00620C   989 _USBFRML	=	0x620c
                           00620D   990 _USBFRMH	=	0x620d
                           00620E   991 _USBINDEX	=	0x620e
                           00620F   992 _USBCTRL	=	0x620f
                           006210   993 _USBMAXI	=	0x6210
                           006211   994 _USBCS0	=	0x6211
                           006211   995 _USBCSIL	=	0x6211
                           006212   996 _USBCSIH	=	0x6212
                           006213   997 _USBMAXO	=	0x6213
                           006214   998 _USBCSOL	=	0x6214
                           006215   999 _USBCSOH	=	0x6215
                           006216  1000 _USBCNT0	=	0x6216
                           006216  1001 _USBCNTL	=	0x6216
                           006217  1002 _USBCNTH	=	0x6217
                           006220  1003 _USBF0	=	0x6220
                           006222  1004 _USBF1	=	0x6222
                           006224  1005 _USBF2	=	0x6224
                           006226  1006 _USBF3	=	0x6226
                           006228  1007 _USBF4	=	0x6228
                           00622A  1008 _USBF5	=	0x622a
                           007080  1009 _X_P0	=	0x7080
                           007086  1010 _X_U0CSR	=	0x7086
                           007089  1011 _X_P0IFG	=	0x7089
                           00708A  1012 _X_P1IFG	=	0x708a
                           00708B  1013 _X_P2IFG	=	0x708b
                           00708C  1014 _X_PICTL	=	0x708c
                           00708D  1015 _X_P1IEN	=	0x708d
                           00708F  1016 _X_P0INP	=	0x708f
                           007090  1017 _X_P1	=	0x7090
                           007091  1018 _X_RFIRQF1	=	0x7091
                           007093  1019 _X_MPAGE	=	0x7093
                           007093  1020 _X__XPAGE	=	0x7093
                           007094  1021 _X_T2CTRL	=	0x7094
                           007095  1022 _X_ST0	=	0x7095
                           007096  1023 _X_ST1	=	0x7096
                           007097  1024 _X_ST2	=	0x7097
                           00709C  1025 _X_T2EVTCFG	=	0x709c
                           00709D  1026 _X_SLEEPSTA	=	0x709d
                           00709E  1027 _X_CLKCONSTA	=	0x709e
                           00709F  1028 _X_FMAP	=	0x709f
                           00709F  1029 _X_PSBANK	=	0x709f
                           0070A0  1030 _X_P2	=	0x70a0
                           0070A1  1031 _X_T2IRQF	=	0x70a1
                           0070A2  1032 _X_T2M0	=	0x70a2
                           0070A3  1033 _X_T2M1	=	0x70a3
                           0070A4  1034 _X_T2MOVF0	=	0x70a4
                           0070A5  1035 _X_T2MOVF1	=	0x70a5
                           0070A6  1036 _X_T2MOVF2	=	0x70a6
                           0070A7  1037 _X_T2IRQM	=	0x70a7
                           0070AB  1038 _X_P0IEN	=	0x70ab
                           0070AC  1039 _X_P2IEN	=	0x70ac
                           0070AD  1040 _X_STLOAD	=	0x70ad
                           0070AE  1041 _X_PMUX	=	0x70ae
                           0070AF  1042 _X_T1STAT	=	0x70af
                           0070B1  1043 _X_ENCDI	=	0x70b1
                           0070B2  1044 _X_ENCDO	=	0x70b2
                           0070B3  1045 _X_ENCCS	=	0x70b3
                           0070B4  1046 _X_ADCCON1	=	0x70b4
                           0070B5  1047 _X_ADCCON2	=	0x70b5
                           0070B6  1048 _X_ADCCON3	=	0x70b6
                           0070BA  1049 _X_ADCL	=	0x70ba
                           0070BB  1050 _X_ADCH	=	0x70bb
                           0070BC  1051 _X_RNDL	=	0x70bc
                           0070BD  1052 _X_RNDH	=	0x70bd
                           0070BE  1053 _X_SLEEPCMD	=	0x70be
                           0070BF  1054 _X_RFERRF	=	0x70bf
                           0070C1  1055 _X_U0DBUF	=	0x70c1
                           0070C2  1056 _X_U0BAUD	=	0x70c2
                           0070C3  1057 _X_T2MSEL	=	0x70c3
                           0070C4  1058 _X_U0UCR	=	0x70c4
                           0070C5  1059 _X_U0GCR	=	0x70c5
                           0070C6  1060 _X_CLKCONCMD	=	0x70c6
                           0070C7  1061 _X_MEMCTR	=	0x70c7
                           0070C9  1062 _X_WDCTL	=	0x70c9
                           0070CA  1063 _X_T3CNT	=	0x70ca
                           0070CB  1064 _X_T3CTL	=	0x70cb
                           0070CC  1065 _X_T3CCTL0	=	0x70cc
                           0070CD  1066 _X_T3CC0	=	0x70cd
                           0070CE  1067 _X_T3CCTL1	=	0x70ce
                           0070CF  1068 _X_T3CC1	=	0x70cf
                           0070D1  1069 _X_DMAIRQ	=	0x70d1
                           0070D2  1070 _X_DMA1CFGL	=	0x70d2
                           0070D3  1071 _X_DMA1CFGH	=	0x70d3
                           0070D4  1072 _X_DMA0CFGL	=	0x70d4
                           0070D5  1073 _X_DMA0CFGH	=	0x70d5
                           0070D6  1074 _X_DMAARM	=	0x70d6
                           0070D7  1075 _X_DMAREQ	=	0x70d7
                           0070D8  1076 _X_TIMIF	=	0x70d8
                           0070D9  1077 _X_RFD	=	0x70d9
                           0070DA  1078 _X_T1CC0L	=	0x70da
                           0070DB  1079 _X_T1CC0H	=	0x70db
                           0070DC  1080 _X_T1CC1L	=	0x70dc
                           0070DD  1081 _X_T1CC1H	=	0x70dd
                           0070DE  1082 _X_T1CC2L	=	0x70de
                           0070DF  1083 _X_T1CC2H	=	0x70df
                           0070E1  1084 _X_RFST	=	0x70e1
                           0070E2  1085 _X_T1CNTL	=	0x70e2
                           0070E3  1086 _X_T1CNTH	=	0x70e3
                           0070E4  1087 _X_T1CTL	=	0x70e4
                           0070E5  1088 _X_T1CCTL0	=	0x70e5
                           0070E6  1089 _X_T1CCTL1	=	0x70e6
                           0070E7  1090 _X_T1CCTL2	=	0x70e7
                           0070E9  1091 _X_RFIRQF0	=	0x70e9
                           0070EA  1092 _X_T4CNT	=	0x70ea
                           0070EB  1093 _X_T4CTL	=	0x70eb
                           0070EC  1094 _X_T4CCTL0	=	0x70ec
                           0070ED  1095 _X_T4CC0	=	0x70ed
                           0070EE  1096 _X_T4CCTL1	=	0x70ee
                           0070EF  1097 _X_T4CC1	=	0x70ef
                           0070F1  1098 _X_PERCFG	=	0x70f1
                           0070F2  1099 _X_APCFG	=	0x70f2
                           0070F3  1100 _X_P0SEL	=	0x70f3
                           0070F4  1101 _X_P1SEL	=	0x70f4
                           0070F5  1102 _X_P2SEL	=	0x70f5
                           0070F6  1103 _X_P1INP	=	0x70f6
                           0070F7  1104 _X_P2INP	=	0x70f7
                           0070F8  1105 _X_U1CSR	=	0x70f8
                           0070F9  1106 _X_U1DBUF	=	0x70f9
                           0070FA  1107 _X_U1BAUD	=	0x70fa
                           0070FB  1108 _X_U1UCR	=	0x70fb
                           0070FC  1109 _X_U1GCR	=	0x70fc
                           0070FD  1110 _X_P0DIR	=	0x70fd
                           0070FE  1111 _X_P1DIR	=	0x70fe
                           0070FF  1112 _X_P2DIR	=	0x70ff
                           007800  1113 _X_INFOPAGE	=	0x7800
                           00780C  1114 _X_IEEE_ADDR	=	0x780c
      000000                       1115 _next_rtimer:
      000000                       1116 	.ds 3
                                   1117 ;--------------------------------------------------------
                                   1118 ; absolute external ram data
                                   1119 ;--------------------------------------------------------
                                   1120 	.area XABS    (ABS,XDATA)
                                   1121 ;--------------------------------------------------------
                                   1122 ; external initialized ram data
                                   1123 ;--------------------------------------------------------
                                   1124 	.area XISEG   (XDATA)
                                   1125 	.area HOME    (CODE)
                                   1126 	.area GSINIT0 (CODE)
                                   1127 	.area GSINIT1 (CODE)
                                   1128 	.area GSINIT2 (CODE)
                                   1129 	.area GSINIT3 (CODE)
                                   1130 	.area GSINIT4 (CODE)
                                   1131 	.area GSINIT5 (CODE)
                                   1132 	.area GSINIT  (CODE)
                                   1133 	.area GSFINAL (CODE)
                                   1134 	.area CSEG    (CODE)
                                   1135 ;--------------------------------------------------------
                                   1136 ; global & static initialisations
                                   1137 ;--------------------------------------------------------
                                   1138 	.area HOME    (CODE)
                                   1139 	.area GSINIT  (CODE)
                                   1140 	.area GSFINAL (CODE)
                                   1141 	.area GSINIT  (CODE)
                                   1142 ;--------------------------------------------------------
                                   1143 ; Home
                                   1144 ;--------------------------------------------------------
                                   1145 	.area HOME    (CODE)
                                   1146 	.area HOME    (CODE)
                                   1147 ;--------------------------------------------------------
                                   1148 ; code
                                   1149 ;--------------------------------------------------------
                                   1150 	.area BANK1   (CODE)
                                   1151 ;------------------------------------------------------------
                                   1152 ;Allocation info for local variables in function 'rtimer_init'
                                   1153 ;------------------------------------------------------------
                                   1154 ;	../../../core/sys/rtimer.c:62: rtimer_init(void)
                                   1155 ;	-----------------------------------------
                                   1156 ;	 function rtimer_init
                                   1157 ;	-----------------------------------------
      000000                       1158 _rtimer_init:
                           000007  1159 	ar7 = 0x07
                           000006  1160 	ar6 = 0x06
                           000005  1161 	ar5 = 0x05
                           000004  1162 	ar4 = 0x04
                           000003  1163 	ar3 = 0x03
                           000002  1164 	ar2 = 0x02
                           000001  1165 	ar1 = 0x01
                           000000  1166 	ar0 = 0x00
                                   1167 ;	../../../core/sys/rtimer.c:64: rtimer_arch_init();
      000000 78r00            [12] 1168 	mov	r0,#_rtimer_arch_init
      000002 79s00            [12] 1169 	mov	r1,#(_rtimer_arch_init >> 8)
      000004 7As00            [12] 1170 	mov	r2,#(_rtimer_arch_init >> 16)
      000006 12r00r00         [24] 1171 	lcall	__sdcc_banked_call
                                   1172 ;	../../../core/sys/rtimer.c:65: }
      000009 02r00r00         [24] 1173 	ljmp	__sdcc_banked_ret
                                   1174 ;------------------------------------------------------------
                                   1175 ;Allocation info for local variables in function 'rtimer_set'
                                   1176 ;------------------------------------------------------------
                                   1177 ;time                      Allocated to stack - sp -6
                                   1178 ;duration                  Allocated to stack - sp -8
                                   1179 ;func                      Allocated to stack - sp -11
                                   1180 ;ptr                       Allocated to stack - sp -14
                                   1181 ;rtimer                    Allocated to registers r5 r6 r7 
                                   1182 ;first                     Allocated to stack - sp -1
                                   1183 ;------------------------------------------------------------
                                   1184 ;	../../../core/sys/rtimer.c:68: rtimer_set(struct rtimer *rtimer, rtimer_clock_t time,
                                   1185 ;	-----------------------------------------
                                   1186 ;	 function rtimer_set
                                   1187 ;	-----------------------------------------
      00000C                       1188 _rtimer_set:
      00000C 05 81            [12] 1189 	inc	sp
      00000E 05 81            [12] 1190 	inc	sp
      000010 AD 82            [24] 1191 	mov	r5,dpl
      000012 AE 83            [24] 1192 	mov	r6,dph
      000014 AF F0            [24] 1193 	mov	r7,b
                                   1194 ;	../../../core/sys/rtimer.c:72: int first = 0;
      000016 A8 81            [24] 1195 	mov	r0,sp
      000018 18               [12] 1196 	dec	r0
      000019 E4               [12] 1197 	clr	a
      00001A F6               [12] 1198 	mov	@r0,a
      00001B 08               [12] 1199 	inc	r0
      00001C F6               [12] 1200 	mov	@r0,a
                                   1201 ;	../../../core/sys/rtimer.c:76: if(next_rtimer == NULL) {
      00001D 90r00r00         [24] 1202 	mov	dptr,#_next_rtimer
      000020 E0               [24] 1203 	movx	a,@dptr
      000021 F5 F0            [12] 1204 	mov	b,a
      000023 A3               [24] 1205 	inc	dptr
      000024 E0               [24] 1206 	movx	a,@dptr
      000025 45 F0            [12] 1207 	orl	a,b
      000027 70 08            [24] 1208 	jnz	00102$
                                   1209 ;	../../../core/sys/rtimer.c:77: first = 1;
      000029 A8 81            [24] 1210 	mov	r0,sp
      00002B 18               [12] 1211 	dec	r0
      00002C 76 01            [12] 1212 	mov	@r0,#0x01
      00002E 08               [12] 1213 	inc	r0
      00002F 76 00            [12] 1214 	mov	@r0,#0x00
      000031                       1215 00102$:
                                   1216 ;	../../../core/sys/rtimer.c:80: rtimer->func = func;
      000031 74 02            [12] 1217 	mov	a,#0x02
      000033 2D               [12] 1218 	add	a,r5
      000034 FA               [12] 1219 	mov	r2,a
      000035 E4               [12] 1220 	clr	a
      000036 3E               [12] 1221 	addc	a,r6
      000037 FB               [12] 1222 	mov	r3,a
      000038 8F 04            [24] 1223 	mov	ar4,r7
      00003A 8A 82            [24] 1224 	mov	dpl,r2
      00003C 8B 83            [24] 1225 	mov	dph,r3
      00003E 8C F0            [24] 1226 	mov	b,r4
      000040 E5 81            [12] 1227 	mov	a,sp
      000042 24 F5            [12] 1228 	add	a,#0xf5
      000044 F8               [12] 1229 	mov	r0,a
      000045 E6               [12] 1230 	mov	a,@r0
      000046 12r00r00         [24] 1231 	lcall	__gptrput
      000049 A3               [24] 1232 	inc	dptr
      00004A 08               [12] 1233 	inc	r0
      00004B E6               [12] 1234 	mov	a,@r0
      00004C 12r00r00         [24] 1235 	lcall	__gptrput
      00004F A3               [24] 1236 	inc	dptr
      000050 08               [12] 1237 	inc	r0
      000051 E6               [12] 1238 	mov	a,@r0
      000052 12r00r00         [24] 1239 	lcall	__gptrput
                                   1240 ;	../../../core/sys/rtimer.c:81: rtimer->ptr = ptr;
      000055 74 05            [12] 1241 	mov	a,#0x05
      000057 2D               [12] 1242 	add	a,r5
      000058 FA               [12] 1243 	mov	r2,a
      000059 E4               [12] 1244 	clr	a
      00005A 3E               [12] 1245 	addc	a,r6
      00005B FB               [12] 1246 	mov	r3,a
      00005C 8F 04            [24] 1247 	mov	ar4,r7
      00005E 8A 82            [24] 1248 	mov	dpl,r2
      000060 8B 83            [24] 1249 	mov	dph,r3
      000062 8C F0            [24] 1250 	mov	b,r4
      000064 E5 81            [12] 1251 	mov	a,sp
      000066 24 F2            [12] 1252 	add	a,#0xf2
      000068 F8               [12] 1253 	mov	r0,a
      000069 E6               [12] 1254 	mov	a,@r0
      00006A 12r00r00         [24] 1255 	lcall	__gptrput
      00006D A3               [24] 1256 	inc	dptr
      00006E 08               [12] 1257 	inc	r0
      00006F E6               [12] 1258 	mov	a,@r0
      000070 12r00r00         [24] 1259 	lcall	__gptrput
      000073 A3               [24] 1260 	inc	dptr
      000074 08               [12] 1261 	inc	r0
      000075 E6               [12] 1262 	mov	a,@r0
      000076 12r00r00         [24] 1263 	lcall	__gptrput
                                   1264 ;	../../../core/sys/rtimer.c:83: rtimer->time = time;
      000079 8D 82            [24] 1265 	mov	dpl,r5
      00007B 8E 83            [24] 1266 	mov	dph,r6
      00007D 8F F0            [24] 1267 	mov	b,r7
      00007F E5 81            [12] 1268 	mov	a,sp
      000081 24 FA            [12] 1269 	add	a,#0xfa
      000083 F8               [12] 1270 	mov	r0,a
      000084 E6               [12] 1271 	mov	a,@r0
      000085 12r00r00         [24] 1272 	lcall	__gptrput
      000088 A3               [24] 1273 	inc	dptr
      000089 08               [12] 1274 	inc	r0
      00008A E6               [12] 1275 	mov	a,@r0
      00008B 12r00r00         [24] 1276 	lcall	__gptrput
                                   1277 ;	../../../core/sys/rtimer.c:84: next_rtimer = rtimer;
      00008E 90r00r00         [24] 1278 	mov	dptr,#_next_rtimer
      000091 ED               [12] 1279 	mov	a,r5
      000092 F0               [24] 1280 	movx	@dptr,a
      000093 EE               [12] 1281 	mov	a,r6
      000094 A3               [24] 1282 	inc	dptr
      000095 F0               [24] 1283 	movx	@dptr,a
      000096 EF               [12] 1284 	mov	a,r7
      000097 A3               [24] 1285 	inc	dptr
      000098 F0               [24] 1286 	movx	@dptr,a
                                   1287 ;	../../../core/sys/rtimer.c:86: if(first == 1) {
      000099 A8 81            [24] 1288 	mov	r0,sp
      00009B 18               [12] 1289 	dec	r0
      00009C B6 01 17         [24] 1290 	cjne	@r0,#0x01,00104$
      00009F 08               [12] 1291 	inc	r0
      0000A0 B6 00 13         [24] 1292 	cjne	@r0,#0x00,00104$
                                   1293 ;	../../../core/sys/rtimer.c:87: rtimer_arch_schedule(time);
      0000A3 E5 81            [12] 1294 	mov	a,sp
      0000A5 24 FA            [12] 1295 	add	a,#0xfa
      0000A7 F8               [12] 1296 	mov	r0,a
      0000A8 86 82            [24] 1297 	mov	dpl,@r0
      0000AA 08               [12] 1298 	inc	r0
      0000AB 86 83            [24] 1299 	mov	dph,@r0
      0000AD 78r00            [12] 1300 	mov	r0,#_rtimer_arch_schedule
      0000AF 79s00            [12] 1301 	mov	r1,#(_rtimer_arch_schedule >> 8)
      0000B1 7As00            [12] 1302 	mov	r2,#(_rtimer_arch_schedule >> 16)
      0000B3 12r00r00         [24] 1303 	lcall	__sdcc_banked_call
      0000B6                       1304 00104$:
                                   1305 ;	../../../core/sys/rtimer.c:89: return RTIMER_OK;
      0000B6 90 00 00         [24] 1306 	mov	dptr,#0x0000
                                   1307 ;	../../../core/sys/rtimer.c:90: }
      0000B9 15 81            [12] 1308 	dec	sp
      0000BB 15 81            [12] 1309 	dec	sp
      0000BD 02r00r00         [24] 1310 	ljmp	__sdcc_banked_ret
                                   1311 ;------------------------------------------------------------
                                   1312 ;Allocation info for local variables in function 'rtimer_run_next'
                                   1313 ;------------------------------------------------------------
                                   1314 ;t                         Allocated to stack - sp -2
                                   1315 ;------------------------------------------------------------
                                   1316 ;	../../../core/sys/rtimer.c:93: rtimer_run_next(void)
                                   1317 ;	-----------------------------------------
                                   1318 ;	 function rtimer_run_next
                                   1319 ;	-----------------------------------------
      0000C0                       1320 _rtimer_run_next:
      0000C0 05 81            [12] 1321 	inc	sp
      0000C2 05 81            [12] 1322 	inc	sp
      0000C4 05 81            [12] 1323 	inc	sp
                                   1324 ;	../../../core/sys/rtimer.c:96: if(next_rtimer == NULL) {
      0000C6 90r00r00         [24] 1325 	mov	dptr,#_next_rtimer
      0000C9 E0               [24] 1326 	movx	a,@dptr
      0000CA F5 F0            [12] 1327 	mov	b,a
      0000CC A3               [24] 1328 	inc	dptr
      0000CD E0               [24] 1329 	movx	a,@dptr
      0000CE 45 F0            [12] 1330 	orl	a,b
      0000D0 70 03            [24] 1331 	jnz	00102$
                                   1332 ;	../../../core/sys/rtimer.c:97: return;
      0000D2 02r01rA2         [24] 1333 	ljmp	00105$
      0000D5                       1334 00102$:
                                   1335 ;	../../../core/sys/rtimer.c:99: t = next_rtimer;
      0000D5 90r00r00         [24] 1336 	mov	dptr,#_next_rtimer
      0000D8 E0               [24] 1337 	movx	a,@dptr
      0000D9 FD               [12] 1338 	mov	r5,a
      0000DA A3               [24] 1339 	inc	dptr
      0000DB E0               [24] 1340 	movx	a,@dptr
      0000DC FE               [12] 1341 	mov	r6,a
      0000DD A3               [24] 1342 	inc	dptr
      0000DE E0               [24] 1343 	movx	a,@dptr
      0000DF FF               [12] 1344 	mov	r7,a
      0000E0 A8 81            [24] 1345 	mov	r0,sp
      0000E2 18               [12] 1346 	dec	r0
      0000E3 18               [12] 1347 	dec	r0
      0000E4 A6 05            [24] 1348 	mov	@r0,ar5
      0000E6 08               [12] 1349 	inc	r0
      0000E7 A6 06            [24] 1350 	mov	@r0,ar6
      0000E9 08               [12] 1351 	inc	r0
      0000EA A6 07            [24] 1352 	mov	@r0,ar7
                                   1353 ;	../../../core/sys/rtimer.c:100: next_rtimer = NULL;
      0000EC 90r00r00         [24] 1354 	mov	dptr,#_next_rtimer
      0000EF E4               [12] 1355 	clr	a
      0000F0 F0               [24] 1356 	movx	@dptr,a
      0000F1 A3               [24] 1357 	inc	dptr
      0000F2 F0               [24] 1358 	movx	@dptr,a
      0000F3 A3               [24] 1359 	inc	dptr
      0000F4 F0               [24] 1360 	movx	@dptr,a
                                   1361 ;	../../../core/sys/rtimer.c:101: t->func(t, t->ptr);
      0000F5 A8 81            [24] 1362 	mov	r0,sp
      0000F7 18               [12] 1363 	dec	r0
      0000F8 18               [12] 1364 	dec	r0
      0000F9 74 02            [12] 1365 	mov	a,#0x02
      0000FB 26               [12] 1366 	add	a,@r0
      0000FC FA               [12] 1367 	mov	r2,a
      0000FD E4               [12] 1368 	clr	a
      0000FE 08               [12] 1369 	inc	r0
      0000FF 36               [12] 1370 	addc	a,@r0
      000100 FB               [12] 1371 	mov	r3,a
      000101 08               [12] 1372 	inc	r0
      000102 86 04            [24] 1373 	mov	ar4,@r0
      000104 8A 82            [24] 1374 	mov	dpl,r2
      000106 8B 83            [24] 1375 	mov	dph,r3
      000108 8C F0            [24] 1376 	mov	b,r4
      00010A 12r00r00         [24] 1377 	lcall	__gptrget
      00010D FA               [12] 1378 	mov	r2,a
      00010E A3               [24] 1379 	inc	dptr
      00010F 12r00r00         [24] 1380 	lcall	__gptrget
      000112 FB               [12] 1381 	mov	r3,a
      000113 A3               [24] 1382 	inc	dptr
      000114 12r00r00         [24] 1383 	lcall	__gptrget
      000117 FC               [12] 1384 	mov	r4,a
      000118 A8 81            [24] 1385 	mov	r0,sp
      00011A 18               [12] 1386 	dec	r0
      00011B 18               [12] 1387 	dec	r0
      00011C 74 05            [12] 1388 	mov	a,#0x05
      00011E 26               [12] 1389 	add	a,@r0
      00011F FD               [12] 1390 	mov	r5,a
      000120 E4               [12] 1391 	clr	a
      000121 08               [12] 1392 	inc	r0
      000122 36               [12] 1393 	addc	a,@r0
      000123 FE               [12] 1394 	mov	r6,a
      000124 08               [12] 1395 	inc	r0
      000125 86 07            [24] 1396 	mov	ar7,@r0
      000127 8D 82            [24] 1397 	mov	dpl,r5
      000129 8E 83            [24] 1398 	mov	dph,r6
      00012B 8F F0            [24] 1399 	mov	b,r7
      00012D 12r00r00         [24] 1400 	lcall	__gptrget
      000130 FD               [12] 1401 	mov	r5,a
      000131 A3               [24] 1402 	inc	dptr
      000132 12r00r00         [24] 1403 	lcall	__gptrget
      000135 FE               [12] 1404 	mov	r6,a
      000136 A3               [24] 1405 	inc	dptr
      000137 12r00r00         [24] 1406 	lcall	__gptrget
      00013A FF               [12] 1407 	mov	r7,a
      00013B C0 04            [24] 1408 	push	ar4
      00013D C0 03            [24] 1409 	push	ar3
      00013F C0 02            [24] 1410 	push	ar2
      000141 C0 05            [24] 1411 	push	ar5
      000143 C0 06            [24] 1412 	push	ar6
      000145 C0 07            [24] 1413 	push	ar7
      000147 C0 02            [24] 1414 	push	ar2
      000149 C0 03            [24] 1415 	push	ar3
      00014B C0 04            [24] 1416 	push	ar4
      00014D E5 81            [12] 1417 	mov	a,sp
      00014F 24 F5            [12] 1418 	add	a,#0xf5
      000151 F8               [12] 1419 	mov	r0,a
      000152 86 82            [24] 1420 	mov	dpl,@r0
      000154 08               [12] 1421 	inc	r0
      000155 86 83            [24] 1422 	mov	dph,@r0
      000157 08               [12] 1423 	inc	r0
      000158 86 F0            [24] 1424 	mov	b,@r0
      00015A D0 02            [24] 1425 	pop	ar2
      00015C D0 01            [24] 1426 	pop	ar1
      00015E D0 00            [24] 1427 	pop	ar0
      000160 12r00r00         [24] 1428 	lcall	__sdcc_banked_call
      000163 15 81            [12] 1429 	dec	sp
      000165 15 81            [12] 1430 	dec	sp
      000167 15 81            [12] 1431 	dec	sp
      000169 D0 02            [24] 1432 	pop	ar2
      00016B D0 03            [24] 1433 	pop	ar3
      00016D D0 04            [24] 1434 	pop	ar4
                                   1435 ;	../../../core/sys/rtimer.c:102: if(next_rtimer != NULL) {
      00016F 90r00r00         [24] 1436 	mov	dptr,#_next_rtimer
      000172 E0               [24] 1437 	movx	a,@dptr
      000173 F5 F0            [12] 1438 	mov	b,a
      000175 A3               [24] 1439 	inc	dptr
      000176 E0               [24] 1440 	movx	a,@dptr
      000177 45 F0            [12] 1441 	orl	a,b
      000179 60 27            [24] 1442 	jz	00104$
                                   1443 ;	../../../core/sys/rtimer.c:103: rtimer_arch_schedule(next_rtimer->time);
      00017B 90r00r00         [24] 1444 	mov	dptr,#_next_rtimer
      00017E E0               [24] 1445 	movx	a,@dptr
      00017F FD               [12] 1446 	mov	r5,a
      000180 A3               [24] 1447 	inc	dptr
      000181 E0               [24] 1448 	movx	a,@dptr
      000182 FE               [12] 1449 	mov	r6,a
      000183 A3               [24] 1450 	inc	dptr
      000184 E0               [24] 1451 	movx	a,@dptr
      000185 FF               [12] 1452 	mov	r7,a
      000186 8D 82            [24] 1453 	mov	dpl,r5
      000188 8E 83            [24] 1454 	mov	dph,r6
      00018A 8F F0            [24] 1455 	mov	b,r7
      00018C 12r00r00         [24] 1456 	lcall	__gptrget
      00018F FD               [12] 1457 	mov	r5,a
      000190 A3               [24] 1458 	inc	dptr
      000191 12r00r00         [24] 1459 	lcall	__gptrget
      000194 FE               [12] 1460 	mov	r6,a
      000195 8D 82            [24] 1461 	mov	dpl,r5
      000197 8E 83            [24] 1462 	mov	dph,r6
      000199 78r00            [12] 1463 	mov	r0,#_rtimer_arch_schedule
      00019B 79s00            [12] 1464 	mov	r1,#(_rtimer_arch_schedule >> 8)
      00019D 7As00            [12] 1465 	mov	r2,#(_rtimer_arch_schedule >> 16)
      00019F 12r00r00         [24] 1466 	lcall	__sdcc_banked_call
      0001A2                       1467 00104$:
                                   1468 ;	../../../core/sys/rtimer.c:105: return;
      0001A2                       1469 00105$:
                                   1470 ;	../../../core/sys/rtimer.c:106: }
      0001A2 15 81            [12] 1471 	dec	sp
      0001A4 15 81            [12] 1472 	dec	sp
      0001A6 15 81            [12] 1473 	dec	sp
      0001A8 02r00r00         [24] 1474 	ljmp	__sdcc_banked_ret
                                   1475 	.area CSEG    (CODE)
                                   1476 	.area CONST   (CODE)
                                   1477 	.area XINIT   (CODE)
                                   1478 	.area CABS    (ABS,CODE)
