                                      1 ;--------------------------------------------------------
                                      2 ; File Created by SDCC : free open source ANSI-C Compiler
                                      3 ; Version 3.8.4 #10774 (Linux)
                                      4 ;--------------------------------------------------------
                                      5 	.module uip_packetqueue
                                      6 	.optsdcc -mmcs51 --model-huge
                                      7 	
                                      8 ;--------------------------------------------------------
                                      9 ; Public variables in this module
                                     10 ;--------------------------------------------------------
                                     11 	.globl _memb_free
                                     12 	.globl _memb_alloc
                                     13 	.globl _ctimer_stop
                                     14 	.globl _ctimer_set
                                     15 	.globl _ACTIVE
                                     16 	.globl _TX_BYTE
                                     17 	.globl _RX_BYTE
                                     18 	.globl _ERR
                                     19 	.globl _FE
                                     20 	.globl _SLAVE
                                     21 	.globl _RE
                                     22 	.globl _MODE
                                     23 	.globl _T3OVFIF
                                     24 	.globl _T3CH0IF
                                     25 	.globl _T3CH1IF
                                     26 	.globl _T4OVFIF
                                     27 	.globl _T4CH0IF
                                     28 	.globl _T4CH1IF
                                     29 	.globl _OVFIM
                                     30 	.globl _B_0
                                     31 	.globl _B_1
                                     32 	.globl _B_2
                                     33 	.globl _B_3
                                     34 	.globl _B_4
                                     35 	.globl _B_5
                                     36 	.globl _B_6
                                     37 	.globl _B_7
                                     38 	.globl _P2IF
                                     39 	.globl _UTX0IF
                                     40 	.globl _UTX1IF
                                     41 	.globl _P1IF
                                     42 	.globl _WDTIF
                                     43 	.globl _ACC_0
                                     44 	.globl _ACC_1
                                     45 	.globl _ACC_2
                                     46 	.globl _ACC_3
                                     47 	.globl _ACC_4
                                     48 	.globl _ACC_5
                                     49 	.globl _ACC_6
                                     50 	.globl _ACC_7
                                     51 	.globl _P
                                     52 	.globl _F1
                                     53 	.globl _OV
                                     54 	.globl _RS0
                                     55 	.globl _RS1
                                     56 	.globl _F0
                                     57 	.globl _AC
                                     58 	.globl _CY
                                     59 	.globl _DMAIF
                                     60 	.globl _T1IF
                                     61 	.globl _T2IF
                                     62 	.globl _T3IF
                                     63 	.globl _T4IF
                                     64 	.globl _P0IF
                                     65 	.globl _STIF
                                     66 	.globl _DMAIE
                                     67 	.globl _T1IE
                                     68 	.globl _T2IE
                                     69 	.globl _T3IE
                                     70 	.globl _T4IE
                                     71 	.globl _P0IE
                                     72 	.globl _RFERRIE
                                     73 	.globl _ADCIE
                                     74 	.globl _URX0IE
                                     75 	.globl _URX1IE
                                     76 	.globl _ENCIE
                                     77 	.globl _STIE
                                     78 	.globl _EA
                                     79 	.globl _P2_0
                                     80 	.globl _P2_1
                                     81 	.globl _P2_2
                                     82 	.globl _P2_3
                                     83 	.globl _P2_4
                                     84 	.globl _P2_5
                                     85 	.globl _P2_6
                                     86 	.globl _P2_7
                                     87 	.globl _ENCIF_0
                                     88 	.globl _ENCIF_1
                                     89 	.globl _P1_0
                                     90 	.globl _P1_1
                                     91 	.globl _P1_2
                                     92 	.globl _P1_3
                                     93 	.globl _P1_4
                                     94 	.globl _P1_5
                                     95 	.globl _P1_6
                                     96 	.globl _P1_7
                                     97 	.globl _IT0
                                     98 	.globl _RFERRIF
                                     99 	.globl _IT1
                                    100 	.globl _URX0IF
                                    101 	.globl _ADCIF
                                    102 	.globl _URX1IF
                                    103 	.globl _P0_0
                                    104 	.globl _P0_1
                                    105 	.globl _P0_2
                                    106 	.globl _P0_3
                                    107 	.globl _P0_4
                                    108 	.globl _P0_5
                                    109 	.globl _P0_6
                                    110 	.globl _P0_7
                                    111 	.globl _WDCTL
                                    112 	.globl _U1GCR
                                    113 	.globl _U1UCR
                                    114 	.globl _U1BAUD
                                    115 	.globl _U1DBUF
                                    116 	.globl _U1CSR
                                    117 	.globl _U0GCR
                                    118 	.globl _U0UCR
                                    119 	.globl _U0BAUD
                                    120 	.globl _U0DBUF
                                    121 	.globl _U0CSR
                                    122 	.globl _TIMIF
                                    123 	.globl _T4CC1
                                    124 	.globl _T4CCTL1
                                    125 	.globl _T4CC0
                                    126 	.globl _T4CCTL0
                                    127 	.globl _T4CTL
                                    128 	.globl _T4CNT
                                    129 	.globl _T3CC1
                                    130 	.globl _T3CCTL1
                                    131 	.globl _T3CC0
                                    132 	.globl _T3CCTL0
                                    133 	.globl _T3CTL
                                    134 	.globl _T3CNT
                                    135 	.globl _T2MSEL
                                    136 	.globl _T2IRQM
                                    137 	.globl _T2MOVF2
                                    138 	.globl _T2MOVF1
                                    139 	.globl _T2MOVF0
                                    140 	.globl _T2M1
                                    141 	.globl _T2M0
                                    142 	.globl _T2IRQF
                                    143 	.globl _T2EVTCFG
                                    144 	.globl _T2CTRL
                                    145 	.globl _T1STAT
                                    146 	.globl _T1CCTL2
                                    147 	.globl _T1CCTL1
                                    148 	.globl _T1CCTL0
                                    149 	.globl _T1CTL
                                    150 	.globl _T1CNTH
                                    151 	.globl _T1CNTL
                                    152 	.globl _T1CC2H
                                    153 	.globl _T1CC2L
                                    154 	.globl _T1CC1H
                                    155 	.globl _T1CC1L
                                    156 	.globl _T1CC0H
                                    157 	.globl _T1CC0L
                                    158 	.globl _CLKCONSTA
                                    159 	.globl _CLKCONCMD
                                    160 	.globl _SLEEPSTA
                                    161 	.globl _SLEEPCMD
                                    162 	.globl _STLOAD
                                    163 	.globl _ST2
                                    164 	.globl _ST1
                                    165 	.globl _ST0
                                    166 	.globl _RFERRF
                                    167 	.globl _RFIRQF0
                                    168 	.globl _RFST
                                    169 	.globl _RFD
                                    170 	.globl _RFIRQF1
                                    171 	.globl _PSBANK
                                    172 	.globl _FMAP
                                    173 	.globl _MEMCTR
                                    174 	.globl __XPAGE
                                    175 	.globl _MPAGE
                                    176 	.globl _PMUX
                                    177 	.globl _P2DIR
                                    178 	.globl _P1DIR
                                    179 	.globl _P0DIR
                                    180 	.globl _P2INP
                                    181 	.globl _P1INP
                                    182 	.globl _P2SEL
                                    183 	.globl _P1SEL
                                    184 	.globl _P0SEL
                                    185 	.globl _APCFG
                                    186 	.globl _PERCFG
                                    187 	.globl _P0INP
                                    188 	.globl _P2IEN
                                    189 	.globl _P1IEN
                                    190 	.globl _P0IEN
                                    191 	.globl _PICTL
                                    192 	.globl _P2IFG
                                    193 	.globl _P1IFG
                                    194 	.globl _P0IFG
                                    195 	.globl _DMAREQ
                                    196 	.globl _DMAARM
                                    197 	.globl _DMA0CFGH
                                    198 	.globl _DMA0CFGL
                                    199 	.globl _DMA1CFGH
                                    200 	.globl _DMA1CFGL
                                    201 	.globl _DMAIRQ
                                    202 	.globl _ENCCS
                                    203 	.globl _ENCDO
                                    204 	.globl _ENCDI
                                    205 	.globl _RNDH
                                    206 	.globl _RNDL
                                    207 	.globl _ADCH
                                    208 	.globl _ADCL
                                    209 	.globl _ADCCON3
                                    210 	.globl _ADCCON2
                                    211 	.globl _ADCCON1
                                    212 	.globl _B
                                    213 	.globl _IRCON2
                                    214 	.globl _ACC
                                    215 	.globl _PSW
                                    216 	.globl _IRCON
                                    217 	.globl _IP1
                                    218 	.globl _IEN1
                                    219 	.globl _IP0
                                    220 	.globl _IEN0
                                    221 	.globl _P2
                                    222 	.globl _S1CON
                                    223 	.globl _IEN2
                                    224 	.globl _S0CON
                                    225 	.globl _DPS
                                    226 	.globl _P1
                                    227 	.globl _TCON
                                    228 	.globl _PCON
                                    229 	.globl _DPH1
                                    230 	.globl _DPL1
                                    231 	.globl _DPH0
                                    232 	.globl _DPL0
                                    233 	.globl _SP
                                    234 	.globl _P0
                                    235 	.globl _X_IEEE_ADDR
                                    236 	.globl _X_INFOPAGE
                                    237 	.globl _X_P2DIR
                                    238 	.globl _X_P1DIR
                                    239 	.globl _X_P0DIR
                                    240 	.globl _X_U1GCR
                                    241 	.globl _X_U1UCR
                                    242 	.globl _X_U1BAUD
                                    243 	.globl _X_U1DBUF
                                    244 	.globl _X_U1CSR
                                    245 	.globl _X_P2INP
                                    246 	.globl _X_P1INP
                                    247 	.globl _X_P2SEL
                                    248 	.globl _X_P1SEL
                                    249 	.globl _X_P0SEL
                                    250 	.globl _X_APCFG
                                    251 	.globl _X_PERCFG
                                    252 	.globl _X_T4CC1
                                    253 	.globl _X_T4CCTL1
                                    254 	.globl _X_T4CC0
                                    255 	.globl _X_T4CCTL0
                                    256 	.globl _X_T4CTL
                                    257 	.globl _X_T4CNT
                                    258 	.globl _X_RFIRQF0
                                    259 	.globl _X_T1CCTL2
                                    260 	.globl _X_T1CCTL1
                                    261 	.globl _X_T1CCTL0
                                    262 	.globl _X_T1CTL
                                    263 	.globl _X_T1CNTH
                                    264 	.globl _X_T1CNTL
                                    265 	.globl _X_RFST
                                    266 	.globl _X_T1CC2H
                                    267 	.globl _X_T1CC2L
                                    268 	.globl _X_T1CC1H
                                    269 	.globl _X_T1CC1L
                                    270 	.globl _X_T1CC0H
                                    271 	.globl _X_T1CC0L
                                    272 	.globl _X_RFD
                                    273 	.globl _X_TIMIF
                                    274 	.globl _X_DMAREQ
                                    275 	.globl _X_DMAARM
                                    276 	.globl _X_DMA0CFGH
                                    277 	.globl _X_DMA0CFGL
                                    278 	.globl _X_DMA1CFGH
                                    279 	.globl _X_DMA1CFGL
                                    280 	.globl _X_DMAIRQ
                                    281 	.globl _X_T3CC1
                                    282 	.globl _X_T3CCTL1
                                    283 	.globl _X_T3CC0
                                    284 	.globl _X_T3CCTL0
                                    285 	.globl _X_T3CTL
                                    286 	.globl _X_T3CNT
                                    287 	.globl _X_WDCTL
                                    288 	.globl _X_MEMCTR
                                    289 	.globl _X_CLKCONCMD
                                    290 	.globl _X_U0GCR
                                    291 	.globl _X_U0UCR
                                    292 	.globl _X_T2MSEL
                                    293 	.globl _X_U0BAUD
                                    294 	.globl _X_U0DBUF
                                    295 	.globl _X_RFERRF
                                    296 	.globl _X_SLEEPCMD
                                    297 	.globl _X_RNDH
                                    298 	.globl _X_RNDL
                                    299 	.globl _X_ADCH
                                    300 	.globl _X_ADCL
                                    301 	.globl _X_ADCCON3
                                    302 	.globl _X_ADCCON2
                                    303 	.globl _X_ADCCON1
                                    304 	.globl _X_ENCCS
                                    305 	.globl _X_ENCDO
                                    306 	.globl _X_ENCDI
                                    307 	.globl _X_T1STAT
                                    308 	.globl _X_PMUX
                                    309 	.globl _X_STLOAD
                                    310 	.globl _X_P2IEN
                                    311 	.globl _X_P0IEN
                                    312 	.globl _X_T2IRQM
                                    313 	.globl _X_T2MOVF2
                                    314 	.globl _X_T2MOVF1
                                    315 	.globl _X_T2MOVF0
                                    316 	.globl _X_T2M1
                                    317 	.globl _X_T2M0
                                    318 	.globl _X_T2IRQF
                                    319 	.globl _X_P2
                                    320 	.globl _X_PSBANK
                                    321 	.globl _X_FMAP
                                    322 	.globl _X_CLKCONSTA
                                    323 	.globl _X_SLEEPSTA
                                    324 	.globl _X_T2EVTCFG
                                    325 	.globl _X_ST2
                                    326 	.globl _X_ST1
                                    327 	.globl _X_ST0
                                    328 	.globl _X_T2CTRL
                                    329 	.globl _X__XPAGE
                                    330 	.globl _X_MPAGE
                                    331 	.globl _X_RFIRQF1
                                    332 	.globl _X_P1
                                    333 	.globl _X_P0INP
                                    334 	.globl _X_P1IEN
                                    335 	.globl _X_PICTL
                                    336 	.globl _X_P2IFG
                                    337 	.globl _X_P1IFG
                                    338 	.globl _X_P0IFG
                                    339 	.globl _X_U0CSR
                                    340 	.globl _X_P0
                                    341 	.globl _USBF5
                                    342 	.globl _USBF4
                                    343 	.globl _USBF3
                                    344 	.globl _USBF2
                                    345 	.globl _USBF1
                                    346 	.globl _USBF0
                                    347 	.globl _USBCNTH
                                    348 	.globl _USBCNTL
                                    349 	.globl _USBCNT0
                                    350 	.globl _USBCSOH
                                    351 	.globl _USBCSOL
                                    352 	.globl _USBMAXO
                                    353 	.globl _USBCSIH
                                    354 	.globl _USBCSIL
                                    355 	.globl _USBCS0
                                    356 	.globl _USBMAXI
                                    357 	.globl _USBCTRL
                                    358 	.globl _USBINDEX
                                    359 	.globl _USBFRMH
                                    360 	.globl _USBFRML
                                    361 	.globl _USBCIE
                                    362 	.globl _USBOIE
                                    363 	.globl _USBIIE
                                    364 	.globl _USBCIF
                                    365 	.globl _USBOIF
                                    366 	.globl _USBIIF
                                    367 	.globl _USBPOW
                                    368 	.globl _USBADDR
                                    369 	.globl _CSPT
                                    370 	.globl _CSPZ
                                    371 	.globl _CSPY
                                    372 	.globl _CSPX
                                    373 	.globl _CSPSTAT
                                    374 	.globl _CSPCTRL
                                    375 	.globl _CSPPROG23
                                    376 	.globl _CSPPROG22
                                    377 	.globl _CSPPROG21
                                    378 	.globl _CSPPROG20
                                    379 	.globl _CSPPROG19
                                    380 	.globl _CSPPROG18
                                    381 	.globl _CSPPROG17
                                    382 	.globl _CSPPROG16
                                    383 	.globl _CSPPROG15
                                    384 	.globl _CSPPROG14
                                    385 	.globl _CSPPROG13
                                    386 	.globl _CSPPROG12
                                    387 	.globl _CSPPROG11
                                    388 	.globl _CSPPROG10
                                    389 	.globl _CSPPROG9
                                    390 	.globl _CSPPROG8
                                    391 	.globl _CSPPROG7
                                    392 	.globl _CSPPROG6
                                    393 	.globl _CSPPROG5
                                    394 	.globl _CSPPROG4
                                    395 	.globl _CSPPROG3
                                    396 	.globl _CSPPROG2
                                    397 	.globl _CSPPROG1
                                    398 	.globl _CSPPROG0
                                    399 	.globl _RFC_OBS_CTRL2
                                    400 	.globl _RFC_OBS_CTRL1
                                    401 	.globl _RFC_OBS_CTRL0
                                    402 	.globl _TXFILTCFG
                                    403 	.globl _PTEST1
                                    404 	.globl _PTEST0
                                    405 	.globl _ATEST
                                    406 	.globl _DACTEST2
                                    407 	.globl _DACTEST1
                                    408 	.globl _DACTEST0
                                    409 	.globl _MDMTEST1
                                    410 	.globl _MDMTEST0
                                    411 	.globl _ADCTEST2
                                    412 	.globl _ADCTEST1
                                    413 	.globl _ADCTEST0
                                    414 	.globl _AGCCTRL3
                                    415 	.globl _AGCCTRL2
                                    416 	.globl _AGCCTRL1
                                    417 	.globl _AGCCTRL0
                                    418 	.globl _FSCAL3
                                    419 	.globl _FSCAL2
                                    420 	.globl _FSCAL1
                                    421 	.globl _FSCAL0
                                    422 	.globl _FSCTRL
                                    423 	.globl _RXCTRL
                                    424 	.globl _FREQEST
                                    425 	.globl _MDMCTRL1
                                    426 	.globl _MDMCTRL0
                                    427 	.globl _RFRND
                                    428 	.globl _RFERRM
                                    429 	.globl _RFIRQM1
                                    430 	.globl _RFIRQM0
                                    431 	.globl _TXLAST_PTR
                                    432 	.globl _TXFIRST_PTR
                                    433 	.globl _RXP1_PTR
                                    434 	.globl _RXLAST_PTR
                                    435 	.globl _RXFIRST_PTR
                                    436 	.globl _TXFIFOCNT
                                    437 	.globl _RXFIFOCNT
                                    438 	.globl _RXFIRST
                                    439 	.globl _RSSISTAT
                                    440 	.globl _RSSI
                                    441 	.globl _CCACTRL1
                                    442 	.globl _CCACTRL0
                                    443 	.globl _FSMCTRL
                                    444 	.globl _FIFOPCTRL
                                    445 	.globl _FSMSTAT1
                                    446 	.globl _FSMSTAT0
                                    447 	.globl _TXCTRL
                                    448 	.globl _TXPOWER
                                    449 	.globl _FREQCTRL
                                    450 	.globl _FREQTUNE
                                    451 	.globl _RXMASKCLR
                                    452 	.globl _RXMASKSET
                                    453 	.globl _RXENABLE
                                    454 	.globl _FRMCTRL1
                                    455 	.globl _FRMCTRL0
                                    456 	.globl _SRCEXTEN2
                                    457 	.globl _SRCEXTEN1
                                    458 	.globl _SRCEXTEN0
                                    459 	.globl _SRCSHORTEN2
                                    460 	.globl _SRCSHORTEN1
                                    461 	.globl _SRCSHORTEN0
                                    462 	.globl _SRCMATCH
                                    463 	.globl _FRMFILT1
                                    464 	.globl _FRMFILT0
                                    465 	.globl _SHORT_ADDR1
                                    466 	.globl _SHORT_ADDR0
                                    467 	.globl _PAN_ID1
                                    468 	.globl _PAN_ID0
                                    469 	.globl _EXT_ADDR7
                                    470 	.globl _EXT_ADDR6
                                    471 	.globl _EXT_ADDR5
                                    472 	.globl _EXT_ADDR4
                                    473 	.globl _EXT_ADDR3
                                    474 	.globl _EXT_ADDR2
                                    475 	.globl _EXT_ADDR1
                                    476 	.globl _EXT_ADDR0
                                    477 	.globl _SRCSHORTPENDEN2
                                    478 	.globl _SRCSHORTPENDEN1
                                    479 	.globl _SRCSHORTPENDEN0
                                    480 	.globl _SRCEXTPENDEN2
                                    481 	.globl _SRCEXTPENDEN1
                                    482 	.globl _SRCEXTPENDEN0
                                    483 	.globl _SRCRESINDEX
                                    484 	.globl _SRCRESMASK2
                                    485 	.globl _SRCRESMASK1
                                    486 	.globl _SRCRESMASK0
                                    487 	.globl _SRC_ADDR_TABLE
                                    488 	.globl _TXFIFO
                                    489 	.globl _RXFIFO
                                    490 	.globl _RFCORE_RAM
                                    491 	.globl _CMPCTL
                                    492 	.globl _OPAMPS
                                    493 	.globl _OPAMPC
                                    494 	.globl _STCV2
                                    495 	.globl _STCV1
                                    496 	.globl _STCV0
                                    497 	.globl _STCS
                                    498 	.globl _STCC
                                    499 	.globl _T1CC4H
                                    500 	.globl _T1CC4L
                                    501 	.globl _T1CC3H
                                    502 	.globl _T1CC3L
                                    503 	.globl _XX_T1CC2H
                                    504 	.globl _XX_T1CC2L
                                    505 	.globl _XX_T1CC1H
                                    506 	.globl _XX_T1CC1L
                                    507 	.globl _XX_T1CC0H
                                    508 	.globl _XX_T1CC0L
                                    509 	.globl _T1CCTL4
                                    510 	.globl _T1CCTL3
                                    511 	.globl _XX_T1CCTL2
                                    512 	.globl _XX_T1CCTL1
                                    513 	.globl _XX_T1CCTL0
                                    514 	.globl _CLD
                                    515 	.globl _IRCTL
                                    516 	.globl _CHIPINFO1
                                    517 	.globl _CHIPINFO0
                                    518 	.globl _FWDATA
                                    519 	.globl _FADDRH
                                    520 	.globl _FADDRL
                                    521 	.globl _FCTL
                                    522 	.globl _IVCTRL
                                    523 	.globl _BATTMON
                                    524 	.globl _SRCRC
                                    525 	.globl _DBGDATA
                                    526 	.globl _TESTREG0
                                    527 	.globl _CHIPID
                                    528 	.globl _CHVER
                                    529 	.globl _OBSSEL5
                                    530 	.globl _OBSSEL4
                                    531 	.globl _OBSSEL3
                                    532 	.globl _OBSSEL2
                                    533 	.globl _OBSSEL1
                                    534 	.globl _OBSSEL0
                                    535 	.globl _I2CIO
                                    536 	.globl _I2CWC
                                    537 	.globl _I2CADDR
                                    538 	.globl _I2CDATA
                                    539 	.globl _I2CSTAT
                                    540 	.globl _I2CCFG
                                    541 	.globl _OPAMPMC
                                    542 	.globl _MONMUX
                                    543 	.globl _uip_packetqueue_new
                                    544 	.globl _uip_packetqueue_alloc
                                    545 	.globl _uip_packetqueue_free
                                    546 	.globl _uip_packetqueue_buf
                                    547 	.globl _uip_packetqueue_buflen
                                    548 	.globl _uip_packetqueue_set_buflen
                                    549 ;--------------------------------------------------------
                                    550 ; special function registers
                                    551 ;--------------------------------------------------------
                                    552 	.area RSEG    (ABS,DATA)
      000000                        553 	.org 0x0000
                           000080   554 _P0	=	0x0080
                           000081   555 _SP	=	0x0081
                           000082   556 _DPL0	=	0x0082
                           000083   557 _DPH0	=	0x0083
                           000084   558 _DPL1	=	0x0084
                           000085   559 _DPH1	=	0x0085
                           000087   560 _PCON	=	0x0087
                           000088   561 _TCON	=	0x0088
                           000090   562 _P1	=	0x0090
                           000092   563 _DPS	=	0x0092
                           000098   564 _S0CON	=	0x0098
                           00009A   565 _IEN2	=	0x009a
                           00009B   566 _S1CON	=	0x009b
                           0000A0   567 _P2	=	0x00a0
                           0000A8   568 _IEN0	=	0x00a8
                           0000A9   569 _IP0	=	0x00a9
                           0000B8   570 _IEN1	=	0x00b8
                           0000B9   571 _IP1	=	0x00b9
                           0000C0   572 _IRCON	=	0x00c0
                           0000D0   573 _PSW	=	0x00d0
                           0000E0   574 _ACC	=	0x00e0
                           0000E8   575 _IRCON2	=	0x00e8
                           0000F0   576 _B	=	0x00f0
                           0000B4   577 _ADCCON1	=	0x00b4
                           0000B5   578 _ADCCON2	=	0x00b5
                           0000B6   579 _ADCCON3	=	0x00b6
                           0000BA   580 _ADCL	=	0x00ba
                           0000BB   581 _ADCH	=	0x00bb
                           0000BC   582 _RNDL	=	0x00bc
                           0000BD   583 _RNDH	=	0x00bd
                           0000B1   584 _ENCDI	=	0x00b1
                           0000B2   585 _ENCDO	=	0x00b2
                           0000B3   586 _ENCCS	=	0x00b3
                           0000D1   587 _DMAIRQ	=	0x00d1
                           0000D2   588 _DMA1CFGL	=	0x00d2
                           0000D3   589 _DMA1CFGH	=	0x00d3
                           0000D4   590 _DMA0CFGL	=	0x00d4
                           0000D5   591 _DMA0CFGH	=	0x00d5
                           0000D6   592 _DMAARM	=	0x00d6
                           0000D7   593 _DMAREQ	=	0x00d7
                           000089   594 _P0IFG	=	0x0089
                           00008A   595 _P1IFG	=	0x008a
                           00008B   596 _P2IFG	=	0x008b
                           00008C   597 _PICTL	=	0x008c
                           0000AB   598 _P0IEN	=	0x00ab
                           00008D   599 _P1IEN	=	0x008d
                           0000AC   600 _P2IEN	=	0x00ac
                           00008F   601 _P0INP	=	0x008f
                           0000F1   602 _PERCFG	=	0x00f1
                           0000F2   603 _APCFG	=	0x00f2
                           0000F3   604 _P0SEL	=	0x00f3
                           0000F4   605 _P1SEL	=	0x00f4
                           0000F5   606 _P2SEL	=	0x00f5
                           0000F6   607 _P1INP	=	0x00f6
                           0000F7   608 _P2INP	=	0x00f7
                           0000FD   609 _P0DIR	=	0x00fd
                           0000FE   610 _P1DIR	=	0x00fe
                           0000FF   611 _P2DIR	=	0x00ff
                           0000AE   612 _PMUX	=	0x00ae
                           000093   613 _MPAGE	=	0x0093
                           000093   614 __XPAGE	=	0x0093
                           0000C7   615 _MEMCTR	=	0x00c7
                           00009F   616 _FMAP	=	0x009f
                           00009F   617 _PSBANK	=	0x009f
                           000091   618 _RFIRQF1	=	0x0091
                           0000D9   619 _RFD	=	0x00d9
                           0000E1   620 _RFST	=	0x00e1
                           0000E9   621 _RFIRQF0	=	0x00e9
                           0000BF   622 _RFERRF	=	0x00bf
                           000095   623 _ST0	=	0x0095
                           000096   624 _ST1	=	0x0096
                           000097   625 _ST2	=	0x0097
                           0000AD   626 _STLOAD	=	0x00ad
                           0000BE   627 _SLEEPCMD	=	0x00be
                           00009D   628 _SLEEPSTA	=	0x009d
                           0000C6   629 _CLKCONCMD	=	0x00c6
                           00009E   630 _CLKCONSTA	=	0x009e
                           0000DA   631 _T1CC0L	=	0x00da
                           0000DB   632 _T1CC0H	=	0x00db
                           0000DC   633 _T1CC1L	=	0x00dc
                           0000DD   634 _T1CC1H	=	0x00dd
                           0000DE   635 _T1CC2L	=	0x00de
                           0000DF   636 _T1CC2H	=	0x00df
                           0000E2   637 _T1CNTL	=	0x00e2
                           0000E3   638 _T1CNTH	=	0x00e3
                           0000E4   639 _T1CTL	=	0x00e4
                           0000E5   640 _T1CCTL0	=	0x00e5
                           0000E6   641 _T1CCTL1	=	0x00e6
                           0000E7   642 _T1CCTL2	=	0x00e7
                           0000AF   643 _T1STAT	=	0x00af
                           000094   644 _T2CTRL	=	0x0094
                           00009C   645 _T2EVTCFG	=	0x009c
                           0000A1   646 _T2IRQF	=	0x00a1
                           0000A2   647 _T2M0	=	0x00a2
                           0000A3   648 _T2M1	=	0x00a3
                           0000A4   649 _T2MOVF0	=	0x00a4
                           0000A5   650 _T2MOVF1	=	0x00a5
                           0000A6   651 _T2MOVF2	=	0x00a6
                           0000A7   652 _T2IRQM	=	0x00a7
                           0000C3   653 _T2MSEL	=	0x00c3
                           0000CA   654 _T3CNT	=	0x00ca
                           0000CB   655 _T3CTL	=	0x00cb
                           0000CC   656 _T3CCTL0	=	0x00cc
                           0000CD   657 _T3CC0	=	0x00cd
                           0000CE   658 _T3CCTL1	=	0x00ce
                           0000CF   659 _T3CC1	=	0x00cf
                           0000EA   660 _T4CNT	=	0x00ea
                           0000EB   661 _T4CTL	=	0x00eb
                           0000EC   662 _T4CCTL0	=	0x00ec
                           0000ED   663 _T4CC0	=	0x00ed
                           0000EE   664 _T4CCTL1	=	0x00ee
                           0000EF   665 _T4CC1	=	0x00ef
                           0000D8   666 _TIMIF	=	0x00d8
                           000086   667 _U0CSR	=	0x0086
                           0000C1   668 _U0DBUF	=	0x00c1
                           0000C2   669 _U0BAUD	=	0x00c2
                           0000C4   670 _U0UCR	=	0x00c4
                           0000C5   671 _U0GCR	=	0x00c5
                           0000F8   672 _U1CSR	=	0x00f8
                           0000F9   673 _U1DBUF	=	0x00f9
                           0000FA   674 _U1BAUD	=	0x00fa
                           0000FB   675 _U1UCR	=	0x00fb
                           0000FC   676 _U1GCR	=	0x00fc
                           0000C9   677 _WDCTL	=	0x00c9
                                    678 ;--------------------------------------------------------
                                    679 ; special function bits
                                    680 ;--------------------------------------------------------
                                    681 	.area RSEG    (ABS,DATA)
      000000                        682 	.org 0x0000
                           000087   683 _P0_7	=	0x0087
                           000086   684 _P0_6	=	0x0086
                           000085   685 _P0_5	=	0x0085
                           000084   686 _P0_4	=	0x0084
                           000083   687 _P0_3	=	0x0083
                           000082   688 _P0_2	=	0x0082
                           000081   689 _P0_1	=	0x0081
                           000080   690 _P0_0	=	0x0080
                           00008F   691 _URX1IF	=	0x008f
                           00008D   692 _ADCIF	=	0x008d
                           00008B   693 _URX0IF	=	0x008b
                           00008A   694 _IT1	=	0x008a
                           000089   695 _RFERRIF	=	0x0089
                           000088   696 _IT0	=	0x0088
                           000097   697 _P1_7	=	0x0097
                           000096   698 _P1_6	=	0x0096
                           000095   699 _P1_5	=	0x0095
                           000094   700 _P1_4	=	0x0094
                           000093   701 _P1_3	=	0x0093
                           000092   702 _P1_2	=	0x0092
                           000091   703 _P1_1	=	0x0091
                           000090   704 _P1_0	=	0x0090
                           000099   705 _ENCIF_1	=	0x0099
                           000098   706 _ENCIF_0	=	0x0098
                           0000A7   707 _P2_7	=	0x00a7
                           0000A6   708 _P2_6	=	0x00a6
                           0000A5   709 _P2_5	=	0x00a5
                           0000A4   710 _P2_4	=	0x00a4
                           0000A3   711 _P2_3	=	0x00a3
                           0000A2   712 _P2_2	=	0x00a2
                           0000A1   713 _P2_1	=	0x00a1
                           0000A0   714 _P2_0	=	0x00a0
                           0000AF   715 _EA	=	0x00af
                           0000AD   716 _STIE	=	0x00ad
                           0000AC   717 _ENCIE	=	0x00ac
                           0000AB   718 _URX1IE	=	0x00ab
                           0000AA   719 _URX0IE	=	0x00aa
                           0000A9   720 _ADCIE	=	0x00a9
                           0000A8   721 _RFERRIE	=	0x00a8
                           0000BD   722 _P0IE	=	0x00bd
                           0000BC   723 _T4IE	=	0x00bc
                           0000BB   724 _T3IE	=	0x00bb
                           0000BA   725 _T2IE	=	0x00ba
                           0000B9   726 _T1IE	=	0x00b9
                           0000B8   727 _DMAIE	=	0x00b8
                           0000C7   728 _STIF	=	0x00c7
                           0000C5   729 _P0IF	=	0x00c5
                           0000C4   730 _T4IF	=	0x00c4
                           0000C3   731 _T3IF	=	0x00c3
                           0000C2   732 _T2IF	=	0x00c2
                           0000C1   733 _T1IF	=	0x00c1
                           0000C0   734 _DMAIF	=	0x00c0
                           0000D7   735 _CY	=	0x00d7
                           0000D6   736 _AC	=	0x00d6
                           0000D5   737 _F0	=	0x00d5
                           0000D4   738 _RS1	=	0x00d4
                           0000D3   739 _RS0	=	0x00d3
                           0000D2   740 _OV	=	0x00d2
                           0000D1   741 _F1	=	0x00d1
                           0000D0   742 _P	=	0x00d0
                           0000E7   743 _ACC_7	=	0x00e7
                           0000E6   744 _ACC_6	=	0x00e6
                           0000E5   745 _ACC_5	=	0x00e5
                           0000E4   746 _ACC_4	=	0x00e4
                           0000E3   747 _ACC_3	=	0x00e3
                           0000E2   748 _ACC_2	=	0x00e2
                           0000E1   749 _ACC_1	=	0x00e1
                           0000E0   750 _ACC_0	=	0x00e0
                           0000EC   751 _WDTIF	=	0x00ec
                           0000EB   752 _P1IF	=	0x00eb
                           0000EA   753 _UTX1IF	=	0x00ea
                           0000E9   754 _UTX0IF	=	0x00e9
                           0000E8   755 _P2IF	=	0x00e8
                           0000F7   756 _B_7	=	0x00f7
                           0000F6   757 _B_6	=	0x00f6
                           0000F5   758 _B_5	=	0x00f5
                           0000F4   759 _B_4	=	0x00f4
                           0000F3   760 _B_3	=	0x00f3
                           0000F2   761 _B_2	=	0x00f2
                           0000F1   762 _B_1	=	0x00f1
                           0000F0   763 _B_0	=	0x00f0
                           0000DE   764 _OVFIM	=	0x00de
                           0000DD   765 _T4CH1IF	=	0x00dd
                           0000DC   766 _T4CH0IF	=	0x00dc
                           0000DB   767 _T4OVFIF	=	0x00db
                           0000DA   768 _T3CH1IF	=	0x00da
                           0000D9   769 _T3CH0IF	=	0x00d9
                           0000D8   770 _T3OVFIF	=	0x00d8
                           0000FF   771 _MODE	=	0x00ff
                           0000FE   772 _RE	=	0x00fe
                           0000FD   773 _SLAVE	=	0x00fd
                           0000FC   774 _FE	=	0x00fc
                           0000FB   775 _ERR	=	0x00fb
                           0000FA   776 _RX_BYTE	=	0x00fa
                           0000F9   777 _TX_BYTE	=	0x00f9
                           0000F8   778 _ACTIVE	=	0x00f8
                                    779 ;--------------------------------------------------------
                                    780 ; overlayable register banks
                                    781 ;--------------------------------------------------------
                                    782 	.area REG_BANK_0	(REL,OVR,DATA)
      000000                        783 	.ds 8
                                    784 ;--------------------------------------------------------
                                    785 ; internal ram data
                                    786 ;--------------------------------------------------------
                                    787 	.area DSEG    (DATA)
                                    788 ;--------------------------------------------------------
                                    789 ; overlayable items in internal ram 
                                    790 ;--------------------------------------------------------
                                    791 ;--------------------------------------------------------
                                    792 ; indirectly addressable internal ram data
                                    793 ;--------------------------------------------------------
                                    794 	.area ISEG    (DATA)
                                    795 ;--------------------------------------------------------
                                    796 ; absolute internal ram data
                                    797 ;--------------------------------------------------------
                                    798 	.area IABS    (ABS,DATA)
                                    799 	.area IABS    (ABS,DATA)
                                    800 ;--------------------------------------------------------
                                    801 ; bit data
                                    802 ;--------------------------------------------------------
                                    803 	.area BSEG    (BIT)
                                    804 ;--------------------------------------------------------
                                    805 ; paged external ram data
                                    806 ;--------------------------------------------------------
                                    807 	.area PSEG    (PAG,XDATA)
                                    808 ;--------------------------------------------------------
                                    809 ; external ram data
                                    810 ;--------------------------------------------------------
                                    811 	.area XSEG    (XDATA)
                           0061A6   812 _MONMUX	=	0x61a6
                           0061A6   813 _OPAMPMC	=	0x61a6
                           006230   814 _I2CCFG	=	0x6230
                           006231   815 _I2CSTAT	=	0x6231
                           006232   816 _I2CDATA	=	0x6232
                           006233   817 _I2CADDR	=	0x6233
                           006234   818 _I2CWC	=	0x6234
                           006235   819 _I2CIO	=	0x6235
                           006243   820 _OBSSEL0	=	0x6243
                           006244   821 _OBSSEL1	=	0x6244
                           006245   822 _OBSSEL2	=	0x6245
                           006246   823 _OBSSEL3	=	0x6246
                           006247   824 _OBSSEL4	=	0x6247
                           006248   825 _OBSSEL5	=	0x6248
                           006249   826 _CHVER	=	0x6249
                           00624A   827 _CHIPID	=	0x624a
                           00624B   828 _TESTREG0	=	0x624b
                           006260   829 _DBGDATA	=	0x6260
                           006262   830 _SRCRC	=	0x6262
                           006264   831 _BATTMON	=	0x6264
                           006265   832 _IVCTRL	=	0x6265
                           006270   833 _FCTL	=	0x6270
                           006271   834 _FADDRL	=	0x6271
                           006272   835 _FADDRH	=	0x6272
                           006273   836 _FWDATA	=	0x6273
                           006276   837 _CHIPINFO0	=	0x6276
                           006277   838 _CHIPINFO1	=	0x6277
                           006281   839 _IRCTL	=	0x6281
                           006290   840 _CLD	=	0x6290
                           0062A0   841 _XX_T1CCTL0	=	0x62a0
                           0062A1   842 _XX_T1CCTL1	=	0x62a1
                           0062A2   843 _XX_T1CCTL2	=	0x62a2
                           0062A3   844 _T1CCTL3	=	0x62a3
                           0062A4   845 _T1CCTL4	=	0x62a4
                           0062A6   846 _XX_T1CC0L	=	0x62a6
                           0062A7   847 _XX_T1CC0H	=	0x62a7
                           0062A8   848 _XX_T1CC1L	=	0x62a8
                           0062A9   849 _XX_T1CC1H	=	0x62a9
                           0062AA   850 _XX_T1CC2L	=	0x62aa
                           0062AB   851 _XX_T1CC2H	=	0x62ab
                           0062AC   852 _T1CC3L	=	0x62ac
                           0062AD   853 _T1CC3H	=	0x62ad
                           0062AE   854 _T1CC4L	=	0x62ae
                           0062AF   855 _T1CC4H	=	0x62af
                           0062B0   856 _STCC	=	0x62b0
                           0062B1   857 _STCS	=	0x62b1
                           0062B2   858 _STCV0	=	0x62b2
                           0062B3   859 _STCV1	=	0x62b3
                           0062B4   860 _STCV2	=	0x62b4
                           0062C0   861 _OPAMPC	=	0x62c0
                           0062C1   862 _OPAMPS	=	0x62c1
                           0062D0   863 _CMPCTL	=	0x62d0
                           006000   864 _RFCORE_RAM	=	0x6000
                           006000   865 _RXFIFO	=	0x6000
                           006080   866 _TXFIFO	=	0x6080
                           006100   867 _SRC_ADDR_TABLE	=	0x6100
                           006160   868 _SRCRESMASK0	=	0x6160
                           006161   869 _SRCRESMASK1	=	0x6161
                           006162   870 _SRCRESMASK2	=	0x6162
                           006163   871 _SRCRESINDEX	=	0x6163
                           006164   872 _SRCEXTPENDEN0	=	0x6164
                           006165   873 _SRCEXTPENDEN1	=	0x6165
                           006166   874 _SRCEXTPENDEN2	=	0x6166
                           006167   875 _SRCSHORTPENDEN0	=	0x6167
                           006168   876 _SRCSHORTPENDEN1	=	0x6168
                           006169   877 _SRCSHORTPENDEN2	=	0x6169
                           00616A   878 _EXT_ADDR0	=	0x616a
                           00616B   879 _EXT_ADDR1	=	0x616b
                           00616C   880 _EXT_ADDR2	=	0x616c
                           00616D   881 _EXT_ADDR3	=	0x616d
                           00616E   882 _EXT_ADDR4	=	0x616e
                           00616F   883 _EXT_ADDR5	=	0x616f
                           006170   884 _EXT_ADDR6	=	0x6170
                           006171   885 _EXT_ADDR7	=	0x6171
                           006172   886 _PAN_ID0	=	0x6172
                           006173   887 _PAN_ID1	=	0x6173
                           006174   888 _SHORT_ADDR0	=	0x6174
                           006175   889 _SHORT_ADDR1	=	0x6175
                           006180   890 _FRMFILT0	=	0x6180
                           006181   891 _FRMFILT1	=	0x6181
                           006182   892 _SRCMATCH	=	0x6182
                           006183   893 _SRCSHORTEN0	=	0x6183
                           006184   894 _SRCSHORTEN1	=	0x6184
                           006185   895 _SRCSHORTEN2	=	0x6185
                           006186   896 _SRCEXTEN0	=	0x6186
                           006187   897 _SRCEXTEN1	=	0x6187
                           006188   898 _SRCEXTEN2	=	0x6188
                           006189   899 _FRMCTRL0	=	0x6189
                           00618A   900 _FRMCTRL1	=	0x618a
                           00618B   901 _RXENABLE	=	0x618b
                           00618C   902 _RXMASKSET	=	0x618c
                           00618D   903 _RXMASKCLR	=	0x618d
                           00618E   904 _FREQTUNE	=	0x618e
                           00618F   905 _FREQCTRL	=	0x618f
                           006190   906 _TXPOWER	=	0x6190
                           006191   907 _TXCTRL	=	0x6191
                           006192   908 _FSMSTAT0	=	0x6192
                           006193   909 _FSMSTAT1	=	0x6193
                           006194   910 _FIFOPCTRL	=	0x6194
                           006195   911 _FSMCTRL	=	0x6195
                           006196   912 _CCACTRL0	=	0x6196
                           006197   913 _CCACTRL1	=	0x6197
                           006198   914 _RSSI	=	0x6198
                           006199   915 _RSSISTAT	=	0x6199
                           00619A   916 _RXFIRST	=	0x619a
                           00619B   917 _RXFIFOCNT	=	0x619b
                           00619C   918 _TXFIFOCNT	=	0x619c
                           00619D   919 _RXFIRST_PTR	=	0x619d
                           00619E   920 _RXLAST_PTR	=	0x619e
                           00619F   921 _RXP1_PTR	=	0x619f
                           0061A1   922 _TXFIRST_PTR	=	0x61a1
                           0061A2   923 _TXLAST_PTR	=	0x61a2
                           0061A3   924 _RFIRQM0	=	0x61a3
                           0061A4   925 _RFIRQM1	=	0x61a4
                           0061A5   926 _RFERRM	=	0x61a5
                           0061A7   927 _RFRND	=	0x61a7
                           0061A8   928 _MDMCTRL0	=	0x61a8
                           0061A9   929 _MDMCTRL1	=	0x61a9
                           0061AA   930 _FREQEST	=	0x61aa
                           0061AB   931 _RXCTRL	=	0x61ab
                           0061AC   932 _FSCTRL	=	0x61ac
                           0061AD   933 _FSCAL0	=	0x61ad
                           0061AE   934 _FSCAL1	=	0x61ae
                           0061AF   935 _FSCAL2	=	0x61af
                           0061B0   936 _FSCAL3	=	0x61b0
                           0061B1   937 _AGCCTRL0	=	0x61b1
                           0061B2   938 _AGCCTRL1	=	0x61b2
                           0061B3   939 _AGCCTRL2	=	0x61b3
                           0061B4   940 _AGCCTRL3	=	0x61b4
                           0061B5   941 _ADCTEST0	=	0x61b5
                           0061B6   942 _ADCTEST1	=	0x61b6
                           0061B7   943 _ADCTEST2	=	0x61b7
                           0061B8   944 _MDMTEST0	=	0x61b8
                           0061B9   945 _MDMTEST1	=	0x61b9
                           0061BA   946 _DACTEST0	=	0x61ba
                           0061BB   947 _DACTEST1	=	0x61bb
                           0061BC   948 _DACTEST2	=	0x61bc
                           0061BD   949 _ATEST	=	0x61bd
                           0061BE   950 _PTEST0	=	0x61be
                           0061BF   951 _PTEST1	=	0x61bf
                           0061FA   952 _TXFILTCFG	=	0x61fa
                           0061EB   953 _RFC_OBS_CTRL0	=	0x61eb
                           0061EC   954 _RFC_OBS_CTRL1	=	0x61ec
                           0061ED   955 _RFC_OBS_CTRL2	=	0x61ed
                           0061C0   956 _CSPPROG0	=	0x61c0
                           0061C1   957 _CSPPROG1	=	0x61c1
                           0061C2   958 _CSPPROG2	=	0x61c2
                           0061C3   959 _CSPPROG3	=	0x61c3
                           0061C4   960 _CSPPROG4	=	0x61c4
                           0061C5   961 _CSPPROG5	=	0x61c5
                           0061C6   962 _CSPPROG6	=	0x61c6
                           0061C7   963 _CSPPROG7	=	0x61c7
                           0061C8   964 _CSPPROG8	=	0x61c8
                           0061C9   965 _CSPPROG9	=	0x61c9
                           0061CA   966 _CSPPROG10	=	0x61ca
                           0061CB   967 _CSPPROG11	=	0x61cb
                           0061CC   968 _CSPPROG12	=	0x61cc
                           0061CD   969 _CSPPROG13	=	0x61cd
                           0061CE   970 _CSPPROG14	=	0x61ce
                           0061CF   971 _CSPPROG15	=	0x61cf
                           0061D0   972 _CSPPROG16	=	0x61d0
                           0061D1   973 _CSPPROG17	=	0x61d1
                           0061D2   974 _CSPPROG18	=	0x61d2
                           0061D3   975 _CSPPROG19	=	0x61d3
                           0061D4   976 _CSPPROG20	=	0x61d4
                           0061D5   977 _CSPPROG21	=	0x61d5
                           0061D6   978 _CSPPROG22	=	0x61d6
                           0061D7   979 _CSPPROG23	=	0x61d7
                           0061E0   980 _CSPCTRL	=	0x61e0
                           0061E1   981 _CSPSTAT	=	0x61e1
                           0061E2   982 _CSPX	=	0x61e2
                           0061E3   983 _CSPY	=	0x61e3
                           0061E4   984 _CSPZ	=	0x61e4
                           0061E5   985 _CSPT	=	0x61e5
                           006200   986 _USBADDR	=	0x6200
                           006201   987 _USBPOW	=	0x6201
                           006202   988 _USBIIF	=	0x6202
                           006204   989 _USBOIF	=	0x6204
                           006206   990 _USBCIF	=	0x6206
                           006207   991 _USBIIE	=	0x6207
                           006209   992 _USBOIE	=	0x6209
                           00620B   993 _USBCIE	=	0x620b
                           00620C   994 _USBFRML	=	0x620c
                           00620D   995 _USBFRMH	=	0x620d
                           00620E   996 _USBINDEX	=	0x620e
                           00620F   997 _USBCTRL	=	0x620f
                           006210   998 _USBMAXI	=	0x6210
                           006211   999 _USBCS0	=	0x6211
                           006211  1000 _USBCSIL	=	0x6211
                           006212  1001 _USBCSIH	=	0x6212
                           006213  1002 _USBMAXO	=	0x6213
                           006214  1003 _USBCSOL	=	0x6214
                           006215  1004 _USBCSOH	=	0x6215
                           006216  1005 _USBCNT0	=	0x6216
                           006216  1006 _USBCNTL	=	0x6216
                           006217  1007 _USBCNTH	=	0x6217
                           006220  1008 _USBF0	=	0x6220
                           006222  1009 _USBF1	=	0x6222
                           006224  1010 _USBF2	=	0x6224
                           006226  1011 _USBF3	=	0x6226
                           006228  1012 _USBF4	=	0x6228
                           00622A  1013 _USBF5	=	0x622a
                           007080  1014 _X_P0	=	0x7080
                           007086  1015 _X_U0CSR	=	0x7086
                           007089  1016 _X_P0IFG	=	0x7089
                           00708A  1017 _X_P1IFG	=	0x708a
                           00708B  1018 _X_P2IFG	=	0x708b
                           00708C  1019 _X_PICTL	=	0x708c
                           00708D  1020 _X_P1IEN	=	0x708d
                           00708F  1021 _X_P0INP	=	0x708f
                           007090  1022 _X_P1	=	0x7090
                           007091  1023 _X_RFIRQF1	=	0x7091
                           007093  1024 _X_MPAGE	=	0x7093
                           007093  1025 _X__XPAGE	=	0x7093
                           007094  1026 _X_T2CTRL	=	0x7094
                           007095  1027 _X_ST0	=	0x7095
                           007096  1028 _X_ST1	=	0x7096
                           007097  1029 _X_ST2	=	0x7097
                           00709C  1030 _X_T2EVTCFG	=	0x709c
                           00709D  1031 _X_SLEEPSTA	=	0x709d
                           00709E  1032 _X_CLKCONSTA	=	0x709e
                           00709F  1033 _X_FMAP	=	0x709f
                           00709F  1034 _X_PSBANK	=	0x709f
                           0070A0  1035 _X_P2	=	0x70a0
                           0070A1  1036 _X_T2IRQF	=	0x70a1
                           0070A2  1037 _X_T2M0	=	0x70a2
                           0070A3  1038 _X_T2M1	=	0x70a3
                           0070A4  1039 _X_T2MOVF0	=	0x70a4
                           0070A5  1040 _X_T2MOVF1	=	0x70a5
                           0070A6  1041 _X_T2MOVF2	=	0x70a6
                           0070A7  1042 _X_T2IRQM	=	0x70a7
                           0070AB  1043 _X_P0IEN	=	0x70ab
                           0070AC  1044 _X_P2IEN	=	0x70ac
                           0070AD  1045 _X_STLOAD	=	0x70ad
                           0070AE  1046 _X_PMUX	=	0x70ae
                           0070AF  1047 _X_T1STAT	=	0x70af
                           0070B1  1048 _X_ENCDI	=	0x70b1
                           0070B2  1049 _X_ENCDO	=	0x70b2
                           0070B3  1050 _X_ENCCS	=	0x70b3
                           0070B4  1051 _X_ADCCON1	=	0x70b4
                           0070B5  1052 _X_ADCCON2	=	0x70b5
                           0070B6  1053 _X_ADCCON3	=	0x70b6
                           0070BA  1054 _X_ADCL	=	0x70ba
                           0070BB  1055 _X_ADCH	=	0x70bb
                           0070BC  1056 _X_RNDL	=	0x70bc
                           0070BD  1057 _X_RNDH	=	0x70bd
                           0070BE  1058 _X_SLEEPCMD	=	0x70be
                           0070BF  1059 _X_RFERRF	=	0x70bf
                           0070C1  1060 _X_U0DBUF	=	0x70c1
                           0070C2  1061 _X_U0BAUD	=	0x70c2
                           0070C3  1062 _X_T2MSEL	=	0x70c3
                           0070C4  1063 _X_U0UCR	=	0x70c4
                           0070C5  1064 _X_U0GCR	=	0x70c5
                           0070C6  1065 _X_CLKCONCMD	=	0x70c6
                           0070C7  1066 _X_MEMCTR	=	0x70c7
                           0070C9  1067 _X_WDCTL	=	0x70c9
                           0070CA  1068 _X_T3CNT	=	0x70ca
                           0070CB  1069 _X_T3CTL	=	0x70cb
                           0070CC  1070 _X_T3CCTL0	=	0x70cc
                           0070CD  1071 _X_T3CC0	=	0x70cd
                           0070CE  1072 _X_T3CCTL1	=	0x70ce
                           0070CF  1073 _X_T3CC1	=	0x70cf
                           0070D1  1074 _X_DMAIRQ	=	0x70d1
                           0070D2  1075 _X_DMA1CFGL	=	0x70d2
                           0070D3  1076 _X_DMA1CFGH	=	0x70d3
                           0070D4  1077 _X_DMA0CFGL	=	0x70d4
                           0070D5  1078 _X_DMA0CFGH	=	0x70d5
                           0070D6  1079 _X_DMAARM	=	0x70d6
                           0070D7  1080 _X_DMAREQ	=	0x70d7
                           0070D8  1081 _X_TIMIF	=	0x70d8
                           0070D9  1082 _X_RFD	=	0x70d9
                           0070DA  1083 _X_T1CC0L	=	0x70da
                           0070DB  1084 _X_T1CC0H	=	0x70db
                           0070DC  1085 _X_T1CC1L	=	0x70dc
                           0070DD  1086 _X_T1CC1H	=	0x70dd
                           0070DE  1087 _X_T1CC2L	=	0x70de
                           0070DF  1088 _X_T1CC2H	=	0x70df
                           0070E1  1089 _X_RFST	=	0x70e1
                           0070E2  1090 _X_T1CNTL	=	0x70e2
                           0070E3  1091 _X_T1CNTH	=	0x70e3
                           0070E4  1092 _X_T1CTL	=	0x70e4
                           0070E5  1093 _X_T1CCTL0	=	0x70e5
                           0070E6  1094 _X_T1CCTL1	=	0x70e6
                           0070E7  1095 _X_T1CCTL2	=	0x70e7
                           0070E9  1096 _X_RFIRQF0	=	0x70e9
                           0070EA  1097 _X_T4CNT	=	0x70ea
                           0070EB  1098 _X_T4CTL	=	0x70eb
                           0070EC  1099 _X_T4CCTL0	=	0x70ec
                           0070ED  1100 _X_T4CC0	=	0x70ed
                           0070EE  1101 _X_T4CCTL1	=	0x70ee
                           0070EF  1102 _X_T4CC1	=	0x70ef
                           0070F1  1103 _X_PERCFG	=	0x70f1
                           0070F2  1104 _X_APCFG	=	0x70f2
                           0070F3  1105 _X_P0SEL	=	0x70f3
                           0070F4  1106 _X_P1SEL	=	0x70f4
                           0070F5  1107 _X_P2SEL	=	0x70f5
                           0070F6  1108 _X_P1INP	=	0x70f6
                           0070F7  1109 _X_P2INP	=	0x70f7
                           0070F8  1110 _X_U1CSR	=	0x70f8
                           0070F9  1111 _X_U1DBUF	=	0x70f9
                           0070FA  1112 _X_U1BAUD	=	0x70fa
                           0070FB  1113 _X_U1UCR	=	0x70fb
                           0070FC  1114 _X_U1GCR	=	0x70fc
                           0070FD  1115 _X_P0DIR	=	0x70fd
                           0070FE  1116 _X_P1DIR	=	0x70fe
                           0070FF  1117 _X_P2DIR	=	0x70ff
                           007800  1118 _X_INFOPAGE	=	0x7800
                           00780C  1119 _X_IEEE_ADDR	=	0x780c
      000000                       1120 _packets_memb_memb_count:
      000000                       1121 	.ds 2
      000002                       1122 _packets_memb_memb_mem:
      000002                       1123 	.ds 540
                                   1124 ;--------------------------------------------------------
                                   1125 ; absolute external ram data
                                   1126 ;--------------------------------------------------------
                                   1127 	.area XABS    (ABS,XDATA)
                                   1128 ;--------------------------------------------------------
                                   1129 ; external initialized ram data
                                   1130 ;--------------------------------------------------------
                                   1131 	.area XISEG   (XDATA)
      000000                       1132 _packets_memb:
      000000                       1133 	.ds 10
                                   1134 	.area HOME    (CODE)
                                   1135 	.area GSINIT0 (CODE)
                                   1136 	.area GSINIT1 (CODE)
                                   1137 	.area GSINIT2 (CODE)
                                   1138 	.area GSINIT3 (CODE)
                                   1139 	.area GSINIT4 (CODE)
                                   1140 	.area GSINIT5 (CODE)
                                   1141 	.area GSINIT  (CODE)
                                   1142 	.area GSFINAL (CODE)
                                   1143 	.area CSEG    (CODE)
                                   1144 ;--------------------------------------------------------
                                   1145 ; global & static initialisations
                                   1146 ;--------------------------------------------------------
                                   1147 	.area HOME    (CODE)
                                   1148 	.area GSINIT  (CODE)
                                   1149 	.area GSFINAL (CODE)
                                   1150 	.area GSINIT  (CODE)
                                   1151 ;--------------------------------------------------------
                                   1152 ; Home
                                   1153 ;--------------------------------------------------------
                                   1154 	.area HOME    (CODE)
                                   1155 	.area HOME    (CODE)
                                   1156 ;--------------------------------------------------------
                                   1157 ; code
                                   1158 ;--------------------------------------------------------
                                   1159 	.area BANK1   (CODE)
                                   1160 ;------------------------------------------------------------
                                   1161 ;Allocation info for local variables in function 'packet_timedout'
                                   1162 ;------------------------------------------------------------
                                   1163 ;ptr                       Allocated to registers r5 r6 r7 
                                   1164 ;h                         Allocated to registers r5 r6 r7 
                                   1165 ;------------------------------------------------------------
                                   1166 ;	../../../core/net/uip-packetqueue.c:22: packet_timedout(void *ptr)
                                   1167 ;	-----------------------------------------
                                   1168 ;	 function packet_timedout
                                   1169 ;	-----------------------------------------
      000000                       1170 _packet_timedout:
                           000007  1171 	ar7 = 0x07
                           000006  1172 	ar6 = 0x06
                           000005  1173 	ar5 = 0x05
                           000004  1174 	ar4 = 0x04
                           000003  1175 	ar3 = 0x03
                           000002  1176 	ar2 = 0x02
                           000001  1177 	ar1 = 0x01
                           000000  1178 	ar0 = 0x00
                                   1179 ;	../../../core/net/uip-packetqueue.c:24: struct uip_packetqueue_handle *h = ptr;
                                   1180 ;	../../../core/net/uip-packetqueue.c:27: memb_free(&packets_memb, h->packet);
      000000 AD 82            [24] 1181 	mov	r5,dpl
      000002 AE 83            [24] 1182 	mov	r6,dph
      000004 AF F0            [24] 1183 	mov	r7,b
      000006 12r00r00         [24] 1184 	lcall	__gptrget
      000009 FA               [12] 1185 	mov	r2,a
      00000A A3               [24] 1186 	inc	dptr
      00000B 12r00r00         [24] 1187 	lcall	__gptrget
      00000E FB               [12] 1188 	mov	r3,a
      00000F A3               [24] 1189 	inc	dptr
      000010 12r00r00         [24] 1190 	lcall	__gptrget
      000013 FC               [12] 1191 	mov	r4,a
      000014 C0 07            [24] 1192 	push	ar7
      000016 C0 06            [24] 1193 	push	ar6
      000018 C0 05            [24] 1194 	push	ar5
      00001A C0 02            [24] 1195 	push	ar2
      00001C C0 03            [24] 1196 	push	ar3
      00001E C0 04            [24] 1197 	push	ar4
      000020 90r00r00         [24] 1198 	mov	dptr,#_packets_memb
      000023 75 F0 00         [24] 1199 	mov	b,#0x00
      000026 78r00            [12] 1200 	mov	r0,#_memb_free
      000028 79s00            [12] 1201 	mov	r1,#(_memb_free >> 8)
      00002A 7As00            [12] 1202 	mov	r2,#(_memb_free >> 16)
      00002C 12r00r00         [24] 1203 	lcall	__sdcc_banked_call
      00002F 15 81            [12] 1204 	dec	sp
      000031 15 81            [12] 1205 	dec	sp
      000033 15 81            [12] 1206 	dec	sp
      000035 D0 05            [24] 1207 	pop	ar5
      000037 D0 06            [24] 1208 	pop	ar6
      000039 D0 07            [24] 1209 	pop	ar7
                                   1210 ;	../../../core/net/uip-packetqueue.c:28: h->packet = NULL;
      00003B 8D 82            [24] 1211 	mov	dpl,r5
      00003D 8E 83            [24] 1212 	mov	dph,r6
      00003F 8F F0            [24] 1213 	mov	b,r7
      000041 E4               [12] 1214 	clr	a
      000042 12r00r00         [24] 1215 	lcall	__gptrput
      000045 A3               [24] 1216 	inc	dptr
      000046 12r00r00         [24] 1217 	lcall	__gptrput
      000049 A3               [24] 1218 	inc	dptr
      00004A 12r00r00         [24] 1219 	lcall	__gptrput
                                   1220 ;	../../../core/net/uip-packetqueue.c:29: }
      00004D 02r00r00         [24] 1221 	ljmp	__sdcc_banked_ret
                                   1222 ;------------------------------------------------------------
                                   1223 ;Allocation info for local variables in function 'uip_packetqueue_new'
                                   1224 ;------------------------------------------------------------
                                   1225 ;handle                    Allocated to registers r5 r6 r7 
                                   1226 ;------------------------------------------------------------
                                   1227 ;	../../../core/net/uip-packetqueue.c:32: uip_packetqueue_new(struct uip_packetqueue_handle *handle)
                                   1228 ;	-----------------------------------------
                                   1229 ;	 function uip_packetqueue_new
                                   1230 ;	-----------------------------------------
      000050                       1231 _uip_packetqueue_new:
                                   1232 ;	../../../core/net/uip-packetqueue.c:35: handle->packet = NULL;
      000050 AD 82            [24] 1233 	mov	r5,dpl
      000052 AE 83            [24] 1234 	mov	r6,dph
      000054 AF F0            [24] 1235 	mov	r7,b
      000056 E4               [12] 1236 	clr	a
      000057 12r00r00         [24] 1237 	lcall	__gptrput
      00005A A3               [24] 1238 	inc	dptr
      00005B 12r00r00         [24] 1239 	lcall	__gptrput
      00005E A3               [24] 1240 	inc	dptr
      00005F 12r00r00         [24] 1241 	lcall	__gptrput
                                   1242 ;	../../../core/net/uip-packetqueue.c:36: }
      000062 02r00r00         [24] 1243 	ljmp	__sdcc_banked_ret
                                   1244 ;------------------------------------------------------------
                                   1245 ;Allocation info for local variables in function 'uip_packetqueue_alloc'
                                   1246 ;------------------------------------------------------------
                                   1247 ;lifetime                  Allocated to stack - sp -7
                                   1248 ;handle                    Allocated to stack - sp -2
                                   1249 ;------------------------------------------------------------
                                   1250 ;	../../../core/net/uip-packetqueue.c:39: uip_packetqueue_alloc(struct uip_packetqueue_handle *handle, clock_time_t lifetime)
                                   1251 ;	-----------------------------------------
                                   1252 ;	 function uip_packetqueue_alloc
                                   1253 ;	-----------------------------------------
      000065                       1254 _uip_packetqueue_alloc:
      000065 C0 82            [24] 1255 	push	dpl
      000067 C0 83            [24] 1256 	push	dph
      000069 C0 F0            [24] 1257 	push	b
                                   1258 ;	../../../core/net/uip-packetqueue.c:42: if(handle->packet != NULL) {
      00006B A8 81            [24] 1259 	mov	r0,sp
      00006D 18               [12] 1260 	dec	r0
      00006E 18               [12] 1261 	dec	r0
      00006F 86 82            [24] 1262 	mov	dpl,@r0
      000071 08               [12] 1263 	inc	r0
      000072 86 83            [24] 1264 	mov	dph,@r0
      000074 08               [12] 1265 	inc	r0
      000075 86 F0            [24] 1266 	mov	b,@r0
      000077 12r00r00         [24] 1267 	lcall	__gptrget
      00007A FA               [12] 1268 	mov	r2,a
      00007B A3               [24] 1269 	inc	dptr
      00007C 12r00r00         [24] 1270 	lcall	__gptrget
      00007F FB               [12] 1271 	mov	r3,a
      000080 A3               [24] 1272 	inc	dptr
      000081 12r00r00         [24] 1273 	lcall	__gptrget
      000084 FC               [12] 1274 	mov	r4,a
      000085 EA               [12] 1275 	mov	a,r2
      000086 4B               [12] 1276 	orl	a,r3
      000087 60 09            [24] 1277 	jz	00102$
                                   1278 ;	../../../core/net/uip-packetqueue.c:44: return NULL;
      000089 90 00 00         [24] 1279 	mov	dptr,#0x0000
      00008C 75 F0 00         [24] 1280 	mov	b,#0x00
      00008F 02r01r45         [24] 1281 	ljmp	00105$
      000092                       1282 00102$:
                                   1283 ;	../../../core/net/uip-packetqueue.c:46: handle->packet = memb_alloc(&packets_memb);
      000092 90r00r00         [24] 1284 	mov	dptr,#_packets_memb
      000095 75 F0 00         [24] 1285 	mov	b,#0x00
      000098 78r00            [12] 1286 	mov	r0,#_memb_alloc
      00009A 79s00            [12] 1287 	mov	r1,#(_memb_alloc >> 8)
      00009C 7As00            [12] 1288 	mov	r2,#(_memb_alloc >> 16)
      00009E 12r00r00         [24] 1289 	lcall	__sdcc_banked_call
      0000A1 AA 82            [24] 1290 	mov	r2,dpl
      0000A3 AB 83            [24] 1291 	mov	r3,dph
      0000A5 AC F0            [24] 1292 	mov	r4,b
      0000A7 A8 81            [24] 1293 	mov	r0,sp
      0000A9 18               [12] 1294 	dec	r0
      0000AA 18               [12] 1295 	dec	r0
      0000AB 86 82            [24] 1296 	mov	dpl,@r0
      0000AD 08               [12] 1297 	inc	r0
      0000AE 86 83            [24] 1298 	mov	dph,@r0
      0000B0 08               [12] 1299 	inc	r0
      0000B1 86 F0            [24] 1300 	mov	b,@r0
      0000B3 EA               [12] 1301 	mov	a,r2
      0000B4 12r00r00         [24] 1302 	lcall	__gptrput
      0000B7 A3               [24] 1303 	inc	dptr
      0000B8 EB               [12] 1304 	mov	a,r3
      0000B9 12r00r00         [24] 1305 	lcall	__gptrput
      0000BC A3               [24] 1306 	inc	dptr
      0000BD EC               [12] 1307 	mov	a,r4
      0000BE 12r00r00         [24] 1308 	lcall	__gptrput
                                   1309 ;	../../../core/net/uip-packetqueue.c:47: if(handle->packet != NULL) {
      0000C1 EA               [12] 1310 	mov	a,r2
      0000C2 4B               [12] 1311 	orl	a,r3
      0000C3 60 60            [24] 1312 	jz	00104$
                                   1313 ;	../../../core/net/uip-packetqueue.c:49: packet_timedout, handle);
      0000C5 A8 81            [24] 1314 	mov	r0,sp
      0000C7 18               [12] 1315 	dec	r0
      0000C8 18               [12] 1316 	dec	r0
      0000C9 86 02            [24] 1317 	mov	ar2,@r0
      0000CB 08               [12] 1318 	inc	r0
      0000CC 86 03            [24] 1319 	mov	ar3,@r0
      0000CE 08               [12] 1320 	inc	r0
      0000CF 86 04            [24] 1321 	mov	ar4,@r0
                                   1322 ;	../../../core/net/uip-packetqueue.c:48: ctimer_set(&handle->packet->lifetimer, lifetime,
      0000D1 A8 81            [24] 1323 	mov	r0,sp
      0000D3 18               [12] 1324 	dec	r0
      0000D4 18               [12] 1325 	dec	r0
      0000D5 86 82            [24] 1326 	mov	dpl,@r0
      0000D7 08               [12] 1327 	inc	r0
      0000D8 86 83            [24] 1328 	mov	dph,@r0
      0000DA 08               [12] 1329 	inc	r0
      0000DB 86 F0            [24] 1330 	mov	b,@r0
      0000DD 12r00r00         [24] 1331 	lcall	__gptrget
      0000E0 FD               [12] 1332 	mov	r5,a
      0000E1 A3               [24] 1333 	inc	dptr
      0000E2 12r00r00         [24] 1334 	lcall	__gptrget
      0000E5 FE               [12] 1335 	mov	r6,a
      0000E6 A3               [24] 1336 	inc	dptr
      0000E7 12r00r00         [24] 1337 	lcall	__gptrget
      0000EA FF               [12] 1338 	mov	r7,a
      0000EB 74 F5            [12] 1339 	mov	a,#0xf5
      0000ED 2D               [12] 1340 	add	a,r5
      0000EE FD               [12] 1341 	mov	r5,a
      0000EF E4               [12] 1342 	clr	a
      0000F0 3E               [12] 1343 	addc	a,r6
      0000F1 FE               [12] 1344 	mov	r6,a
      0000F2 C0 02            [24] 1345 	push	ar2
      0000F4 C0 03            [24] 1346 	push	ar3
      0000F6 C0 04            [24] 1347 	push	ar4
      0000F8 74r00            [12] 1348 	mov	a,#_packet_timedout
      0000FA C0 E0            [24] 1349 	push	acc
      0000FC 74s00            [12] 1350 	mov	a,#(_packet_timedout >> 8)
      0000FE C0 E0            [24] 1351 	push	acc
      000100 74s00            [12] 1352 	mov	a,#(_packet_timedout >> 16)
      000102 C0 E0            [24] 1353 	push	acc
      000104 E5 81            [12] 1354 	mov	a,sp
      000106 24 F3            [12] 1355 	add	a,#0xf3
      000108 F8               [12] 1356 	mov	r0,a
      000109 E6               [12] 1357 	mov	a,@r0
      00010A C0 E0            [24] 1358 	push	acc
      00010C 08               [12] 1359 	inc	r0
      00010D E6               [12] 1360 	mov	a,@r0
      00010E C0 E0            [24] 1361 	push	acc
      000110 8D 82            [24] 1362 	mov	dpl,r5
      000112 8E 83            [24] 1363 	mov	dph,r6
      000114 8F F0            [24] 1364 	mov	b,r7
      000116 78r00            [12] 1365 	mov	r0,#_ctimer_set
      000118 79s00            [12] 1366 	mov	r1,#(_ctimer_set >> 8)
      00011A 7As00            [12] 1367 	mov	r2,#(_ctimer_set >> 16)
      00011C 12r00r00         [24] 1368 	lcall	__sdcc_banked_call
      00011F E5 81            [12] 1369 	mov	a,sp
      000121 24 F8            [12] 1370 	add	a,#0xf8
      000123 F5 81            [12] 1371 	mov	sp,a
      000125                       1372 00104$:
                                   1373 ;	../../../core/net/uip-packetqueue.c:53: return handle->packet;
      000125 A8 81            [24] 1374 	mov	r0,sp
      000127 18               [12] 1375 	dec	r0
      000128 18               [12] 1376 	dec	r0
      000129 86 82            [24] 1377 	mov	dpl,@r0
      00012B 08               [12] 1378 	inc	r0
      00012C 86 83            [24] 1379 	mov	dph,@r0
      00012E 08               [12] 1380 	inc	r0
      00012F 86 F0            [24] 1381 	mov	b,@r0
      000131 12r00r00         [24] 1382 	lcall	__gptrget
      000134 FD               [12] 1383 	mov	r5,a
      000135 A3               [24] 1384 	inc	dptr
      000136 12r00r00         [24] 1385 	lcall	__gptrget
      000139 FE               [12] 1386 	mov	r6,a
      00013A A3               [24] 1387 	inc	dptr
      00013B 12r00r00         [24] 1388 	lcall	__gptrget
      00013E FF               [12] 1389 	mov	r7,a
      00013F 8D 82            [24] 1390 	mov	dpl,r5
      000141 8E 83            [24] 1391 	mov	dph,r6
      000143 8F F0            [24] 1392 	mov	b,r7
      000145                       1393 00105$:
                                   1394 ;	../../../core/net/uip-packetqueue.c:54: }
      000145 15 81            [12] 1395 	dec	sp
      000147 15 81            [12] 1396 	dec	sp
      000149 15 81            [12] 1397 	dec	sp
      00014B 02r00r00         [24] 1398 	ljmp	__sdcc_banked_ret
                                   1399 ;------------------------------------------------------------
                                   1400 ;Allocation info for local variables in function 'uip_packetqueue_free'
                                   1401 ;------------------------------------------------------------
                                   1402 ;handle                    Allocated to registers r5 r6 r7 
                                   1403 ;------------------------------------------------------------
                                   1404 ;	../../../core/net/uip-packetqueue.c:57: uip_packetqueue_free(struct uip_packetqueue_handle *handle)
                                   1405 ;	-----------------------------------------
                                   1406 ;	 function uip_packetqueue_free
                                   1407 ;	-----------------------------------------
      00014E                       1408 _uip_packetqueue_free:
                                   1409 ;	../../../core/net/uip-packetqueue.c:60: if(handle->packet != NULL) {
      00014E AD 82            [24] 1410 	mov	r5,dpl
      000150 AE 83            [24] 1411 	mov	r6,dph
      000152 AF F0            [24] 1412 	mov	r7,b
      000154 12r00r00         [24] 1413 	lcall	__gptrget
      000157 FA               [12] 1414 	mov	r2,a
      000158 A3               [24] 1415 	inc	dptr
      000159 12r00r00         [24] 1416 	lcall	__gptrget
      00015C FB               [12] 1417 	mov	r3,a
      00015D A3               [24] 1418 	inc	dptr
      00015E 12r00r00         [24] 1419 	lcall	__gptrget
      000161 FC               [12] 1420 	mov	r4,a
      000162 EA               [12] 1421 	mov	a,r2
      000163 4B               [12] 1422 	orl	a,r3
      000164 70 03            [24] 1423 	jnz	00109$
      000166 02r00r00         [24] 1424 	ljmp	__sdcc_banked_ret
      000169                       1425 00109$:
                                   1426 ;	../../../core/net/uip-packetqueue.c:61: ctimer_stop(&handle->packet->lifetimer);
      000169 8D 82            [24] 1427 	mov	dpl,r5
      00016B 8E 83            [24] 1428 	mov	dph,r6
      00016D 8F F0            [24] 1429 	mov	b,r7
      00016F 12r00r00         [24] 1430 	lcall	__gptrget
      000172 FA               [12] 1431 	mov	r2,a
      000173 A3               [24] 1432 	inc	dptr
      000174 12r00r00         [24] 1433 	lcall	__gptrget
      000177 FB               [12] 1434 	mov	r3,a
      000178 A3               [24] 1435 	inc	dptr
      000179 12r00r00         [24] 1436 	lcall	__gptrget
      00017C FC               [12] 1437 	mov	r4,a
      00017D 74 F5            [12] 1438 	mov	a,#0xf5
      00017F 2A               [12] 1439 	add	a,r2
      000180 FA               [12] 1440 	mov	r2,a
      000181 E4               [12] 1441 	clr	a
      000182 3B               [12] 1442 	addc	a,r3
      000183 FB               [12] 1443 	mov	r3,a
      000184 8A 82            [24] 1444 	mov	dpl,r2
      000186 8B 83            [24] 1445 	mov	dph,r3
      000188 8C F0            [24] 1446 	mov	b,r4
      00018A C0 07            [24] 1447 	push	ar7
      00018C C0 06            [24] 1448 	push	ar6
      00018E C0 05            [24] 1449 	push	ar5
      000190 78r00            [12] 1450 	mov	r0,#_ctimer_stop
      000192 79s00            [12] 1451 	mov	r1,#(_ctimer_stop >> 8)
      000194 7As00            [12] 1452 	mov	r2,#(_ctimer_stop >> 16)
      000196 12r00r00         [24] 1453 	lcall	__sdcc_banked_call
      000199 D0 05            [24] 1454 	pop	ar5
      00019B D0 06            [24] 1455 	pop	ar6
      00019D D0 07            [24] 1456 	pop	ar7
                                   1457 ;	../../../core/net/uip-packetqueue.c:62: memb_free(&packets_memb, handle->packet);
      00019F 8D 82            [24] 1458 	mov	dpl,r5
      0001A1 8E 83            [24] 1459 	mov	dph,r6
      0001A3 8F F0            [24] 1460 	mov	b,r7
      0001A5 12r00r00         [24] 1461 	lcall	__gptrget
      0001A8 FA               [12] 1462 	mov	r2,a
      0001A9 A3               [24] 1463 	inc	dptr
      0001AA 12r00r00         [24] 1464 	lcall	__gptrget
      0001AD FB               [12] 1465 	mov	r3,a
      0001AE A3               [24] 1466 	inc	dptr
      0001AF 12r00r00         [24] 1467 	lcall	__gptrget
      0001B2 FC               [12] 1468 	mov	r4,a
      0001B3 C0 07            [24] 1469 	push	ar7
      0001B5 C0 06            [24] 1470 	push	ar6
      0001B7 C0 05            [24] 1471 	push	ar5
      0001B9 C0 02            [24] 1472 	push	ar2
      0001BB C0 03            [24] 1473 	push	ar3
      0001BD C0 04            [24] 1474 	push	ar4
      0001BF 90r00r00         [24] 1475 	mov	dptr,#_packets_memb
      0001C2 75 F0 00         [24] 1476 	mov	b,#0x00
      0001C5 78r00            [12] 1477 	mov	r0,#_memb_free
      0001C7 79s00            [12] 1478 	mov	r1,#(_memb_free >> 8)
      0001C9 7As00            [12] 1479 	mov	r2,#(_memb_free >> 16)
      0001CB 12r00r00         [24] 1480 	lcall	__sdcc_banked_call
      0001CE 15 81            [12] 1481 	dec	sp
      0001D0 15 81            [12] 1482 	dec	sp
      0001D2 15 81            [12] 1483 	dec	sp
      0001D4 D0 05            [24] 1484 	pop	ar5
      0001D6 D0 06            [24] 1485 	pop	ar6
      0001D8 D0 07            [24] 1486 	pop	ar7
                                   1487 ;	../../../core/net/uip-packetqueue.c:63: handle->packet = NULL;
      0001DA 8D 82            [24] 1488 	mov	dpl,r5
      0001DC 8E 83            [24] 1489 	mov	dph,r6
      0001DE 8F F0            [24] 1490 	mov	b,r7
      0001E0 E4               [12] 1491 	clr	a
      0001E1 12r00r00         [24] 1492 	lcall	__gptrput
      0001E4 A3               [24] 1493 	inc	dptr
      0001E5 12r00r00         [24] 1494 	lcall	__gptrput
      0001E8 A3               [24] 1495 	inc	dptr
      0001E9 12r00r00         [24] 1496 	lcall	__gptrput
                                   1497 ;	../../../core/net/uip-packetqueue.c:65: }
      0001EC 02r00r00         [24] 1498 	ljmp	__sdcc_banked_ret
                                   1499 ;------------------------------------------------------------
                                   1500 ;Allocation info for local variables in function 'uip_packetqueue_buf'
                                   1501 ;------------------------------------------------------------
                                   1502 ;h                         Allocated to registers r5 r6 r7 
                                   1503 ;------------------------------------------------------------
                                   1504 ;	../../../core/net/uip-packetqueue.c:68: uip_packetqueue_buf(struct uip_packetqueue_handle *h)
                                   1505 ;	-----------------------------------------
                                   1506 ;	 function uip_packetqueue_buf
                                   1507 ;	-----------------------------------------
      0001EF                       1508 _uip_packetqueue_buf:
                                   1509 ;	../../../core/net/uip-packetqueue.c:70: return h->packet != NULL? h->packet->queue_buf: NULL;
      0001EF AD 82            [24] 1510 	mov	r5,dpl
      0001F1 AE 83            [24] 1511 	mov	r6,dph
      0001F3 AF F0            [24] 1512 	mov	r7,b
      0001F5 12r00r00         [24] 1513 	lcall	__gptrget
      0001F8 FA               [12] 1514 	mov	r2,a
      0001F9 A3               [24] 1515 	inc	dptr
      0001FA 12r00r00         [24] 1516 	lcall	__gptrget
      0001FD FB               [12] 1517 	mov	r3,a
      0001FE A3               [24] 1518 	inc	dptr
      0001FF 12r00r00         [24] 1519 	lcall	__gptrget
      000202 FC               [12] 1520 	mov	r4,a
      000203 EA               [12] 1521 	mov	a,r2
      000204 4B               [12] 1522 	orl	a,r3
      000205 60 1D            [24] 1523 	jz	00103$
      000207 8D 82            [24] 1524 	mov	dpl,r5
      000209 8E 83            [24] 1525 	mov	dph,r6
      00020B 8F F0            [24] 1526 	mov	b,r7
      00020D 12r00r00         [24] 1527 	lcall	__gptrget
      000210 FD               [12] 1528 	mov	r5,a
      000211 A3               [24] 1529 	inc	dptr
      000212 12r00r00         [24] 1530 	lcall	__gptrget
      000215 FE               [12] 1531 	mov	r6,a
      000216 A3               [24] 1532 	inc	dptr
      000217 12r00r00         [24] 1533 	lcall	__gptrget
      00021A FF               [12] 1534 	mov	r7,a
      00021B 74 03            [12] 1535 	mov	a,#0x03
      00021D 2D               [12] 1536 	add	a,r5
      00021E FD               [12] 1537 	mov	r5,a
      00021F E4               [12] 1538 	clr	a
      000220 3E               [12] 1539 	addc	a,r6
      000221 FE               [12] 1540 	mov	r6,a
      000222 80 06            [24] 1541 	sjmp	00104$
      000224                       1542 00103$:
      000224 7D 00            [12] 1543 	mov	r5,#0x00
      000226 7E 00            [12] 1544 	mov	r6,#0x00
      000228 7F 00            [12] 1545 	mov	r7,#0x00
      00022A                       1546 00104$:
      00022A 8D 82            [24] 1547 	mov	dpl,r5
      00022C 8E 83            [24] 1548 	mov	dph,r6
      00022E 8F F0            [24] 1549 	mov	b,r7
                                   1550 ;	../../../core/net/uip-packetqueue.c:71: }
      000230 02r00r00         [24] 1551 	ljmp	__sdcc_banked_ret
                                   1552 ;------------------------------------------------------------
                                   1553 ;Allocation info for local variables in function 'uip_packetqueue_buflen'
                                   1554 ;------------------------------------------------------------
                                   1555 ;h                         Allocated to registers r6 r5 r7 
                                   1556 ;------------------------------------------------------------
                                   1557 ;	../../../core/net/uip-packetqueue.c:74: uip_packetqueue_buflen(struct uip_packetqueue_handle *h)
                                   1558 ;	-----------------------------------------
                                   1559 ;	 function uip_packetqueue_buflen
                                   1560 ;	-----------------------------------------
      000233                       1561 _uip_packetqueue_buflen:
                                   1562 ;	../../../core/net/uip-packetqueue.c:76: return h->packet != NULL? h->packet->queue_buf_len: 0;
      000233 AE 82            [24] 1563 	mov	r6,dpl
      000235 AD 83            [24] 1564 	mov	r5,dph
      000237 AF F0            [24] 1565 	mov	r7,b
      000239 12r00r00         [24] 1566 	lcall	__gptrget
      00023C FA               [12] 1567 	mov	r2,a
      00023D A3               [24] 1568 	inc	dptr
      00023E 12r00r00         [24] 1569 	lcall	__gptrget
      000241 FB               [12] 1570 	mov	r3,a
      000242 A3               [24] 1571 	inc	dptr
      000243 12r00r00         [24] 1572 	lcall	__gptrget
      000246 FC               [12] 1573 	mov	r4,a
      000247 EA               [12] 1574 	mov	a,r2
      000248 4B               [12] 1575 	orl	a,r3
      000249 60 2C            [24] 1576 	jz	00103$
      00024B 8E 82            [24] 1577 	mov	dpl,r6
      00024D 8D 83            [24] 1578 	mov	dph,r5
      00024F 8F F0            [24] 1579 	mov	b,r7
      000251 12r00r00         [24] 1580 	lcall	__gptrget
      000254 FE               [12] 1581 	mov	r6,a
      000255 A3               [24] 1582 	inc	dptr
      000256 12r00r00         [24] 1583 	lcall	__gptrget
      000259 FD               [12] 1584 	mov	r5,a
      00025A A3               [24] 1585 	inc	dptr
      00025B 12r00r00         [24] 1586 	lcall	__gptrget
      00025E FF               [12] 1587 	mov	r7,a
      00025F 74 F3            [12] 1588 	mov	a,#0xf3
      000261 2E               [12] 1589 	add	a,r6
      000262 FE               [12] 1590 	mov	r6,a
      000263 E4               [12] 1591 	clr	a
      000264 3D               [12] 1592 	addc	a,r5
      000265 FD               [12] 1593 	mov	r5,a
      000266 8E 82            [24] 1594 	mov	dpl,r6
      000268 8D 83            [24] 1595 	mov	dph,r5
      00026A 8F F0            [24] 1596 	mov	b,r7
      00026C 12r00r00         [24] 1597 	lcall	__gptrget
      00026F FE               [12] 1598 	mov	r6,a
      000270 A3               [24] 1599 	inc	dptr
      000271 12r00r00         [24] 1600 	lcall	__gptrget
      000274 FF               [12] 1601 	mov	r7,a
      000275 80 04            [24] 1602 	sjmp	00104$
      000277                       1603 00103$:
      000277 7E 00            [12] 1604 	mov	r6,#0x00
      000279 7F 00            [12] 1605 	mov	r7,#0x00
      00027B                       1606 00104$:
      00027B 8E 82            [24] 1607 	mov	dpl,r6
      00027D 8F 83            [24] 1608 	mov	dph,r7
                                   1609 ;	../../../core/net/uip-packetqueue.c:77: }
      00027F 02r00r00         [24] 1610 	ljmp	__sdcc_banked_ret
                                   1611 ;------------------------------------------------------------
                                   1612 ;Allocation info for local variables in function 'uip_packetqueue_set_buflen'
                                   1613 ;------------------------------------------------------------
                                   1614 ;len                       Allocated to stack - sp -4
                                   1615 ;h                         Allocated to registers r5 r6 r7 
                                   1616 ;------------------------------------------------------------
                                   1617 ;	../../../core/net/uip-packetqueue.c:80: uip_packetqueue_set_buflen(struct uip_packetqueue_handle *h, uint16_t len)
                                   1618 ;	-----------------------------------------
                                   1619 ;	 function uip_packetqueue_set_buflen
                                   1620 ;	-----------------------------------------
      000282                       1621 _uip_packetqueue_set_buflen:
                                   1622 ;	../../../core/net/uip-packetqueue.c:82: if(h->packet != NULL) {
      000282 AD 82            [24] 1623 	mov	r5,dpl
      000284 AE 83            [24] 1624 	mov	r6,dph
      000286 AF F0            [24] 1625 	mov	r7,b
      000288 12r00r00         [24] 1626 	lcall	__gptrget
      00028B FA               [12] 1627 	mov	r2,a
      00028C A3               [24] 1628 	inc	dptr
      00028D 12r00r00         [24] 1629 	lcall	__gptrget
      000290 FB               [12] 1630 	mov	r3,a
      000291 A3               [24] 1631 	inc	dptr
      000292 12r00r00         [24] 1632 	lcall	__gptrget
      000295 FC               [12] 1633 	mov	r4,a
      000296 EA               [12] 1634 	mov	a,r2
      000297 4B               [12] 1635 	orl	a,r3
      000298 60 30            [24] 1636 	jz	00103$
                                   1637 ;	../../../core/net/uip-packetqueue.c:83: h->packet->queue_buf_len = len;
      00029A 8D 82            [24] 1638 	mov	dpl,r5
      00029C 8E 83            [24] 1639 	mov	dph,r6
      00029E 8F F0            [24] 1640 	mov	b,r7
      0002A0 12r00r00         [24] 1641 	lcall	__gptrget
      0002A3 FD               [12] 1642 	mov	r5,a
      0002A4 A3               [24] 1643 	inc	dptr
      0002A5 12r00r00         [24] 1644 	lcall	__gptrget
      0002A8 FE               [12] 1645 	mov	r6,a
      0002A9 A3               [24] 1646 	inc	dptr
      0002AA 12r00r00         [24] 1647 	lcall	__gptrget
      0002AD FF               [12] 1648 	mov	r7,a
      0002AE 74 F3            [12] 1649 	mov	a,#0xf3
      0002B0 2D               [12] 1650 	add	a,r5
      0002B1 FD               [12] 1651 	mov	r5,a
      0002B2 E4               [12] 1652 	clr	a
      0002B3 3E               [12] 1653 	addc	a,r6
      0002B4 FE               [12] 1654 	mov	r6,a
      0002B5 8D 82            [24] 1655 	mov	dpl,r5
      0002B7 8E 83            [24] 1656 	mov	dph,r6
      0002B9 8F F0            [24] 1657 	mov	b,r7
      0002BB E5 81            [12] 1658 	mov	a,sp
      0002BD 24 FC            [12] 1659 	add	a,#0xfc
      0002BF F8               [12] 1660 	mov	r0,a
      0002C0 E6               [12] 1661 	mov	a,@r0
      0002C1 12r00r00         [24] 1662 	lcall	__gptrput
      0002C4 A3               [24] 1663 	inc	dptr
      0002C5 08               [12] 1664 	inc	r0
      0002C6 E6               [12] 1665 	mov	a,@r0
      0002C7 12r00r00         [24] 1666 	lcall	__gptrput
      0002CA                       1667 00103$:
                                   1668 ;	../../../core/net/uip-packetqueue.c:85: }
      0002CA 02r00r00         [24] 1669 	ljmp	__sdcc_banked_ret
                                   1670 	.area CSEG    (CODE)
                                   1671 	.area CONST   (CODE)
                                   1672 	.area XINIT   (CODE)
      000000                       1673 __xinit__packets_memb:
      000000 0E 01                 1674 	.byte #0x0e,#0x01	; 270
      000002 02 00                 1675 	.byte #0x02,#0x00	; 2
      000004r00s00 00              1676 	.byte _packets_memb_memb_count, (_packets_memb_memb_count >> 8),#0x00
      000007r02s00 00              1677 	.byte _packets_memb_memb_mem, (_packets_memb_memb_mem >> 8),#0x00
                                   1678 	.area CABS    (ABS,CODE)
