                                      1 ;--------------------------------------------------------
                                      2 ; File Created by SDCC : free open source ANSI-C Compiler
                                      3 ; Version 3.8.4 #10774 (Linux)
                                      4 ;--------------------------------------------------------
                                      5 	.module button_sensor
                                      6 	.optsdcc -mmcs51 --model-huge
                                      7 	
                                      8 ;--------------------------------------------------------
                                      9 ; Public variables in this module
                                     10 ;--------------------------------------------------------
                                     11 	.globl _button_1_sensor
                                     12 	.globl _sensors_changed
                                     13 	.globl _timer_expired
                                     14 	.globl _timer_set
                                     15 	.globl _ACTIVE
                                     16 	.globl _TX_BYTE
                                     17 	.globl _RX_BYTE
                                     18 	.globl _ERR
                                     19 	.globl _FE
                                     20 	.globl _SLAVE
                                     21 	.globl _RE
                                     22 	.globl _MODE
                                     23 	.globl _T3OVFIF
                                     24 	.globl _T3CH0IF
                                     25 	.globl _T3CH1IF
                                     26 	.globl _T4OVFIF
                                     27 	.globl _T4CH0IF
                                     28 	.globl _T4CH1IF
                                     29 	.globl _OVFIM
                                     30 	.globl _B_0
                                     31 	.globl _B_1
                                     32 	.globl _B_2
                                     33 	.globl _B_3
                                     34 	.globl _B_4
                                     35 	.globl _B_5
                                     36 	.globl _B_6
                                     37 	.globl _B_7
                                     38 	.globl _P2IF
                                     39 	.globl _UTX0IF
                                     40 	.globl _UTX1IF
                                     41 	.globl _P1IF
                                     42 	.globl _WDTIF
                                     43 	.globl _ACC_0
                                     44 	.globl _ACC_1
                                     45 	.globl _ACC_2
                                     46 	.globl _ACC_3
                                     47 	.globl _ACC_4
                                     48 	.globl _ACC_5
                                     49 	.globl _ACC_6
                                     50 	.globl _ACC_7
                                     51 	.globl _P
                                     52 	.globl _F1
                                     53 	.globl _OV
                                     54 	.globl _RS0
                                     55 	.globl _RS1
                                     56 	.globl _F0
                                     57 	.globl _AC
                                     58 	.globl _CY
                                     59 	.globl _DMAIF
                                     60 	.globl _T1IF
                                     61 	.globl _T2IF
                                     62 	.globl _T3IF
                                     63 	.globl _T4IF
                                     64 	.globl _P0IF
                                     65 	.globl _STIF
                                     66 	.globl _DMAIE
                                     67 	.globl _T1IE
                                     68 	.globl _T2IE
                                     69 	.globl _T3IE
                                     70 	.globl _T4IE
                                     71 	.globl _P0IE
                                     72 	.globl _RFERRIE
                                     73 	.globl _ADCIE
                                     74 	.globl _URX0IE
                                     75 	.globl _URX1IE
                                     76 	.globl _ENCIE
                                     77 	.globl _STIE
                                     78 	.globl _EA
                                     79 	.globl _P2_0
                                     80 	.globl _P2_1
                                     81 	.globl _P2_2
                                     82 	.globl _P2_3
                                     83 	.globl _P2_4
                                     84 	.globl _P2_5
                                     85 	.globl _P2_6
                                     86 	.globl _P2_7
                                     87 	.globl _ENCIF_0
                                     88 	.globl _ENCIF_1
                                     89 	.globl _P1_0
                                     90 	.globl _P1_1
                                     91 	.globl _P1_2
                                     92 	.globl _P1_3
                                     93 	.globl _P1_4
                                     94 	.globl _P1_5
                                     95 	.globl _P1_6
                                     96 	.globl _P1_7
                                     97 	.globl _IT0
                                     98 	.globl _RFERRIF
                                     99 	.globl _IT1
                                    100 	.globl _URX0IF
                                    101 	.globl _ADCIF
                                    102 	.globl _URX1IF
                                    103 	.globl _P0_0
                                    104 	.globl _P0_1
                                    105 	.globl _P0_2
                                    106 	.globl _P0_3
                                    107 	.globl _P0_4
                                    108 	.globl _P0_5
                                    109 	.globl _P0_6
                                    110 	.globl _P0_7
                                    111 	.globl _WDCTL
                                    112 	.globl _U1GCR
                                    113 	.globl _U1UCR
                                    114 	.globl _U1BAUD
                                    115 	.globl _U1DBUF
                                    116 	.globl _U1CSR
                                    117 	.globl _U0GCR
                                    118 	.globl _U0UCR
                                    119 	.globl _U0BAUD
                                    120 	.globl _U0DBUF
                                    121 	.globl _U0CSR
                                    122 	.globl _TIMIF
                                    123 	.globl _T4CC1
                                    124 	.globl _T4CCTL1
                                    125 	.globl _T4CC0
                                    126 	.globl _T4CCTL0
                                    127 	.globl _T4CTL
                                    128 	.globl _T4CNT
                                    129 	.globl _T3CC1
                                    130 	.globl _T3CCTL1
                                    131 	.globl _T3CC0
                                    132 	.globl _T3CCTL0
                                    133 	.globl _T3CTL
                                    134 	.globl _T3CNT
                                    135 	.globl _T2MSEL
                                    136 	.globl _T2IRQM
                                    137 	.globl _T2MOVF2
                                    138 	.globl _T2MOVF1
                                    139 	.globl _T2MOVF0
                                    140 	.globl _T2M1
                                    141 	.globl _T2M0
                                    142 	.globl _T2IRQF
                                    143 	.globl _T2EVTCFG
                                    144 	.globl _T2CTRL
                                    145 	.globl _T1STAT
                                    146 	.globl _T1CCTL2
                                    147 	.globl _T1CCTL1
                                    148 	.globl _T1CCTL0
                                    149 	.globl _T1CTL
                                    150 	.globl _T1CNTH
                                    151 	.globl _T1CNTL
                                    152 	.globl _T1CC2H
                                    153 	.globl _T1CC2L
                                    154 	.globl _T1CC1H
                                    155 	.globl _T1CC1L
                                    156 	.globl _T1CC0H
                                    157 	.globl _T1CC0L
                                    158 	.globl _CLKCONSTA
                                    159 	.globl _CLKCONCMD
                                    160 	.globl _SLEEPSTA
                                    161 	.globl _SLEEPCMD
                                    162 	.globl _STLOAD
                                    163 	.globl _ST2
                                    164 	.globl _ST1
                                    165 	.globl _ST0
                                    166 	.globl _RFERRF
                                    167 	.globl _RFIRQF0
                                    168 	.globl _RFST
                                    169 	.globl _RFD
                                    170 	.globl _RFIRQF1
                                    171 	.globl _PSBANK
                                    172 	.globl _FMAP
                                    173 	.globl _MEMCTR
                                    174 	.globl __XPAGE
                                    175 	.globl _MPAGE
                                    176 	.globl _PMUX
                                    177 	.globl _P2DIR
                                    178 	.globl _P1DIR
                                    179 	.globl _P0DIR
                                    180 	.globl _P2INP
                                    181 	.globl _P1INP
                                    182 	.globl _P2SEL
                                    183 	.globl _P1SEL
                                    184 	.globl _P0SEL
                                    185 	.globl _APCFG
                                    186 	.globl _PERCFG
                                    187 	.globl _P0INP
                                    188 	.globl _P2IEN
                                    189 	.globl _P1IEN
                                    190 	.globl _P0IEN
                                    191 	.globl _PICTL
                                    192 	.globl _P2IFG
                                    193 	.globl _P1IFG
                                    194 	.globl _P0IFG
                                    195 	.globl _DMAREQ
                                    196 	.globl _DMAARM
                                    197 	.globl _DMA0CFGH
                                    198 	.globl _DMA0CFGL
                                    199 	.globl _DMA1CFGH
                                    200 	.globl _DMA1CFGL
                                    201 	.globl _DMAIRQ
                                    202 	.globl _ENCCS
                                    203 	.globl _ENCDO
                                    204 	.globl _ENCDI
                                    205 	.globl _RNDH
                                    206 	.globl _RNDL
                                    207 	.globl _ADCH
                                    208 	.globl _ADCL
                                    209 	.globl _ADCCON3
                                    210 	.globl _ADCCON2
                                    211 	.globl _ADCCON1
                                    212 	.globl _B
                                    213 	.globl _IRCON2
                                    214 	.globl _ACC
                                    215 	.globl _PSW
                                    216 	.globl _IRCON
                                    217 	.globl _IP1
                                    218 	.globl _IEN1
                                    219 	.globl _IP0
                                    220 	.globl _IEN0
                                    221 	.globl _P2
                                    222 	.globl _S1CON
                                    223 	.globl _IEN2
                                    224 	.globl _S0CON
                                    225 	.globl _DPS
                                    226 	.globl _P1
                                    227 	.globl _TCON
                                    228 	.globl _PCON
                                    229 	.globl _DPH1
                                    230 	.globl _DPL1
                                    231 	.globl _DPH0
                                    232 	.globl _DPL0
                                    233 	.globl _SP
                                    234 	.globl _P0
                                    235 	.globl _X_IEEE_ADDR
                                    236 	.globl _X_INFOPAGE
                                    237 	.globl _X_P2DIR
                                    238 	.globl _X_P1DIR
                                    239 	.globl _X_P0DIR
                                    240 	.globl _X_U1GCR
                                    241 	.globl _X_U1UCR
                                    242 	.globl _X_U1BAUD
                                    243 	.globl _X_U1DBUF
                                    244 	.globl _X_U1CSR
                                    245 	.globl _X_P2INP
                                    246 	.globl _X_P1INP
                                    247 	.globl _X_P2SEL
                                    248 	.globl _X_P1SEL
                                    249 	.globl _X_P0SEL
                                    250 	.globl _X_APCFG
                                    251 	.globl _X_PERCFG
                                    252 	.globl _X_T4CC1
                                    253 	.globl _X_T4CCTL1
                                    254 	.globl _X_T4CC0
                                    255 	.globl _X_T4CCTL0
                                    256 	.globl _X_T4CTL
                                    257 	.globl _X_T4CNT
                                    258 	.globl _X_RFIRQF0
                                    259 	.globl _X_T1CCTL2
                                    260 	.globl _X_T1CCTL1
                                    261 	.globl _X_T1CCTL0
                                    262 	.globl _X_T1CTL
                                    263 	.globl _X_T1CNTH
                                    264 	.globl _X_T1CNTL
                                    265 	.globl _X_RFST
                                    266 	.globl _X_T1CC2H
                                    267 	.globl _X_T1CC2L
                                    268 	.globl _X_T1CC1H
                                    269 	.globl _X_T1CC1L
                                    270 	.globl _X_T1CC0H
                                    271 	.globl _X_T1CC0L
                                    272 	.globl _X_RFD
                                    273 	.globl _X_TIMIF
                                    274 	.globl _X_DMAREQ
                                    275 	.globl _X_DMAARM
                                    276 	.globl _X_DMA0CFGH
                                    277 	.globl _X_DMA0CFGL
                                    278 	.globl _X_DMA1CFGH
                                    279 	.globl _X_DMA1CFGL
                                    280 	.globl _X_DMAIRQ
                                    281 	.globl _X_T3CC1
                                    282 	.globl _X_T3CCTL1
                                    283 	.globl _X_T3CC0
                                    284 	.globl _X_T3CCTL0
                                    285 	.globl _X_T3CTL
                                    286 	.globl _X_T3CNT
                                    287 	.globl _X_WDCTL
                                    288 	.globl _X_MEMCTR
                                    289 	.globl _X_CLKCONCMD
                                    290 	.globl _X_U0GCR
                                    291 	.globl _X_U0UCR
                                    292 	.globl _X_T2MSEL
                                    293 	.globl _X_U0BAUD
                                    294 	.globl _X_U0DBUF
                                    295 	.globl _X_RFERRF
                                    296 	.globl _X_SLEEPCMD
                                    297 	.globl _X_RNDH
                                    298 	.globl _X_RNDL
                                    299 	.globl _X_ADCH
                                    300 	.globl _X_ADCL
                                    301 	.globl _X_ADCCON3
                                    302 	.globl _X_ADCCON2
                                    303 	.globl _X_ADCCON1
                                    304 	.globl _X_ENCCS
                                    305 	.globl _X_ENCDO
                                    306 	.globl _X_ENCDI
                                    307 	.globl _X_T1STAT
                                    308 	.globl _X_PMUX
                                    309 	.globl _X_STLOAD
                                    310 	.globl _X_P2IEN
                                    311 	.globl _X_P0IEN
                                    312 	.globl _X_T2IRQM
                                    313 	.globl _X_T2MOVF2
                                    314 	.globl _X_T2MOVF1
                                    315 	.globl _X_T2MOVF0
                                    316 	.globl _X_T2M1
                                    317 	.globl _X_T2M0
                                    318 	.globl _X_T2IRQF
                                    319 	.globl _X_P2
                                    320 	.globl _X_PSBANK
                                    321 	.globl _X_FMAP
                                    322 	.globl _X_CLKCONSTA
                                    323 	.globl _X_SLEEPSTA
                                    324 	.globl _X_T2EVTCFG
                                    325 	.globl _X_ST2
                                    326 	.globl _X_ST1
                                    327 	.globl _X_ST0
                                    328 	.globl _X_T2CTRL
                                    329 	.globl _X__XPAGE
                                    330 	.globl _X_MPAGE
                                    331 	.globl _X_RFIRQF1
                                    332 	.globl _X_P1
                                    333 	.globl _X_P0INP
                                    334 	.globl _X_P1IEN
                                    335 	.globl _X_PICTL
                                    336 	.globl _X_P2IFG
                                    337 	.globl _X_P1IFG
                                    338 	.globl _X_P0IFG
                                    339 	.globl _X_U0CSR
                                    340 	.globl _X_P0
                                    341 	.globl _USBF5
                                    342 	.globl _USBF4
                                    343 	.globl _USBF3
                                    344 	.globl _USBF2
                                    345 	.globl _USBF1
                                    346 	.globl _USBF0
                                    347 	.globl _USBCNTH
                                    348 	.globl _USBCNTL
                                    349 	.globl _USBCNT0
                                    350 	.globl _USBCSOH
                                    351 	.globl _USBCSOL
                                    352 	.globl _USBMAXO
                                    353 	.globl _USBCSIH
                                    354 	.globl _USBCSIL
                                    355 	.globl _USBCS0
                                    356 	.globl _USBMAXI
                                    357 	.globl _USBCTRL
                                    358 	.globl _USBINDEX
                                    359 	.globl _USBFRMH
                                    360 	.globl _USBFRML
                                    361 	.globl _USBCIE
                                    362 	.globl _USBOIE
                                    363 	.globl _USBIIE
                                    364 	.globl _USBCIF
                                    365 	.globl _USBOIF
                                    366 	.globl _USBIIF
                                    367 	.globl _USBPOW
                                    368 	.globl _USBADDR
                                    369 	.globl _CSPT
                                    370 	.globl _CSPZ
                                    371 	.globl _CSPY
                                    372 	.globl _CSPX
                                    373 	.globl _CSPSTAT
                                    374 	.globl _CSPCTRL
                                    375 	.globl _CSPPROG23
                                    376 	.globl _CSPPROG22
                                    377 	.globl _CSPPROG21
                                    378 	.globl _CSPPROG20
                                    379 	.globl _CSPPROG19
                                    380 	.globl _CSPPROG18
                                    381 	.globl _CSPPROG17
                                    382 	.globl _CSPPROG16
                                    383 	.globl _CSPPROG15
                                    384 	.globl _CSPPROG14
                                    385 	.globl _CSPPROG13
                                    386 	.globl _CSPPROG12
                                    387 	.globl _CSPPROG11
                                    388 	.globl _CSPPROG10
                                    389 	.globl _CSPPROG9
                                    390 	.globl _CSPPROG8
                                    391 	.globl _CSPPROG7
                                    392 	.globl _CSPPROG6
                                    393 	.globl _CSPPROG5
                                    394 	.globl _CSPPROG4
                                    395 	.globl _CSPPROG3
                                    396 	.globl _CSPPROG2
                                    397 	.globl _CSPPROG1
                                    398 	.globl _CSPPROG0
                                    399 	.globl _RFC_OBS_CTRL2
                                    400 	.globl _RFC_OBS_CTRL1
                                    401 	.globl _RFC_OBS_CTRL0
                                    402 	.globl _TXFILTCFG
                                    403 	.globl _PTEST1
                                    404 	.globl _PTEST0
                                    405 	.globl _ATEST
                                    406 	.globl _DACTEST2
                                    407 	.globl _DACTEST1
                                    408 	.globl _DACTEST0
                                    409 	.globl _MDMTEST1
                                    410 	.globl _MDMTEST0
                                    411 	.globl _ADCTEST2
                                    412 	.globl _ADCTEST1
                                    413 	.globl _ADCTEST0
                                    414 	.globl _AGCCTRL3
                                    415 	.globl _AGCCTRL2
                                    416 	.globl _AGCCTRL1
                                    417 	.globl _AGCCTRL0
                                    418 	.globl _FSCAL3
                                    419 	.globl _FSCAL2
                                    420 	.globl _FSCAL1
                                    421 	.globl _FSCAL0
                                    422 	.globl _FSCTRL
                                    423 	.globl _RXCTRL
                                    424 	.globl _FREQEST
                                    425 	.globl _MDMCTRL1
                                    426 	.globl _MDMCTRL0
                                    427 	.globl _RFRND
                                    428 	.globl _RFERRM
                                    429 	.globl _RFIRQM1
                                    430 	.globl _RFIRQM0
                                    431 	.globl _TXLAST_PTR
                                    432 	.globl _TXFIRST_PTR
                                    433 	.globl _RXP1_PTR
                                    434 	.globl _RXLAST_PTR
                                    435 	.globl _RXFIRST_PTR
                                    436 	.globl _TXFIFOCNT
                                    437 	.globl _RXFIFOCNT
                                    438 	.globl _RXFIRST
                                    439 	.globl _RSSISTAT
                                    440 	.globl _RSSI
                                    441 	.globl _CCACTRL1
                                    442 	.globl _CCACTRL0
                                    443 	.globl _FSMCTRL
                                    444 	.globl _FIFOPCTRL
                                    445 	.globl _FSMSTAT1
                                    446 	.globl _FSMSTAT0
                                    447 	.globl _TXCTRL
                                    448 	.globl _TXPOWER
                                    449 	.globl _FREQCTRL
                                    450 	.globl _FREQTUNE
                                    451 	.globl _RXMASKCLR
                                    452 	.globl _RXMASKSET
                                    453 	.globl _RXENABLE
                                    454 	.globl _FRMCTRL1
                                    455 	.globl _FRMCTRL0
                                    456 	.globl _SRCEXTEN2
                                    457 	.globl _SRCEXTEN1
                                    458 	.globl _SRCEXTEN0
                                    459 	.globl _SRCSHORTEN2
                                    460 	.globl _SRCSHORTEN1
                                    461 	.globl _SRCSHORTEN0
                                    462 	.globl _SRCMATCH
                                    463 	.globl _FRMFILT1
                                    464 	.globl _FRMFILT0
                                    465 	.globl _SHORT_ADDR1
                                    466 	.globl _SHORT_ADDR0
                                    467 	.globl _PAN_ID1
                                    468 	.globl _PAN_ID0
                                    469 	.globl _EXT_ADDR7
                                    470 	.globl _EXT_ADDR6
                                    471 	.globl _EXT_ADDR5
                                    472 	.globl _EXT_ADDR4
                                    473 	.globl _EXT_ADDR3
                                    474 	.globl _EXT_ADDR2
                                    475 	.globl _EXT_ADDR1
                                    476 	.globl _EXT_ADDR0
                                    477 	.globl _SRCSHORTPENDEN2
                                    478 	.globl _SRCSHORTPENDEN1
                                    479 	.globl _SRCSHORTPENDEN0
                                    480 	.globl _SRCEXTPENDEN2
                                    481 	.globl _SRCEXTPENDEN1
                                    482 	.globl _SRCEXTPENDEN0
                                    483 	.globl _SRCRESINDEX
                                    484 	.globl _SRCRESMASK2
                                    485 	.globl _SRCRESMASK1
                                    486 	.globl _SRCRESMASK0
                                    487 	.globl _SRC_ADDR_TABLE
                                    488 	.globl _TXFIFO
                                    489 	.globl _RXFIFO
                                    490 	.globl _RFCORE_RAM
                                    491 	.globl _CMPCTL
                                    492 	.globl _OPAMPS
                                    493 	.globl _OPAMPC
                                    494 	.globl _STCV2
                                    495 	.globl _STCV1
                                    496 	.globl _STCV0
                                    497 	.globl _STCS
                                    498 	.globl _STCC
                                    499 	.globl _T1CC4H
                                    500 	.globl _T1CC4L
                                    501 	.globl _T1CC3H
                                    502 	.globl _T1CC3L
                                    503 	.globl _XX_T1CC2H
                                    504 	.globl _XX_T1CC2L
                                    505 	.globl _XX_T1CC1H
                                    506 	.globl _XX_T1CC1L
                                    507 	.globl _XX_T1CC0H
                                    508 	.globl _XX_T1CC0L
                                    509 	.globl _T1CCTL4
                                    510 	.globl _T1CCTL3
                                    511 	.globl _XX_T1CCTL2
                                    512 	.globl _XX_T1CCTL1
                                    513 	.globl _XX_T1CCTL0
                                    514 	.globl _CLD
                                    515 	.globl _IRCTL
                                    516 	.globl _CHIPINFO1
                                    517 	.globl _CHIPINFO0
                                    518 	.globl _FWDATA
                                    519 	.globl _FADDRH
                                    520 	.globl _FADDRL
                                    521 	.globl _FCTL
                                    522 	.globl _IVCTRL
                                    523 	.globl _BATTMON
                                    524 	.globl _SRCRC
                                    525 	.globl _DBGDATA
                                    526 	.globl _TESTREG0
                                    527 	.globl _CHIPID
                                    528 	.globl _CHVER
                                    529 	.globl _OBSSEL5
                                    530 	.globl _OBSSEL4
                                    531 	.globl _OBSSEL3
                                    532 	.globl _OBSSEL2
                                    533 	.globl _OBSSEL1
                                    534 	.globl _OBSSEL0
                                    535 	.globl _I2CIO
                                    536 	.globl _I2CWC
                                    537 	.globl _I2CADDR
                                    538 	.globl _I2CDATA
                                    539 	.globl _I2CSTAT
                                    540 	.globl _I2CCFG
                                    541 	.globl _OPAMPMC
                                    542 	.globl _MONMUX
                                    543 	.globl _port_0_isr
                                    544 ;--------------------------------------------------------
                                    545 ; special function registers
                                    546 ;--------------------------------------------------------
                                    547 	.area RSEG    (ABS,DATA)
      000000                        548 	.org 0x0000
                           000080   549 _P0	=	0x0080
                           000081   550 _SP	=	0x0081
                           000082   551 _DPL0	=	0x0082
                           000083   552 _DPH0	=	0x0083
                           000084   553 _DPL1	=	0x0084
                           000085   554 _DPH1	=	0x0085
                           000087   555 _PCON	=	0x0087
                           000088   556 _TCON	=	0x0088
                           000090   557 _P1	=	0x0090
                           000092   558 _DPS	=	0x0092
                           000098   559 _S0CON	=	0x0098
                           00009A   560 _IEN2	=	0x009a
                           00009B   561 _S1CON	=	0x009b
                           0000A0   562 _P2	=	0x00a0
                           0000A8   563 _IEN0	=	0x00a8
                           0000A9   564 _IP0	=	0x00a9
                           0000B8   565 _IEN1	=	0x00b8
                           0000B9   566 _IP1	=	0x00b9
                           0000C0   567 _IRCON	=	0x00c0
                           0000D0   568 _PSW	=	0x00d0
                           0000E0   569 _ACC	=	0x00e0
                           0000E8   570 _IRCON2	=	0x00e8
                           0000F0   571 _B	=	0x00f0
                           0000B4   572 _ADCCON1	=	0x00b4
                           0000B5   573 _ADCCON2	=	0x00b5
                           0000B6   574 _ADCCON3	=	0x00b6
                           0000BA   575 _ADCL	=	0x00ba
                           0000BB   576 _ADCH	=	0x00bb
                           0000BC   577 _RNDL	=	0x00bc
                           0000BD   578 _RNDH	=	0x00bd
                           0000B1   579 _ENCDI	=	0x00b1
                           0000B2   580 _ENCDO	=	0x00b2
                           0000B3   581 _ENCCS	=	0x00b3
                           0000D1   582 _DMAIRQ	=	0x00d1
                           0000D2   583 _DMA1CFGL	=	0x00d2
                           0000D3   584 _DMA1CFGH	=	0x00d3
                           0000D4   585 _DMA0CFGL	=	0x00d4
                           0000D5   586 _DMA0CFGH	=	0x00d5
                           0000D6   587 _DMAARM	=	0x00d6
                           0000D7   588 _DMAREQ	=	0x00d7
                           000089   589 _P0IFG	=	0x0089
                           00008A   590 _P1IFG	=	0x008a
                           00008B   591 _P2IFG	=	0x008b
                           00008C   592 _PICTL	=	0x008c
                           0000AB   593 _P0IEN	=	0x00ab
                           00008D   594 _P1IEN	=	0x008d
                           0000AC   595 _P2IEN	=	0x00ac
                           00008F   596 _P0INP	=	0x008f
                           0000F1   597 _PERCFG	=	0x00f1
                           0000F2   598 _APCFG	=	0x00f2
                           0000F3   599 _P0SEL	=	0x00f3
                           0000F4   600 _P1SEL	=	0x00f4
                           0000F5   601 _P2SEL	=	0x00f5
                           0000F6   602 _P1INP	=	0x00f6
                           0000F7   603 _P2INP	=	0x00f7
                           0000FD   604 _P0DIR	=	0x00fd
                           0000FE   605 _P1DIR	=	0x00fe
                           0000FF   606 _P2DIR	=	0x00ff
                           0000AE   607 _PMUX	=	0x00ae
                           000093   608 _MPAGE	=	0x0093
                           000093   609 __XPAGE	=	0x0093
                           0000C7   610 _MEMCTR	=	0x00c7
                           00009F   611 _FMAP	=	0x009f
                           00009F   612 _PSBANK	=	0x009f
                           000091   613 _RFIRQF1	=	0x0091
                           0000D9   614 _RFD	=	0x00d9
                           0000E1   615 _RFST	=	0x00e1
                           0000E9   616 _RFIRQF0	=	0x00e9
                           0000BF   617 _RFERRF	=	0x00bf
                           000095   618 _ST0	=	0x0095
                           000096   619 _ST1	=	0x0096
                           000097   620 _ST2	=	0x0097
                           0000AD   621 _STLOAD	=	0x00ad
                           0000BE   622 _SLEEPCMD	=	0x00be
                           00009D   623 _SLEEPSTA	=	0x009d
                           0000C6   624 _CLKCONCMD	=	0x00c6
                           00009E   625 _CLKCONSTA	=	0x009e
                           0000DA   626 _T1CC0L	=	0x00da
                           0000DB   627 _T1CC0H	=	0x00db
                           0000DC   628 _T1CC1L	=	0x00dc
                           0000DD   629 _T1CC1H	=	0x00dd
                           0000DE   630 _T1CC2L	=	0x00de
                           0000DF   631 _T1CC2H	=	0x00df
                           0000E2   632 _T1CNTL	=	0x00e2
                           0000E3   633 _T1CNTH	=	0x00e3
                           0000E4   634 _T1CTL	=	0x00e4
                           0000E5   635 _T1CCTL0	=	0x00e5
                           0000E6   636 _T1CCTL1	=	0x00e6
                           0000E7   637 _T1CCTL2	=	0x00e7
                           0000AF   638 _T1STAT	=	0x00af
                           000094   639 _T2CTRL	=	0x0094
                           00009C   640 _T2EVTCFG	=	0x009c
                           0000A1   641 _T2IRQF	=	0x00a1
                           0000A2   642 _T2M0	=	0x00a2
                           0000A3   643 _T2M1	=	0x00a3
                           0000A4   644 _T2MOVF0	=	0x00a4
                           0000A5   645 _T2MOVF1	=	0x00a5
                           0000A6   646 _T2MOVF2	=	0x00a6
                           0000A7   647 _T2IRQM	=	0x00a7
                           0000C3   648 _T2MSEL	=	0x00c3
                           0000CA   649 _T3CNT	=	0x00ca
                           0000CB   650 _T3CTL	=	0x00cb
                           0000CC   651 _T3CCTL0	=	0x00cc
                           0000CD   652 _T3CC0	=	0x00cd
                           0000CE   653 _T3CCTL1	=	0x00ce
                           0000CF   654 _T3CC1	=	0x00cf
                           0000EA   655 _T4CNT	=	0x00ea
                           0000EB   656 _T4CTL	=	0x00eb
                           0000EC   657 _T4CCTL0	=	0x00ec
                           0000ED   658 _T4CC0	=	0x00ed
                           0000EE   659 _T4CCTL1	=	0x00ee
                           0000EF   660 _T4CC1	=	0x00ef
                           0000D8   661 _TIMIF	=	0x00d8
                           000086   662 _U0CSR	=	0x0086
                           0000C1   663 _U0DBUF	=	0x00c1
                           0000C2   664 _U0BAUD	=	0x00c2
                           0000C4   665 _U0UCR	=	0x00c4
                           0000C5   666 _U0GCR	=	0x00c5
                           0000F8   667 _U1CSR	=	0x00f8
                           0000F9   668 _U1DBUF	=	0x00f9
                           0000FA   669 _U1BAUD	=	0x00fa
                           0000FB   670 _U1UCR	=	0x00fb
                           0000FC   671 _U1GCR	=	0x00fc
                           0000C9   672 _WDCTL	=	0x00c9
                                    673 ;--------------------------------------------------------
                                    674 ; special function bits
                                    675 ;--------------------------------------------------------
                                    676 	.area RSEG    (ABS,DATA)
      000000                        677 	.org 0x0000
                           000087   678 _P0_7	=	0x0087
                           000086   679 _P0_6	=	0x0086
                           000085   680 _P0_5	=	0x0085
                           000084   681 _P0_4	=	0x0084
                           000083   682 _P0_3	=	0x0083
                           000082   683 _P0_2	=	0x0082
                           000081   684 _P0_1	=	0x0081
                           000080   685 _P0_0	=	0x0080
                           00008F   686 _URX1IF	=	0x008f
                           00008D   687 _ADCIF	=	0x008d
                           00008B   688 _URX0IF	=	0x008b
                           00008A   689 _IT1	=	0x008a
                           000089   690 _RFERRIF	=	0x0089
                           000088   691 _IT0	=	0x0088
                           000097   692 _P1_7	=	0x0097
                           000096   693 _P1_6	=	0x0096
                           000095   694 _P1_5	=	0x0095
                           000094   695 _P1_4	=	0x0094
                           000093   696 _P1_3	=	0x0093
                           000092   697 _P1_2	=	0x0092
                           000091   698 _P1_1	=	0x0091
                           000090   699 _P1_0	=	0x0090
                           000099   700 _ENCIF_1	=	0x0099
                           000098   701 _ENCIF_0	=	0x0098
                           0000A7   702 _P2_7	=	0x00a7
                           0000A6   703 _P2_6	=	0x00a6
                           0000A5   704 _P2_5	=	0x00a5
                           0000A4   705 _P2_4	=	0x00a4
                           0000A3   706 _P2_3	=	0x00a3
                           0000A2   707 _P2_2	=	0x00a2
                           0000A1   708 _P2_1	=	0x00a1
                           0000A0   709 _P2_0	=	0x00a0
                           0000AF   710 _EA	=	0x00af
                           0000AD   711 _STIE	=	0x00ad
                           0000AC   712 _ENCIE	=	0x00ac
                           0000AB   713 _URX1IE	=	0x00ab
                           0000AA   714 _URX0IE	=	0x00aa
                           0000A9   715 _ADCIE	=	0x00a9
                           0000A8   716 _RFERRIE	=	0x00a8
                           0000BD   717 _P0IE	=	0x00bd
                           0000BC   718 _T4IE	=	0x00bc
                           0000BB   719 _T3IE	=	0x00bb
                           0000BA   720 _T2IE	=	0x00ba
                           0000B9   721 _T1IE	=	0x00b9
                           0000B8   722 _DMAIE	=	0x00b8
                           0000C7   723 _STIF	=	0x00c7
                           0000C5   724 _P0IF	=	0x00c5
                           0000C4   725 _T4IF	=	0x00c4
                           0000C3   726 _T3IF	=	0x00c3
                           0000C2   727 _T2IF	=	0x00c2
                           0000C1   728 _T1IF	=	0x00c1
                           0000C0   729 _DMAIF	=	0x00c0
                           0000D7   730 _CY	=	0x00d7
                           0000D6   731 _AC	=	0x00d6
                           0000D5   732 _F0	=	0x00d5
                           0000D4   733 _RS1	=	0x00d4
                           0000D3   734 _RS0	=	0x00d3
                           0000D2   735 _OV	=	0x00d2
                           0000D1   736 _F1	=	0x00d1
                           0000D0   737 _P	=	0x00d0
                           0000E7   738 _ACC_7	=	0x00e7
                           0000E6   739 _ACC_6	=	0x00e6
                           0000E5   740 _ACC_5	=	0x00e5
                           0000E4   741 _ACC_4	=	0x00e4
                           0000E3   742 _ACC_3	=	0x00e3
                           0000E2   743 _ACC_2	=	0x00e2
                           0000E1   744 _ACC_1	=	0x00e1
                           0000E0   745 _ACC_0	=	0x00e0
                           0000EC   746 _WDTIF	=	0x00ec
                           0000EB   747 _P1IF	=	0x00eb
                           0000EA   748 _UTX1IF	=	0x00ea
                           0000E9   749 _UTX0IF	=	0x00e9
                           0000E8   750 _P2IF	=	0x00e8
                           0000F7   751 _B_7	=	0x00f7
                           0000F6   752 _B_6	=	0x00f6
                           0000F5   753 _B_5	=	0x00f5
                           0000F4   754 _B_4	=	0x00f4
                           0000F3   755 _B_3	=	0x00f3
                           0000F2   756 _B_2	=	0x00f2
                           0000F1   757 _B_1	=	0x00f1
                           0000F0   758 _B_0	=	0x00f0
                           0000DE   759 _OVFIM	=	0x00de
                           0000DD   760 _T4CH1IF	=	0x00dd
                           0000DC   761 _T4CH0IF	=	0x00dc
                           0000DB   762 _T4OVFIF	=	0x00db
                           0000DA   763 _T3CH1IF	=	0x00da
                           0000D9   764 _T3CH0IF	=	0x00d9
                           0000D8   765 _T3OVFIF	=	0x00d8
                           0000FF   766 _MODE	=	0x00ff
                           0000FE   767 _RE	=	0x00fe
                           0000FD   768 _SLAVE	=	0x00fd
                           0000FC   769 _FE	=	0x00fc
                           0000FB   770 _ERR	=	0x00fb
                           0000FA   771 _RX_BYTE	=	0x00fa
                           0000F9   772 _TX_BYTE	=	0x00f9
                           0000F8   773 _ACTIVE	=	0x00f8
                                    774 ;--------------------------------------------------------
                                    775 ; overlayable register banks
                                    776 ;--------------------------------------------------------
                                    777 	.area REG_BANK_0	(REL,OVR,DATA)
      000000                        778 	.ds 8
                                    779 ;--------------------------------------------------------
                                    780 ; overlayable bit register bank
                                    781 ;--------------------------------------------------------
                                    782 	.area BIT_BANK	(REL,OVR,DATA)
      000000                        783 bits:
      000000                        784 	.ds 1
                           008000   785 	b0 = bits[0]
                           008100   786 	b1 = bits[1]
                           008200   787 	b2 = bits[2]
                           008300   788 	b3 = bits[3]
                           008400   789 	b4 = bits[4]
                           008500   790 	b5 = bits[5]
                           008600   791 	b6 = bits[6]
                           008700   792 	b7 = bits[7]
                                    793 ;--------------------------------------------------------
                                    794 ; internal ram data
                                    795 ;--------------------------------------------------------
                                    796 	.area DSEG    (DATA)
      000000                        797 _debouncetimer:
      000000                        798 	.ds 4
                                    799 ;--------------------------------------------------------
                                    800 ; overlayable items in internal ram 
                                    801 ;--------------------------------------------------------
                                    802 ;--------------------------------------------------------
                                    803 ; indirectly addressable internal ram data
                                    804 ;--------------------------------------------------------
                                    805 	.area ISEG    (DATA)
                                    806 ;--------------------------------------------------------
                                    807 ; absolute internal ram data
                                    808 ;--------------------------------------------------------
                                    809 	.area IABS    (ABS,DATA)
                                    810 	.area IABS    (ABS,DATA)
                                    811 ;--------------------------------------------------------
                                    812 ; bit data
                                    813 ;--------------------------------------------------------
                                    814 	.area BSEG    (BIT)
                                    815 ;--------------------------------------------------------
                                    816 ; paged external ram data
                                    817 ;--------------------------------------------------------
                                    818 	.area PSEG    (PAG,XDATA)
                                    819 ;--------------------------------------------------------
                                    820 ; external ram data
                                    821 ;--------------------------------------------------------
                                    822 	.area XSEG    (XDATA)
                           0061A6   823 _MONMUX	=	0x61a6
                           0061A6   824 _OPAMPMC	=	0x61a6
                           006230   825 _I2CCFG	=	0x6230
                           006231   826 _I2CSTAT	=	0x6231
                           006232   827 _I2CDATA	=	0x6232
                           006233   828 _I2CADDR	=	0x6233
                           006234   829 _I2CWC	=	0x6234
                           006235   830 _I2CIO	=	0x6235
                           006243   831 _OBSSEL0	=	0x6243
                           006244   832 _OBSSEL1	=	0x6244
                           006245   833 _OBSSEL2	=	0x6245
                           006246   834 _OBSSEL3	=	0x6246
                           006247   835 _OBSSEL4	=	0x6247
                           006248   836 _OBSSEL5	=	0x6248
                           006249   837 _CHVER	=	0x6249
                           00624A   838 _CHIPID	=	0x624a
                           00624B   839 _TESTREG0	=	0x624b
                           006260   840 _DBGDATA	=	0x6260
                           006262   841 _SRCRC	=	0x6262
                           006264   842 _BATTMON	=	0x6264
                           006265   843 _IVCTRL	=	0x6265
                           006270   844 _FCTL	=	0x6270
                           006271   845 _FADDRL	=	0x6271
                           006272   846 _FADDRH	=	0x6272
                           006273   847 _FWDATA	=	0x6273
                           006276   848 _CHIPINFO0	=	0x6276
                           006277   849 _CHIPINFO1	=	0x6277
                           006281   850 _IRCTL	=	0x6281
                           006290   851 _CLD	=	0x6290
                           0062A0   852 _XX_T1CCTL0	=	0x62a0
                           0062A1   853 _XX_T1CCTL1	=	0x62a1
                           0062A2   854 _XX_T1CCTL2	=	0x62a2
                           0062A3   855 _T1CCTL3	=	0x62a3
                           0062A4   856 _T1CCTL4	=	0x62a4
                           0062A6   857 _XX_T1CC0L	=	0x62a6
                           0062A7   858 _XX_T1CC0H	=	0x62a7
                           0062A8   859 _XX_T1CC1L	=	0x62a8
                           0062A9   860 _XX_T1CC1H	=	0x62a9
                           0062AA   861 _XX_T1CC2L	=	0x62aa
                           0062AB   862 _XX_T1CC2H	=	0x62ab
                           0062AC   863 _T1CC3L	=	0x62ac
                           0062AD   864 _T1CC3H	=	0x62ad
                           0062AE   865 _T1CC4L	=	0x62ae
                           0062AF   866 _T1CC4H	=	0x62af
                           0062B0   867 _STCC	=	0x62b0
                           0062B1   868 _STCS	=	0x62b1
                           0062B2   869 _STCV0	=	0x62b2
                           0062B3   870 _STCV1	=	0x62b3
                           0062B4   871 _STCV2	=	0x62b4
                           0062C0   872 _OPAMPC	=	0x62c0
                           0062C1   873 _OPAMPS	=	0x62c1
                           0062D0   874 _CMPCTL	=	0x62d0
                           006000   875 _RFCORE_RAM	=	0x6000
                           006000   876 _RXFIFO	=	0x6000
                           006080   877 _TXFIFO	=	0x6080
                           006100   878 _SRC_ADDR_TABLE	=	0x6100
                           006160   879 _SRCRESMASK0	=	0x6160
                           006161   880 _SRCRESMASK1	=	0x6161
                           006162   881 _SRCRESMASK2	=	0x6162
                           006163   882 _SRCRESINDEX	=	0x6163
                           006164   883 _SRCEXTPENDEN0	=	0x6164
                           006165   884 _SRCEXTPENDEN1	=	0x6165
                           006166   885 _SRCEXTPENDEN2	=	0x6166
                           006167   886 _SRCSHORTPENDEN0	=	0x6167
                           006168   887 _SRCSHORTPENDEN1	=	0x6168
                           006169   888 _SRCSHORTPENDEN2	=	0x6169
                           00616A   889 _EXT_ADDR0	=	0x616a
                           00616B   890 _EXT_ADDR1	=	0x616b
                           00616C   891 _EXT_ADDR2	=	0x616c
                           00616D   892 _EXT_ADDR3	=	0x616d
                           00616E   893 _EXT_ADDR4	=	0x616e
                           00616F   894 _EXT_ADDR5	=	0x616f
                           006170   895 _EXT_ADDR6	=	0x6170
                           006171   896 _EXT_ADDR7	=	0x6171
                           006172   897 _PAN_ID0	=	0x6172
                           006173   898 _PAN_ID1	=	0x6173
                           006174   899 _SHORT_ADDR0	=	0x6174
                           006175   900 _SHORT_ADDR1	=	0x6175
                           006180   901 _FRMFILT0	=	0x6180
                           006181   902 _FRMFILT1	=	0x6181
                           006182   903 _SRCMATCH	=	0x6182
                           006183   904 _SRCSHORTEN0	=	0x6183
                           006184   905 _SRCSHORTEN1	=	0x6184
                           006185   906 _SRCSHORTEN2	=	0x6185
                           006186   907 _SRCEXTEN0	=	0x6186
                           006187   908 _SRCEXTEN1	=	0x6187
                           006188   909 _SRCEXTEN2	=	0x6188
                           006189   910 _FRMCTRL0	=	0x6189
                           00618A   911 _FRMCTRL1	=	0x618a
                           00618B   912 _RXENABLE	=	0x618b
                           00618C   913 _RXMASKSET	=	0x618c
                           00618D   914 _RXMASKCLR	=	0x618d
                           00618E   915 _FREQTUNE	=	0x618e
                           00618F   916 _FREQCTRL	=	0x618f
                           006190   917 _TXPOWER	=	0x6190
                           006191   918 _TXCTRL	=	0x6191
                           006192   919 _FSMSTAT0	=	0x6192
                           006193   920 _FSMSTAT1	=	0x6193
                           006194   921 _FIFOPCTRL	=	0x6194
                           006195   922 _FSMCTRL	=	0x6195
                           006196   923 _CCACTRL0	=	0x6196
                           006197   924 _CCACTRL1	=	0x6197
                           006198   925 _RSSI	=	0x6198
                           006199   926 _RSSISTAT	=	0x6199
                           00619A   927 _RXFIRST	=	0x619a
                           00619B   928 _RXFIFOCNT	=	0x619b
                           00619C   929 _TXFIFOCNT	=	0x619c
                           00619D   930 _RXFIRST_PTR	=	0x619d
                           00619E   931 _RXLAST_PTR	=	0x619e
                           00619F   932 _RXP1_PTR	=	0x619f
                           0061A1   933 _TXFIRST_PTR	=	0x61a1
                           0061A2   934 _TXLAST_PTR	=	0x61a2
                           0061A3   935 _RFIRQM0	=	0x61a3
                           0061A4   936 _RFIRQM1	=	0x61a4
                           0061A5   937 _RFERRM	=	0x61a5
                           0061A7   938 _RFRND	=	0x61a7
                           0061A8   939 _MDMCTRL0	=	0x61a8
                           0061A9   940 _MDMCTRL1	=	0x61a9
                           0061AA   941 _FREQEST	=	0x61aa
                           0061AB   942 _RXCTRL	=	0x61ab
                           0061AC   943 _FSCTRL	=	0x61ac
                           0061AD   944 _FSCAL0	=	0x61ad
                           0061AE   945 _FSCAL1	=	0x61ae
                           0061AF   946 _FSCAL2	=	0x61af
                           0061B0   947 _FSCAL3	=	0x61b0
                           0061B1   948 _AGCCTRL0	=	0x61b1
                           0061B2   949 _AGCCTRL1	=	0x61b2
                           0061B3   950 _AGCCTRL2	=	0x61b3
                           0061B4   951 _AGCCTRL3	=	0x61b4
                           0061B5   952 _ADCTEST0	=	0x61b5
                           0061B6   953 _ADCTEST1	=	0x61b6
                           0061B7   954 _ADCTEST2	=	0x61b7
                           0061B8   955 _MDMTEST0	=	0x61b8
                           0061B9   956 _MDMTEST1	=	0x61b9
                           0061BA   957 _DACTEST0	=	0x61ba
                           0061BB   958 _DACTEST1	=	0x61bb
                           0061BC   959 _DACTEST2	=	0x61bc
                           0061BD   960 _ATEST	=	0x61bd
                           0061BE   961 _PTEST0	=	0x61be
                           0061BF   962 _PTEST1	=	0x61bf
                           0061FA   963 _TXFILTCFG	=	0x61fa
                           0061EB   964 _RFC_OBS_CTRL0	=	0x61eb
                           0061EC   965 _RFC_OBS_CTRL1	=	0x61ec
                           0061ED   966 _RFC_OBS_CTRL2	=	0x61ed
                           0061C0   967 _CSPPROG0	=	0x61c0
                           0061C1   968 _CSPPROG1	=	0x61c1
                           0061C2   969 _CSPPROG2	=	0x61c2
                           0061C3   970 _CSPPROG3	=	0x61c3
                           0061C4   971 _CSPPROG4	=	0x61c4
                           0061C5   972 _CSPPROG5	=	0x61c5
                           0061C6   973 _CSPPROG6	=	0x61c6
                           0061C7   974 _CSPPROG7	=	0x61c7
                           0061C8   975 _CSPPROG8	=	0x61c8
                           0061C9   976 _CSPPROG9	=	0x61c9
                           0061CA   977 _CSPPROG10	=	0x61ca
                           0061CB   978 _CSPPROG11	=	0x61cb
                           0061CC   979 _CSPPROG12	=	0x61cc
                           0061CD   980 _CSPPROG13	=	0x61cd
                           0061CE   981 _CSPPROG14	=	0x61ce
                           0061CF   982 _CSPPROG15	=	0x61cf
                           0061D0   983 _CSPPROG16	=	0x61d0
                           0061D1   984 _CSPPROG17	=	0x61d1
                           0061D2   985 _CSPPROG18	=	0x61d2
                           0061D3   986 _CSPPROG19	=	0x61d3
                           0061D4   987 _CSPPROG20	=	0x61d4
                           0061D5   988 _CSPPROG21	=	0x61d5
                           0061D6   989 _CSPPROG22	=	0x61d6
                           0061D7   990 _CSPPROG23	=	0x61d7
                           0061E0   991 _CSPCTRL	=	0x61e0
                           0061E1   992 _CSPSTAT	=	0x61e1
                           0061E2   993 _CSPX	=	0x61e2
                           0061E3   994 _CSPY	=	0x61e3
                           0061E4   995 _CSPZ	=	0x61e4
                           0061E5   996 _CSPT	=	0x61e5
                           006200   997 _USBADDR	=	0x6200
                           006201   998 _USBPOW	=	0x6201
                           006202   999 _USBIIF	=	0x6202
                           006204  1000 _USBOIF	=	0x6204
                           006206  1001 _USBCIF	=	0x6206
                           006207  1002 _USBIIE	=	0x6207
                           006209  1003 _USBOIE	=	0x6209
                           00620B  1004 _USBCIE	=	0x620b
                           00620C  1005 _USBFRML	=	0x620c
                           00620D  1006 _USBFRMH	=	0x620d
                           00620E  1007 _USBINDEX	=	0x620e
                           00620F  1008 _USBCTRL	=	0x620f
                           006210  1009 _USBMAXI	=	0x6210
                           006211  1010 _USBCS0	=	0x6211
                           006211  1011 _USBCSIL	=	0x6211
                           006212  1012 _USBCSIH	=	0x6212
                           006213  1013 _USBMAXO	=	0x6213
                           006214  1014 _USBCSOL	=	0x6214
                           006215  1015 _USBCSOH	=	0x6215
                           006216  1016 _USBCNT0	=	0x6216
                           006216  1017 _USBCNTL	=	0x6216
                           006217  1018 _USBCNTH	=	0x6217
                           006220  1019 _USBF0	=	0x6220
                           006222  1020 _USBF1	=	0x6222
                           006224  1021 _USBF2	=	0x6224
                           006226  1022 _USBF3	=	0x6226
                           006228  1023 _USBF4	=	0x6228
                           00622A  1024 _USBF5	=	0x622a
                           007080  1025 _X_P0	=	0x7080
                           007086  1026 _X_U0CSR	=	0x7086
                           007089  1027 _X_P0IFG	=	0x7089
                           00708A  1028 _X_P1IFG	=	0x708a
                           00708B  1029 _X_P2IFG	=	0x708b
                           00708C  1030 _X_PICTL	=	0x708c
                           00708D  1031 _X_P1IEN	=	0x708d
                           00708F  1032 _X_P0INP	=	0x708f
                           007090  1033 _X_P1	=	0x7090
                           007091  1034 _X_RFIRQF1	=	0x7091
                           007093  1035 _X_MPAGE	=	0x7093
                           007093  1036 _X__XPAGE	=	0x7093
                           007094  1037 _X_T2CTRL	=	0x7094
                           007095  1038 _X_ST0	=	0x7095
                           007096  1039 _X_ST1	=	0x7096
                           007097  1040 _X_ST2	=	0x7097
                           00709C  1041 _X_T2EVTCFG	=	0x709c
                           00709D  1042 _X_SLEEPSTA	=	0x709d
                           00709E  1043 _X_CLKCONSTA	=	0x709e
                           00709F  1044 _X_FMAP	=	0x709f
                           00709F  1045 _X_PSBANK	=	0x709f
                           0070A0  1046 _X_P2	=	0x70a0
                           0070A1  1047 _X_T2IRQF	=	0x70a1
                           0070A2  1048 _X_T2M0	=	0x70a2
                           0070A3  1049 _X_T2M1	=	0x70a3
                           0070A4  1050 _X_T2MOVF0	=	0x70a4
                           0070A5  1051 _X_T2MOVF1	=	0x70a5
                           0070A6  1052 _X_T2MOVF2	=	0x70a6
                           0070A7  1053 _X_T2IRQM	=	0x70a7
                           0070AB  1054 _X_P0IEN	=	0x70ab
                           0070AC  1055 _X_P2IEN	=	0x70ac
                           0070AD  1056 _X_STLOAD	=	0x70ad
                           0070AE  1057 _X_PMUX	=	0x70ae
                           0070AF  1058 _X_T1STAT	=	0x70af
                           0070B1  1059 _X_ENCDI	=	0x70b1
                           0070B2  1060 _X_ENCDO	=	0x70b2
                           0070B3  1061 _X_ENCCS	=	0x70b3
                           0070B4  1062 _X_ADCCON1	=	0x70b4
                           0070B5  1063 _X_ADCCON2	=	0x70b5
                           0070B6  1064 _X_ADCCON3	=	0x70b6
                           0070BA  1065 _X_ADCL	=	0x70ba
                           0070BB  1066 _X_ADCH	=	0x70bb
                           0070BC  1067 _X_RNDL	=	0x70bc
                           0070BD  1068 _X_RNDH	=	0x70bd
                           0070BE  1069 _X_SLEEPCMD	=	0x70be
                           0070BF  1070 _X_RFERRF	=	0x70bf
                           0070C1  1071 _X_U0DBUF	=	0x70c1
                           0070C2  1072 _X_U0BAUD	=	0x70c2
                           0070C3  1073 _X_T2MSEL	=	0x70c3
                           0070C4  1074 _X_U0UCR	=	0x70c4
                           0070C5  1075 _X_U0GCR	=	0x70c5
                           0070C6  1076 _X_CLKCONCMD	=	0x70c6
                           0070C7  1077 _X_MEMCTR	=	0x70c7
                           0070C9  1078 _X_WDCTL	=	0x70c9
                           0070CA  1079 _X_T3CNT	=	0x70ca
                           0070CB  1080 _X_T3CTL	=	0x70cb
                           0070CC  1081 _X_T3CCTL0	=	0x70cc
                           0070CD  1082 _X_T3CC0	=	0x70cd
                           0070CE  1083 _X_T3CCTL1	=	0x70ce
                           0070CF  1084 _X_T3CC1	=	0x70cf
                           0070D1  1085 _X_DMAIRQ	=	0x70d1
                           0070D2  1086 _X_DMA1CFGL	=	0x70d2
                           0070D3  1087 _X_DMA1CFGH	=	0x70d3
                           0070D4  1088 _X_DMA0CFGL	=	0x70d4
                           0070D5  1089 _X_DMA0CFGH	=	0x70d5
                           0070D6  1090 _X_DMAARM	=	0x70d6
                           0070D7  1091 _X_DMAREQ	=	0x70d7
                           0070D8  1092 _X_TIMIF	=	0x70d8
                           0070D9  1093 _X_RFD	=	0x70d9
                           0070DA  1094 _X_T1CC0L	=	0x70da
                           0070DB  1095 _X_T1CC0H	=	0x70db
                           0070DC  1096 _X_T1CC1L	=	0x70dc
                           0070DD  1097 _X_T1CC1H	=	0x70dd
                           0070DE  1098 _X_T1CC2L	=	0x70de
                           0070DF  1099 _X_T1CC2H	=	0x70df
                           0070E1  1100 _X_RFST	=	0x70e1
                           0070E2  1101 _X_T1CNTL	=	0x70e2
                           0070E3  1102 _X_T1CNTH	=	0x70e3
                           0070E4  1103 _X_T1CTL	=	0x70e4
                           0070E5  1104 _X_T1CCTL0	=	0x70e5
                           0070E6  1105 _X_T1CCTL1	=	0x70e6
                           0070E7  1106 _X_T1CCTL2	=	0x70e7
                           0070E9  1107 _X_RFIRQF0	=	0x70e9
                           0070EA  1108 _X_T4CNT	=	0x70ea
                           0070EB  1109 _X_T4CTL	=	0x70eb
                           0070EC  1110 _X_T4CCTL0	=	0x70ec
                           0070ED  1111 _X_T4CC0	=	0x70ed
                           0070EE  1112 _X_T4CCTL1	=	0x70ee
                           0070EF  1113 _X_T4CC1	=	0x70ef
                           0070F1  1114 _X_PERCFG	=	0x70f1
                           0070F2  1115 _X_APCFG	=	0x70f2
                           0070F3  1116 _X_P0SEL	=	0x70f3
                           0070F4  1117 _X_P1SEL	=	0x70f4
                           0070F5  1118 _X_P2SEL	=	0x70f5
                           0070F6  1119 _X_P1INP	=	0x70f6
                           0070F7  1120 _X_P2INP	=	0x70f7
                           0070F8  1121 _X_U1CSR	=	0x70f8
                           0070F9  1122 _X_U1DBUF	=	0x70f9
                           0070FA  1123 _X_U1BAUD	=	0x70fa
                           0070FB  1124 _X_U1UCR	=	0x70fb
                           0070FC  1125 _X_U1GCR	=	0x70fc
                           0070FD  1126 _X_P0DIR	=	0x70fd
                           0070FE  1127 _X_P1DIR	=	0x70fe
                           0070FF  1128 _X_P2DIR	=	0x70ff
                           007800  1129 _X_INFOPAGE	=	0x7800
                           00780C  1130 _X_IEEE_ADDR	=	0x780c
                                   1131 ;--------------------------------------------------------
                                   1132 ; absolute external ram data
                                   1133 ;--------------------------------------------------------
                                   1134 	.area XABS    (ABS,XDATA)
                                   1135 ;--------------------------------------------------------
                                   1136 ; external initialized ram data
                                   1137 ;--------------------------------------------------------
                                   1138 	.area XISEG   (XDATA)
                                   1139 	.area HOME    (CODE)
                                   1140 	.area GSINIT0 (CODE)
                                   1141 	.area GSINIT1 (CODE)
                                   1142 	.area GSINIT2 (CODE)
                                   1143 	.area GSINIT3 (CODE)
                                   1144 	.area GSINIT4 (CODE)
                                   1145 	.area GSINIT5 (CODE)
                                   1146 	.area GSINIT  (CODE)
                                   1147 	.area GSFINAL (CODE)
                                   1148 	.area CSEG    (CODE)
                                   1149 ;--------------------------------------------------------
                                   1150 ; global & static initialisations
                                   1151 ;--------------------------------------------------------
                                   1152 	.area HOME    (CODE)
                                   1153 	.area GSINIT  (CODE)
                                   1154 	.area GSFINAL (CODE)
                                   1155 	.area GSINIT  (CODE)
                                   1156 ;--------------------------------------------------------
                                   1157 ; Home
                                   1158 ;--------------------------------------------------------
                                   1159 	.area HOME    (CODE)
                                   1160 	.area HOME    (CODE)
                                   1161 ;--------------------------------------------------------
                                   1162 ; code
                                   1163 ;--------------------------------------------------------
                                   1164 	.area HOME    (CODE)
                                   1165 ;------------------------------------------------------------
                                   1166 ;Allocation info for local variables in function 'value_b1'
                                   1167 ;------------------------------------------------------------
                                   1168 ;type                      Allocated to registers 
                                   1169 ;------------------------------------------------------------
                                   1170 ;	../../../platform/cc2530dk/dev/button-sensor.c:44: value_b1(int type)
                                   1171 ;	-----------------------------------------
                                   1172 ;	 function value_b1
                                   1173 ;	-----------------------------------------
      000000                       1174 _value_b1:
                           000007  1175 	ar7 = 0x07
                           000006  1176 	ar6 = 0x06
                           000005  1177 	ar5 = 0x05
                           000004  1178 	ar4 = 0x04
                           000003  1179 	ar3 = 0x03
                           000002  1180 	ar2 = 0x02
                           000001  1181 	ar1 = 0x01
                           000000  1182 	ar0 = 0x00
                                   1183 ;	../../../platform/cc2530dk/dev/button-sensor.c:47: return BUTTON_READ(1) || !timer_expired(&debouncetimer);
      000000 20 81 1B         [24] 1184 	jb	_P0_1,00104$
      000003 90r00r00         [24] 1185 	mov	dptr,#_debouncetimer
      000006 75 F0 40         [24] 1186 	mov	b,#0x40
      000009 78r00            [12] 1187 	mov	r0,#_timer_expired
      00000B 79s00            [12] 1188 	mov	r1,#(_timer_expired >> 8)
      00000D 7As00            [12] 1189 	mov	r2,#(_timer_expired >> 16)
      00000F 12r00r00         [24] 1190 	lcall	__sdcc_banked_call
      000012 AE 82            [24] 1191 	mov	r6,dpl
      000014 AF 83            [24] 1192 	mov	r7,dph
      000016 EE               [12] 1193 	mov	a,r6
      000017 4F               [12] 1194 	orl	a,r7
      000018 60 04            [24] 1195 	jz	00104$
                                   1196 ;	assignBit
      00001A C2*00            [12] 1197 	clr	b0
      00001C 80 02            [24] 1198 	sjmp	00105$
      00001E                       1199 00104$:
                                   1200 ;	assignBit
      00001E D2*00            [12] 1201 	setb	b0
      000020                       1202 00105$:
      000020 A2*00            [12] 1203 	mov	c,b0
      000022 E4               [12] 1204 	clr	a
      000023 33               [12] 1205 	rlc	a
      000024 FE               [12] 1206 	mov	r6,a
      000025 7F 00            [12] 1207 	mov	r7,#0x00
      000027 8E 82            [24] 1208 	mov	dpl,r6
      000029 8F 83            [24] 1209 	mov	dph,r7
                                   1210 ;	../../../platform/cc2530dk/dev/button-sensor.c:48: }
      00002B 02r00r00         [24] 1211 	ljmp	__sdcc_banked_ret
                                   1212 ;------------------------------------------------------------
                                   1213 ;Allocation info for local variables in function 'status_b1'
                                   1214 ;------------------------------------------------------------
                                   1215 ;type                      Allocated to registers r6 r7 
                                   1216 ;------------------------------------------------------------
                                   1217 ;	../../../platform/cc2530dk/dev/button-sensor.c:51: status_b1(int type)
                                   1218 ;	-----------------------------------------
                                   1219 ;	 function status_b1
                                   1220 ;	-----------------------------------------
      00002E                       1221 _status_b1:
      00002E AE 82            [24] 1222 	mov	r6,dpl
      000030 AF 83            [24] 1223 	mov	r7,dph
                                   1224 ;	../../../platform/cc2530dk/dev/button-sensor.c:53: switch(type) {
      000032 BE 81 05         [24] 1225 	cjne	r6,#0x81,00110$
      000035 BF 00 02         [24] 1226 	cjne	r7,#0x00,00110$
      000038 80 06            [24] 1227 	sjmp	00102$
      00003A                       1228 00110$:
      00003A BE 82 10         [24] 1229 	cjne	r6,#0x82,00103$
      00003D BF 00 0D         [24] 1230 	cjne	r7,#0x00,00103$
                                   1231 ;	../../../platform/cc2530dk/dev/button-sensor.c:55: case SENSORS_READY:
      000040                       1232 00102$:
                                   1233 ;	../../../platform/cc2530dk/dev/button-sensor.c:56: return BUTTON_IRQ_ENABLED(1);
      000040 74 02            [12] 1234 	mov	a,#0x02
      000042 55 AB            [12] 1235 	anl	a,_P0IEN
      000044 FF               [12] 1236 	mov	r7,a
      000045 7E 00            [12] 1237 	mov	r6,#0x00
      000047 8F 82            [24] 1238 	mov	dpl,r7
      000049 8E 83            [24] 1239 	mov	dph,r6
                                   1240 ;	../../../platform/cc2530dk/dev/button-sensor.c:57: }
      00004B 80 03            [24] 1241 	sjmp	00104$
      00004D                       1242 00103$:
                                   1243 ;	../../../platform/cc2530dk/dev/button-sensor.c:58: return 0;
      00004D 90 00 00         [24] 1244 	mov	dptr,#0x0000
      000050                       1245 00104$:
                                   1246 ;	../../../platform/cc2530dk/dev/button-sensor.c:59: }
      000050 02r00r00         [24] 1247 	ljmp	__sdcc_banked_ret
                                   1248 ;------------------------------------------------------------
                                   1249 ;Allocation info for local variables in function 'configure_b1'
                                   1250 ;------------------------------------------------------------
                                   1251 ;value                     Allocated to stack - sp -4
                                   1252 ;type                      Allocated to registers r6 r7 
                                   1253 ;------------------------------------------------------------
                                   1254 ;	../../../platform/cc2530dk/dev/button-sensor.c:62: configure_b1(int type, int value)
                                   1255 ;	-----------------------------------------
                                   1256 ;	 function configure_b1
                                   1257 ;	-----------------------------------------
      000053                       1258 _configure_b1:
      000053 AE 82            [24] 1259 	mov	r6,dpl
      000055 AF 83            [24] 1260 	mov	r7,dph
                                   1261 ;	../../../platform/cc2530dk/dev/button-sensor.c:64: switch(type) {
      000057 BE 80 05         [24] 1262 	cjne	r6,#0x80,00151$
      00005A BF 00 02         [24] 1263 	cjne	r7,#0x00,00151$
      00005D 80 08            [24] 1264 	sjmp	00101$
      00005F                       1265 00151$:
                                   1266 ;	../../../platform/cc2530dk/dev/button-sensor.c:65: case SENSORS_HW_INIT:
      00005F BE 81 53         [24] 1267 	cjne	r6,#0x81,00132$
      000062 BF 00 50         [24] 1268 	cjne	r7,#0x00,00132$
      000065 80 11            [24] 1269 	sjmp	00111$
      000067                       1270 00101$:
                                   1271 ;	../../../platform/cc2530dk/dev/button-sensor.c:67: P0INP |= 2; /* Tri-state */
      000067 43 8F 02         [24] 1272 	orl	_P0INP,#0x02
                                   1273 ;	../../../platform/cc2530dk/dev/button-sensor.c:69: BUTTON_IRQ_ON_PRESS(1);
      00006A 53 8C FE         [24] 1274 	anl	_PICTL,#0xfe
                                   1275 ;	../../../platform/cc2530dk/dev/button-sensor.c:70: BUTTON_FUNC_GPIO(1);
      00006D 53 F3 FD         [24] 1276 	anl	_P0SEL,#0xfd
                                   1277 ;	../../../platform/cc2530dk/dev/button-sensor.c:71: BUTTON_DIR_INPUT(1);
      000070 53 FD FD         [24] 1278 	anl	_P0DIR,#0xfd
                                   1279 ;	../../../platform/cc2530dk/dev/button-sensor.c:72: return 1;
      000073 90 00 01         [24] 1280 	mov	dptr,#0x0001
                                   1281 ;	../../../platform/cc2530dk/dev/button-sensor.c:73: case SENSORS_ACTIVE:
      000076 80 40            [24] 1282 	sjmp	00133$
      000078                       1283 00111$:
                                   1284 ;	../../../platform/cc2530dk/dev/button-sensor.c:74: if(value) {
      000078 E5 81            [12] 1285 	mov	a,sp
      00007A 24 FC            [12] 1286 	add	a,#0xfc
      00007C F8               [12] 1287 	mov	r0,a
      00007D E6               [12] 1288 	mov	a,@r0
      00007E 08               [12] 1289 	inc	r0
      00007F 46               [12] 1290 	orl	a,@r0
      000080 60 29            [24] 1291 	jz	00126$
                                   1292 ;	../../../platform/cc2530dk/dev/button-sensor.c:75: if(!BUTTON_IRQ_ENABLED(1)) {
      000082 E5 AB            [12] 1293 	mov	a,_P0IEN
      000084 20 E1 29         [24] 1294 	jb	acc.1,00131$
                                   1295 ;	../../../platform/cc2530dk/dev/button-sensor.c:76: timer_set(&debouncetimer, 0);
      000087 E4               [12] 1296 	clr	a
      000088 C0 E0            [24] 1297 	push	acc
      00008A C0 E0            [24] 1298 	push	acc
      00008C 90r00r00         [24] 1299 	mov	dptr,#_debouncetimer
      00008F 75 F0 40         [24] 1300 	mov	b,#0x40
      000092 78r00            [12] 1301 	mov	r0,#_timer_set
      000094 79s00            [12] 1302 	mov	r1,#(_timer_set >> 8)
      000096 7As00            [12] 1303 	mov	r2,#(_timer_set >> 16)
      000098 12r00r00         [24] 1304 	lcall	__sdcc_banked_call
      00009B 15 81            [12] 1305 	dec	sp
      00009D 15 81            [12] 1306 	dec	sp
                                   1307 ;	../../../platform/cc2530dk/dev/button-sensor.c:77: BUTTON_IRQ_FLAG_OFF(1);
      00009F 53 89 FD         [24] 1308 	anl	_P0IFG,#0xfd
                                   1309 ;	assignBit
      0000A2 C2 C5            [12] 1310 	clr	_P0IF
                                   1311 ;	../../../platform/cc2530dk/dev/button-sensor.c:78: BUTTON_IRQ_ENABLE(1);
      0000A4 43 AB 02         [24] 1312 	orl	_P0IEN,#0x02
                                   1313 ;	assignBit
      0000A7 D2 BD            [12] 1314 	setb	_P0IE
                                   1315 ;	../../../platform/cc2530dk/dev/button-sensor.c:81: BUTTON_IRQ_DISABLE(1);
      0000A9 80 05            [24] 1316 	sjmp	00131$
      0000AB                       1317 00126$:
      0000AB 53 AB FD         [24] 1318 	anl	_P0IEN,#0xfd
                                   1319 ;	assignBit
      0000AE C2 BD            [12] 1320 	clr	_P0IE
      0000B0                       1321 00131$:
                                   1322 ;	../../../platform/cc2530dk/dev/button-sensor.c:83: return 1;
      0000B0 90 00 01         [24] 1323 	mov	dptr,#0x0001
                                   1324 ;	../../../platform/cc2530dk/dev/button-sensor.c:84: }
      0000B3 80 03            [24] 1325 	sjmp	00133$
      0000B5                       1326 00132$:
                                   1327 ;	../../../platform/cc2530dk/dev/button-sensor.c:85: return 0;
      0000B5 90 00 00         [24] 1328 	mov	dptr,#0x0000
      0000B8                       1329 00133$:
                                   1330 ;	../../../platform/cc2530dk/dev/button-sensor.c:86: }
      0000B8 02r00r00         [24] 1331 	ljmp	__sdcc_banked_ret
                                   1332 ;------------------------------------------------------------
                                   1333 ;Allocation info for local variables in function 'port_0_isr'
                                   1334 ;------------------------------------------------------------
                                   1335 ;	../../../platform/cc2530dk/dev/button-sensor.c:175: port_0_isr(void) __interrupt(P0INT_VECTOR)
                                   1336 ;	-----------------------------------------
                                   1337 ;	 function port_0_isr
                                   1338 ;	-----------------------------------------
      0000BB                       1339 _port_0_isr:
      0000BB C0*00            [24] 1340 	push	bits
      0000BD C0 E0            [24] 1341 	push	acc
      0000BF C0 F0            [24] 1342 	push	b
      0000C1 C0 82            [24] 1343 	push	dpl
      0000C3 C0 83            [24] 1344 	push	dph
      0000C5 C0 07            [24] 1345 	push	(0+7)
      0000C7 C0 06            [24] 1346 	push	(0+6)
      0000C9 C0 05            [24] 1347 	push	(0+5)
      0000CB C0 04            [24] 1348 	push	(0+4)
      0000CD C0 03            [24] 1349 	push	(0+3)
      0000CF C0 02            [24] 1350 	push	(0+2)
      0000D1 C0 01            [24] 1351 	push	(0+1)
      0000D3 C0 00            [24] 1352 	push	(0+0)
      0000D5 C0 D0            [24] 1353 	push	psw
      0000D7 75 D0 00         [24] 1354 	mov	psw,#0x00
                                   1355 ;	../../../platform/cc2530dk/dev/button-sensor.c:177: EA = 0;
                                   1356 ;	assignBit
      0000DA C2 AF            [12] 1357 	clr	_EA
                                   1358 ;	../../../platform/cc2530dk/dev/button-sensor.c:182: if(BUTTON_IRQ_CHECK(1)) {
      0000DC E5 89            [12] 1359 	mov	a,_P0IFG
      0000DE 30 E1 41         [24] 1360 	jnb	acc.1,00107$
                                   1361 ;	../../../platform/cc2530dk/dev/button-sensor.c:183: if(timer_expired(&debouncetimer)) {
      0000E1 90r00r00         [24] 1362 	mov	dptr,#_debouncetimer
      0000E4 75 F0 40         [24] 1363 	mov	b,#0x40
      0000E7 78r00            [12] 1364 	mov	r0,#_timer_expired
      0000E9 79s00            [12] 1365 	mov	r1,#(_timer_expired >> 8)
      0000EB 7As00            [12] 1366 	mov	r2,#(_timer_expired >> 16)
      0000ED 12r00r00         [24] 1367 	lcall	__sdcc_banked_call
      0000F0 E5 82            [12] 1368 	mov	a,dpl
      0000F2 85 83 F0         [24] 1369 	mov	b,dph
      0000F5 45 F0            [12] 1370 	orl	a,b
      0000F7 60 29            [24] 1371 	jz	00107$
                                   1372 ;	../../../platform/cc2530dk/dev/button-sensor.c:184: timer_set(&debouncetimer, CLOCK_SECOND / 8);
      0000F9 74 10            [12] 1373 	mov	a,#0x10
      0000FB C0 E0            [24] 1374 	push	acc
      0000FD E4               [12] 1375 	clr	a
      0000FE C0 E0            [24] 1376 	push	acc
      000100 90r00r00         [24] 1377 	mov	dptr,#_debouncetimer
      000103 75 F0 40         [24] 1378 	mov	b,#0x40
      000106 78r00            [12] 1379 	mov	r0,#_timer_set
      000108 79s00            [12] 1380 	mov	r1,#(_timer_set >> 8)
      00010A 7As00            [12] 1381 	mov	r2,#(_timer_set >> 16)
      00010C 12r00r00         [24] 1382 	lcall	__sdcc_banked_call
      00010F 15 81            [12] 1383 	dec	sp
      000111 15 81            [12] 1384 	dec	sp
                                   1385 ;	../../../platform/cc2530dk/dev/button-sensor.c:185: sensors_changed(&button_sensor);
      000113 90r00r00         [24] 1386 	mov	dptr,#_button_1_sensor
      000116 75 F0 80         [24] 1387 	mov	b,#0x80
      000119 78r00            [12] 1388 	mov	r0,#_sensors_changed
      00011B 79s00            [12] 1389 	mov	r1,#(_sensors_changed >> 8)
      00011D 7As00            [12] 1390 	mov	r2,#(_sensors_changed >> 16)
      00011F 12r00r00         [24] 1391 	lcall	__sdcc_banked_call
                                   1392 ;	../../../platform/cc2530dk/dev/button-sensor.c:189: BUTTON_IRQ_FLAG_OFF(1);
      000122                       1393 00107$:
      000122 53 89 FD         [24] 1394 	anl	_P0IFG,#0xfd
                                   1395 ;	assignBit
      000125 C2 C5            [12] 1396 	clr	_P0IF
                                   1397 ;	../../../platform/cc2530dk/dev/button-sensor.c:192: EA = 1;
                                   1398 ;	assignBit
      000127 D2 AF            [12] 1399 	setb	_EA
                                   1400 ;	../../../platform/cc2530dk/dev/button-sensor.c:193: }
      000129 D0 D0            [24] 1401 	pop	psw
      00012B D0 00            [24] 1402 	pop	(0+0)
      00012D D0 01            [24] 1403 	pop	(0+1)
      00012F D0 02            [24] 1404 	pop	(0+2)
      000131 D0 03            [24] 1405 	pop	(0+3)
      000133 D0 04            [24] 1406 	pop	(0+4)
      000135 D0 05            [24] 1407 	pop	(0+5)
      000137 D0 06            [24] 1408 	pop	(0+6)
      000139 D0 07            [24] 1409 	pop	(0+7)
      00013B D0 83            [24] 1410 	pop	dph
      00013D D0 82            [24] 1411 	pop	dpl
      00013F D0 F0            [24] 1412 	pop	b
      000141 D0 E0            [24] 1413 	pop	acc
      000143 D0*00            [24] 1414 	pop	bits
      000145 32               [24] 1415 	reti
                                   1416 	.area CSEG    (CODE)
                                   1417 	.area CONST   (CODE)
      000000                       1418 _button_1_sensor:
      000000r0Cs00 80              1419 	.byte __str_0, (__str_0 >> 8),#0x80
      000003r00s00s00              1420 	.byte _value_b1, (_value_b1 >> 8), (_value_b1 >> 16)
      000006r53s00s00              1421 	.byte _configure_b1, (_configure_b1 >> 8), (_configure_b1 >> 16)
      000009r2Es00s00              1422 	.byte _status_b1, (_status_b1 >> 8), (_status_b1 >> 16)
      00000C                       1423 __str_0:
      00000C 42 75 74 74 6F 6E     1424 	.ascii "Button"
      000012 00                    1425 	.db 0x00
                                   1426 	.area XINIT   (CODE)
                                   1427 	.area CABS    (ABS,CODE)
