                                      1 ;--------------------------------------------------------
                                      2 ; File Created by SDCC : free open source ANSI-C Compiler
                                      3 ; Version 3.8.4 #10774 (Linux)
                                      4 ;--------------------------------------------------------
                                      5 	.module uip_udp_packet
                                      6 	.optsdcc -mmcs51 --model-huge
                                      7 	
                                      8 ;--------------------------------------------------------
                                      9 ; Public variables in this module
                                     10 ;--------------------------------------------------------
                                     11 	.globl _uip_process
                                     12 	.globl _tcpip_ipv6_output
                                     13 	.globl ___memcpy
                                     14 	.globl _ACTIVE
                                     15 	.globl _TX_BYTE
                                     16 	.globl _RX_BYTE
                                     17 	.globl _ERR
                                     18 	.globl _FE
                                     19 	.globl _SLAVE
                                     20 	.globl _RE
                                     21 	.globl _MODE
                                     22 	.globl _T3OVFIF
                                     23 	.globl _T3CH0IF
                                     24 	.globl _T3CH1IF
                                     25 	.globl _T4OVFIF
                                     26 	.globl _T4CH0IF
                                     27 	.globl _T4CH1IF
                                     28 	.globl _OVFIM
                                     29 	.globl _B_0
                                     30 	.globl _B_1
                                     31 	.globl _B_2
                                     32 	.globl _B_3
                                     33 	.globl _B_4
                                     34 	.globl _B_5
                                     35 	.globl _B_6
                                     36 	.globl _B_7
                                     37 	.globl _P2IF
                                     38 	.globl _UTX0IF
                                     39 	.globl _UTX1IF
                                     40 	.globl _P1IF
                                     41 	.globl _WDTIF
                                     42 	.globl _ACC_0
                                     43 	.globl _ACC_1
                                     44 	.globl _ACC_2
                                     45 	.globl _ACC_3
                                     46 	.globl _ACC_4
                                     47 	.globl _ACC_5
                                     48 	.globl _ACC_6
                                     49 	.globl _ACC_7
                                     50 	.globl _P
                                     51 	.globl _F1
                                     52 	.globl _OV
                                     53 	.globl _RS0
                                     54 	.globl _RS1
                                     55 	.globl _F0
                                     56 	.globl _AC
                                     57 	.globl _CY
                                     58 	.globl _DMAIF
                                     59 	.globl _T1IF
                                     60 	.globl _T2IF
                                     61 	.globl _T3IF
                                     62 	.globl _T4IF
                                     63 	.globl _P0IF
                                     64 	.globl _STIF
                                     65 	.globl _DMAIE
                                     66 	.globl _T1IE
                                     67 	.globl _T2IE
                                     68 	.globl _T3IE
                                     69 	.globl _T4IE
                                     70 	.globl _P0IE
                                     71 	.globl _RFERRIE
                                     72 	.globl _ADCIE
                                     73 	.globl _URX0IE
                                     74 	.globl _URX1IE
                                     75 	.globl _ENCIE
                                     76 	.globl _STIE
                                     77 	.globl _EA
                                     78 	.globl _P2_0
                                     79 	.globl _P2_1
                                     80 	.globl _P2_2
                                     81 	.globl _P2_3
                                     82 	.globl _P2_4
                                     83 	.globl _P2_5
                                     84 	.globl _P2_6
                                     85 	.globl _P2_7
                                     86 	.globl _ENCIF_0
                                     87 	.globl _ENCIF_1
                                     88 	.globl _P1_0
                                     89 	.globl _P1_1
                                     90 	.globl _P1_2
                                     91 	.globl _P1_3
                                     92 	.globl _P1_4
                                     93 	.globl _P1_5
                                     94 	.globl _P1_6
                                     95 	.globl _P1_7
                                     96 	.globl _IT0
                                     97 	.globl _RFERRIF
                                     98 	.globl _IT1
                                     99 	.globl _URX0IF
                                    100 	.globl _ADCIF
                                    101 	.globl _URX1IF
                                    102 	.globl _P0_0
                                    103 	.globl _P0_1
                                    104 	.globl _P0_2
                                    105 	.globl _P0_3
                                    106 	.globl _P0_4
                                    107 	.globl _P0_5
                                    108 	.globl _P0_6
                                    109 	.globl _P0_7
                                    110 	.globl _WDCTL
                                    111 	.globl _U1GCR
                                    112 	.globl _U1UCR
                                    113 	.globl _U1BAUD
                                    114 	.globl _U1DBUF
                                    115 	.globl _U1CSR
                                    116 	.globl _U0GCR
                                    117 	.globl _U0UCR
                                    118 	.globl _U0BAUD
                                    119 	.globl _U0DBUF
                                    120 	.globl _U0CSR
                                    121 	.globl _TIMIF
                                    122 	.globl _T4CC1
                                    123 	.globl _T4CCTL1
                                    124 	.globl _T4CC0
                                    125 	.globl _T4CCTL0
                                    126 	.globl _T4CTL
                                    127 	.globl _T4CNT
                                    128 	.globl _T3CC1
                                    129 	.globl _T3CCTL1
                                    130 	.globl _T3CC0
                                    131 	.globl _T3CCTL0
                                    132 	.globl _T3CTL
                                    133 	.globl _T3CNT
                                    134 	.globl _T2MSEL
                                    135 	.globl _T2IRQM
                                    136 	.globl _T2MOVF2
                                    137 	.globl _T2MOVF1
                                    138 	.globl _T2MOVF0
                                    139 	.globl _T2M1
                                    140 	.globl _T2M0
                                    141 	.globl _T2IRQF
                                    142 	.globl _T2EVTCFG
                                    143 	.globl _T2CTRL
                                    144 	.globl _T1STAT
                                    145 	.globl _T1CCTL2
                                    146 	.globl _T1CCTL1
                                    147 	.globl _T1CCTL0
                                    148 	.globl _T1CTL
                                    149 	.globl _T1CNTH
                                    150 	.globl _T1CNTL
                                    151 	.globl _T1CC2H
                                    152 	.globl _T1CC2L
                                    153 	.globl _T1CC1H
                                    154 	.globl _T1CC1L
                                    155 	.globl _T1CC0H
                                    156 	.globl _T1CC0L
                                    157 	.globl _CLKCONSTA
                                    158 	.globl _CLKCONCMD
                                    159 	.globl _SLEEPSTA
                                    160 	.globl _SLEEPCMD
                                    161 	.globl _STLOAD
                                    162 	.globl _ST2
                                    163 	.globl _ST1
                                    164 	.globl _ST0
                                    165 	.globl _RFERRF
                                    166 	.globl _RFIRQF0
                                    167 	.globl _RFST
                                    168 	.globl _RFD
                                    169 	.globl _RFIRQF1
                                    170 	.globl _PSBANK
                                    171 	.globl _FMAP
                                    172 	.globl _MEMCTR
                                    173 	.globl __XPAGE
                                    174 	.globl _MPAGE
                                    175 	.globl _PMUX
                                    176 	.globl _P2DIR
                                    177 	.globl _P1DIR
                                    178 	.globl _P0DIR
                                    179 	.globl _P2INP
                                    180 	.globl _P1INP
                                    181 	.globl _P2SEL
                                    182 	.globl _P1SEL
                                    183 	.globl _P0SEL
                                    184 	.globl _APCFG
                                    185 	.globl _PERCFG
                                    186 	.globl _P0INP
                                    187 	.globl _P2IEN
                                    188 	.globl _P1IEN
                                    189 	.globl _P0IEN
                                    190 	.globl _PICTL
                                    191 	.globl _P2IFG
                                    192 	.globl _P1IFG
                                    193 	.globl _P0IFG
                                    194 	.globl _DMAREQ
                                    195 	.globl _DMAARM
                                    196 	.globl _DMA0CFGH
                                    197 	.globl _DMA0CFGL
                                    198 	.globl _DMA1CFGH
                                    199 	.globl _DMA1CFGL
                                    200 	.globl _DMAIRQ
                                    201 	.globl _ENCCS
                                    202 	.globl _ENCDO
                                    203 	.globl _ENCDI
                                    204 	.globl _RNDH
                                    205 	.globl _RNDL
                                    206 	.globl _ADCH
                                    207 	.globl _ADCL
                                    208 	.globl _ADCCON3
                                    209 	.globl _ADCCON2
                                    210 	.globl _ADCCON1
                                    211 	.globl _B
                                    212 	.globl _IRCON2
                                    213 	.globl _ACC
                                    214 	.globl _PSW
                                    215 	.globl _IRCON
                                    216 	.globl _IP1
                                    217 	.globl _IEN1
                                    218 	.globl _IP0
                                    219 	.globl _IEN0
                                    220 	.globl _P2
                                    221 	.globl _S1CON
                                    222 	.globl _IEN2
                                    223 	.globl _S0CON
                                    224 	.globl _DPS
                                    225 	.globl _P1
                                    226 	.globl _TCON
                                    227 	.globl _PCON
                                    228 	.globl _DPH1
                                    229 	.globl _DPL1
                                    230 	.globl _DPH0
                                    231 	.globl _DPL0
                                    232 	.globl _SP
                                    233 	.globl _P0
                                    234 	.globl _X_IEEE_ADDR
                                    235 	.globl _X_INFOPAGE
                                    236 	.globl _X_P2DIR
                                    237 	.globl _X_P1DIR
                                    238 	.globl _X_P0DIR
                                    239 	.globl _X_U1GCR
                                    240 	.globl _X_U1UCR
                                    241 	.globl _X_U1BAUD
                                    242 	.globl _X_U1DBUF
                                    243 	.globl _X_U1CSR
                                    244 	.globl _X_P2INP
                                    245 	.globl _X_P1INP
                                    246 	.globl _X_P2SEL
                                    247 	.globl _X_P1SEL
                                    248 	.globl _X_P0SEL
                                    249 	.globl _X_APCFG
                                    250 	.globl _X_PERCFG
                                    251 	.globl _X_T4CC1
                                    252 	.globl _X_T4CCTL1
                                    253 	.globl _X_T4CC0
                                    254 	.globl _X_T4CCTL0
                                    255 	.globl _X_T4CTL
                                    256 	.globl _X_T4CNT
                                    257 	.globl _X_RFIRQF0
                                    258 	.globl _X_T1CCTL2
                                    259 	.globl _X_T1CCTL1
                                    260 	.globl _X_T1CCTL0
                                    261 	.globl _X_T1CTL
                                    262 	.globl _X_T1CNTH
                                    263 	.globl _X_T1CNTL
                                    264 	.globl _X_RFST
                                    265 	.globl _X_T1CC2H
                                    266 	.globl _X_T1CC2L
                                    267 	.globl _X_T1CC1H
                                    268 	.globl _X_T1CC1L
                                    269 	.globl _X_T1CC0H
                                    270 	.globl _X_T1CC0L
                                    271 	.globl _X_RFD
                                    272 	.globl _X_TIMIF
                                    273 	.globl _X_DMAREQ
                                    274 	.globl _X_DMAARM
                                    275 	.globl _X_DMA0CFGH
                                    276 	.globl _X_DMA0CFGL
                                    277 	.globl _X_DMA1CFGH
                                    278 	.globl _X_DMA1CFGL
                                    279 	.globl _X_DMAIRQ
                                    280 	.globl _X_T3CC1
                                    281 	.globl _X_T3CCTL1
                                    282 	.globl _X_T3CC0
                                    283 	.globl _X_T3CCTL0
                                    284 	.globl _X_T3CTL
                                    285 	.globl _X_T3CNT
                                    286 	.globl _X_WDCTL
                                    287 	.globl _X_MEMCTR
                                    288 	.globl _X_CLKCONCMD
                                    289 	.globl _X_U0GCR
                                    290 	.globl _X_U0UCR
                                    291 	.globl _X_T2MSEL
                                    292 	.globl _X_U0BAUD
                                    293 	.globl _X_U0DBUF
                                    294 	.globl _X_RFERRF
                                    295 	.globl _X_SLEEPCMD
                                    296 	.globl _X_RNDH
                                    297 	.globl _X_RNDL
                                    298 	.globl _X_ADCH
                                    299 	.globl _X_ADCL
                                    300 	.globl _X_ADCCON3
                                    301 	.globl _X_ADCCON2
                                    302 	.globl _X_ADCCON1
                                    303 	.globl _X_ENCCS
                                    304 	.globl _X_ENCDO
                                    305 	.globl _X_ENCDI
                                    306 	.globl _X_T1STAT
                                    307 	.globl _X_PMUX
                                    308 	.globl _X_STLOAD
                                    309 	.globl _X_P2IEN
                                    310 	.globl _X_P0IEN
                                    311 	.globl _X_T2IRQM
                                    312 	.globl _X_T2MOVF2
                                    313 	.globl _X_T2MOVF1
                                    314 	.globl _X_T2MOVF0
                                    315 	.globl _X_T2M1
                                    316 	.globl _X_T2M0
                                    317 	.globl _X_T2IRQF
                                    318 	.globl _X_P2
                                    319 	.globl _X_PSBANK
                                    320 	.globl _X_FMAP
                                    321 	.globl _X_CLKCONSTA
                                    322 	.globl _X_SLEEPSTA
                                    323 	.globl _X_T2EVTCFG
                                    324 	.globl _X_ST2
                                    325 	.globl _X_ST1
                                    326 	.globl _X_ST0
                                    327 	.globl _X_T2CTRL
                                    328 	.globl _X__XPAGE
                                    329 	.globl _X_MPAGE
                                    330 	.globl _X_RFIRQF1
                                    331 	.globl _X_P1
                                    332 	.globl _X_P0INP
                                    333 	.globl _X_P1IEN
                                    334 	.globl _X_PICTL
                                    335 	.globl _X_P2IFG
                                    336 	.globl _X_P1IFG
                                    337 	.globl _X_P0IFG
                                    338 	.globl _X_U0CSR
                                    339 	.globl _X_P0
                                    340 	.globl _USBF5
                                    341 	.globl _USBF4
                                    342 	.globl _USBF3
                                    343 	.globl _USBF2
                                    344 	.globl _USBF1
                                    345 	.globl _USBF0
                                    346 	.globl _USBCNTH
                                    347 	.globl _USBCNTL
                                    348 	.globl _USBCNT0
                                    349 	.globl _USBCSOH
                                    350 	.globl _USBCSOL
                                    351 	.globl _USBMAXO
                                    352 	.globl _USBCSIH
                                    353 	.globl _USBCSIL
                                    354 	.globl _USBCS0
                                    355 	.globl _USBMAXI
                                    356 	.globl _USBCTRL
                                    357 	.globl _USBINDEX
                                    358 	.globl _USBFRMH
                                    359 	.globl _USBFRML
                                    360 	.globl _USBCIE
                                    361 	.globl _USBOIE
                                    362 	.globl _USBIIE
                                    363 	.globl _USBCIF
                                    364 	.globl _USBOIF
                                    365 	.globl _USBIIF
                                    366 	.globl _USBPOW
                                    367 	.globl _USBADDR
                                    368 	.globl _CSPT
                                    369 	.globl _CSPZ
                                    370 	.globl _CSPY
                                    371 	.globl _CSPX
                                    372 	.globl _CSPSTAT
                                    373 	.globl _CSPCTRL
                                    374 	.globl _CSPPROG23
                                    375 	.globl _CSPPROG22
                                    376 	.globl _CSPPROG21
                                    377 	.globl _CSPPROG20
                                    378 	.globl _CSPPROG19
                                    379 	.globl _CSPPROG18
                                    380 	.globl _CSPPROG17
                                    381 	.globl _CSPPROG16
                                    382 	.globl _CSPPROG15
                                    383 	.globl _CSPPROG14
                                    384 	.globl _CSPPROG13
                                    385 	.globl _CSPPROG12
                                    386 	.globl _CSPPROG11
                                    387 	.globl _CSPPROG10
                                    388 	.globl _CSPPROG9
                                    389 	.globl _CSPPROG8
                                    390 	.globl _CSPPROG7
                                    391 	.globl _CSPPROG6
                                    392 	.globl _CSPPROG5
                                    393 	.globl _CSPPROG4
                                    394 	.globl _CSPPROG3
                                    395 	.globl _CSPPROG2
                                    396 	.globl _CSPPROG1
                                    397 	.globl _CSPPROG0
                                    398 	.globl _RFC_OBS_CTRL2
                                    399 	.globl _RFC_OBS_CTRL1
                                    400 	.globl _RFC_OBS_CTRL0
                                    401 	.globl _TXFILTCFG
                                    402 	.globl _PTEST1
                                    403 	.globl _PTEST0
                                    404 	.globl _ATEST
                                    405 	.globl _DACTEST2
                                    406 	.globl _DACTEST1
                                    407 	.globl _DACTEST0
                                    408 	.globl _MDMTEST1
                                    409 	.globl _MDMTEST0
                                    410 	.globl _ADCTEST2
                                    411 	.globl _ADCTEST1
                                    412 	.globl _ADCTEST0
                                    413 	.globl _AGCCTRL3
                                    414 	.globl _AGCCTRL2
                                    415 	.globl _AGCCTRL1
                                    416 	.globl _AGCCTRL0
                                    417 	.globl _FSCAL3
                                    418 	.globl _FSCAL2
                                    419 	.globl _FSCAL1
                                    420 	.globl _FSCAL0
                                    421 	.globl _FSCTRL
                                    422 	.globl _RXCTRL
                                    423 	.globl _FREQEST
                                    424 	.globl _MDMCTRL1
                                    425 	.globl _MDMCTRL0
                                    426 	.globl _RFRND
                                    427 	.globl _RFERRM
                                    428 	.globl _RFIRQM1
                                    429 	.globl _RFIRQM0
                                    430 	.globl _TXLAST_PTR
                                    431 	.globl _TXFIRST_PTR
                                    432 	.globl _RXP1_PTR
                                    433 	.globl _RXLAST_PTR
                                    434 	.globl _RXFIRST_PTR
                                    435 	.globl _TXFIFOCNT
                                    436 	.globl _RXFIFOCNT
                                    437 	.globl _RXFIRST
                                    438 	.globl _RSSISTAT
                                    439 	.globl _RSSI
                                    440 	.globl _CCACTRL1
                                    441 	.globl _CCACTRL0
                                    442 	.globl _FSMCTRL
                                    443 	.globl _FIFOPCTRL
                                    444 	.globl _FSMSTAT1
                                    445 	.globl _FSMSTAT0
                                    446 	.globl _TXCTRL
                                    447 	.globl _TXPOWER
                                    448 	.globl _FREQCTRL
                                    449 	.globl _FREQTUNE
                                    450 	.globl _RXMASKCLR
                                    451 	.globl _RXMASKSET
                                    452 	.globl _RXENABLE
                                    453 	.globl _FRMCTRL1
                                    454 	.globl _FRMCTRL0
                                    455 	.globl _SRCEXTEN2
                                    456 	.globl _SRCEXTEN1
                                    457 	.globl _SRCEXTEN0
                                    458 	.globl _SRCSHORTEN2
                                    459 	.globl _SRCSHORTEN1
                                    460 	.globl _SRCSHORTEN0
                                    461 	.globl _SRCMATCH
                                    462 	.globl _FRMFILT1
                                    463 	.globl _FRMFILT0
                                    464 	.globl _SHORT_ADDR1
                                    465 	.globl _SHORT_ADDR0
                                    466 	.globl _PAN_ID1
                                    467 	.globl _PAN_ID0
                                    468 	.globl _EXT_ADDR7
                                    469 	.globl _EXT_ADDR6
                                    470 	.globl _EXT_ADDR5
                                    471 	.globl _EXT_ADDR4
                                    472 	.globl _EXT_ADDR3
                                    473 	.globl _EXT_ADDR2
                                    474 	.globl _EXT_ADDR1
                                    475 	.globl _EXT_ADDR0
                                    476 	.globl _SRCSHORTPENDEN2
                                    477 	.globl _SRCSHORTPENDEN1
                                    478 	.globl _SRCSHORTPENDEN0
                                    479 	.globl _SRCEXTPENDEN2
                                    480 	.globl _SRCEXTPENDEN1
                                    481 	.globl _SRCEXTPENDEN0
                                    482 	.globl _SRCRESINDEX
                                    483 	.globl _SRCRESMASK2
                                    484 	.globl _SRCRESMASK1
                                    485 	.globl _SRCRESMASK0
                                    486 	.globl _SRC_ADDR_TABLE
                                    487 	.globl _TXFIFO
                                    488 	.globl _RXFIFO
                                    489 	.globl _RFCORE_RAM
                                    490 	.globl _CMPCTL
                                    491 	.globl _OPAMPS
                                    492 	.globl _OPAMPC
                                    493 	.globl _STCV2
                                    494 	.globl _STCV1
                                    495 	.globl _STCV0
                                    496 	.globl _STCS
                                    497 	.globl _STCC
                                    498 	.globl _T1CC4H
                                    499 	.globl _T1CC4L
                                    500 	.globl _T1CC3H
                                    501 	.globl _T1CC3L
                                    502 	.globl _XX_T1CC2H
                                    503 	.globl _XX_T1CC2L
                                    504 	.globl _XX_T1CC1H
                                    505 	.globl _XX_T1CC1L
                                    506 	.globl _XX_T1CC0H
                                    507 	.globl _XX_T1CC0L
                                    508 	.globl _T1CCTL4
                                    509 	.globl _T1CCTL3
                                    510 	.globl _XX_T1CCTL2
                                    511 	.globl _XX_T1CCTL1
                                    512 	.globl _XX_T1CCTL0
                                    513 	.globl _CLD
                                    514 	.globl _IRCTL
                                    515 	.globl _CHIPINFO1
                                    516 	.globl _CHIPINFO0
                                    517 	.globl _FWDATA
                                    518 	.globl _FADDRH
                                    519 	.globl _FADDRL
                                    520 	.globl _FCTL
                                    521 	.globl _IVCTRL
                                    522 	.globl _BATTMON
                                    523 	.globl _SRCRC
                                    524 	.globl _DBGDATA
                                    525 	.globl _TESTREG0
                                    526 	.globl _CHIPID
                                    527 	.globl _CHVER
                                    528 	.globl _OBSSEL5
                                    529 	.globl _OBSSEL4
                                    530 	.globl _OBSSEL3
                                    531 	.globl _OBSSEL2
                                    532 	.globl _OBSSEL1
                                    533 	.globl _OBSSEL0
                                    534 	.globl _I2CIO
                                    535 	.globl _I2CWC
                                    536 	.globl _I2CADDR
                                    537 	.globl _I2CDATA
                                    538 	.globl _I2CSTAT
                                    539 	.globl _I2CCFG
                                    540 	.globl _OPAMPMC
                                    541 	.globl _MONMUX
                                    542 	.globl _uip_udp_packet_send
                                    543 	.globl _uip_udp_packet_sendto
                                    544 ;--------------------------------------------------------
                                    545 ; special function registers
                                    546 ;--------------------------------------------------------
                                    547 	.area RSEG    (ABS,DATA)
      000000                        548 	.org 0x0000
                           000080   549 _P0	=	0x0080
                           000081   550 _SP	=	0x0081
                           000082   551 _DPL0	=	0x0082
                           000083   552 _DPH0	=	0x0083
                           000084   553 _DPL1	=	0x0084
                           000085   554 _DPH1	=	0x0085
                           000087   555 _PCON	=	0x0087
                           000088   556 _TCON	=	0x0088
                           000090   557 _P1	=	0x0090
                           000092   558 _DPS	=	0x0092
                           000098   559 _S0CON	=	0x0098
                           00009A   560 _IEN2	=	0x009a
                           00009B   561 _S1CON	=	0x009b
                           0000A0   562 _P2	=	0x00a0
                           0000A8   563 _IEN0	=	0x00a8
                           0000A9   564 _IP0	=	0x00a9
                           0000B8   565 _IEN1	=	0x00b8
                           0000B9   566 _IP1	=	0x00b9
                           0000C0   567 _IRCON	=	0x00c0
                           0000D0   568 _PSW	=	0x00d0
                           0000E0   569 _ACC	=	0x00e0
                           0000E8   570 _IRCON2	=	0x00e8
                           0000F0   571 _B	=	0x00f0
                           0000B4   572 _ADCCON1	=	0x00b4
                           0000B5   573 _ADCCON2	=	0x00b5
                           0000B6   574 _ADCCON3	=	0x00b6
                           0000BA   575 _ADCL	=	0x00ba
                           0000BB   576 _ADCH	=	0x00bb
                           0000BC   577 _RNDL	=	0x00bc
                           0000BD   578 _RNDH	=	0x00bd
                           0000B1   579 _ENCDI	=	0x00b1
                           0000B2   580 _ENCDO	=	0x00b2
                           0000B3   581 _ENCCS	=	0x00b3
                           0000D1   582 _DMAIRQ	=	0x00d1
                           0000D2   583 _DMA1CFGL	=	0x00d2
                           0000D3   584 _DMA1CFGH	=	0x00d3
                           0000D4   585 _DMA0CFGL	=	0x00d4
                           0000D5   586 _DMA0CFGH	=	0x00d5
                           0000D6   587 _DMAARM	=	0x00d6
                           0000D7   588 _DMAREQ	=	0x00d7
                           000089   589 _P0IFG	=	0x0089
                           00008A   590 _P1IFG	=	0x008a
                           00008B   591 _P2IFG	=	0x008b
                           00008C   592 _PICTL	=	0x008c
                           0000AB   593 _P0IEN	=	0x00ab
                           00008D   594 _P1IEN	=	0x008d
                           0000AC   595 _P2IEN	=	0x00ac
                           00008F   596 _P0INP	=	0x008f
                           0000F1   597 _PERCFG	=	0x00f1
                           0000F2   598 _APCFG	=	0x00f2
                           0000F3   599 _P0SEL	=	0x00f3
                           0000F4   600 _P1SEL	=	0x00f4
                           0000F5   601 _P2SEL	=	0x00f5
                           0000F6   602 _P1INP	=	0x00f6
                           0000F7   603 _P2INP	=	0x00f7
                           0000FD   604 _P0DIR	=	0x00fd
                           0000FE   605 _P1DIR	=	0x00fe
                           0000FF   606 _P2DIR	=	0x00ff
                           0000AE   607 _PMUX	=	0x00ae
                           000093   608 _MPAGE	=	0x0093
                           000093   609 __XPAGE	=	0x0093
                           0000C7   610 _MEMCTR	=	0x00c7
                           00009F   611 _FMAP	=	0x009f
                           00009F   612 _PSBANK	=	0x009f
                           000091   613 _RFIRQF1	=	0x0091
                           0000D9   614 _RFD	=	0x00d9
                           0000E1   615 _RFST	=	0x00e1
                           0000E9   616 _RFIRQF0	=	0x00e9
                           0000BF   617 _RFERRF	=	0x00bf
                           000095   618 _ST0	=	0x0095
                           000096   619 _ST1	=	0x0096
                           000097   620 _ST2	=	0x0097
                           0000AD   621 _STLOAD	=	0x00ad
                           0000BE   622 _SLEEPCMD	=	0x00be
                           00009D   623 _SLEEPSTA	=	0x009d
                           0000C6   624 _CLKCONCMD	=	0x00c6
                           00009E   625 _CLKCONSTA	=	0x009e
                           0000DA   626 _T1CC0L	=	0x00da
                           0000DB   627 _T1CC0H	=	0x00db
                           0000DC   628 _T1CC1L	=	0x00dc
                           0000DD   629 _T1CC1H	=	0x00dd
                           0000DE   630 _T1CC2L	=	0x00de
                           0000DF   631 _T1CC2H	=	0x00df
                           0000E2   632 _T1CNTL	=	0x00e2
                           0000E3   633 _T1CNTH	=	0x00e3
                           0000E4   634 _T1CTL	=	0x00e4
                           0000E5   635 _T1CCTL0	=	0x00e5
                           0000E6   636 _T1CCTL1	=	0x00e6
                           0000E7   637 _T1CCTL2	=	0x00e7
                           0000AF   638 _T1STAT	=	0x00af
                           000094   639 _T2CTRL	=	0x0094
                           00009C   640 _T2EVTCFG	=	0x009c
                           0000A1   641 _T2IRQF	=	0x00a1
                           0000A2   642 _T2M0	=	0x00a2
                           0000A3   643 _T2M1	=	0x00a3
                           0000A4   644 _T2MOVF0	=	0x00a4
                           0000A5   645 _T2MOVF1	=	0x00a5
                           0000A6   646 _T2MOVF2	=	0x00a6
                           0000A7   647 _T2IRQM	=	0x00a7
                           0000C3   648 _T2MSEL	=	0x00c3
                           0000CA   649 _T3CNT	=	0x00ca
                           0000CB   650 _T3CTL	=	0x00cb
                           0000CC   651 _T3CCTL0	=	0x00cc
                           0000CD   652 _T3CC0	=	0x00cd
                           0000CE   653 _T3CCTL1	=	0x00ce
                           0000CF   654 _T3CC1	=	0x00cf
                           0000EA   655 _T4CNT	=	0x00ea
                           0000EB   656 _T4CTL	=	0x00eb
                           0000EC   657 _T4CCTL0	=	0x00ec
                           0000ED   658 _T4CC0	=	0x00ed
                           0000EE   659 _T4CCTL1	=	0x00ee
                           0000EF   660 _T4CC1	=	0x00ef
                           0000D8   661 _TIMIF	=	0x00d8
                           000086   662 _U0CSR	=	0x0086
                           0000C1   663 _U0DBUF	=	0x00c1
                           0000C2   664 _U0BAUD	=	0x00c2
                           0000C4   665 _U0UCR	=	0x00c4
                           0000C5   666 _U0GCR	=	0x00c5
                           0000F8   667 _U1CSR	=	0x00f8
                           0000F9   668 _U1DBUF	=	0x00f9
                           0000FA   669 _U1BAUD	=	0x00fa
                           0000FB   670 _U1UCR	=	0x00fb
                           0000FC   671 _U1GCR	=	0x00fc
                           0000C9   672 _WDCTL	=	0x00c9
                                    673 ;--------------------------------------------------------
                                    674 ; special function bits
                                    675 ;--------------------------------------------------------
                                    676 	.area RSEG    (ABS,DATA)
      000000                        677 	.org 0x0000
                           000087   678 _P0_7	=	0x0087
                           000086   679 _P0_6	=	0x0086
                           000085   680 _P0_5	=	0x0085
                           000084   681 _P0_4	=	0x0084
                           000083   682 _P0_3	=	0x0083
                           000082   683 _P0_2	=	0x0082
                           000081   684 _P0_1	=	0x0081
                           000080   685 _P0_0	=	0x0080
                           00008F   686 _URX1IF	=	0x008f
                           00008D   687 _ADCIF	=	0x008d
                           00008B   688 _URX0IF	=	0x008b
                           00008A   689 _IT1	=	0x008a
                           000089   690 _RFERRIF	=	0x0089
                           000088   691 _IT0	=	0x0088
                           000097   692 _P1_7	=	0x0097
                           000096   693 _P1_6	=	0x0096
                           000095   694 _P1_5	=	0x0095
                           000094   695 _P1_4	=	0x0094
                           000093   696 _P1_3	=	0x0093
                           000092   697 _P1_2	=	0x0092
                           000091   698 _P1_1	=	0x0091
                           000090   699 _P1_0	=	0x0090
                           000099   700 _ENCIF_1	=	0x0099
                           000098   701 _ENCIF_0	=	0x0098
                           0000A7   702 _P2_7	=	0x00a7
                           0000A6   703 _P2_6	=	0x00a6
                           0000A5   704 _P2_5	=	0x00a5
                           0000A4   705 _P2_4	=	0x00a4
                           0000A3   706 _P2_3	=	0x00a3
                           0000A2   707 _P2_2	=	0x00a2
                           0000A1   708 _P2_1	=	0x00a1
                           0000A0   709 _P2_0	=	0x00a0
                           0000AF   710 _EA	=	0x00af
                           0000AD   711 _STIE	=	0x00ad
                           0000AC   712 _ENCIE	=	0x00ac
                           0000AB   713 _URX1IE	=	0x00ab
                           0000AA   714 _URX0IE	=	0x00aa
                           0000A9   715 _ADCIE	=	0x00a9
                           0000A8   716 _RFERRIE	=	0x00a8
                           0000BD   717 _P0IE	=	0x00bd
                           0000BC   718 _T4IE	=	0x00bc
                           0000BB   719 _T3IE	=	0x00bb
                           0000BA   720 _T2IE	=	0x00ba
                           0000B9   721 _T1IE	=	0x00b9
                           0000B8   722 _DMAIE	=	0x00b8
                           0000C7   723 _STIF	=	0x00c7
                           0000C5   724 _P0IF	=	0x00c5
                           0000C4   725 _T4IF	=	0x00c4
                           0000C3   726 _T3IF	=	0x00c3
                           0000C2   727 _T2IF	=	0x00c2
                           0000C1   728 _T1IF	=	0x00c1
                           0000C0   729 _DMAIF	=	0x00c0
                           0000D7   730 _CY	=	0x00d7
                           0000D6   731 _AC	=	0x00d6
                           0000D5   732 _F0	=	0x00d5
                           0000D4   733 _RS1	=	0x00d4
                           0000D3   734 _RS0	=	0x00d3
                           0000D2   735 _OV	=	0x00d2
                           0000D1   736 _F1	=	0x00d1
                           0000D0   737 _P	=	0x00d0
                           0000E7   738 _ACC_7	=	0x00e7
                           0000E6   739 _ACC_6	=	0x00e6
                           0000E5   740 _ACC_5	=	0x00e5
                           0000E4   741 _ACC_4	=	0x00e4
                           0000E3   742 _ACC_3	=	0x00e3
                           0000E2   743 _ACC_2	=	0x00e2
                           0000E1   744 _ACC_1	=	0x00e1
                           0000E0   745 _ACC_0	=	0x00e0
                           0000EC   746 _WDTIF	=	0x00ec
                           0000EB   747 _P1IF	=	0x00eb
                           0000EA   748 _UTX1IF	=	0x00ea
                           0000E9   749 _UTX0IF	=	0x00e9
                           0000E8   750 _P2IF	=	0x00e8
                           0000F7   751 _B_7	=	0x00f7
                           0000F6   752 _B_6	=	0x00f6
                           0000F5   753 _B_5	=	0x00f5
                           0000F4   754 _B_4	=	0x00f4
                           0000F3   755 _B_3	=	0x00f3
                           0000F2   756 _B_2	=	0x00f2
                           0000F1   757 _B_1	=	0x00f1
                           0000F0   758 _B_0	=	0x00f0
                           0000DE   759 _OVFIM	=	0x00de
                           0000DD   760 _T4CH1IF	=	0x00dd
                           0000DC   761 _T4CH0IF	=	0x00dc
                           0000DB   762 _T4OVFIF	=	0x00db
                           0000DA   763 _T3CH1IF	=	0x00da
                           0000D9   764 _T3CH0IF	=	0x00d9
                           0000D8   765 _T3OVFIF	=	0x00d8
                           0000FF   766 _MODE	=	0x00ff
                           0000FE   767 _RE	=	0x00fe
                           0000FD   768 _SLAVE	=	0x00fd
                           0000FC   769 _FE	=	0x00fc
                           0000FB   770 _ERR	=	0x00fb
                           0000FA   771 _RX_BYTE	=	0x00fa
                           0000F9   772 _TX_BYTE	=	0x00f9
                           0000F8   773 _ACTIVE	=	0x00f8
                                    774 ;--------------------------------------------------------
                                    775 ; overlayable register banks
                                    776 ;--------------------------------------------------------
                                    777 	.area REG_BANK_0	(REL,OVR,DATA)
      000000                        778 	.ds 8
                                    779 ;--------------------------------------------------------
                                    780 ; internal ram data
                                    781 ;--------------------------------------------------------
                                    782 	.area DSEG    (DATA)
                                    783 ;--------------------------------------------------------
                                    784 ; overlayable items in internal ram 
                                    785 ;--------------------------------------------------------
                                    786 ;--------------------------------------------------------
                                    787 ; indirectly addressable internal ram data
                                    788 ;--------------------------------------------------------
                                    789 	.area ISEG    (DATA)
                                    790 ;--------------------------------------------------------
                                    791 ; absolute internal ram data
                                    792 ;--------------------------------------------------------
                                    793 	.area IABS    (ABS,DATA)
                                    794 	.area IABS    (ABS,DATA)
                                    795 ;--------------------------------------------------------
                                    796 ; bit data
                                    797 ;--------------------------------------------------------
                                    798 	.area BSEG    (BIT)
                                    799 ;--------------------------------------------------------
                                    800 ; paged external ram data
                                    801 ;--------------------------------------------------------
                                    802 	.area PSEG    (PAG,XDATA)
                                    803 ;--------------------------------------------------------
                                    804 ; external ram data
                                    805 ;--------------------------------------------------------
                                    806 	.area XSEG    (XDATA)
                           0061A6   807 _MONMUX	=	0x61a6
                           0061A6   808 _OPAMPMC	=	0x61a6
                           006230   809 _I2CCFG	=	0x6230
                           006231   810 _I2CSTAT	=	0x6231
                           006232   811 _I2CDATA	=	0x6232
                           006233   812 _I2CADDR	=	0x6233
                           006234   813 _I2CWC	=	0x6234
                           006235   814 _I2CIO	=	0x6235
                           006243   815 _OBSSEL0	=	0x6243
                           006244   816 _OBSSEL1	=	0x6244
                           006245   817 _OBSSEL2	=	0x6245
                           006246   818 _OBSSEL3	=	0x6246
                           006247   819 _OBSSEL4	=	0x6247
                           006248   820 _OBSSEL5	=	0x6248
                           006249   821 _CHVER	=	0x6249
                           00624A   822 _CHIPID	=	0x624a
                           00624B   823 _TESTREG0	=	0x624b
                           006260   824 _DBGDATA	=	0x6260
                           006262   825 _SRCRC	=	0x6262
                           006264   826 _BATTMON	=	0x6264
                           006265   827 _IVCTRL	=	0x6265
                           006270   828 _FCTL	=	0x6270
                           006271   829 _FADDRL	=	0x6271
                           006272   830 _FADDRH	=	0x6272
                           006273   831 _FWDATA	=	0x6273
                           006276   832 _CHIPINFO0	=	0x6276
                           006277   833 _CHIPINFO1	=	0x6277
                           006281   834 _IRCTL	=	0x6281
                           006290   835 _CLD	=	0x6290
                           0062A0   836 _XX_T1CCTL0	=	0x62a0
                           0062A1   837 _XX_T1CCTL1	=	0x62a1
                           0062A2   838 _XX_T1CCTL2	=	0x62a2
                           0062A3   839 _T1CCTL3	=	0x62a3
                           0062A4   840 _T1CCTL4	=	0x62a4
                           0062A6   841 _XX_T1CC0L	=	0x62a6
                           0062A7   842 _XX_T1CC0H	=	0x62a7
                           0062A8   843 _XX_T1CC1L	=	0x62a8
                           0062A9   844 _XX_T1CC1H	=	0x62a9
                           0062AA   845 _XX_T1CC2L	=	0x62aa
                           0062AB   846 _XX_T1CC2H	=	0x62ab
                           0062AC   847 _T1CC3L	=	0x62ac
                           0062AD   848 _T1CC3H	=	0x62ad
                           0062AE   849 _T1CC4L	=	0x62ae
                           0062AF   850 _T1CC4H	=	0x62af
                           0062B0   851 _STCC	=	0x62b0
                           0062B1   852 _STCS	=	0x62b1
                           0062B2   853 _STCV0	=	0x62b2
                           0062B3   854 _STCV1	=	0x62b3
                           0062B4   855 _STCV2	=	0x62b4
                           0062C0   856 _OPAMPC	=	0x62c0
                           0062C1   857 _OPAMPS	=	0x62c1
                           0062D0   858 _CMPCTL	=	0x62d0
                           006000   859 _RFCORE_RAM	=	0x6000
                           006000   860 _RXFIFO	=	0x6000
                           006080   861 _TXFIFO	=	0x6080
                           006100   862 _SRC_ADDR_TABLE	=	0x6100
                           006160   863 _SRCRESMASK0	=	0x6160
                           006161   864 _SRCRESMASK1	=	0x6161
                           006162   865 _SRCRESMASK2	=	0x6162
                           006163   866 _SRCRESINDEX	=	0x6163
                           006164   867 _SRCEXTPENDEN0	=	0x6164
                           006165   868 _SRCEXTPENDEN1	=	0x6165
                           006166   869 _SRCEXTPENDEN2	=	0x6166
                           006167   870 _SRCSHORTPENDEN0	=	0x6167
                           006168   871 _SRCSHORTPENDEN1	=	0x6168
                           006169   872 _SRCSHORTPENDEN2	=	0x6169
                           00616A   873 _EXT_ADDR0	=	0x616a
                           00616B   874 _EXT_ADDR1	=	0x616b
                           00616C   875 _EXT_ADDR2	=	0x616c
                           00616D   876 _EXT_ADDR3	=	0x616d
                           00616E   877 _EXT_ADDR4	=	0x616e
                           00616F   878 _EXT_ADDR5	=	0x616f
                           006170   879 _EXT_ADDR6	=	0x6170
                           006171   880 _EXT_ADDR7	=	0x6171
                           006172   881 _PAN_ID0	=	0x6172
                           006173   882 _PAN_ID1	=	0x6173
                           006174   883 _SHORT_ADDR0	=	0x6174
                           006175   884 _SHORT_ADDR1	=	0x6175
                           006180   885 _FRMFILT0	=	0x6180
                           006181   886 _FRMFILT1	=	0x6181
                           006182   887 _SRCMATCH	=	0x6182
                           006183   888 _SRCSHORTEN0	=	0x6183
                           006184   889 _SRCSHORTEN1	=	0x6184
                           006185   890 _SRCSHORTEN2	=	0x6185
                           006186   891 _SRCEXTEN0	=	0x6186
                           006187   892 _SRCEXTEN1	=	0x6187
                           006188   893 _SRCEXTEN2	=	0x6188
                           006189   894 _FRMCTRL0	=	0x6189
                           00618A   895 _FRMCTRL1	=	0x618a
                           00618B   896 _RXENABLE	=	0x618b
                           00618C   897 _RXMASKSET	=	0x618c
                           00618D   898 _RXMASKCLR	=	0x618d
                           00618E   899 _FREQTUNE	=	0x618e
                           00618F   900 _FREQCTRL	=	0x618f
                           006190   901 _TXPOWER	=	0x6190
                           006191   902 _TXCTRL	=	0x6191
                           006192   903 _FSMSTAT0	=	0x6192
                           006193   904 _FSMSTAT1	=	0x6193
                           006194   905 _FIFOPCTRL	=	0x6194
                           006195   906 _FSMCTRL	=	0x6195
                           006196   907 _CCACTRL0	=	0x6196
                           006197   908 _CCACTRL1	=	0x6197
                           006198   909 _RSSI	=	0x6198
                           006199   910 _RSSISTAT	=	0x6199
                           00619A   911 _RXFIRST	=	0x619a
                           00619B   912 _RXFIFOCNT	=	0x619b
                           00619C   913 _TXFIFOCNT	=	0x619c
                           00619D   914 _RXFIRST_PTR	=	0x619d
                           00619E   915 _RXLAST_PTR	=	0x619e
                           00619F   916 _RXP1_PTR	=	0x619f
                           0061A1   917 _TXFIRST_PTR	=	0x61a1
                           0061A2   918 _TXLAST_PTR	=	0x61a2
                           0061A3   919 _RFIRQM0	=	0x61a3
                           0061A4   920 _RFIRQM1	=	0x61a4
                           0061A5   921 _RFERRM	=	0x61a5
                           0061A7   922 _RFRND	=	0x61a7
                           0061A8   923 _MDMCTRL0	=	0x61a8
                           0061A9   924 _MDMCTRL1	=	0x61a9
                           0061AA   925 _FREQEST	=	0x61aa
                           0061AB   926 _RXCTRL	=	0x61ab
                           0061AC   927 _FSCTRL	=	0x61ac
                           0061AD   928 _FSCAL0	=	0x61ad
                           0061AE   929 _FSCAL1	=	0x61ae
                           0061AF   930 _FSCAL2	=	0x61af
                           0061B0   931 _FSCAL3	=	0x61b0
                           0061B1   932 _AGCCTRL0	=	0x61b1
                           0061B2   933 _AGCCTRL1	=	0x61b2
                           0061B3   934 _AGCCTRL2	=	0x61b3
                           0061B4   935 _AGCCTRL3	=	0x61b4
                           0061B5   936 _ADCTEST0	=	0x61b5
                           0061B6   937 _ADCTEST1	=	0x61b6
                           0061B7   938 _ADCTEST2	=	0x61b7
                           0061B8   939 _MDMTEST0	=	0x61b8
                           0061B9   940 _MDMTEST1	=	0x61b9
                           0061BA   941 _DACTEST0	=	0x61ba
                           0061BB   942 _DACTEST1	=	0x61bb
                           0061BC   943 _DACTEST2	=	0x61bc
                           0061BD   944 _ATEST	=	0x61bd
                           0061BE   945 _PTEST0	=	0x61be
                           0061BF   946 _PTEST1	=	0x61bf
                           0061FA   947 _TXFILTCFG	=	0x61fa
                           0061EB   948 _RFC_OBS_CTRL0	=	0x61eb
                           0061EC   949 _RFC_OBS_CTRL1	=	0x61ec
                           0061ED   950 _RFC_OBS_CTRL2	=	0x61ed
                           0061C0   951 _CSPPROG0	=	0x61c0
                           0061C1   952 _CSPPROG1	=	0x61c1
                           0061C2   953 _CSPPROG2	=	0x61c2
                           0061C3   954 _CSPPROG3	=	0x61c3
                           0061C4   955 _CSPPROG4	=	0x61c4
                           0061C5   956 _CSPPROG5	=	0x61c5
                           0061C6   957 _CSPPROG6	=	0x61c6
                           0061C7   958 _CSPPROG7	=	0x61c7
                           0061C8   959 _CSPPROG8	=	0x61c8
                           0061C9   960 _CSPPROG9	=	0x61c9
                           0061CA   961 _CSPPROG10	=	0x61ca
                           0061CB   962 _CSPPROG11	=	0x61cb
                           0061CC   963 _CSPPROG12	=	0x61cc
                           0061CD   964 _CSPPROG13	=	0x61cd
                           0061CE   965 _CSPPROG14	=	0x61ce
                           0061CF   966 _CSPPROG15	=	0x61cf
                           0061D0   967 _CSPPROG16	=	0x61d0
                           0061D1   968 _CSPPROG17	=	0x61d1
                           0061D2   969 _CSPPROG18	=	0x61d2
                           0061D3   970 _CSPPROG19	=	0x61d3
                           0061D4   971 _CSPPROG20	=	0x61d4
                           0061D5   972 _CSPPROG21	=	0x61d5
                           0061D6   973 _CSPPROG22	=	0x61d6
                           0061D7   974 _CSPPROG23	=	0x61d7
                           0061E0   975 _CSPCTRL	=	0x61e0
                           0061E1   976 _CSPSTAT	=	0x61e1
                           0061E2   977 _CSPX	=	0x61e2
                           0061E3   978 _CSPY	=	0x61e3
                           0061E4   979 _CSPZ	=	0x61e4
                           0061E5   980 _CSPT	=	0x61e5
                           006200   981 _USBADDR	=	0x6200
                           006201   982 _USBPOW	=	0x6201
                           006202   983 _USBIIF	=	0x6202
                           006204   984 _USBOIF	=	0x6204
                           006206   985 _USBCIF	=	0x6206
                           006207   986 _USBIIE	=	0x6207
                           006209   987 _USBOIE	=	0x6209
                           00620B   988 _USBCIE	=	0x620b
                           00620C   989 _USBFRML	=	0x620c
                           00620D   990 _USBFRMH	=	0x620d
                           00620E   991 _USBINDEX	=	0x620e
                           00620F   992 _USBCTRL	=	0x620f
                           006210   993 _USBMAXI	=	0x6210
                           006211   994 _USBCS0	=	0x6211
                           006211   995 _USBCSIL	=	0x6211
                           006212   996 _USBCSIH	=	0x6212
                           006213   997 _USBMAXO	=	0x6213
                           006214   998 _USBCSOL	=	0x6214
                           006215   999 _USBCSOH	=	0x6215
                           006216  1000 _USBCNT0	=	0x6216
                           006216  1001 _USBCNTL	=	0x6216
                           006217  1002 _USBCNTH	=	0x6217
                           006220  1003 _USBF0	=	0x6220
                           006222  1004 _USBF1	=	0x6222
                           006224  1005 _USBF2	=	0x6224
                           006226  1006 _USBF3	=	0x6226
                           006228  1007 _USBF4	=	0x6228
                           00622A  1008 _USBF5	=	0x622a
                           007080  1009 _X_P0	=	0x7080
                           007086  1010 _X_U0CSR	=	0x7086
                           007089  1011 _X_P0IFG	=	0x7089
                           00708A  1012 _X_P1IFG	=	0x708a
                           00708B  1013 _X_P2IFG	=	0x708b
                           00708C  1014 _X_PICTL	=	0x708c
                           00708D  1015 _X_P1IEN	=	0x708d
                           00708F  1016 _X_P0INP	=	0x708f
                           007090  1017 _X_P1	=	0x7090
                           007091  1018 _X_RFIRQF1	=	0x7091
                           007093  1019 _X_MPAGE	=	0x7093
                           007093  1020 _X__XPAGE	=	0x7093
                           007094  1021 _X_T2CTRL	=	0x7094
                           007095  1022 _X_ST0	=	0x7095
                           007096  1023 _X_ST1	=	0x7096
                           007097  1024 _X_ST2	=	0x7097
                           00709C  1025 _X_T2EVTCFG	=	0x709c
                           00709D  1026 _X_SLEEPSTA	=	0x709d
                           00709E  1027 _X_CLKCONSTA	=	0x709e
                           00709F  1028 _X_FMAP	=	0x709f
                           00709F  1029 _X_PSBANK	=	0x709f
                           0070A0  1030 _X_P2	=	0x70a0
                           0070A1  1031 _X_T2IRQF	=	0x70a1
                           0070A2  1032 _X_T2M0	=	0x70a2
                           0070A3  1033 _X_T2M1	=	0x70a3
                           0070A4  1034 _X_T2MOVF0	=	0x70a4
                           0070A5  1035 _X_T2MOVF1	=	0x70a5
                           0070A6  1036 _X_T2MOVF2	=	0x70a6
                           0070A7  1037 _X_T2IRQM	=	0x70a7
                           0070AB  1038 _X_P0IEN	=	0x70ab
                           0070AC  1039 _X_P2IEN	=	0x70ac
                           0070AD  1040 _X_STLOAD	=	0x70ad
                           0070AE  1041 _X_PMUX	=	0x70ae
                           0070AF  1042 _X_T1STAT	=	0x70af
                           0070B1  1043 _X_ENCDI	=	0x70b1
                           0070B2  1044 _X_ENCDO	=	0x70b2
                           0070B3  1045 _X_ENCCS	=	0x70b3
                           0070B4  1046 _X_ADCCON1	=	0x70b4
                           0070B5  1047 _X_ADCCON2	=	0x70b5
                           0070B6  1048 _X_ADCCON3	=	0x70b6
                           0070BA  1049 _X_ADCL	=	0x70ba
                           0070BB  1050 _X_ADCH	=	0x70bb
                           0070BC  1051 _X_RNDL	=	0x70bc
                           0070BD  1052 _X_RNDH	=	0x70bd
                           0070BE  1053 _X_SLEEPCMD	=	0x70be
                           0070BF  1054 _X_RFERRF	=	0x70bf
                           0070C1  1055 _X_U0DBUF	=	0x70c1
                           0070C2  1056 _X_U0BAUD	=	0x70c2
                           0070C3  1057 _X_T2MSEL	=	0x70c3
                           0070C4  1058 _X_U0UCR	=	0x70c4
                           0070C5  1059 _X_U0GCR	=	0x70c5
                           0070C6  1060 _X_CLKCONCMD	=	0x70c6
                           0070C7  1061 _X_MEMCTR	=	0x70c7
                           0070C9  1062 _X_WDCTL	=	0x70c9
                           0070CA  1063 _X_T3CNT	=	0x70ca
                           0070CB  1064 _X_T3CTL	=	0x70cb
                           0070CC  1065 _X_T3CCTL0	=	0x70cc
                           0070CD  1066 _X_T3CC0	=	0x70cd
                           0070CE  1067 _X_T3CCTL1	=	0x70ce
                           0070CF  1068 _X_T3CC1	=	0x70cf
                           0070D1  1069 _X_DMAIRQ	=	0x70d1
                           0070D2  1070 _X_DMA1CFGL	=	0x70d2
                           0070D3  1071 _X_DMA1CFGH	=	0x70d3
                           0070D4  1072 _X_DMA0CFGL	=	0x70d4
                           0070D5  1073 _X_DMA0CFGH	=	0x70d5
                           0070D6  1074 _X_DMAARM	=	0x70d6
                           0070D7  1075 _X_DMAREQ	=	0x70d7
                           0070D8  1076 _X_TIMIF	=	0x70d8
                           0070D9  1077 _X_RFD	=	0x70d9
                           0070DA  1078 _X_T1CC0L	=	0x70da
                           0070DB  1079 _X_T1CC0H	=	0x70db
                           0070DC  1080 _X_T1CC1L	=	0x70dc
                           0070DD  1081 _X_T1CC1H	=	0x70dd
                           0070DE  1082 _X_T1CC2L	=	0x70de
                           0070DF  1083 _X_T1CC2H	=	0x70df
                           0070E1  1084 _X_RFST	=	0x70e1
                           0070E2  1085 _X_T1CNTL	=	0x70e2
                           0070E3  1086 _X_T1CNTH	=	0x70e3
                           0070E4  1087 _X_T1CTL	=	0x70e4
                           0070E5  1088 _X_T1CCTL0	=	0x70e5
                           0070E6  1089 _X_T1CCTL1	=	0x70e6
                           0070E7  1090 _X_T1CCTL2	=	0x70e7
                           0070E9  1091 _X_RFIRQF0	=	0x70e9
                           0070EA  1092 _X_T4CNT	=	0x70ea
                           0070EB  1093 _X_T4CTL	=	0x70eb
                           0070EC  1094 _X_T4CCTL0	=	0x70ec
                           0070ED  1095 _X_T4CC0	=	0x70ed
                           0070EE  1096 _X_T4CCTL1	=	0x70ee
                           0070EF  1097 _X_T4CC1	=	0x70ef
                           0070F1  1098 _X_PERCFG	=	0x70f1
                           0070F2  1099 _X_APCFG	=	0x70f2
                           0070F3  1100 _X_P0SEL	=	0x70f3
                           0070F4  1101 _X_P1SEL	=	0x70f4
                           0070F5  1102 _X_P2SEL	=	0x70f5
                           0070F6  1103 _X_P1INP	=	0x70f6
                           0070F7  1104 _X_P2INP	=	0x70f7
                           0070F8  1105 _X_U1CSR	=	0x70f8
                           0070F9  1106 _X_U1DBUF	=	0x70f9
                           0070FA  1107 _X_U1BAUD	=	0x70fa
                           0070FB  1108 _X_U1UCR	=	0x70fb
                           0070FC  1109 _X_U1GCR	=	0x70fc
                           0070FD  1110 _X_P0DIR	=	0x70fd
                           0070FE  1111 _X_P1DIR	=	0x70fe
                           0070FF  1112 _X_P2DIR	=	0x70ff
                           007800  1113 _X_INFOPAGE	=	0x7800
                           00780C  1114 _X_IEEE_ADDR	=	0x780c
                                   1115 ;--------------------------------------------------------
                                   1116 ; absolute external ram data
                                   1117 ;--------------------------------------------------------
                                   1118 	.area XABS    (ABS,XDATA)
                                   1119 ;--------------------------------------------------------
                                   1120 ; external initialized ram data
                                   1121 ;--------------------------------------------------------
                                   1122 	.area XISEG   (XDATA)
                                   1123 	.area HOME    (CODE)
                                   1124 	.area GSINIT0 (CODE)
                                   1125 	.area GSINIT1 (CODE)
                                   1126 	.area GSINIT2 (CODE)
                                   1127 	.area GSINIT3 (CODE)
                                   1128 	.area GSINIT4 (CODE)
                                   1129 	.area GSINIT5 (CODE)
                                   1130 	.area GSINIT  (CODE)
                                   1131 	.area GSFINAL (CODE)
                                   1132 	.area CSEG    (CODE)
                                   1133 ;--------------------------------------------------------
                                   1134 ; global & static initialisations
                                   1135 ;--------------------------------------------------------
                                   1136 	.area HOME    (CODE)
                                   1137 	.area GSINIT  (CODE)
                                   1138 	.area GSFINAL (CODE)
                                   1139 	.area GSINIT  (CODE)
                                   1140 ;--------------------------------------------------------
                                   1141 ; Home
                                   1142 ;--------------------------------------------------------
                                   1143 	.area HOME    (CODE)
                                   1144 	.area HOME    (CODE)
                                   1145 ;--------------------------------------------------------
                                   1146 ; code
                                   1147 ;--------------------------------------------------------
                                   1148 	.area BANK1   (CODE)
                                   1149 ;------------------------------------------------------------
                                   1150 ;Allocation info for local variables in function 'uip_udp_packet_send'
                                   1151 ;------------------------------------------------------------
                                   1152 ;data                      Allocated to stack - sp -5
                                   1153 ;len                       Allocated to stack - sp -7
                                   1154 ;c                         Allocated to registers r5 r6 r7 
                                   1155 ;------------------------------------------------------------
                                   1156 ;	../../../core/net/uip-udp-packet.c:50: uip_udp_packet_send(struct uip_udp_conn *c, const void *data, int len)
                                   1157 ;	-----------------------------------------
                                   1158 ;	 function uip_udp_packet_send
                                   1159 ;	-----------------------------------------
      000000                       1160 _uip_udp_packet_send:
                           000007  1161 	ar7 = 0x07
                           000006  1162 	ar6 = 0x06
                           000005  1163 	ar5 = 0x05
                           000004  1164 	ar4 = 0x04
                           000003  1165 	ar3 = 0x03
                           000002  1166 	ar2 = 0x02
                           000001  1167 	ar1 = 0x01
                           000000  1168 	ar0 = 0x00
      000000 AD 82            [24] 1169 	mov	r5,dpl
      000002 AE 83            [24] 1170 	mov	r6,dph
      000004 AF F0            [24] 1171 	mov	r7,b
                                   1172 ;	../../../core/net/uip-udp-packet.c:53: if(data != NULL) {
      000006 E5 81            [12] 1173 	mov	a,sp
      000008 24 FB            [12] 1174 	add	a,#0xfb
      00000A F8               [12] 1175 	mov	r0,a
      00000B E6               [12] 1176 	mov	a,@r0
      00000C 08               [12] 1177 	inc	r0
      00000D 46               [12] 1178 	orl	a,@r0
      00000E 70 03            [24] 1179 	jnz	00115$
      000010 02r00r8F         [24] 1180 	ljmp	00102$
      000013                       1181 00115$:
                                   1182 ;	../../../core/net/uip-udp-packet.c:54: uip_udp_conn = c;
      000013 90r00r00         [24] 1183 	mov	dptr,#_uip_udp_conn
      000016 ED               [12] 1184 	mov	a,r5
      000017 F0               [24] 1185 	movx	@dptr,a
      000018 EE               [12] 1186 	mov	a,r6
      000019 A3               [24] 1187 	inc	dptr
      00001A F0               [24] 1188 	movx	@dptr,a
      00001B EF               [12] 1189 	mov	a,r7
      00001C A3               [24] 1190 	inc	dptr
      00001D F0               [24] 1191 	movx	@dptr,a
                                   1192 ;	../../../core/net/uip-udp-packet.c:55: uip_slen = len;
      00001E E5 81            [12] 1193 	mov	a,sp
      000020 24 F9            [12] 1194 	add	a,#0xf9
      000022 F8               [12] 1195 	mov	r0,a
      000023 90r00r00         [24] 1196 	mov	dptr,#_uip_slen
      000026 E6               [12] 1197 	mov	a,@r0
      000027 F0               [24] 1198 	movx	@dptr,a
      000028 08               [12] 1199 	inc	r0
      000029 E6               [12] 1200 	mov	a,@r0
      00002A A3               [24] 1201 	inc	dptr
      00002B F0               [24] 1202 	movx	@dptr,a
                                   1203 ;	../../../core/net/uip-udp-packet.c:56: memcpy(&uip_buf[UIP_LLH_LEN + UIP_IPUDPH_LEN], data,
      00002C E5 81            [12] 1204 	mov	a,sp
      00002E 24 F9            [12] 1205 	add	a,#0xf9
      000030 F8               [12] 1206 	mov	r0,a
      000031 C3               [12] 1207 	clr	c
      000032 74 F0            [12] 1208 	mov	a,#0xf0
      000034 96               [12] 1209 	subb	a,@r0
      000035 74 80            [12] 1210 	mov	a,#(0x00 ^ 0x80)
      000037 08               [12] 1211 	inc	r0
      000038 86 F0            [24] 1212 	mov	b,@r0
      00003A 63 F0 80         [24] 1213 	xrl	b,#0x80
      00003D 95 F0            [12] 1214 	subb	a,b
      00003F 50 06            [24] 1215 	jnc	00105$
      000041 7E F0            [12] 1216 	mov	r6,#0xf0
      000043 7F 00            [12] 1217 	mov	r7,#0x00
      000045 80 0A            [24] 1218 	sjmp	00106$
      000047                       1219 00105$:
      000047 E5 81            [12] 1220 	mov	a,sp
      000049 24 F9            [12] 1221 	add	a,#0xf9
      00004B F8               [12] 1222 	mov	r0,a
      00004C 86 06            [24] 1223 	mov	ar6,@r0
      00004E 08               [12] 1224 	inc	r0
      00004F 86 07            [24] 1225 	mov	ar7,@r0
      000051                       1226 00106$:
      000051 C0 06            [24] 1227 	push	ar6
      000053 C0 07            [24] 1228 	push	ar7
      000055 E5 81            [12] 1229 	mov	a,sp
      000057 24 F9            [12] 1230 	add	a,#0xf9
      000059 F8               [12] 1231 	mov	r0,a
      00005A E6               [12] 1232 	mov	a,@r0
      00005B C0 E0            [24] 1233 	push	acc
      00005D 08               [12] 1234 	inc	r0
      00005E E6               [12] 1235 	mov	a,@r0
      00005F C0 E0            [24] 1236 	push	acc
      000061 08               [12] 1237 	inc	r0
      000062 E6               [12] 1238 	mov	a,@r0
      000063 C0 E0            [24] 1239 	push	acc
      000065 90r00r30         [24] 1240 	mov	dptr,#(_uip_aligned_buf + 0x0030)
      000068 75 F0 00         [24] 1241 	mov	b,#0x00
      00006B 78r00            [12] 1242 	mov	r0,#___memcpy
      00006D 79s00            [12] 1243 	mov	r1,#(___memcpy >> 8)
      00006F 7As00            [12] 1244 	mov	r2,#(___memcpy >> 16)
      000071 12r00r00         [24] 1245 	lcall	__sdcc_banked_call
      000074 E5 81            [12] 1246 	mov	a,sp
      000076 24 FB            [12] 1247 	add	a,#0xfb
      000078 F5 81            [12] 1248 	mov	sp,a
                                   1249 ;	../../../core/net/uip-udp-packet.c:58: uip_process(UIP_UDP_SEND_CONN);
      00007A 75 82 04         [24] 1250 	mov	dpl,#0x04
      00007D 78r00            [12] 1251 	mov	r0,#_uip_process
      00007F 79s00            [12] 1252 	mov	r1,#(_uip_process >> 8)
      000081 7As00            [12] 1253 	mov	r2,#(_uip_process >> 16)
      000083 12r00r00         [24] 1254 	lcall	__sdcc_banked_call
                                   1255 ;	../../../core/net/uip-udp-packet.c:60: tcpip_ipv6_output();
      000086 78r00            [12] 1256 	mov	r0,#_tcpip_ipv6_output
      000088 79s00            [12] 1257 	mov	r1,#(_tcpip_ipv6_output >> 8)
      00008A 7As00            [12] 1258 	mov	r2,#(_tcpip_ipv6_output >> 16)
      00008C 12r00r00         [24] 1259 	lcall	__sdcc_banked_call
      00008F                       1260 00102$:
                                   1261 ;	../../../core/net/uip-udp-packet.c:67: uip_slen = 0;
      00008F 90r00r00         [24] 1262 	mov	dptr,#_uip_slen
      000092 E4               [12] 1263 	clr	a
      000093 F0               [24] 1264 	movx	@dptr,a
      000094 A3               [24] 1265 	inc	dptr
      000095 F0               [24] 1266 	movx	@dptr,a
                                   1267 ;	../../../core/net/uip-udp-packet.c:69: }
      000096 02r00r00         [24] 1268 	ljmp	__sdcc_banked_ret
                                   1269 ;------------------------------------------------------------
                                   1270 ;Allocation info for local variables in function 'uip_udp_packet_sendto'
                                   1271 ;------------------------------------------------------------
                                   1272 ;data                      Allocated to stack - sp -30
                                   1273 ;len                       Allocated to stack - sp -32
                                   1274 ;toaddr                    Allocated to stack - sp -35
                                   1275 ;toport                    Allocated to stack - sp -37
                                   1276 ;c                         Allocated to stack - sp -24
                                   1277 ;curaddr                   Allocated to stack - sp -15
                                   1278 ;curport                   Allocated to stack - sp -17
                                   1279 ;sloc0                     Allocated to stack - sp -21
                                   1280 ;sloc1                     Allocated to stack - sp -18
                                   1281 ;------------------------------------------------------------
                                   1282 ;	../../../core/net/uip-udp-packet.c:72: uip_udp_packet_sendto(struct uip_udp_conn *c, const void *data, int len,
                                   1283 ;	-----------------------------------------
                                   1284 ;	 function uip_udp_packet_sendto
                                   1285 ;	-----------------------------------------
      000099                       1286 _uip_udp_packet_sendto:
      000099 C0 82            [24] 1287 	push	dpl
      00009B C0 83            [24] 1288 	push	dph
      00009D C0 F0            [24] 1289 	push	b
      00009F E5 81            [12] 1290 	mov	a,sp
      0000A1 24 16            [12] 1291 	add	a,#0x16
                                   1292 ;	../../../core/net/uip-udp-packet.c:78: if(toaddr != NULL) {
      0000A3 F5 81            [12] 1293 	mov	sp,a
      0000A5 24 DD            [12] 1294 	add	a,#0xdd
      0000A7 F8               [12] 1295 	mov	r0,a
      0000A8 E6               [12] 1296 	mov	a,@r0
      0000A9 08               [12] 1297 	inc	r0
      0000AA 46               [12] 1298 	orl	a,@r0
      0000AB 70 03            [24] 1299 	jnz	00109$
      0000AD 02r02r1A         [24] 1300 	ljmp	00103$
      0000B0                       1301 00109$:
                                   1302 ;	../../../core/net/uip-udp-packet.c:80: uip_ipaddr_copy(&curaddr, &c->ripaddr);
      0000B0 E5 81            [12] 1303 	mov	a,sp
      0000B2 24 E8            [12] 1304 	add	a,#0xe8
      0000B4 F8               [12] 1305 	mov	r0,a
      0000B5 86 02            [24] 1306 	mov	ar2,@r0
      0000B7 08               [12] 1307 	inc	r0
      0000B8 86 03            [24] 1308 	mov	ar3,@r0
      0000BA 08               [12] 1309 	inc	r0
      0000BB 86 04            [24] 1310 	mov	ar4,@r0
      0000BD 8C 07            [24] 1311 	mov	ar7,r4
      0000BF E5 81            [12] 1312 	mov	a,sp
      0000C1 24 EE            [12] 1313 	add	a,#0xee
      0000C3 F8               [12] 1314 	mov	r0,a
      0000C4 E5 81            [12] 1315 	mov	a,sp
      0000C6 24 F1            [12] 1316 	add	a,#0xf1
      0000C8 F6               [12] 1317 	mov	@r0,a
      0000C9 E5 81            [12] 1318 	mov	a,sp
      0000CB 24 EE            [12] 1319 	add	a,#0xee
      0000CD F8               [12] 1320 	mov	r0,a
      0000CE 86 04            [24] 1321 	mov	ar4,@r0
      0000D0 7D 00            [12] 1322 	mov	r5,#0x00
      0000D2 7E 40            [12] 1323 	mov	r6,#0x40
      0000D4 74 10            [12] 1324 	mov	a,#0x10
      0000D6 C0 E0            [24] 1325 	push	acc
      0000D8 E4               [12] 1326 	clr	a
      0000D9 C0 E0            [24] 1327 	push	acc
      0000DB C0 02            [24] 1328 	push	ar2
      0000DD C0 03            [24] 1329 	push	ar3
      0000DF C0 07            [24] 1330 	push	ar7
      0000E1 8C 82            [24] 1331 	mov	dpl,r4
      0000E3 8D 83            [24] 1332 	mov	dph,r5
      0000E5 8E F0            [24] 1333 	mov	b,r6
      0000E7 78r00            [12] 1334 	mov	r0,#___memcpy
      0000E9 79s00            [12] 1335 	mov	r1,#(___memcpy >> 8)
      0000EB 7As00            [12] 1336 	mov	r2,#(___memcpy >> 16)
      0000ED 12r00r00         [24] 1337 	lcall	__sdcc_banked_call
      0000F0 E5 81            [12] 1338 	mov	a,sp
      0000F2 24 FB            [12] 1339 	add	a,#0xfb
                                   1340 ;	../../../core/net/uip-udp-packet.c:81: curport = c->rport;
      0000F4 F5 81            [12] 1341 	mov	sp,a
      0000F6 24 E8            [12] 1342 	add	a,#0xe8
      0000F8 F8               [12] 1343 	mov	r0,a
      0000F9 74 12            [12] 1344 	mov	a,#0x12
      0000FB 26               [12] 1345 	add	a,@r0
      0000FC FC               [12] 1346 	mov	r4,a
      0000FD E4               [12] 1347 	clr	a
      0000FE 08               [12] 1348 	inc	r0
      0000FF 36               [12] 1349 	addc	a,@r0
      000100 FD               [12] 1350 	mov	r5,a
      000101 08               [12] 1351 	inc	r0
      000102 86 06            [24] 1352 	mov	ar6,@r0
      000104 8C 82            [24] 1353 	mov	dpl,r4
      000106 8D 83            [24] 1354 	mov	dph,r5
      000108 8E F0            [24] 1355 	mov	b,r6
      00010A E5 81            [12] 1356 	mov	a,sp
      00010C 24 EF            [12] 1357 	add	a,#0xef
      00010E F8               [12] 1358 	mov	r0,a
      00010F 12r00r00         [24] 1359 	lcall	__gptrget
      000112 F6               [12] 1360 	mov	@r0,a
      000113 A3               [24] 1361 	inc	dptr
      000114 12r00r00         [24] 1362 	lcall	__gptrget
      000117 08               [12] 1363 	inc	r0
      000118 F6               [12] 1364 	mov	@r0,a
                                   1365 ;	../../../core/net/uip-udp-packet.c:84: uip_ipaddr_copy(&c->ripaddr, toaddr);
      000119 E5 81            [12] 1366 	mov	a,sp
      00011B 24 DD            [12] 1367 	add	a,#0xdd
      00011D F8               [12] 1368 	mov	r0,a
      00011E E5 81            [12] 1369 	mov	a,sp
      000120 24 EB            [12] 1370 	add	a,#0xeb
      000122 F9               [12] 1371 	mov	r1,a
      000123 E6               [12] 1372 	mov	a,@r0
      000124 F7               [12] 1373 	mov	@r1,a
      000125 08               [12] 1374 	inc	r0
      000126 09               [12] 1375 	inc	r1
      000127 E6               [12] 1376 	mov	a,@r0
      000128 F7               [12] 1377 	mov	@r1,a
      000129 08               [12] 1378 	inc	r0
      00012A 09               [12] 1379 	inc	r1
      00012B E6               [12] 1380 	mov	a,@r0
      00012C F7               [12] 1381 	mov	@r1,a
      00012D E5 81            [12] 1382 	mov	a,sp
      00012F 24 E8            [12] 1383 	add	a,#0xe8
      000131 F8               [12] 1384 	mov	r0,a
      000132 86 02            [24] 1385 	mov	ar2,@r0
      000134 08               [12] 1386 	inc	r0
      000135 86 03            [24] 1387 	mov	ar3,@r0
      000137 08               [12] 1388 	inc	r0
      000138 86 07            [24] 1389 	mov	ar7,@r0
      00013A C0 06            [24] 1390 	push	ar6
      00013C C0 05            [24] 1391 	push	ar5
      00013E C0 04            [24] 1392 	push	ar4
      000140 74 10            [12] 1393 	mov	a,#0x10
      000142 C0 E0            [24] 1394 	push	acc
      000144 E4               [12] 1395 	clr	a
      000145 C0 E0            [24] 1396 	push	acc
      000147 E5 81            [12] 1397 	mov	a,sp
      000149 24 E6            [12] 1398 	add	a,#0xe6
      00014B F8               [12] 1399 	mov	r0,a
      00014C E6               [12] 1400 	mov	a,@r0
      00014D C0 E0            [24] 1401 	push	acc
      00014F 08               [12] 1402 	inc	r0
      000150 E6               [12] 1403 	mov	a,@r0
      000151 C0 E0            [24] 1404 	push	acc
      000153 08               [12] 1405 	inc	r0
      000154 E6               [12] 1406 	mov	a,@r0
      000155 C0 E0            [24] 1407 	push	acc
      000157 8A 82            [24] 1408 	mov	dpl,r2
      000159 8B 83            [24] 1409 	mov	dph,r3
      00015B 8F F0            [24] 1410 	mov	b,r7
      00015D 78r00            [12] 1411 	mov	r0,#___memcpy
      00015F 79s00            [12] 1412 	mov	r1,#(___memcpy >> 8)
      000161 7As00            [12] 1413 	mov	r2,#(___memcpy >> 16)
      000163 12r00r00         [24] 1414 	lcall	__sdcc_banked_call
      000166 E5 81            [12] 1415 	mov	a,sp
      000168 24 FB            [12] 1416 	add	a,#0xfb
      00016A F5 81            [12] 1417 	mov	sp,a
      00016C D0 04            [24] 1418 	pop	ar4
      00016E D0 05            [24] 1419 	pop	ar5
      000170 D0 06            [24] 1420 	pop	ar6
                                   1421 ;	../../../core/net/uip-udp-packet.c:85: c->rport = toport;
      000172 8C 82            [24] 1422 	mov	dpl,r4
      000174 8D 83            [24] 1423 	mov	dph,r5
      000176 8E F0            [24] 1424 	mov	b,r6
      000178 E5 81            [12] 1425 	mov	a,sp
      00017A 24 DB            [12] 1426 	add	a,#0xdb
      00017C F8               [12] 1427 	mov	r0,a
      00017D E6               [12] 1428 	mov	a,@r0
      00017E 12r00r00         [24] 1429 	lcall	__gptrput
      000181 A3               [24] 1430 	inc	dptr
      000182 08               [12] 1431 	inc	r0
      000183 E6               [12] 1432 	mov	a,@r0
      000184 12r00r00         [24] 1433 	lcall	__gptrput
                                   1434 ;	../../../core/net/uip-udp-packet.c:87: uip_udp_packet_send(c, data, len);
      000187 E5 81            [12] 1435 	mov	a,sp
      000189 24 E0            [12] 1436 	add	a,#0xe0
      00018B F8               [12] 1437 	mov	r0,a
      00018C E6               [12] 1438 	mov	a,@r0
      00018D C0 E0            [24] 1439 	push	acc
      00018F 08               [12] 1440 	inc	r0
      000190 E6               [12] 1441 	mov	a,@r0
      000191 C0 E0            [24] 1442 	push	acc
      000193 E5 81            [12] 1443 	mov	a,sp
      000195 24 E0            [12] 1444 	add	a,#0xe0
      000197 F8               [12] 1445 	mov	r0,a
      000198 E6               [12] 1446 	mov	a,@r0
      000199 C0 E0            [24] 1447 	push	acc
      00019B 08               [12] 1448 	inc	r0
      00019C E6               [12] 1449 	mov	a,@r0
      00019D C0 E0            [24] 1450 	push	acc
      00019F 08               [12] 1451 	inc	r0
      0001A0 E6               [12] 1452 	mov	a,@r0
      0001A1 C0 E0            [24] 1453 	push	acc
      0001A3 E5 81            [12] 1454 	mov	a,sp
      0001A5 24 E3            [12] 1455 	add	a,#0xe3
      0001A7 F8               [12] 1456 	mov	r0,a
      0001A8 86 82            [24] 1457 	mov	dpl,@r0
      0001AA 08               [12] 1458 	inc	r0
      0001AB 86 83            [24] 1459 	mov	dph,@r0
      0001AD 08               [12] 1460 	inc	r0
      0001AE 86 F0            [24] 1461 	mov	b,@r0
      0001B0 78r00            [12] 1462 	mov	r0,#_uip_udp_packet_send
      0001B2 79s00            [12] 1463 	mov	r1,#(_uip_udp_packet_send >> 8)
      0001B4 7As00            [12] 1464 	mov	r2,#(_uip_udp_packet_send >> 16)
      0001B6 12r00r00         [24] 1465 	lcall	__sdcc_banked_call
      0001B9 E5 81            [12] 1466 	mov	a,sp
      0001BB 24 FB            [12] 1467 	add	a,#0xfb
                                   1468 ;	../../../core/net/uip-udp-packet.c:90: uip_ipaddr_copy(&c->ripaddr, &curaddr);
      0001BD F5 81            [12] 1469 	mov	sp,a
      0001BF 24 EE            [12] 1470 	add	a,#0xee
      0001C1 F8               [12] 1471 	mov	r0,a
      0001C2 86 07            [24] 1472 	mov	ar7,@r0
      0001C4 7E 00            [12] 1473 	mov	r6,#0x00
      0001C6 7D 40            [12] 1474 	mov	r5,#0x40
      0001C8 E5 81            [12] 1475 	mov	a,sp
      0001CA 24 E8            [12] 1476 	add	a,#0xe8
      0001CC F8               [12] 1477 	mov	r0,a
      0001CD 86 02            [24] 1478 	mov	ar2,@r0
      0001CF 08               [12] 1479 	inc	r0
      0001D0 86 03            [24] 1480 	mov	ar3,@r0
      0001D2 08               [12] 1481 	inc	r0
      0001D3 86 04            [24] 1482 	mov	ar4,@r0
      0001D5 74 10            [12] 1483 	mov	a,#0x10
      0001D7 C0 E0            [24] 1484 	push	acc
      0001D9 E4               [12] 1485 	clr	a
      0001DA C0 E0            [24] 1486 	push	acc
      0001DC C0 07            [24] 1487 	push	ar7
      0001DE C0 06            [24] 1488 	push	ar6
      0001E0 C0 05            [24] 1489 	push	ar5
      0001E2 8A 82            [24] 1490 	mov	dpl,r2
      0001E4 8B 83            [24] 1491 	mov	dph,r3
      0001E6 8C F0            [24] 1492 	mov	b,r4
      0001E8 78r00            [12] 1493 	mov	r0,#___memcpy
      0001EA 79s00            [12] 1494 	mov	r1,#(___memcpy >> 8)
      0001EC 7As00            [12] 1495 	mov	r2,#(___memcpy >> 16)
      0001EE 12r00r00         [24] 1496 	lcall	__sdcc_banked_call
      0001F1 E5 81            [12] 1497 	mov	a,sp
      0001F3 24 FB            [12] 1498 	add	a,#0xfb
                                   1499 ;	../../../core/net/uip-udp-packet.c:91: c->rport = curport;
      0001F5 F5 81            [12] 1500 	mov	sp,a
      0001F7 24 E8            [12] 1501 	add	a,#0xe8
      0001F9 F8               [12] 1502 	mov	r0,a
      0001FA 74 12            [12] 1503 	mov	a,#0x12
      0001FC 26               [12] 1504 	add	a,@r0
      0001FD FD               [12] 1505 	mov	r5,a
      0001FE E4               [12] 1506 	clr	a
      0001FF 08               [12] 1507 	inc	r0
      000200 36               [12] 1508 	addc	a,@r0
      000201 FE               [12] 1509 	mov	r6,a
      000202 08               [12] 1510 	inc	r0
      000203 86 07            [24] 1511 	mov	ar7,@r0
      000205 8D 82            [24] 1512 	mov	dpl,r5
      000207 8E 83            [24] 1513 	mov	dph,r6
      000209 8F F0            [24] 1514 	mov	b,r7
      00020B E5 81            [12] 1515 	mov	a,sp
      00020D 24 EF            [12] 1516 	add	a,#0xef
      00020F F8               [12] 1517 	mov	r0,a
      000210 E6               [12] 1518 	mov	a,@r0
      000211 12r00r00         [24] 1519 	lcall	__gptrput
      000214 A3               [24] 1520 	inc	dptr
      000215 08               [12] 1521 	inc	r0
      000216 E6               [12] 1522 	mov	a,@r0
      000217 12r00r00         [24] 1523 	lcall	__gptrput
      00021A                       1524 00103$:
                                   1525 ;	../../../core/net/uip-udp-packet.c:93: }
      00021A E5 81            [12] 1526 	mov	a,sp
      00021C 24 E7            [12] 1527 	add	a,#0xe7
      00021E F5 81            [12] 1528 	mov	sp,a
      000220 02r00r00         [24] 1529 	ljmp	__sdcc_banked_ret
                                   1530 	.area CSEG    (CODE)
                                   1531 	.area CONST   (CODE)
                                   1532 	.area XINIT   (CODE)
                                   1533 	.area CABS    (ABS,CODE)
